[ 2016-08-23T09:39:21+08:00 ] 127.0.0.1 /tp/
INFO: [ app_begin ] --START--
INFO: Run Behavior\ReadHtmlCache [ RunTime:0.012054s ]
INFO: [ app_begin ] --END-- [ RunTime:0.060768s ]
SQL: SHOW COLUMNS FROM `think_user` [ RunTime:0.176336s ]
SQL: SELECT * FROM `think_user`  [ RunTime:0.000372s ]
ERR: 模板不存在:./Frank/Home/View/Index/index.html

[ 2016-08-23T09:40:02+08:00 ] 127.0.0.1 /tp/home/admin
INFO: [ app_begin ] --START--
INFO: Run Behavior\ReadHtmlCache [ RunTime:0.001003s ]
INFO: [ app_begin ] --END-- [ RunTime:0.001623s ]
ERR: 无法加载控制器:Admin

[ 2016-08-23T09:41:13+08:00 ] 127.0.0.1 /tp/
INFO: [ app_begin ] --START--
INFO: Run Behavior\ReadHtmlCache [ RunTime:0.000659s ]
INFO: [ app_begin ] --END-- [ RunTime:0.001154s ]
SQL: SHOW COLUMNS FROM `think_user` [ RunTime:0.003804s ]
SQL: SELECT * FROM `think_user`  [ RunTime:0.000305s ]
ERR: 模板不存在:./Frank/Home/View/Index/index.html

[ 2016-08-23T09:42:07+08:00 ] 127.0.0.1 /tp/admin/index
INFO: [ app_begin ] --START--
INFO: Run Behavior\ReadHtmlCache [ RunTime:0.000532s ]
INFO: [ app_begin ] --END-- [ RunTime:0.000979s ]
INFO: [ view_parse ] --START--
INFO: [ template_filter ] --START--
INFO: Run Behavior\ContentReplace [ RunTime:0.000073s ]
INFO: [ template_filter ] --END-- [ RunTime:0.000154s ]
INFO: Run Behavior\ParseTemplate [ RunTime:0.167310s ]
INFO: [ view_parse ] --END-- [ RunTime:0.167472s ]
INFO: [ view_filter ] --START--
INFO: Run Behavior\WriteHtmlCache [ RunTime:0.000871s ]
INFO: [ view_filter ] --END-- [ RunTime:0.000948s ]
INFO: [ app_end ] --START--
INFO: Run Behavior\ShowPageTrace [ RunTime:0.122210s ]
INFO: [ app_end ] --END-- [ RunTime:0.122301s ]

[ 2016-08-23T09:42:07+08:00 ] 127.0.0.1 /tp/admin/index_v148b2.html?v=4.0
INFO: [ app_begin ] --START--
INFO: Run Behavior\ReadHtmlCache [ RunTime:0.000585s ]
INFO: [ app_begin ] --END-- [ RunTime:0.001034s ]
ERR: 无法加载控制器:Index_v148b2

[ 2016-08-23T09:42:35+08:00 ] 127.0.0.1 /tp/admin/art
INFO: [ app_begin ] --START--
INFO: Run Behavior\ReadHtmlCache [ RunTime:0.000495s ]
INFO: [ app_begin ] --END-- [ RunTime:0.000903s ]
ERR: 模板不存在:./Frank/Admin/View/Art/index.html

[ 2016-08-23T09:42:37+08:00 ] 127.0.0.1 /tp/admin/index_v148b2.html?v=4.0
INFO: [ app_begin ] --START--
INFO: Run Behavior\ReadHtmlCache [ RunTime:0.001216s ]
INFO: [ app_begin ] --END-- [ RunTime:0.002713s ]
ERR: 无法加载控制器:Index_v148b2

[ 2016-08-23T09:42:41+08:00 ] 127.0.0.1 /tp/admin/index
INFO: [ app_begin ] --START--
INFO: Run Behavior\ReadHtmlCache [ RunTime:0.000497s ]
INFO: [ app_begin ] --END-- [ RunTime:0.000901s ]
INFO: [ view_parse ] --START--
INFO: [ template_filter ] --START--
INFO: Run Behavior\ContentReplace [ RunTime:0.000085s ]
INFO: [ template_filter ] --END-- [ RunTime:0.000170s ]
INFO: Run Behavior\ParseTemplate [ RunTime:0.007096s ]
INFO: [ view_parse ] --END-- [ RunTime:0.007208s ]
INFO: [ view_filter ] --START--
INFO: Run Behavior\WriteHtmlCache [ RunTime:0.000417s ]
INFO: [ view_filter ] --END-- [ RunTime:0.000473s ]
INFO: [ app_end ] --START--
INFO: Run Behavior\ShowPageTrace [ RunTime:0.001061s ]
INFO: [ app_end ] --END-- [ RunTime:0.001192s ]

[ 2016-08-23T09:42:41+08:00 ] 127.0.0.1 /tp/admin/index_v148b2.html?v=4.0
INFO: [ app_begin ] --START--
INFO: Run Behavior\ReadHtmlCache [ RunTime:0.001286s ]
INFO: [ app_begin ] --END-- [ RunTime:0.002095s ]
ERR: 无法加载控制器:Index_v148b2

[ 2016-08-23T09:42:43+08:00 ] 127.0.0.1 /tp/admin/index
INFO: [ app_begin ] --START--
INFO: Run Behavior\ReadHtmlCache [ RunTime:0.000540s ]
INFO: [ app_begin ] --END-- [ RunTime:0.000922s ]
INFO: [ view_parse ] --START--
INFO: [ template_filter ] --START--
INFO: Run Behavior\ContentReplace [ RunTime:0.000073s ]
INFO: [ template_filter ] --END-- [ RunTime:0.000146s ]
INFO: Run Behavior\ParseTemplate [ RunTime:0.006753s ]
INFO: [ view_parse ] --END-- [ RunTime:0.006877s ]
INFO: [ view_filter ] --START--
INFO: Run Behavior\WriteHtmlCache [ RunTime:0.000445s ]
INFO: [ view_filter ] --END-- [ RunTime:0.000505s ]
INFO: [ app_end ] --START--
INFO: Run Behavior\ShowPageTrace [ RunTime:0.001202s ]
INFO: [ app_end ] --END-- [ RunTime:0.001362s ]

[ 2016-08-23T09:42:44+08:00 ] 127.0.0.1 /tp/admin/index_v148b2.html?v=4.0
INFO: [ app_begin ] --START--
INFO: Run Behavior\ReadHtmlCache [ RunTime:0.000539s ]
INFO: [ app_begin ] --END-- [ RunTime:0.000918s ]
ERR: 无法加载控制器:Index_v148b2

[ 2016-08-23T09:42:44+08:00 ] 127.0.0.1 /tp/admin/index
INFO: [ app_begin ] --START--
INFO: Run Behavior\ReadHtmlCache [ RunTime:0.000569s ]
INFO: [ app_begin ] --END-- [ RunTime:0.001023s ]
INFO: [ view_parse ] --START--
INFO: [ template_filter ] --START--
INFO: Run Behavior\ContentReplace [ RunTime:0.000117s ]
INFO: [ template_filter ] --END-- [ RunTime:0.000242s ]
INFO: Run Behavior\ParseTemplate [ RunTime:0.008962s ]
INFO: [ view_parse ] --END-- [ RunTime:0.009073s ]
INFO: [ view_filter ] --START--
INFO: Run Behavior\WriteHtmlCache [ RunTime:0.000976s ]
INFO: [ view_filter ] --END-- [ RunTime:0.001088s ]
INFO: [ app_end ] --START--
INFO: Run Behavior\ShowPageTrace [ RunTime:0.001270s ]
INFO: [ app_end ] --END-- [ RunTime:0.001466s ]

[ 2016-08-23T09:42:44+08:00 ] 127.0.0.1 /tp/admin/index_v148b2.html?v=4.0
INFO: [ app_begin ] --START--
INFO: Run Behavior\ReadHtmlCache [ RunTime:0.000604s ]
INFO: [ app_begin ] --END-- [ RunTime:0.001266s ]
ERR: 无法加载控制器:Index_v148b2

[ 2016-08-23T09:42:44+08:00 ] 127.0.0.1 /tp/admin/index
INFO: [ app_begin ] --START--
INFO: Run Behavior\ReadHtmlCache [ RunTime:0.000564s ]
INFO: [ app_begin ] --END-- [ RunTime:0.000988s ]
INFO: [ view_parse ] --START--
INFO: [ template_filter ] --START--
INFO: Run Behavior\ContentReplace [ RunTime:0.000104s ]
INFO: [ template_filter ] --END-- [ RunTime:0.000210s ]
INFO: Run Behavior\ParseTemplate [ RunTime:0.034580s ]
INFO: [ view_parse ] --END-- [ RunTime:0.034691s ]
INFO: [ view_filter ] --START--
INFO: Run Behavior\WriteHtmlCache [ RunTime:0.000619s ]
INFO: [ view_filter ] --END-- [ RunTime:0.000688s ]
INFO: [ app_end ] --START--
INFO: Run Behavior\ShowPageTrace [ RunTime:0.001252s ]
INFO: [ app_end ] --END-- [ RunTime:0.001374s ]

[ 2016-08-23T09:42:44+08:00 ] 127.0.0.1 /tp/admin/index_v148b2.html?v=4.0
INFO: [ app_begin ] --START--
INFO: Run Behavior\ReadHtmlCache [ RunTime:0.000502s ]
INFO: [ app_begin ] --END-- [ RunTime:0.000925s ]
ERR: 无法加载控制器:Index_v148b2

[ 2016-08-23T09:42:44+08:00 ] 127.0.0.1 /tp/admin/index
INFO: [ app_begin ] --START--
INFO: Run Behavior\ReadHtmlCache [ RunTime:0.001337s ]
INFO: [ app_begin ] --END-- [ RunTime:0.002042s ]
INFO: [ view_parse ] --START--
INFO: [ template_filter ] --START--
INFO: Run Behavior\ContentReplace [ RunTime:0.000073s ]
INFO: [ template_filter ] --END-- [ RunTime:0.000150s ]
INFO: Run Behavior\ParseTemplate [ RunTime:0.007806s ]
INFO: [ view_parse ] --END-- [ RunTime:0.007928s ]
INFO: [ view_filter ] --START--
INFO: Run Behavior\WriteHtmlCache [ RunTime:0.000483s ]
INFO: [ view_filter ] --END-- [ RunTime:0.000551s ]
INFO: [ app_end ] --START--
INFO: Run Behavior\ShowPageTrace [ RunTime:0.001074s ]
INFO: [ app_end ] --END-- [ RunTime:0.001180s ]

[ 2016-08-23T09:42:44+08:00 ] 127.0.0.1 /tp/admin/index_v148b2.html?v=4.0
INFO: [ app_begin ] --START--
INFO: Run Behavior\ReadHtmlCache [ RunTime:0.000609s ]
INFO: [ app_begin ] --END-- [ RunTime:0.001059s ]
ERR: 无法加载控制器:Index_v148b2

[ 2016-08-23T09:42:45+08:00 ] 127.0.0.1 /tp/admin/index
INFO: [ app_begin ] --START--
INFO: Run Behavior\ReadHtmlCache [ RunTime:0.000614s ]
INFO: [ app_begin ] --END-- [ RunTime:0.001098s ]
INFO: [ view_parse ] --START--
INFO: [ template_filter ] --START--
INFO: Run Behavior\ContentReplace [ RunTime:0.000132s ]
INFO: [ template_filter ] --END-- [ RunTime:0.000324s ]
INFO: Run Behavior\ParseTemplate [ RunTime:0.009611s ]
INFO: [ view_parse ] --END-- [ RunTime:0.009734s ]
INFO: [ view_filter ] --START--
INFO: Run Behavior\WriteHtmlCache [ RunTime:0.000728s ]
INFO: [ view_filter ] --END-- [ RunTime:0.000839s ]
INFO: [ app_end ] --START--
INFO: Run Behavior\ShowPageTrace [ RunTime:0.001208s ]
INFO: [ app_end ] --END-- [ RunTime:0.001357s ]

[ 2016-08-23T09:42:45+08:00 ] 127.0.0.1 /tp/admin/index_v148b2.html?v=4.0
INFO: [ app_begin ] --START--
INFO: Run Behavior\ReadHtmlCache [ RunTime:0.000870s ]
INFO: [ app_begin ] --END-- [ RunTime:0.002575s ]
ERR: 无法加载控制器:Index_v148b2

[ 2016-08-23T09:42:45+08:00 ] 127.0.0.1 /tp/admin/index
INFO: [ app_begin ] --START--
INFO: Run Behavior\ReadHtmlCache [ RunTime:0.000522s ]
INFO: [ app_begin ] --END-- [ RunTime:0.000903s ]
INFO: [ view_parse ] --START--
INFO: [ template_filter ] --START--
INFO: Run Behavior\ContentReplace [ RunTime:0.000074s ]
INFO: [ template_filter ] --END-- [ RunTime:0.000150s ]
INFO: Run Behavior\ParseTemplate [ RunTime:0.007166s ]
INFO: [ view_parse ] --END-- [ RunTime:0.007348s ]
INFO: [ view_filter ] --START--
INFO: Run Behavior\WriteHtmlCache [ RunTime:0.001077s ]
INFO: [ view_filter ] --END-- [ RunTime:0.001151s ]
INFO: [ app_end ] --START--
INFO: Run Behavior\ShowPageTrace [ RunTime:0.000976s ]
INFO: [ app_end ] --END-- [ RunTime:0.001087s ]

[ 2016-08-23T09:42:45+08:00 ] 127.0.0.1 /tp/admin/index_v148b2.html?v=4.0
INFO: [ app_begin ] --START--
INFO: Run Behavior\ReadHtmlCache [ RunTime:0.000534s ]
INFO: [ app_begin ] --END-- [ RunTime:0.000919s ]
ERR: 无法加载控制器:Index_v148b2

[ 2016-08-23T09:42:45+08:00 ] 127.0.0.1 /tp/admin/index
INFO: [ app_begin ] --START--
INFO: Run Behavior\ReadHtmlCache [ RunTime:0.000576s ]
INFO: [ app_begin ] --END-- [ RunTime:0.002169s ]
INFO: [ view_parse ] --START--
INFO: [ template_filter ] --START--
INFO: Run Behavior\ContentReplace [ RunTime:0.000103s ]
INFO: [ template_filter ] --END-- [ RunTime:0.000187s ]
INFO: Run Behavior\ParseTemplate [ RunTime:0.007529s ]
INFO: [ view_parse ] --END-- [ RunTime:0.007618s ]
INFO: [ view_filter ] --START--
INFO: Run Behavior\WriteHtmlCache [ RunTime:0.000419s ]
INFO: [ view_filter ] --END-- [ RunTime:0.000481s ]
INFO: [ app_end ] --START--
INFO: Run Behavior\ShowPageTrace [ RunTime:0.001291s ]
INFO: [ app_end ] --END-- [ RunTime:0.001425s ]

[ 2016-08-23T09:42:45+08:00 ] 127.0.0.1 /tp/admin/index_v148b2.html?v=4.0
INFO: [ app_begin ] --START--
INFO: Run Behavior\ReadHtmlCache [ RunTime:0.000533s ]
INFO: [ app_begin ] --END-- [ RunTime:0.000921s ]
ERR: 无法加载控制器:Index_v148b2

[ 2016-08-23T09:42:54+08:00 ] 127.0.0.1 /tp/admin/index
INFO: [ app_begin ] --START--
INFO: Run Behavior\ReadHtmlCache [ RunTime:0.000635s ]
INFO: [ app_begin ] --END-- [ RunTime:0.001044s ]
INFO: [ view_parse ] --START--
INFO: [ template_filter ] --START--
INFO: Run Behavior\ContentReplace [ RunTime:0.000072s ]
INFO: [ template_filter ] --END-- [ RunTime:0.000151s ]
INFO: Run Behavior\ParseTemplate [ RunTime:0.008333s ]
INFO: [ view_parse ] --END-- [ RunTime:0.008433s ]
INFO: [ view_filter ] --START--
INFO: Run Behavior\WriteHtmlCache [ RunTime:0.000372s ]
INFO: [ view_filter ] --END-- [ RunTime:0.000431s ]
INFO: [ app_end ] --START--
INFO: Run Behavior\ShowPageTrace [ RunTime:0.000915s ]
INFO: [ app_end ] --END-- [ RunTime:0.001037s ]

[ 2016-08-23T09:42:54+08:00 ] 127.0.0.1 /tp/admin/index_v148b2.html?v=4.0
INFO: [ app_begin ] --START--
INFO: Run Behavior\ReadHtmlCache [ RunTime:0.000502s ]
INFO: [ app_begin ] --END-- [ RunTime:0.000917s ]
ERR: 无法加载控制器:Index_v148b2

[ 2016-08-23T09:47:09+08:00 ] 127.0.0.1 /tp/admin/index
INFO: [ app_begin ] --START--
INFO: Run Behavior\ReadHtmlCache [ RunTime:0.001171s ]
INFO: [ app_begin ] --END-- [ RunTime:0.023151s ]
INFO: [ view_parse ] --START--
INFO: [ template_filter ] --START--
INFO: Run Behavior\ContentReplace [ RunTime:0.000073s ]
INFO: [ template_filter ] --END-- [ RunTime:0.000152s ]
INFO: Run Behavior\ParseTemplate [ RunTime:0.007479s ]
INFO: [ view_parse ] --END-- [ RunTime:0.007613s ]
INFO: [ view_filter ] --START--
INFO: Run Behavior\WriteHtmlCache [ RunTime:0.000683s ]
INFO: [ view_filter ] --END-- [ RunTime:0.000771s ]
INFO: [ app_end ] --START--
INFO: Run Behavior\ShowPageTrace [ RunTime:0.000959s ]
INFO: [ app_end ] --END-- [ RunTime:0.001058s ]

[ 2016-08-23T09:47:09+08:00 ] 127.0.0.1 /tp/admin/index_v148b2.html?v=4.0
INFO: [ app_begin ] --START--
INFO: Run Behavior\ReadHtmlCache [ RunTime:0.000625s ]
INFO: [ app_begin ] --END-- [ RunTime:0.001147s ]
ERR: 无法加载控制器:Index_v148b2

[ 2016-08-23T09:47:14+08:00 ] 127.0.0.1 /tp/index.php/Admin/Index/table.html
INFO: [ app_begin ] --START--
INFO: Run Behavior\ReadHtmlCache [ RunTime:0.001213s ]
INFO: [ app_begin ] --END-- [ RunTime:0.002440s ]
SQL: SHOW COLUMNS FROM `think_frank` [ RunTime:0.099333s ]
SQL: SELECT * FROM `think_frank`  [ RunTime:0.000300s ]
SQL: SHOW COLUMNS FROM `think_frank` [ RunTime:0.002743s ]
SQL: SELECT * FROM `think_frank` LIMIT 1   [ RunTime:0.076848s ]
INFO: [ view_parse ] --START--
INFO: [ template_filter ] --START--
INFO: Run Behavior\ContentReplace [ RunTime:0.000069s ]
INFO: [ template_filter ] --END-- [ RunTime:0.000141s ]
NOTIC: [8] Use of undefined constant table - assumed 'table' E:\development tool\PHPstudy\phpStudy\WWW\tp\Frank\Runtime\Cache\Admin\dfc62204f336d4a0243aef3e3d5b127f.php 第 175 行.
NOTIC: [8] Use of undefined constant table - assumed 'table' E:\development tool\PHPstudy\phpStudy\WWW\tp\Frank\Runtime\Cache\Admin\dfc62204f336d4a0243aef3e3d5b127f.php 第 193 行.
NOTIC: [8] Use of undefined constant table - assumed 'table' E:\development tool\PHPstudy\phpStudy\WWW\tp\Frank\Runtime\Cache\Admin\dfc62204f336d4a0243aef3e3d5b127f.php 第 210 行.
INFO: Run Behavior\ParseTemplate [ RunTime:0.092041s ]
INFO: [ view_parse ] --END-- [ RunTime:0.092136s ]
INFO: [ view_filter ] --START--
INFO: Run Behavior\WriteHtmlCache [ RunTime:0.000521s ]
INFO: [ view_filter ] --END-- [ RunTime:0.000592s ]
INFO: [ app_end ] --START--
INFO: Run Behavior\ShowPageTrace [ RunTime:0.001105s ]
INFO: [ app_end ] --END-- [ RunTime:0.001202s ]

[ 2016-08-23T09:50:21+08:00 ] 127.0.0.1 /tp/admin/index/
INFO: [ app_begin ] --START--
INFO: Run Behavior\ReadHtmlCache [ RunTime:0.001570s ]
INFO: [ app_begin ] --END-- [ RunTime:0.003368s ]
INFO: [ view_parse ] --START--
INFO: [ template_filter ] --START--
INFO: Run Behavior\ContentReplace [ RunTime:0.000079s ]
INFO: [ template_filter ] --END-- [ RunTime:0.000170s ]
INFO: Run Behavior\ParseTemplate [ RunTime:0.008364s ]
INFO: [ view_parse ] --END-- [ RunTime:0.008458s ]
INFO: [ view_filter ] --START--
INFO: Run Behavior\WriteHtmlCache [ RunTime:0.000431s ]
INFO: [ view_filter ] --END-- [ RunTime:0.000495s ]
INFO: [ app_end ] --START--
INFO: Run Behavior\ShowPageTrace [ RunTime:0.000979s ]
INFO: [ app_end ] --END-- [ RunTime:0.001074s ]

[ 2016-08-23T09:50:21+08:00 ] 127.0.0.1 /tp/admin/index/index_v148b2.html?v=4.0
INFO: [ app_begin ] --START--
INFO: Run Behavior\ReadHtmlCache [ RunTime:0.001597s ]
INFO: [ app_begin ] --END-- [ RunTime:0.002389s ]
ERR: 非法操作:index_v148b2

[ 2016-08-23T09:50:37+08:00 ] 127.0.0.1 /tp/admin/index/conversation
INFO: [ app_begin ] --START--
INFO: Run Behavior\ReadHtmlCache [ RunTime:0.000727s ]
INFO: [ app_begin ] --END-- [ RunTime:0.001219s ]
SQL: SHOW COLUMNS FROM `think_user` [ RunTime:0.490047s ]
SQL: SELECT * FROM `think_user`  [ RunTime:0.000323s ]
INFO: [ app_end ] --START--
INFO: Run Behavior\ShowPageTrace [ RunTime:0.000718s ]
INFO: [ app_end ] --END-- [ RunTime:0.000811s ]

[ 2016-08-23T09:50:43+08:00 ] 127.0.0.1 /tp/admin/index/index_v148b2.html?v=4.0
INFO: [ app_begin ] --START--
INFO: Run Behavior\ReadHtmlCache [ RunTime:0.000967s ]
INFO: [ app_begin ] --END-- [ RunTime:0.001754s ]
ERR: 非法操作:index_v148b2

[ 2016-08-23T09:50:46+08:00 ] 127.0.0.1 /tp/index.php/Admin/Index/table.html
INFO: [ app_begin ] --START--
INFO: Run Behavior\ReadHtmlCache [ RunTime:0.000661s ]
INFO: [ app_begin ] --END-- [ RunTime:0.001069s ]
SQL: SHOW COLUMNS FROM `think_frank` [ RunTime:0.003505s ]
SQL: SELECT * FROM `think_frank`  [ RunTime:0.000313s ]
SQL: SHOW COLUMNS FROM `think_frank` [ RunTime:0.003733s ]
SQL: SELECT * FROM `think_frank` LIMIT 1   [ RunTime:0.000335s ]
INFO: [ view_parse ] --START--
INFO: [ template_filter ] --START--
INFO: Run Behavior\ContentReplace [ RunTime:0.000067s ]
INFO: [ template_filter ] --END-- [ RunTime:0.000151s ]
NOTIC: [8] Use of undefined constant table - assumed 'table' E:\development tool\PHPstudy\phpStudy\WWW\tp\Frank\Runtime\Cache\Admin\dfc62204f336d4a0243aef3e3d5b127f.php 第 175 行.
NOTIC: [8] Use of undefined constant table - assumed 'table' E:\development tool\PHPstudy\phpStudy\WWW\tp\Frank\Runtime\Cache\Admin\dfc62204f336d4a0243aef3e3d5b127f.php 第 193 行.
NOTIC: [8] Use of undefined constant table - assumed 'table' E:\development tool\PHPstudy\phpStudy\WWW\tp\Frank\Runtime\Cache\Admin\dfc62204f336d4a0243aef3e3d5b127f.php 第 210 行.
INFO: Run Behavior\ParseTemplate [ RunTime:0.009418s ]
INFO: [ view_parse ] --END-- [ RunTime:0.009509s ]
INFO: [ view_filter ] --START--
INFO: Run Behavior\WriteHtmlCache [ RunTime:0.000430s ]
INFO: [ view_filter ] --END-- [ RunTime:0.000504s ]
INFO: [ app_end ] --START--
INFO: Run Behavior\ShowPageTrace [ RunTime:0.000939s ]
INFO: [ app_end ] --END-- [ RunTime:0.001030s ]

[ 2016-08-23T10:07:10+08:00 ] 127.0.0.1 /tp/admin/index/index_v148b2.html?v=4.0
INFO: [ app_begin ] --START--
INFO: Run Behavior\ReadHtmlCache [ RunTime:0.000733s ]
INFO: [ app_begin ] --END-- [ RunTime:0.001360s ]
ERR: 非法操作:index_v148b2

[ 2016-08-23T11:01:29+08:00 ] 127.0.0.1 /tp/admin/index
INFO: [ app_begin ] --START--
INFO: Run Behavior\ReadHtmlCache [ RunTime:0.001098s ]
INFO: [ app_begin ] --END-- [ RunTime:0.010959s ]
INFO: [ view_parse ] --START--
INFO: [ template_filter ] --START--
INFO: Run Behavior\ContentReplace [ RunTime:0.000076s ]
INFO: [ template_filter ] --END-- [ RunTime:0.000154s ]
INFO: Run Behavior\ParseTemplate [ RunTime:0.024084s ]
INFO: [ view_parse ] --END-- [ RunTime:0.024181s ]
INFO: [ view_filter ] --START--
INFO: Run Behavior\WriteHtmlCache [ RunTime:0.000741s ]
INFO: [ view_filter ] --END-- [ RunTime:0.000806s ]
INFO: [ app_end ] --START--
INFO: Run Behavior\ShowPageTrace [ RunTime:0.078235s ]
INFO: [ app_end ] --END-- [ RunTime:0.078464s ]

[ 2016-08-23T11:01:29+08:00 ] 127.0.0.1 /tp/admin/index_v148b2.html?v=4.0
INFO: [ app_begin ] --START--
INFO: Run Behavior\ReadHtmlCache [ RunTime:0.001346s ]
INFO: [ app_begin ] --END-- [ RunTime:0.002222s ]
ERR: 无法加载控制器:Index_v148b2

[ 2016-08-23T11:01:34+08:00 ] 127.0.0.1 /tp/admin/index
INFO: [ app_begin ] --START--
INFO: Run Behavior\ReadHtmlCache [ RunTime:0.000821s ]
INFO: [ app_begin ] --END-- [ RunTime:0.001320s ]
INFO: [ view_parse ] --START--
INFO: [ template_filter ] --START--
INFO: Run Behavior\ContentReplace [ RunTime:0.000073s ]
INFO: [ template_filter ] --END-- [ RunTime:0.000149s ]
INFO: Run Behavior\ParseTemplate [ RunTime:0.008006s ]
INFO: [ view_parse ] --END-- [ RunTime:0.008231s ]
INFO: [ view_filter ] --START--
INFO: Run Behavior\WriteHtmlCache [ RunTime:0.000543s ]
INFO: [ view_filter ] --END-- [ RunTime:0.000602s ]
INFO: [ app_end ] --START--
INFO: Run Behavior\ShowPageTrace [ RunTime:0.002025s ]
INFO: [ app_end ] --END-- [ RunTime:0.002152s ]

[ 2016-08-23T11:01:34+08:00 ] 127.0.0.1 /tp/admin/index_v148b2.html?v=4.0
INFO: [ app_begin ] --START--
INFO: Run Behavior\ReadHtmlCache [ RunTime:0.000647s ]
INFO: [ app_begin ] --END-- [ RunTime:0.001058s ]
ERR: 无法加载控制器:Index_v148b2

[ 2016-08-23T11:01:34+08:00 ] 127.0.0.1 /tp/admin/index
INFO: [ app_begin ] --START--
INFO: Run Behavior\ReadHtmlCache [ RunTime:0.000892s ]
INFO: [ app_begin ] --END-- [ RunTime:0.001520s ]
INFO: [ view_parse ] --START--
INFO: [ template_filter ] --START--
INFO: Run Behavior\ContentReplace [ RunTime:0.000087s ]
INFO: [ template_filter ] --END-- [ RunTime:0.000186s ]
INFO: Run Behavior\ParseTemplate [ RunTime:0.012845s ]
INFO: [ view_parse ] --END-- [ RunTime:0.012937s ]
INFO: [ view_filter ] --START--
INFO: Run Behavior\WriteHtmlCache [ RunTime:0.000961s ]
INFO: [ view_filter ] --END-- [ RunTime:0.001050s ]
INFO: [ app_end ] --START--
INFO: Run Behavior\ShowPageTrace [ RunTime:0.001425s ]
INFO: [ app_end ] --END-- [ RunTime:0.001577s ]

[ 2016-08-23T11:01:34+08:00 ] 127.0.0.1 /tp/admin/index
INFO: [ app_begin ] --START--
INFO: Run Behavior\ReadHtmlCache [ RunTime:0.000677s ]
INFO: [ app_begin ] --END-- [ RunTime:0.001793s ]
INFO: [ view_parse ] --START--
INFO: [ template_filter ] --START--
INFO: Run Behavior\ContentReplace [ RunTime:0.000080s ]
INFO: [ template_filter ] --END-- [ RunTime:0.000168s ]
INFO: Run Behavior\ParseTemplate [ RunTime:0.009432s ]
INFO: [ view_parse ] --END-- [ RunTime:0.009560s ]
INFO: [ view_filter ] --START--
INFO: Run Behavior\WriteHtmlCache [ RunTime:0.000701s ]
INFO: [ view_filter ] --END-- [ RunTime:0.000820s ]
INFO: [ app_end ] --START--
INFO: Run Behavior\ShowPageTrace [ RunTime:0.003234s ]
INFO: [ app_end ] --END-- [ RunTime:0.003549s ]

[ 2016-08-23T11:01:34+08:00 ] 127.0.0.1 /tp/admin/index_v148b2.html?v=4.0
INFO: [ app_begin ] --START--
INFO: Run Behavior\ReadHtmlCache [ RunTime:0.000641s ]
INFO: [ app_begin ] --END-- [ RunTime:0.001095s ]
ERR: 无法加载控制器:Index_v148b2

[ 2016-08-23T11:01:34+08:00 ] 127.0.0.1 /tp/admin/index_v148b2.html?v=4.0
INFO: [ app_begin ] --START--
INFO: Run Behavior\ReadHtmlCache [ RunTime:0.000751s ]
INFO: [ app_begin ] --END-- [ RunTime:0.001269s ]
ERR: 无法加载控制器:Index_v148b2

[ 2016-08-23T11:01:35+08:00 ] 127.0.0.1 /tp/admin/index
INFO: [ app_begin ] --START--
INFO: Run Behavior\ReadHtmlCache [ RunTime:0.000557s ]
INFO: [ app_begin ] --END-- [ RunTime:0.001071s ]
INFO: [ view_parse ] --START--
INFO: [ template_filter ] --START--
INFO: Run Behavior\ContentReplace [ RunTime:0.000077s ]
INFO: [ template_filter ] --END-- [ RunTime:0.000162s ]
INFO: Run Behavior\ParseTemplate [ RunTime:0.010325s ]
INFO: [ view_parse ] --END-- [ RunTime:0.010419s ]
INFO: [ view_filter ] --START--
INFO: Run Behavior\WriteHtmlCache [ RunTime:0.000309s ]
INFO: [ view_filter ] --END-- [ RunTime:0.000366s ]
INFO: [ app_end ] --START--
INFO: Run Behavior\ShowPageTrace [ RunTime:0.000690s ]
INFO: [ app_end ] --END-- [ RunTime:0.000796s ]

[ 2016-08-23T11:01:35+08:00 ] 127.0.0.1 /tp/admin/index_v148b2.html?v=4.0
INFO: [ app_begin ] --START--
INFO: Run Behavior\ReadHtmlCache [ RunTime:0.001058s ]
INFO: [ app_begin ] --END-- [ RunTime:0.001884s ]
ERR: 无法加载控制器:Index_v148b2

[ 2016-08-23T11:01:35+08:00 ] 127.0.0.1 /tp/admin/index
INFO: [ app_begin ] --START--
INFO: Run Behavior\ReadHtmlCache [ RunTime:0.002714s ]
INFO: [ app_begin ] --END-- [ RunTime:0.003732s ]
INFO: [ view_parse ] --START--
INFO: [ template_filter ] --START--
INFO: Run Behavior\ContentReplace [ RunTime:0.000080s ]
INFO: [ template_filter ] --END-- [ RunTime:0.000162s ]
INFO: Run Behavior\ParseTemplate [ RunTime:0.008823s ]
INFO: [ view_parse ] --END-- [ RunTime:0.008971s ]
INFO: [ view_filter ] --START--
INFO: Run Behavior\WriteHtmlCache [ RunTime:0.001192s ]
INFO: [ view_filter ] --END-- [ RunTime:0.001434s ]
INFO: [ app_end ] --START--
INFO: Run Behavior\ShowPageTrace [ RunTime:0.001720s ]
INFO: [ app_end ] --END-- [ RunTime:0.002095s ]

[ 2016-08-23T11:01:35+08:00 ] 127.0.0.1 /tp/admin/index_v148b2.html?v=4.0
INFO: [ app_begin ] --START--
INFO: Run Behavior\ReadHtmlCache [ RunTime:0.001849s ]
INFO: [ app_begin ] --END-- [ RunTime:0.002764s ]
ERR: 无法加载控制器:Index_v148b2

[ 2016-08-23T11:01:35+08:00 ] 127.0.0.1 /tp/admin/index
INFO: [ app_begin ] --START--
INFO: Run Behavior\ReadHtmlCache [ RunTime:0.003123s ]
INFO: [ app_begin ] --END-- [ RunTime:0.004236s ]
INFO: [ view_parse ] --START--
INFO: [ template_filter ] --START--
INFO: Run Behavior\ContentReplace [ RunTime:0.000131s ]
INFO: [ template_filter ] --END-- [ RunTime:0.000280s ]
INFO: Run Behavior\ParseTemplate [ RunTime:0.011246s ]
INFO: [ view_parse ] --END-- [ RunTime:0.011360s ]
INFO: [ view_filter ] --START--
INFO: Run Behavior\WriteHtmlCache [ RunTime:0.000554s ]
INFO: [ view_filter ] --END-- [ RunTime:0.000638s ]
INFO: [ app_end ] --START--
INFO: Run Behavior\ShowPageTrace [ RunTime:0.001504s ]
INFO: [ app_end ] --END-- [ RunTime:0.001621s ]

[ 2016-08-23T11:01:35+08:00 ] 127.0.0.1 /tp/admin/index_v148b2.html?v=4.0
INFO: [ app_begin ] --START--
INFO: Run Behavior\ReadHtmlCache [ RunTime:0.000694s ]
INFO: [ app_begin ] --END-- [ RunTime:0.001224s ]
ERR: 无法加载控制器:Index_v148b2

[ 2016-08-23T11:01:36+08:00 ] 127.0.0.1 /tp/admin/index
INFO: [ app_begin ] --START--
INFO: Run Behavior\ReadHtmlCache [ RunTime:0.001221s ]
INFO: [ app_begin ] --END-- [ RunTime:0.001748s ]
INFO: [ view_parse ] --START--
INFO: [ template_filter ] --START--
INFO: Run Behavior\ContentReplace [ RunTime:0.000084s ]
INFO: [ template_filter ] --END-- [ RunTime:0.000177s ]
INFO: Run Behavior\ParseTemplate [ RunTime:0.015964s ]
INFO: [ view_parse ] --END-- [ RunTime:0.016105s ]
INFO: [ view_filter ] --START--
INFO: Run Behavior\WriteHtmlCache [ RunTime:0.000503s ]
INFO: [ view_filter ] --END-- [ RunTime:0.000597s ]
INFO: [ app_end ] --START--
INFO: Run Behavior\ShowPageTrace [ RunTime:0.001973s ]
INFO: [ app_end ] --END-- [ RunTime:0.002497s ]

[ 2016-08-23T11:01:36+08:00 ] 127.0.0.1 /tp/admin/index_v148b2.html?v=4.0
INFO: [ app_begin ] --START--
INFO: Run Behavior\ReadHtmlCache [ RunTime:0.000819s ]
INFO: [ app_begin ] --END-- [ RunTime:0.001324s ]
ERR: 无法加载控制器:Index_v148b2

[ 2016-08-23T11:03:03+08:00 ] 127.0.0.1 /tp/admin/index
INFO: [ app_begin ] --START--
INFO: Run Behavior\ReadHtmlCache [ RunTime:0.000961s ]
INFO: [ app_begin ] --END-- [ RunTime:0.001596s ]
INFO: [ view_parse ] --START--
INFO: [ template_filter ] --START--
INFO: Run Behavior\ContentReplace [ RunTime:0.000074s ]
INFO: [ template_filter ] --END-- [ RunTime:0.000150s ]
INFO: Run Behavior\ParseTemplate [ RunTime:0.008579s ]
INFO: [ view_parse ] --END-- [ RunTime:0.008693s ]
INFO: [ view_filter ] --START--
INFO: Run Behavior\WriteHtmlCache [ RunTime:0.000638s ]
INFO: [ view_filter ] --END-- [ RunTime:0.000702s ]
INFO: [ app_end ] --START--
INFO: Run Behavior\ShowPageTrace [ RunTime:0.001053s ]
INFO: [ app_end ] --END-- [ RunTime:0.001165s ]

[ 2016-08-23T11:03:03+08:00 ] 127.0.0.1 /tp/admin/index_v148b2.html?v=4.0
INFO: [ app_begin ] --START--
INFO: Run Behavior\ReadHtmlCache [ RunTime:0.001775s ]
INFO: [ app_begin ] --END-- [ RunTime:0.002581s ]
ERR: 无法加载控制器:Index_v148b2

[ 2016-08-23T11:03:03+08:00 ] 127.0.0.1 /tp/admin/index
INFO: [ app_begin ] --START--
INFO: Run Behavior\ReadHtmlCache [ RunTime:0.000697s ]
INFO: [ app_begin ] --END-- [ RunTime:0.001107s ]
INFO: [ view_parse ] --START--
INFO: [ template_filter ] --START--
INFO: Run Behavior\ContentReplace [ RunTime:0.000073s ]
INFO: [ template_filter ] --END-- [ RunTime:0.000151s ]
INFO: Run Behavior\ParseTemplate [ RunTime:0.007674s ]
INFO: [ view_parse ] --END-- [ RunTime:0.007789s ]
INFO: [ view_filter ] --START--
INFO: Run Behavior\WriteHtmlCache [ RunTime:0.000732s ]
INFO: [ view_filter ] --END-- [ RunTime:0.000823s ]
INFO: [ app_end ] --START--
INFO: Run Behavior\ShowPageTrace [ RunTime:0.001495s ]
INFO: [ app_end ] --END-- [ RunTime:0.001658s ]

[ 2016-08-23T11:03:04+08:00 ] 127.0.0.1 /tp/admin/index_v148b2.html?v=4.0
INFO: [ app_begin ] --START--
INFO: Run Behavior\ReadHtmlCache [ RunTime:0.000840s ]
INFO: [ app_begin ] --END-- [ RunTime:0.001330s ]
ERR: 无法加载控制器:Index_v148b2

[ 2016-08-23T11:03:04+08:00 ] 127.0.0.1 /tp/admin/index
INFO: [ app_begin ] --START--
INFO: Run Behavior\ReadHtmlCache [ RunTime:0.001196s ]
INFO: [ app_begin ] --END-- [ RunTime:0.002612s ]
INFO: [ view_parse ] --START--
INFO: [ template_filter ] --START--
INFO: Run Behavior\ContentReplace [ RunTime:0.000141s ]
INFO: [ template_filter ] --END-- [ RunTime:0.000339s ]
INFO: Run Behavior\ParseTemplate [ RunTime:0.021893s ]
INFO: [ view_parse ] --END-- [ RunTime:0.022188s ]
INFO: [ view_filter ] --START--
INFO: Run Behavior\WriteHtmlCache [ RunTime:0.001501s ]
INFO: [ view_filter ] --END-- [ RunTime:0.001632s ]
INFO: [ app_end ] --START--
INFO: Run Behavior\ShowPageTrace [ RunTime:0.001077s ]
INFO: [ app_end ] --END-- [ RunTime:0.001198s ]

[ 2016-08-23T11:03:04+08:00 ] 127.0.0.1 /tp/admin/index_v148b2.html?v=4.0
INFO: [ app_begin ] --START--
INFO: Run Behavior\ReadHtmlCache [ RunTime:0.000530s ]
INFO: [ app_begin ] --END-- [ RunTime:0.000940s ]
ERR: 无法加载控制器:Index_v148b2

[ 2016-08-23T11:03:04+08:00 ] 127.0.0.1 /tp/admin/index
INFO: [ app_begin ] --START--
INFO: Run Behavior\ReadHtmlCache [ RunTime:0.000662s ]
INFO: [ app_begin ] --END-- [ RunTime:0.001129s ]
INFO: [ view_parse ] --START--
INFO: [ template_filter ] --START--
INFO: Run Behavior\ContentReplace [ RunTime:0.000079s ]
INFO: [ template_filter ] --END-- [ RunTime:0.000161s ]
INFO: Run Behavior\ParseTemplate [ RunTime:0.014182s ]
INFO: [ view_parse ] --END-- [ RunTime:0.014291s ]
INFO: [ view_filter ] --START--
INFO: Run Behavior\WriteHtmlCache [ RunTime:0.000445s ]
INFO: [ view_filter ] --END-- [ RunTime:0.000511s ]
INFO: [ app_end ] --START--
INFO: Run Behavior\ShowPageTrace [ RunTime:0.001021s ]
INFO: [ app_end ] --END-- [ RunTime:0.001126s ]

[ 2016-08-23T11:03:04+08:00 ] 127.0.0.1 /tp/admin/index_v148b2.html?v=4.0
INFO: [ app_begin ] --START--
INFO: Run Behavior\ReadHtmlCache [ RunTime:0.001314s ]
INFO: [ app_begin ] --END-- [ RunTime:0.002134s ]
ERR: 无法加载控制器:Index_v148b2

[ 2016-08-23T11:04:02+08:00 ] 127.0.0.1 /tp/admin/index
INFO: [ app_begin ] --START--
INFO: Run Behavior\ReadHtmlCache [ RunTime:0.001007s ]
INFO: [ app_begin ] --END-- [ RunTime:0.001501s ]
INFO: [ view_parse ] --START--
INFO: [ template_filter ] --START--
INFO: Run Behavior\ContentReplace [ RunTime:0.000075s ]
INFO: [ template_filter ] --END-- [ RunTime:0.000153s ]
INFO: Run Behavior\ParseTemplate [ RunTime:0.009151s ]
INFO: [ view_parse ] --END-- [ RunTime:0.009239s ]
INFO: [ view_filter ] --START--
INFO: Run Behavior\WriteHtmlCache [ RunTime:0.000519s ]
INFO: [ view_filter ] --END-- [ RunTime:0.000576s ]
INFO: [ app_end ] --START--
INFO: Run Behavior\ShowPageTrace [ RunTime:0.001133s ]
INFO: [ app_end ] --END-- [ RunTime:0.001280s ]

[ 2016-08-23T11:04:02+08:00 ] 127.0.0.1 /tp/admin/index_v148b2.html?v=4.0
INFO: [ app_begin ] --START--
INFO: Run Behavior\ReadHtmlCache [ RunTime:0.001195s ]
INFO: [ app_begin ] --END-- [ RunTime:0.002089s ]
ERR: 无法加载控制器:Index_v148b2

[ 2016-08-23T11:04:02+08:00 ] 127.0.0.1 /tp/admin/index
INFO: [ app_begin ] --START--
INFO: Run Behavior\ReadHtmlCache [ RunTime:0.001207s ]
INFO: [ app_begin ] --END-- [ RunTime:0.002096s ]
INFO: [ view_parse ] --START--
INFO: [ template_filter ] --START--
INFO: Run Behavior\ContentReplace [ RunTime:0.000100s ]
INFO: [ template_filter ] --END-- [ RunTime:0.000231s ]
INFO: Run Behavior\ParseTemplate [ RunTime:0.013025s ]
INFO: [ view_parse ] --END-- [ RunTime:0.013171s ]
INFO: [ view_filter ] --START--
INFO: Run Behavior\WriteHtmlCache [ RunTime:0.000410s ]
INFO: [ view_filter ] --END-- [ RunTime:0.000474s ]
INFO: [ app_end ] --START--
INFO: Run Behavior\ShowPageTrace [ RunTime:0.000935s ]
INFO: [ app_end ] --END-- [ RunTime:0.001035s ]

[ 2016-08-23T11:04:03+08:00 ] 127.0.0.1 /tp/admin/index_v148b2.html?v=4.0
INFO: [ app_begin ] --START--
INFO: Run Behavior\ReadHtmlCache [ RunTime:0.000814s ]
INFO: [ app_begin ] --END-- [ RunTime:0.001294s ]
ERR: 无法加载控制器:Index_v148b2

[ 2016-08-23T11:04:03+08:00 ] 127.0.0.1 /tp/admin/index
INFO: [ app_begin ] --START--
INFO: Run Behavior\ReadHtmlCache [ RunTime:0.001583s ]
INFO: [ app_begin ] --END-- [ RunTime:0.002939s ]
INFO: [ view_parse ] --START--
INFO: [ template_filter ] --START--
INFO: Run Behavior\ContentReplace [ RunTime:0.000156s ]
INFO: [ template_filter ] --END-- [ RunTime:0.000315s ]
INFO: Run Behavior\ParseTemplate [ RunTime:0.020280s ]
INFO: [ view_parse ] --END-- [ RunTime:0.020525s ]
INFO: [ view_filter ] --START--
INFO: Run Behavior\WriteHtmlCache [ RunTime:0.003623s ]
INFO: [ view_filter ] --END-- [ RunTime:0.003948s ]
INFO: [ app_end ] --START--
INFO: Run Behavior\ShowPageTrace [ RunTime:0.001079s ]
INFO: [ app_end ] --END-- [ RunTime:0.001247s ]

[ 2016-08-23T11:04:03+08:00 ] 127.0.0.1 /tp/admin/index
INFO: [ app_begin ] --START--
INFO: Run Behavior\ReadHtmlCache [ RunTime:0.002711s ]
INFO: [ app_begin ] --END-- [ RunTime:0.003603s ]
INFO: [ view_parse ] --START--
INFO: [ template_filter ] --START--
INFO: Run Behavior\ContentReplace [ RunTime:0.000168s ]
INFO: [ template_filter ] --END-- [ RunTime:0.000376s ]
INFO: Run Behavior\ParseTemplate [ RunTime:0.020439s ]
INFO: [ view_parse ] --END-- [ RunTime:0.020715s ]
INFO: [ view_filter ] --START--
INFO: Run Behavior\WriteHtmlCache [ RunTime:0.005017s ]
INFO: [ view_filter ] --END-- [ RunTime:0.005177s ]
INFO: [ app_end ] --START--
INFO: Run Behavior\ShowPageTrace [ RunTime:0.004572s ]
INFO: [ app_end ] --END-- [ RunTime:0.004863s ]

[ 2016-08-23T11:04:03+08:00 ] 127.0.0.1 /tp/admin/index_v148b2.html?v=4.0
INFO: [ app_begin ] --START--
INFO: Run Behavior\ReadHtmlCache [ RunTime:0.001969s ]
INFO: [ app_begin ] --END-- [ RunTime:0.003076s ]
ERR: 无法加载控制器:Index_v148b2

[ 2016-08-23T11:04:03+08:00 ] 127.0.0.1 /tp/admin/index
INFO: [ app_begin ] --START--
INFO: Run Behavior\ReadHtmlCache [ RunTime:0.001503s ]
INFO: [ app_begin ] --END-- [ RunTime:0.003330s ]
INFO: [ view_parse ] --START--
INFO: [ template_filter ] --START--
INFO: Run Behavior\ContentReplace [ RunTime:0.000232s ]
INFO: [ template_filter ] --END-- [ RunTime:0.000851s ]
INFO: Run Behavior\ParseTemplate [ RunTime:0.013801s ]
INFO: [ view_parse ] --END-- [ RunTime:0.013938s ]
INFO: [ view_filter ] --START--
INFO: Run Behavior\WriteHtmlCache [ RunTime:0.001023s ]
INFO: [ view_filter ] --END-- [ RunTime:0.001191s ]
INFO: [ app_end ] --START--
INFO: Run Behavior\ShowPageTrace [ RunTime:0.005106s ]
INFO: [ app_end ] --END-- [ RunTime:0.005543s ]

[ 2016-08-23T11:04:03+08:00 ] 127.0.0.1 /tp/admin/index
INFO: [ app_begin ] --START--
INFO: Run Behavior\ReadHtmlCache [ RunTime:0.001182s ]
INFO: [ app_begin ] --END-- [ RunTime:0.001928s ]
INFO: [ view_parse ] --START--
INFO: [ template_filter ] --START--
INFO: Run Behavior\ContentReplace [ RunTime:0.000082s ]
INFO: [ template_filter ] --END-- [ RunTime:0.000170s ]
INFO: Run Behavior\ParseTemplate [ RunTime:0.016609s ]
INFO: [ view_parse ] --END-- [ RunTime:0.016801s ]
INFO: [ view_filter ] --START--
INFO: Run Behavior\WriteHtmlCache [ RunTime:0.000912s ]
INFO: [ view_filter ] --END-- [ RunTime:0.001053s ]
INFO: [ app_end ] --START--
INFO: Run Behavior\ShowPageTrace [ RunTime:0.001194s ]
INFO: [ app_end ] --END-- [ RunTime:0.001327s ]

[ 2016-08-23T11:04:03+08:00 ] 127.0.0.1 /tp/admin/index_v148b2.html?v=4.0
INFO: [ app_begin ] --START--
INFO: Run Behavior\ReadHtmlCache [ RunTime:0.001288s ]
INFO: [ app_begin ] --END-- [ RunTime:0.002019s ]
ERR: 无法加载控制器:Index_v148b2

[ 2016-08-23T11:04:04+08:00 ] 127.0.0.1 /tp/admin/index
INFO: [ app_begin ] --START--
INFO: Run Behavior\ReadHtmlCache [ RunTime:0.000774s ]
INFO: [ app_begin ] --END-- [ RunTime:0.001258s ]
INFO: [ view_parse ] --START--
INFO: [ template_filter ] --START--
INFO: Run Behavior\ContentReplace [ RunTime:0.000081s ]
INFO: [ template_filter ] --END-- [ RunTime:0.000168s ]
INFO: Run Behavior\ParseTemplate [ RunTime:0.008427s ]
INFO: [ view_parse ] --END-- [ RunTime:0.008521s ]
INFO: [ view_filter ] --START--
INFO: Run Behavior\WriteHtmlCache [ RunTime:0.000710s ]
INFO: [ view_filter ] --END-- [ RunTime:0.000791s ]
INFO: [ app_end ] --START--
INFO: Run Behavior\ShowPageTrace [ RunTime:0.001648s ]
INFO: [ app_end ] --END-- [ RunTime:0.001798s ]

[ 2016-08-23T11:04:04+08:00 ] 127.0.0.1 /tp/admin/index_v148b2.html?v=4.0
INFO: [ app_begin ] --START--
INFO: Run Behavior\ReadHtmlCache [ RunTime:0.001327s ]
INFO: [ app_begin ] --END-- [ RunTime:0.001962s ]
ERR: 无法加载控制器:Index_v148b2

[ 2016-08-23T11:04:04+08:00 ] 127.0.0.1 /tp/admin/index
INFO: [ app_begin ] --START--
INFO: Run Behavior\ReadHtmlCache [ RunTime:0.001694s ]
INFO: [ app_begin ] --END-- [ RunTime:0.002637s ]
INFO: [ view_parse ] --START--
INFO: [ template_filter ] --START--
INFO: Run Behavior\ContentReplace [ RunTime:0.000142s ]
INFO: [ template_filter ] --END-- [ RunTime:0.000282s ]
INFO: Run Behavior\ParseTemplate [ RunTime:0.014682s ]
INFO: [ view_parse ] --END-- [ RunTime:0.015144s ]
INFO: [ view_filter ] --START--
INFO: Run Behavior\WriteHtmlCache [ RunTime:0.000661s ]
INFO: [ view_filter ] --END-- [ RunTime:0.000744s ]
INFO: [ app_end ] --START--
INFO: Run Behavior\ShowPageTrace [ RunTime:0.007154s ]
INFO: [ app_end ] --END-- [ RunTime:0.007378s ]

[ 2016-08-23T11:04:04+08:00 ] 127.0.0.1 /tp/admin/index_v148b2.html?v=4.0
INFO: [ app_begin ] --START--
INFO: Run Behavior\ReadHtmlCache [ RunTime:0.001333s ]
INFO: [ app_begin ] --END-- [ RunTime:0.002978s ]
ERR: 无法加载控制器:Index_v148b2

[ 2016-08-23T11:04:05+08:00 ] 127.0.0.1 /tp/admin/index
INFO: [ app_begin ] --START--
INFO: Run Behavior\ReadHtmlCache [ RunTime:0.002084s ]
INFO: [ app_begin ] --END-- [ RunTime:0.003705s ]
INFO: [ view_parse ] --START--
INFO: [ template_filter ] --START--
INFO: Run Behavior\ContentReplace [ RunTime:0.000134s ]
INFO: [ template_filter ] --END-- [ RunTime:0.000432s ]
INFO: Run Behavior\ParseTemplate [ RunTime:0.023786s ]
INFO: [ view_parse ] --END-- [ RunTime:0.024021s ]
INFO: [ view_filter ] --START--
INFO: Run Behavior\WriteHtmlCache [ RunTime:0.000737s ]
INFO: [ view_filter ] --END-- [ RunTime:0.000850s ]
INFO: [ app_end ] --START--
INFO: Run Behavior\ShowPageTrace [ RunTime:0.002008s ]
INFO: [ app_end ] --END-- [ RunTime:0.002166s ]

[ 2016-08-23T11:04:05+08:00 ] 127.0.0.1 /tp/admin/index
INFO: [ app_begin ] --START--
INFO: Run Behavior\ReadHtmlCache [ RunTime:0.001552s ]
INFO: [ app_begin ] --END-- [ RunTime:0.002457s ]
INFO: [ view_parse ] --START--
INFO: [ template_filter ] --START--
INFO: Run Behavior\ContentReplace [ RunTime:0.000135s ]
INFO: [ template_filter ] --END-- [ RunTime:0.000300s ]
INFO: Run Behavior\ParseTemplate [ RunTime:0.016950s ]
INFO: [ view_parse ] --END-- [ RunTime:0.017094s ]
INFO: [ view_filter ] --START--
INFO: Run Behavior\WriteHtmlCache [ RunTime:0.000604s ]
INFO: [ view_filter ] --END-- [ RunTime:0.000675s ]
INFO: [ app_end ] --START--
INFO: Run Behavior\ShowPageTrace [ RunTime:0.001833s ]
INFO: [ app_end ] --END-- [ RunTime:0.001958s ]

[ 2016-08-23T11:04:05+08:00 ] 127.0.0.1 /tp/admin/index_v148b2.html?v=4.0
INFO: [ app_begin ] --START--
INFO: Run Behavior\ReadHtmlCache [ RunTime:0.002013s ]
INFO: [ app_begin ] --END-- [ RunTime:0.003034s ]
ERR: 无法加载控制器:Index_v148b2

[ 2016-08-23T11:04:05+08:00 ] 127.0.0.1 /tp/admin/index
INFO: [ app_begin ] --START--
INFO: Run Behavior\ReadHtmlCache [ RunTime:0.000993s ]
INFO: [ app_begin ] --END-- [ RunTime:0.001778s ]
INFO: [ view_parse ] --START--
INFO: [ template_filter ] --START--
INFO: Run Behavior\ContentReplace [ RunTime:0.000131s ]
INFO: [ template_filter ] --END-- [ RunTime:0.000436s ]
INFO: Run Behavior\ParseTemplate [ RunTime:0.016517s ]
INFO: [ view_parse ] --END-- [ RunTime:0.016673s ]
INFO: [ view_filter ] --START--
INFO: Run Behavior\WriteHtmlCache [ RunTime:0.000947s ]
INFO: [ view_filter ] --END-- [ RunTime:0.001081s ]
INFO: [ app_end ] --START--
INFO: Run Behavior\ShowPageTrace [ RunTime:0.002084s ]
INFO: [ app_end ] --END-- [ RunTime:0.002835s ]

[ 2016-08-23T11:04:05+08:00 ] 127.0.0.1 /tp/admin/index_v148b2.html?v=4.0
INFO: [ app_begin ] --START--
INFO: Run Behavior\ReadHtmlCache [ RunTime:0.002595s ]
INFO: [ app_begin ] --END-- [ RunTime:0.003582s ]
ERR: 无法加载控制器:Index_v148b2

[ 2016-08-23T11:48:27+08:00 ] 127.0.0.1 /tp/admin/index/index_v1
INFO: [ app_begin ] --START--
INFO: Run Behavior\ReadHtmlCache [ RunTime:0.000906s ]
INFO: [ app_begin ] --END-- [ RunTime:0.001402s ]
INFO: [ view_parse ] --START--
INFO: [ template_filter ] --START--
INFO: Run Behavior\ContentReplace [ RunTime:0.000126s ]
INFO: [ template_filter ] --END-- [ RunTime:0.000239s ]
NOTIC: [8] Undefined variable: keywords E:\development tool\PHPstudy\phpStudy\WWW\tp\Frank\Runtime\Cache\Admin\7b961efd2e62831c0f21f2542fa72594.php 第 50 行.
NOTIC: [8] Undefined variable: v E:\development tool\PHPstudy\phpStudy\WWW\tp\Frank\Runtime\Cache\Admin\7b961efd2e62831c0f21f2542fa72594.php 第 83 行.
NOTIC: [8] Undefined variable: v E:\development tool\PHPstudy\phpStudy\WWW\tp\Frank\Runtime\Cache\Admin\7b961efd2e62831c0f21f2542fa72594.php 第 84 行.
NOTIC: [8] Undefined variable: v E:\development tool\PHPstudy\phpStudy\WWW\tp\Frank\Runtime\Cache\Admin\7b961efd2e62831c0f21f2542fa72594.php 第 85 行.
NOTIC: [8] Undefined variable: v E:\development tool\PHPstudy\phpStudy\WWW\tp\Frank\Runtime\Cache\Admin\7b961efd2e62831c0f21f2542fa72594.php 第 86 行.
NOTIC: [8] Undefined variable: v E:\development tool\PHPstudy\phpStudy\WWW\tp\Frank\Runtime\Cache\Admin\7b961efd2e62831c0f21f2542fa72594.php 第 90 行.
NOTIC: [8] Undefined variable: v E:\development tool\PHPstudy\phpStudy\WWW\tp\Frank\Runtime\Cache\Admin\7b961efd2e62831c0f21f2542fa72594.php 第 101 行.
NOTIC: [8] Undefined variable: v E:\development tool\PHPstudy\phpStudy\WWW\tp\Frank\Runtime\Cache\Admin\7b961efd2e62831c0f21f2542fa72594.php 第 106 行.
NOTIC: [8] Undefined variable: page E:\development tool\PHPstudy\phpStudy\WWW\tp\Frank\Runtime\Cache\Admin\7b961efd2e62831c0f21f2542fa72594.php 第 120 行.
INFO: Run Behavior\ParseTemplate [ RunTime:0.082631s ]
INFO: [ view_parse ] --END-- [ RunTime:0.082759s ]
INFO: [ view_filter ] --START--
INFO: Run Behavior\WriteHtmlCache [ RunTime:0.000849s ]
INFO: [ view_filter ] --END-- [ RunTime:0.000943s ]
INFO: [ app_end ] --START--
INFO: Run Behavior\ShowPageTrace [ RunTime:0.001191s ]
INFO: [ app_end ] --END-- [ RunTime:0.001305s ]

[ 2016-08-23T11:48:27+08:00 ] 127.0.0.1 /tp/admin/index/%7Becho%20tplgetimg($v['cover']);%7D
INFO: [ app_begin ] --START--
INFO: Run Behavior\ReadHtmlCache [ RunTime:0.001190s ]
INFO: [ app_begin ] --END-- [ RunTime:0.001834s ]
ERR: 非法操作:{echo tplgetimg($v['cover']);}

[ 2016-08-23T11:48:29+08:00 ] 127.0.0.1 /tp/index.php/Admin/Index/table.html
INFO: [ app_begin ] --START--
INFO: Run Behavior\ReadHtmlCache [ RunTime:0.001596s ]
INFO: [ app_begin ] --END-- [ RunTime:0.002398s ]
SQL: SHOW COLUMNS FROM `think_frank` [ RunTime:0.003617s ]
SQL: SELECT * FROM `think_frank`  [ RunTime:0.000323s ]
SQL: SHOW COLUMNS FROM `think_frank` [ RunTime:0.003868s ]
SQL: SELECT * FROM `think_frank` LIMIT 1   [ RunTime:0.000291s ]
INFO: [ view_parse ] --START--
INFO: [ template_filter ] --START--
INFO: Run Behavior\ContentReplace [ RunTime:0.000069s ]
INFO: [ template_filter ] --END-- [ RunTime:0.000139s ]
NOTIC: [8] Use of undefined constant table - assumed 'table' E:\development tool\PHPstudy\phpStudy\WWW\tp\Frank\Runtime\Cache\Admin\dfc62204f336d4a0243aef3e3d5b127f.php 第 175 行.
NOTIC: [8] Use of undefined constant table - assumed 'table' E:\development tool\PHPstudy\phpStudy\WWW\tp\Frank\Runtime\Cache\Admin\dfc62204f336d4a0243aef3e3d5b127f.php 第 193 行.
NOTIC: [8] Use of undefined constant table - assumed 'table' E:\development tool\PHPstudy\phpStudy\WWW\tp\Frank\Runtime\Cache\Admin\dfc62204f336d4a0243aef3e3d5b127f.php 第 210 行.
INFO: Run Behavior\ParseTemplate [ RunTime:0.113519s ]
INFO: [ view_parse ] --END-- [ RunTime:0.113588s ]
INFO: [ view_filter ] --START--
INFO: Run Behavior\WriteHtmlCache [ RunTime:0.000521s ]
INFO: [ view_filter ] --END-- [ RunTime:0.000581s ]
INFO: [ app_end ] --START--
INFO: Run Behavior\ShowPageTrace [ RunTime:0.001029s ]
INFO: [ app_end ] --END-- [ RunTime:0.001150s ]

