[ 2016-03-01T14:32:17+08:00 ] 127.0.0.1 /tp/
INFO: [ app_begin ] --START--
INFO: Run Behavior\ReadHtmlCache [ RunTime:0.001216s ]
INFO: [ app_begin ] --END-- [ RunTime:0.002219s ]
INFO: [ app_end ] --START--
INFO: Run Behavior\ShowPageTrace [ RunTime:0.001438s ]
INFO: [ app_end ] --END-- [ RunTime:0.001523s ]

[ 2016-03-01T14:32:42+08:00 ] 127.0.0.1 /tp/admin
INFO: [ app_begin ] --START--
INFO: Run Behavior\ReadHtmlCache [ RunTime:0.000695s ]
INFO: [ app_begin ] --END-- [ RunTime:0.001189s ]
INFO: [ app_end ] --START--
INFO: Run Behavior\ShowPageTrace [ RunTime:0.000621s ]
INFO: [ app_end ] --END-- [ RunTime:0.000676s ]

[ 2016-03-01T14:32:43+08:00 ] 127.0.0.1 /tp/admin
INFO: [ app_begin ] --START--
INFO: Run Behavior\ReadHtmlCache [ RunTime:0.000579s ]
INFO: [ app_begin ] --END-- [ RunTime:0.001279s ]
INFO: [ app_end ] --START--
INFO: Run Behavior\ShowPageTrace [ RunTime:0.000611s ]
INFO: [ app_end ] --END-- [ RunTime:0.000679s ]

[ 2016-03-01T14:34:29+08:00 ] 127.0.0.1 /tp/Cant
INFO: [ app_begin ] --START--
INFO: Run Behavior\ReadHtmlCache [ RunTime:0.001399s ]
INFO: [ app_begin ] --END-- [ RunTime:0.002674s ]
ERR: 无法加载控制器:Index

[ 2016-03-01T14:35:07+08:00 ] 127.0.0.1 /tp/Cant
INFO: [ app_begin ] --START--
INFO: Run Behavior\ReadHtmlCache [ RunTime:0.000557s ]
INFO: [ app_begin ] --END-- [ RunTime:0.001044s ]
ERR: 无法加载控制器:Index

[ 2016-03-01T14:35:09+08:00 ] 127.0.0.1 /tp/Cant
INFO: [ app_begin ] --START--
INFO: Run Behavior\ReadHtmlCache [ RunTime:0.000663s ]
INFO: [ app_begin ] --END-- [ RunTime:0.001185s ]
ERR: 无法加载控制器:Index

[ 2016-03-01T14:35:16+08:00 ] 127.0.0.1 /tp/Cant
INFO: [ app_begin ] --START--
INFO: Run Behavior\ReadHtmlCache [ RunTime:0.000588s ]
INFO: [ app_begin ] --END-- [ RunTime:0.001154s ]
ERR: 无法加载控制器:Index

[ 2016-03-01T14:35:23+08:00 ] 127.0.0.1 /tp/index.php
INFO: [ app_begin ] --START--
INFO: Run Behavior\ReadHtmlCache [ RunTime:0.000669s ]
INFO: [ app_begin ] --END-- [ RunTime:0.001276s ]
INFO: [ app_end ] --START--
INFO: Run Behavior\ShowPageTrace [ RunTime:0.000839s ]
INFO: [ app_end ] --END-- [ RunTime:0.000915s ]

[ 2016-03-01T14:35:30+08:00 ] 127.0.0.1 /tp/index.php/Cant
INFO: [ app_begin ] --START--
INFO: Run Behavior\ReadHtmlCache [ RunTime:0.000606s ]
INFO: [ app_begin ] --END-- [ RunTime:0.001249s ]
ERR: 无法加载控制器:Index

[ 2016-03-01T14:35:59+08:00 ] 127.0.0.1 /tp/index.php/Cant
INFO: [ app_begin ] --START--
INFO: Run Behavior\ReadHtmlCache [ RunTime:0.000732s ]
INFO: [ app_begin ] --END-- [ RunTime:0.001250s ]
ERR: 无法加载控制器:Index

[ 2016-03-01T14:36:02+08:00 ] 127.0.0.1 /tp/
INFO: [ app_begin ] --START--
INFO: Run Behavior\ReadHtmlCache [ RunTime:0.000716s ]
INFO: [ app_begin ] --END-- [ RunTime:0.001581s ]
INFO: [ app_end ] --START--
INFO: Run Behavior\ShowPageTrace [ RunTime:0.000659s ]
INFO: [ app_end ] --END-- [ RunTime:0.000783s ]

[ 2016-03-01T14:36:06+08:00 ] 127.0.0.1 /tp/Cant
INFO: [ app_begin ] --START--
INFO: Run Behavior\ReadHtmlCache [ RunTime:0.000554s ]
INFO: [ app_begin ] --END-- [ RunTime:0.001053s ]
ERR: 无法加载控制器:Index

[ 2016-03-01T14:36:30+08:00 ] 127.0.0.1 /tp/Cant
INFO: [ app_begin ] --START--
INFO: Run Behavior\ReadHtmlCache [ RunTime:0.000966s ]
INFO: [ app_begin ] --END-- [ RunTime:0.001571s ]
ERR: 无法加载控制器:Index

[ 2016-03-01T14:36:31+08:00 ] 127.0.0.1 /tp/Cant
INFO: [ app_begin ] --START--
INFO: Run Behavior\ReadHtmlCache [ RunTime:0.000672s ]
INFO: [ app_begin ] --END-- [ RunTime:0.001245s ]
ERR: 无法加载控制器:Index

[ 2016-03-01T14:36:31+08:00 ] 127.0.0.1 /tp/Cant
INFO: [ app_begin ] --START--
INFO: Run Behavior\ReadHtmlCache [ RunTime:0.000572s ]
INFO: [ app_begin ] --END-- [ RunTime:0.001107s ]
ERR: 无法加载控制器:Index

[ 2016-03-01T14:36:31+08:00 ] 127.0.0.1 /tp/Cant
INFO: [ app_begin ] --START--
INFO: Run Behavior\ReadHtmlCache [ RunTime:0.001513s ]
INFO: [ app_begin ] --END-- [ RunTime:0.002942s ]
ERR: 无法加载控制器:Index

[ 2016-03-01T14:36:53+08:00 ] 127.0.0.1 /tp/index.php/Cant/
INFO: [ app_begin ] --START--
INFO: Run Behavior\ReadHtmlCache [ RunTime:0.000726s ]
INFO: [ app_begin ] --END-- [ RunTime:0.005539s ]
ERR: 无法加载控制器:Index

[ 2016-03-01T14:36:58+08:00 ] 127.0.0.1 /tp/index.php/Admin/
INFO: [ app_begin ] --START--
INFO: Run Behavior\ReadHtmlCache [ RunTime:0.000636s ]
INFO: [ app_begin ] --END-- [ RunTime:0.001252s ]
INFO: [ app_end ] --START--
INFO: Run Behavior\ShowPageTrace [ RunTime:0.000593s ]
INFO: [ app_end ] --END-- [ RunTime:0.000663s ]

[ 2016-03-01T14:37:55+08:00 ] 127.0.0.1 /tp/
INFO: [ app_begin ] --START--
INFO: Run Behavior\ReadHtmlCache [ RunTime:0.001942s ]
INFO: [ app_begin ] --END-- [ RunTime:0.002699s ]
INFO: [ app_end ] --START--
INFO: Run Behavior\ShowPageTrace [ RunTime:0.000780s ]
INFO: [ app_end ] --END-- [ RunTime:0.000855s ]

[ 2016-03-01T14:38:00+08:00 ] 127.0.0.1 /tp/Cant
INFO: [ app_begin ] --START--
INFO: Run Behavior\ReadHtmlCache [ RunTime:0.000786s ]
INFO: [ app_begin ] --END-- [ RunTime:0.001417s ]
INFO: [ app_end ] --START--
INFO: Run Behavior\ShowPageTrace [ RunTime:0.000652s ]
INFO: [ app_end ] --END-- [ RunTime:0.000725s ]

[ 2016-03-01T14:44:16+08:00 ] 127.0.0.1 /tp/Cant/conversation
INFO: [ app_begin ] --START--
INFO: Run Behavior\ReadHtmlCache [ RunTime:0.000712s ]
INFO: [ app_begin ] --END-- [ RunTime:0.001313s ]
ERR: 无法加载控制器:Conversation

[ 2016-03-01T14:44:25+08:00 ] 127.0.0.1 /tp/Cant/index/conversation
INFO: [ app_begin ] --START--
INFO: Run Behavior\ReadHtmlCache [ RunTime:0.000758s ]
INFO: [ app_begin ] --END-- [ RunTime:0.001386s ]
NOTIC: [8] Use of undefined constant xiong - assumed 'xiong' D:\PHPst\phpStudy\WWW\tp\Frank\Cant\Controller\IndexController.class.php 第 10 行.
INFO: [ app_end ] --START--
INFO: Run Behavior\ShowPageTrace [ RunTime:0.000785s ]
INFO: [ app_end ] --END-- [ RunTime:0.000846s ]

