[ 2016-06-15T21:59:23+08:00 ] 127.0.0.1 /tp/
INFO: [ app_begin ] --START--
INFO: Run Behavior\ReadHtmlCache [ RunTime:0.024216s ]
INFO: [ app_begin ] --END-- [ RunTime:0.041553s ]
INFO: [ app_end ] --START--
INFO: Run Behavior\ShowPageTrace [ RunTime:0.024246s ]
INFO: [ app_end ] --END-- [ RunTime:0.024378s ]

[ 2016-06-15T22:00:31+08:00 ] 127.0.0.1 /tp/
INFO: [ app_begin ] --START--
INFO: Run Behavior\ReadHtmlCache [ RunTime:0.000672s ]
INFO: [ app_begin ] --END-- [ RunTime:0.001242s ]
INFO: [ app_end ] --START--
INFO: Run Behavior\ShowPageTrace [ RunTime:0.000763s ]
INFO: [ app_end ] --END-- [ RunTime:0.000872s ]

[ 2016-06-15T22:02:03+08:00 ] 127.0.0.1 /tp/
INFO: [ app_begin ] --START--
INFO: Run Behavior\ReadHtmlCache [ RunTime:0.000694s ]
INFO: [ app_begin ] --END-- [ RunTime:0.001176s ]
INFO: [ app_end ] --START--
INFO: Run Behavior\ShowPageTrace [ RunTime:0.000852s ]
INFO: [ app_end ] --END-- [ RunTime:0.000951s ]

[ 2016-06-15T22:02:07+08:00 ] 127.0.0.1 /tp/
INFO: [ app_begin ] --START--
INFO: Run Behavior\ReadHtmlCache [ RunTime:0.001072s ]
INFO: [ app_begin ] --END-- [ RunTime:0.002044s ]
INFO: [ app_end ] --START--
INFO: Run Behavior\ShowPageTrace [ RunTime:0.000817s ]
INFO: [ app_end ] --END-- [ RunTime:0.000951s ]

[ 2016-06-15T22:02:07+08:00 ] 127.0.0.1 /tp/
INFO: [ app_begin ] --START--
INFO: Run Behavior\ReadHtmlCache [ RunTime:0.000454s ]
INFO: [ app_begin ] --END-- [ RunTime:0.000831s ]
INFO: [ app_end ] --START--
INFO: Run Behavior\ShowPageTrace [ RunTime:0.000634s ]
INFO: [ app_end ] --END-- [ RunTime:0.000709s ]

[ 2016-06-15T22:02:08+08:00 ] 127.0.0.1 /tp/
INFO: [ app_begin ] --START--
INFO: Run Behavior\ReadHtmlCache [ RunTime:0.000737s ]
INFO: [ app_begin ] --END-- [ RunTime:0.001243s ]
INFO: [ app_end ] --START--
INFO: Run Behavior\ShowPageTrace [ RunTime:0.001272s ]
INFO: [ app_end ] --END-- [ RunTime:0.001489s ]

[ 2016-06-15T22:02:08+08:00 ] 127.0.0.1 /tp/
INFO: [ app_begin ] --START--
INFO: Run Behavior\ReadHtmlCache [ RunTime:0.000992s ]
INFO: [ app_begin ] --END-- [ RunTime:0.001728s ]
INFO: [ app_end ] --START--
INFO: Run Behavior\ShowPageTrace [ RunTime:0.001091s ]
INFO: [ app_end ] --END-- [ RunTime:0.001276s ]

[ 2016-06-15T22:02:25+08:00 ] 127.0.0.1 /tp/
INFO: [ app_begin ] --START--
INFO: Run Behavior\ReadHtmlCache [ RunTime:0.000688s ]
INFO: [ app_begin ] --END-- [ RunTime:0.001204s ]
INFO: [ app_end ] --START--
INFO: Run Behavior\ShowPageTrace [ RunTime:0.000699s ]
INFO: [ app_end ] --END-- [ RunTime:0.000798s ]

[ 2016-06-15T22:02:26+08:00 ] 127.0.0.1 /tp/
INFO: [ app_begin ] --START--
INFO: Run Behavior\ReadHtmlCache [ RunTime:0.000869s ]
INFO: [ app_begin ] --END-- [ RunTime:0.001526s ]
INFO: [ app_end ] --START--
INFO: Run Behavior\ShowPageTrace [ RunTime:0.000969s ]
INFO: [ app_end ] --END-- [ RunTime:0.001098s ]

[ 2016-06-15T22:02:26+08:00 ] 127.0.0.1 /tp/
INFO: [ app_begin ] --START--
INFO: Run Behavior\ReadHtmlCache [ RunTime:0.000851s ]
INFO: [ app_begin ] --END-- [ RunTime:0.001512s ]
INFO: [ app_end ] --START--
INFO: Run Behavior\ShowPageTrace [ RunTime:0.000897s ]
INFO: [ app_end ] --END-- [ RunTime:0.001016s ]

[ 2016-06-15T22:02:26+08:00 ] 127.0.0.1 /tp/
INFO: [ app_begin ] --START--
INFO: Run Behavior\ReadHtmlCache [ RunTime:0.001091s ]
INFO: [ app_begin ] --END-- [ RunTime:0.002268s ]
INFO: [ app_end ] --START--
INFO: Run Behavior\ShowPageTrace [ RunTime:0.000797s ]
INFO: [ app_end ] --END-- [ RunTime:0.000903s ]

[ 2016-06-15T22:02:26+08:00 ] 127.0.0.1 /tp/
INFO: [ app_begin ] --START--
INFO: Run Behavior\ReadHtmlCache [ RunTime:0.000770s ]
INFO: [ app_begin ] --END-- [ RunTime:0.001260s ]
INFO: [ app_end ] --START--
INFO: Run Behavior\ShowPageTrace [ RunTime:0.000641s ]
INFO: [ app_end ] --END-- [ RunTime:0.000743s ]

[ 2016-06-15T22:02:26+08:00 ] 127.0.0.1 /tp/
INFO: [ app_begin ] --START--
INFO: Run Behavior\ReadHtmlCache [ RunTime:0.000507s ]
INFO: [ app_begin ] --END-- [ RunTime:0.000991s ]
INFO: [ app_end ] --START--
INFO: Run Behavior\ShowPageTrace [ RunTime:0.000743s ]
INFO: [ app_end ] --END-- [ RunTime:0.000846s ]

[ 2016-06-15T22:02:26+08:00 ] 127.0.0.1 /tp/
INFO: [ app_begin ] --START--
INFO: Run Behavior\ReadHtmlCache [ RunTime:0.000489s ]
INFO: [ app_begin ] --END-- [ RunTime:0.000868s ]
INFO: [ app_end ] --START--
INFO: Run Behavior\ShowPageTrace [ RunTime:0.001085s ]
INFO: [ app_end ] --END-- [ RunTime:0.001384s ]

[ 2016-06-15T22:02:26+08:00 ] 127.0.0.1 /tp/
INFO: [ app_begin ] --START--
INFO: Run Behavior\ReadHtmlCache [ RunTime:0.000588s ]
INFO: [ app_begin ] --END-- [ RunTime:0.001723s ]
INFO: [ app_end ] --START--
INFO: Run Behavior\ShowPageTrace [ RunTime:0.000534s ]
INFO: [ app_end ] --END-- [ RunTime:0.000612s ]

[ 2016-06-15T22:02:26+08:00 ] 127.0.0.1 /tp/
INFO: [ app_begin ] --START--
INFO: Run Behavior\ReadHtmlCache [ RunTime:0.000505s ]
INFO: [ app_begin ] --END-- [ RunTime:0.000873s ]
INFO: [ app_end ] --START--
INFO: Run Behavior\ShowPageTrace [ RunTime:0.000518s ]
INFO: [ app_end ] --END-- [ RunTime:0.000595s ]

[ 2016-06-15T22:02:26+08:00 ] 127.0.0.1 /tp/
INFO: [ app_begin ] --START--
INFO: Run Behavior\ReadHtmlCache [ RunTime:0.000533s ]
INFO: [ app_begin ] --END-- [ RunTime:0.000919s ]
INFO: [ app_end ] --START--
INFO: Run Behavior\ShowPageTrace [ RunTime:0.000538s ]
INFO: [ app_end ] --END-- [ RunTime:0.000625s ]

[ 2016-06-15T22:02:26+08:00 ] 127.0.0.1 /tp/
INFO: [ app_begin ] --START--
INFO: Run Behavior\ReadHtmlCache [ RunTime:0.000960s ]
INFO: [ app_begin ] --END-- [ RunTime:0.001538s ]
INFO: [ app_end ] --START--
INFO: Run Behavior\ShowPageTrace [ RunTime:0.000527s ]
INFO: [ app_end ] --END-- [ RunTime:0.000605s ]

[ 2016-06-15T22:02:26+08:00 ] 127.0.0.1 /tp/
INFO: [ app_begin ] --START--
INFO: Run Behavior\ReadHtmlCache [ RunTime:0.000459s ]
INFO: [ app_begin ] --END-- [ RunTime:0.000957s ]
INFO: [ app_end ] --START--
INFO: Run Behavior\ShowPageTrace [ RunTime:0.000611s ]
INFO: [ app_end ] --END-- [ RunTime:0.000691s ]

[ 2016-06-15T22:02:26+08:00 ] 127.0.0.1 /tp/
INFO: [ app_begin ] --START--
INFO: Run Behavior\ReadHtmlCache [ RunTime:0.000492s ]
INFO: [ app_begin ] --END-- [ RunTime:0.000870s ]
INFO: [ app_end ] --START--
INFO: Run Behavior\ShowPageTrace [ RunTime:0.000561s ]
INFO: [ app_end ] --END-- [ RunTime:0.000639s ]

[ 2016-06-15T22:02:26+08:00 ] 127.0.0.1 /tp/
INFO: [ app_begin ] --START--
INFO: Run Behavior\ReadHtmlCache [ RunTime:0.000484s ]
INFO: [ app_begin ] --END-- [ RunTime:0.000861s ]
INFO: [ app_end ] --START--
INFO: Run Behavior\ShowPageTrace [ RunTime:0.000532s ]
INFO: [ app_end ] --END-- [ RunTime:0.000610s ]

[ 2016-06-15T22:02:26+08:00 ] 127.0.0.1 /tp/
INFO: [ app_begin ] --START--
INFO: Run Behavior\ReadHtmlCache [ RunTime:0.000609s ]
INFO: [ app_begin ] --END-- [ RunTime:0.001636s ]
INFO: [ app_end ] --START--
INFO: Run Behavior\ShowPageTrace [ RunTime:0.000550s ]
INFO: [ app_end ] --END-- [ RunTime:0.000628s ]

[ 2016-06-15T22:02:26+08:00 ] 127.0.0.1 /tp/
INFO: [ app_begin ] --START--
INFO: Run Behavior\ReadHtmlCache [ RunTime:0.000484s ]
INFO: [ app_begin ] --END-- [ RunTime:0.000886s ]
INFO: [ app_end ] --START--
INFO: Run Behavior\ShowPageTrace [ RunTime:0.000546s ]
INFO: [ app_end ] --END-- [ RunTime:0.000625s ]

[ 2016-06-15T22:03:04+08:00 ] 127.0.0.1 /tp/
INFO: [ app_begin ] --START--
INFO: Run Behavior\ReadHtmlCache [ RunTime:0.001309s ]
INFO: [ app_begin ] --END-- [ RunTime:0.001743s ]
INFO: [ app_end ] --START--
INFO: Run Behavior\ShowPageTrace [ RunTime:0.000930s ]
INFO: [ app_end ] --END-- [ RunTime:0.001100s ]

[ 2016-06-15T22:03:18+08:00 ] 127.0.0.1 /tp/
INFO: [ app_begin ] --START--
INFO: Run Behavior\ReadHtmlCache [ RunTime:0.001099s ]
INFO: [ app_begin ] --END-- [ RunTime:0.002068s ]
INFO: [ app_end ] --START--
INFO: Run Behavior\ShowPageTrace [ RunTime:0.000909s ]
INFO: [ app_end ] --END-- [ RunTime:0.001038s ]

[ 2016-06-15T22:03:19+08:00 ] 127.0.0.1 /tp/
INFO: [ app_begin ] --START--
INFO: Run Behavior\ReadHtmlCache [ RunTime:0.000656s ]
INFO: [ app_begin ] --END-- [ RunTime:0.001912s ]
INFO: [ app_end ] --START--
INFO: Run Behavior\ShowPageTrace [ RunTime:0.000695s ]
INFO: [ app_end ] --END-- [ RunTime:0.000793s ]

[ 2016-06-15T22:03:39+08:00 ] 127.0.0.1 /tp/
INFO: [ app_begin ] --START--
INFO: Run Behavior\ReadHtmlCache [ RunTime:0.000731s ]
INFO: [ app_begin ] --END-- [ RunTime:0.001354s ]

[ 2016-06-15T22:04:13+08:00 ] 127.0.0.1 /tp/
INFO: [ app_begin ] --START--
INFO: Run Behavior\ReadHtmlCache [ RunTime:0.000656s ]
INFO: [ app_begin ] --END-- [ RunTime:0.001145s ]
INFO: [ app_end ] --START--
INFO: Run Behavior\ShowPageTrace [ RunTime:0.000732s ]
INFO: [ app_end ] --END-- [ RunTime:0.000835s ]

[ 2016-06-15T22:04:19+08:00 ] 127.0.0.1 /tp/
INFO: [ app_begin ] --START--
INFO: Run Behavior\ReadHtmlCache [ RunTime:0.001791s ]
INFO: [ app_begin ] --END-- [ RunTime:0.002502s ]
INFO: [ app_end ] --START--
INFO: Run Behavior\ShowPageTrace [ RunTime:0.000622s ]
INFO: [ app_end ] --END-- [ RunTime:0.000695s ]

[ 2016-06-15T22:04:28+08:00 ] 127.0.0.1 /tp/
INFO: [ app_begin ] --START--
INFO: Run Behavior\ReadHtmlCache [ RunTime:0.000750s ]
INFO: [ app_begin ] --END-- [ RunTime:0.001264s ]
NOTIC: [8] Use of undefined constant 熊建新 - assumed '熊建新' E:\development tool\PHPstudy\phpStudy\WWW\tp\Frank\Home\Controller\IndexController.class.php 第 11 行.
INFO: [ app_end ] --START--
INFO: Run Behavior\ShowPageTrace [ RunTime:0.000748s ]
INFO: [ app_end ] --END-- [ RunTime:0.000832s ]

[ 2016-06-15T22:04:29+08:00 ] 127.0.0.1 /tp/
INFO: [ app_begin ] --START--
INFO: Run Behavior\ReadHtmlCache [ RunTime:0.002350s ]
INFO: [ app_begin ] --END-- [ RunTime:0.003214s ]
NOTIC: [8] Use of undefined constant 熊建新 - assumed '熊建新' E:\development tool\PHPstudy\phpStudy\WWW\tp\Frank\Home\Controller\IndexController.class.php 第 11 行.
INFO: [ app_end ] --START--
INFO: Run Behavior\ShowPageTrace [ RunTime:0.001480s ]
INFO: [ app_end ] --END-- [ RunTime:0.001689s ]

[ 2016-06-15T22:04:38+08:00 ] 127.0.0.1 /tp/
INFO: [ app_begin ] --START--
INFO: Run Behavior\ReadHtmlCache [ RunTime:0.000803s ]
INFO: [ app_begin ] --END-- [ RunTime:0.001427s ]
NOTIC: [8] Use of undefined constant 熊建新 - assumed '熊建新' E:\development tool\PHPstudy\phpStudy\WWW\tp\Frank\Home\Controller\IndexController.class.php 第 11 行.
INFO: [ app_end ] --START--
INFO: Run Behavior\ShowPageTrace [ RunTime:0.000688s ]
INFO: [ app_end ] --END-- [ RunTime:0.000779s ]

[ 2016-06-15T22:04:38+08:00 ] 127.0.0.1 /tp/
INFO: [ app_begin ] --START--
INFO: Run Behavior\ReadHtmlCache [ RunTime:0.000624s ]
INFO: [ app_begin ] --END-- [ RunTime:0.001092s ]
NOTIC: [8] Use of undefined constant 熊建新 - assumed '熊建新' E:\development tool\PHPstudy\phpStudy\WWW\tp\Frank\Home\Controller\IndexController.class.php 第 11 行.
INFO: [ app_end ] --START--
INFO: Run Behavior\ShowPageTrace [ RunTime:0.000752s ]
INFO: [ app_end ] --END-- [ RunTime:0.000842s ]

[ 2016-06-15T22:05:01+08:00 ] 127.0.0.1 /tp/
INFO: [ app_begin ] --START--
INFO: Run Behavior\ReadHtmlCache [ RunTime:0.000773s ]
INFO: [ app_begin ] --END-- [ RunTime:0.001379s ]
INFO: [ app_end ] --START--
INFO: Run Behavior\ShowPageTrace [ RunTime:0.000850s ]
INFO: [ app_end ] --END-- [ RunTime:0.000964s ]

[ 2016-06-15T22:05:09+08:00 ] 127.0.0.1 /tp/
INFO: [ app_begin ] --START--
INFO: Run Behavior\ReadHtmlCache [ RunTime:0.000757s ]
INFO: [ app_begin ] --END-- [ RunTime:0.001454s ]
INFO: [ app_end ] --START--
INFO: Run Behavior\ShowPageTrace [ RunTime:0.000778s ]
INFO: [ app_end ] --END-- [ RunTime:0.000899s ]

[ 2016-06-15T22:05:34+08:00 ] 127.0.0.1 /tp/
INFO: [ app_begin ] --START--
INFO: Run Behavior\ReadHtmlCache [ RunTime:0.000559s ]
INFO: [ app_begin ] --END-- [ RunTime:0.000939s ]
INFO: [ app_end ] --START--
INFO: Run Behavior\ShowPageTrace [ RunTime:0.000573s ]
INFO: [ app_end ] --END-- [ RunTime:0.000680s ]

[ 2016-06-15T22:05:34+08:00 ] 127.0.0.1 /tp/
INFO: [ app_begin ] --START--
INFO: Run Behavior\ReadHtmlCache [ RunTime:0.000672s ]
INFO: [ app_begin ] --END-- [ RunTime:0.001170s ]
INFO: [ app_end ] --START--
INFO: Run Behavior\ShowPageTrace [ RunTime:0.000715s ]
INFO: [ app_end ] --END-- [ RunTime:0.000821s ]

[ 2016-06-15T22:05:50+08:00 ] 127.0.0.1 /tp/
INFO: [ app_begin ] --START--
INFO: Run Behavior\ReadHtmlCache [ RunTime:0.000738s ]
INFO: [ app_begin ] --END-- [ RunTime:0.001235s ]
NOTIC: [8] Use of undefined constant qqq - assumed 'qqq' E:\development tool\PHPstudy\phpStudy\WWW\tp\Frank\Home\Controller\IndexController.class.php 第 11 行.
INFO: [ app_end ] --START--
INFO: Run Behavior\ShowPageTrace [ RunTime:0.000722s ]
INFO: [ app_end ] --END-- [ RunTime:0.000817s ]

[ 2016-06-15T22:05:50+08:00 ] 127.0.0.1 /tp/
INFO: [ app_begin ] --START--
INFO: Run Behavior\ReadHtmlCache [ RunTime:0.000508s ]
INFO: [ app_begin ] --END-- [ RunTime:0.000887s ]
NOTIC: [8] Use of undefined constant qqq - assumed 'qqq' E:\development tool\PHPstudy\phpStudy\WWW\tp\Frank\Home\Controller\IndexController.class.php 第 11 行.
INFO: [ app_end ] --START--
INFO: Run Behavior\ShowPageTrace [ RunTime:0.000511s ]
INFO: [ app_end ] --END-- [ RunTime:0.000589s ]

[ 2016-06-15T22:06:13+08:00 ] 127.0.0.1 /tp/
INFO: [ app_begin ] --START--
INFO: Run Behavior\ReadHtmlCache [ RunTime:0.000817s ]
INFO: [ app_begin ] --END-- [ RunTime:0.001497s ]
NOTIC: [8] Use of undefined constant qqq - assumed 'qqq' E:\development tool\PHPstudy\phpStudy\WWW\tp\Frank\Home\Controller\IndexController.class.php 第 11 行.
INFO: [ app_end ] --START--
INFO: Run Behavior\ShowPageTrace [ RunTime:0.000991s ]
INFO: [ app_end ] --END-- [ RunTime:0.001088s ]

[ 2016-06-15T22:06:14+08:00 ] 127.0.0.1 /tp/
INFO: [ app_begin ] --START--
INFO: Run Behavior\ReadHtmlCache [ RunTime:0.000608s ]
INFO: [ app_begin ] --END-- [ RunTime:0.001077s ]
NOTIC: [8] Use of undefined constant qqq - assumed 'qqq' E:\development tool\PHPstudy\phpStudy\WWW\tp\Frank\Home\Controller\IndexController.class.php 第 11 行.
INFO: [ app_end ] --START--
INFO: Run Behavior\ShowPageTrace [ RunTime:0.000699s ]
INFO: [ app_end ] --END-- [ RunTime:0.000796s ]

[ 2016-06-15T22:06:14+08:00 ] 127.0.0.1 /tp/
INFO: [ app_begin ] --START--
INFO: Run Behavior\ReadHtmlCache [ RunTime:0.000618s ]
INFO: [ app_begin ] --END-- [ RunTime:0.001079s ]
NOTIC: [8] Use of undefined constant qqq - assumed 'qqq' E:\development tool\PHPstudy\phpStudy\WWW\tp\Frank\Home\Controller\IndexController.class.php 第 11 行.
INFO: [ app_end ] --START--
INFO: Run Behavior\ShowPageTrace [ RunTime:0.000806s ]
INFO: [ app_end ] --END-- [ RunTime:0.000920s ]

[ 2016-06-15T22:06:15+08:00 ] 127.0.0.1 /tp/
INFO: [ app_begin ] --START--
INFO: Run Behavior\ReadHtmlCache [ RunTime:0.001604s ]
INFO: [ app_begin ] --END-- [ RunTime:0.002870s ]
NOTIC: [8] Use of undefined constant qqq - assumed 'qqq' E:\development tool\PHPstudy\phpStudy\WWW\tp\Frank\Home\Controller\IndexController.class.php 第 11 行.
INFO: [ app_end ] --START--
INFO: Run Behavior\ShowPageTrace [ RunTime:0.002178s ]
INFO: [ app_end ] --END-- [ RunTime:0.002511s ]

[ 2016-06-15T22:06:20+08:00 ] 127.0.0.1 /tp/
INFO: [ app_begin ] --START--
INFO: Run Behavior\ReadHtmlCache [ RunTime:0.001064s ]
INFO: [ app_begin ] --END-- [ RunTime:0.001976s ]
NOTIC: [8] Use of undefined constant qqq - assumed 'qqq' E:\development tool\PHPstudy\phpStudy\WWW\tp\Frank\Home\Controller\IndexController.class.php 第 11 行.
INFO: [ app_end ] --START--
INFO: Run Behavior\ShowPageTrace [ RunTime:0.001395s ]
INFO: [ app_end ] --END-- [ RunTime:0.001600s ]

[ 2016-06-15T22:06:21+08:00 ] 127.0.0.1 /tp/
INFO: [ app_begin ] --START--
INFO: Run Behavior\ReadHtmlCache [ RunTime:0.003032s ]
INFO: [ app_begin ] --END-- [ RunTime:0.003917s ]
NOTIC: [8] Use of undefined constant qqq - assumed 'qqq' E:\development tool\PHPstudy\phpStudy\WWW\tp\Frank\Home\Controller\IndexController.class.php 第 11 行.
INFO: [ app_end ] --START--
INFO: Run Behavior\ShowPageTrace [ RunTime:0.001844s ]
INFO: [ app_end ] --END-- [ RunTime:0.001976s ]

[ 2016-06-15T22:06:21+08:00 ] 127.0.0.1 /tp/
INFO: [ app_begin ] --START--
INFO: Run Behavior\ReadHtmlCache [ RunTime:0.001174s ]
INFO: [ app_begin ] --END-- [ RunTime:0.002188s ]
NOTIC: [8] Use of undefined constant qqq - assumed 'qqq' E:\development tool\PHPstudy\phpStudy\WWW\tp\Frank\Home\Controller\IndexController.class.php 第 11 行.
INFO: [ app_end ] --START--
INFO: Run Behavior\ShowPageTrace [ RunTime:0.002582s ]
INFO: [ app_end ] --END-- [ RunTime:0.002835s ]

[ 2016-06-15T22:06:21+08:00 ] 127.0.0.1 /tp/
INFO: [ app_begin ] --START--
INFO: Run Behavior\ReadHtmlCache [ RunTime:0.000529s ]
INFO: [ app_begin ] --END-- [ RunTime:0.001018s ]
NOTIC: [8] Use of undefined constant qqq - assumed 'qqq' E:\development tool\PHPstudy\phpStudy\WWW\tp\Frank\Home\Controller\IndexController.class.php 第 11 行.
INFO: [ app_end ] --START--
INFO: Run Behavior\ShowPageTrace [ RunTime:0.001096s ]
INFO: [ app_end ] --END-- [ RunTime:0.001479s ]

[ 2016-06-15T22:06:21+08:00 ] 127.0.0.1 /tp/
INFO: [ app_begin ] --START--
INFO: Run Behavior\ReadHtmlCache [ RunTime:0.000508s ]
INFO: [ app_begin ] --END-- [ RunTime:0.000881s ]
NOTIC: [8] Use of undefined constant qqq - assumed 'qqq' E:\development tool\PHPstudy\phpStudy\WWW\tp\Frank\Home\Controller\IndexController.class.php 第 11 行.
INFO: [ app_end ] --START--
INFO: Run Behavior\ShowPageTrace [ RunTime:0.000499s ]
INFO: [ app_end ] --END-- [ RunTime:0.000565s ]

[ 2016-06-15T22:06:21+08:00 ] 127.0.0.1 /tp/
INFO: [ app_begin ] --START--
INFO: Run Behavior\ReadHtmlCache [ RunTime:0.000567s ]
INFO: [ app_begin ] --END-- [ RunTime:0.000959s ]
NOTIC: [8] Use of undefined constant qqq - assumed 'qqq' E:\development tool\PHPstudy\phpStudy\WWW\tp\Frank\Home\Controller\IndexController.class.php 第 11 行.
INFO: [ app_end ] --START--
INFO: Run Behavior\ShowPageTrace [ RunTime:0.000532s ]
INFO: [ app_end ] --END-- [ RunTime:0.000603s ]

[ 2016-06-15T22:06:21+08:00 ] 127.0.0.1 /tp/
INFO: [ app_begin ] --START--
INFO: Run Behavior\ReadHtmlCache [ RunTime:0.000501s ]
INFO: [ app_begin ] --END-- [ RunTime:0.000878s ]
NOTIC: [8] Use of undefined constant qqq - assumed 'qqq' E:\development tool\PHPstudy\phpStudy\WWW\tp\Frank\Home\Controller\IndexController.class.php 第 11 行.
INFO: [ app_end ] --START--
INFO: Run Behavior\ShowPageTrace [ RunTime:0.000528s ]
INFO: [ app_end ] --END-- [ RunTime:0.000599s ]

[ 2016-06-15T22:06:59+08:00 ] 127.0.0.1 /tp/
INFO: [ app_begin ] --START--
INFO: Run Behavior\ReadHtmlCache [ RunTime:0.000789s ]
INFO: [ app_begin ] --END-- [ RunTime:0.001396s ]
NOTIC: [8] Use of undefined constant qqq - assumed 'qqq' E:\development tool\PHPstudy\phpStudy\WWW\tp\Frank\Home\Controller\IndexController.class.php 第 11 行.
INFO: [ app_end ] --START--
INFO: Run Behavior\ShowPageTrace [ RunTime:0.000855s ]
INFO: [ app_end ] --END-- [ RunTime:0.000947s ]

[ 2016-06-15T22:06:59+08:00 ] 127.0.0.1 /tp/
INFO: [ app_begin ] --START--
INFO: Run Behavior\ReadHtmlCache [ RunTime:0.000824s ]
INFO: [ app_begin ] --END-- [ RunTime:0.001491s ]
NOTIC: [8] Use of undefined constant qqq - assumed 'qqq' E:\development tool\PHPstudy\phpStudy\WWW\tp\Frank\Home\Controller\IndexController.class.php 第 11 行.
INFO: [ app_end ] --START--
INFO: Run Behavior\ShowPageTrace [ RunTime:0.000914s ]
INFO: [ app_end ] --END-- [ RunTime:0.001027s ]

[ 2016-06-15T22:08:16+08:00 ] 127.0.0.1 /tp/
INFO: [ app_begin ] --START--
INFO: Run Behavior\ReadHtmlCache [ RunTime:0.000471s ]
INFO: [ app_begin ] --END-- [ RunTime:0.000875s ]
NOTIC: [8] Use of undefined constant qqq - assumed 'qqq' E:\development tool\PHPstudy\phpStudy\WWW\tp\Frank\Home\Controller\IndexController.class.php 第 11 行.
INFO: [ app_end ] --START--
INFO: Run Behavior\ShowPageTrace [ RunTime:0.000796s ]
INFO: [ app_end ] --END-- [ RunTime:0.000968s ]

[ 2016-06-15T22:08:17+08:00 ] 127.0.0.1 /tp/
INFO: [ app_begin ] --START--
INFO: Run Behavior\ReadHtmlCache [ RunTime:0.001153s ]
INFO: [ app_begin ] --END-- [ RunTime:0.001977s ]
NOTIC: [8] Use of undefined constant qqq - assumed 'qqq' E:\development tool\PHPstudy\phpStudy\WWW\tp\Frank\Home\Controller\IndexController.class.php 第 11 行.
INFO: [ app_end ] --START--
INFO: Run Behavior\ShowPageTrace [ RunTime:0.000954s ]
INFO: [ app_end ] --END-- [ RunTime:0.001078s ]

[ 2016-06-15T22:08:17+08:00 ] 127.0.0.1 /tp/
INFO: [ app_begin ] --START--
INFO: Run Behavior\ReadHtmlCache [ RunTime:0.000502s ]
INFO: [ app_begin ] --END-- [ RunTime:0.000918s ]
NOTIC: [8] Use of undefined constant qqq - assumed 'qqq' E:\development tool\PHPstudy\phpStudy\WWW\tp\Frank\Home\Controller\IndexController.class.php 第 11 行.
INFO: [ app_end ] --START--
INFO: Run Behavior\ShowPageTrace [ RunTime:0.000541s ]
INFO: [ app_end ] --END-- [ RunTime:0.000625s ]

[ 2016-06-15T22:08:17+08:00 ] 127.0.0.1 /tp/
INFO: [ app_begin ] --START--
INFO: Run Behavior\ReadHtmlCache [ RunTime:0.000843s ]
INFO: [ app_begin ] --END-- [ RunTime:0.001456s ]
NOTIC: [8] Use of undefined constant qqq - assumed 'qqq' E:\development tool\PHPstudy\phpStudy\WWW\tp\Frank\Home\Controller\IndexController.class.php 第 11 行.
INFO: [ app_end ] --START--
INFO: Run Behavior\ShowPageTrace [ RunTime:0.000983s ]
INFO: [ app_end ] --END-- [ RunTime:0.001120s ]

[ 2016-06-15T22:08:40+08:00 ] 127.0.0.1 /tp/
INFO: [ app_begin ] --START--
INFO: Run Behavior\ReadHtmlCache [ RunTime:0.000716s ]
INFO: [ app_begin ] --END-- [ RunTime:0.001257s ]
NOTIC: [8] Use of undefined constant qqq - assumed 'qqq' E:\development tool\PHPstudy\phpStudy\WWW\tp\Frank\Home\Controller\IndexController.class.php 第 11 行.
INFO: [ app_end ] --START--
INFO: Run Behavior\ShowPageTrace [ RunTime:0.000715s ]
INFO: [ app_end ] --END-- [ RunTime:0.000801s ]

[ 2016-06-15T22:08:47+08:00 ] 127.0.0.1 /tp/
INFO: [ app_begin ] --START--
INFO: Run Behavior\ReadHtmlCache [ RunTime:0.000683s ]
INFO: [ app_begin ] --END-- [ RunTime:0.001259s ]
NOTIC: [8] Use of undefined constant qqq - assumed 'qqq' E:\development tool\PHPstudy\phpStudy\WWW\tp\Frank\Home\Controller\IndexController.class.php 第 11 行.
INFO: [ app_end ] --START--
INFO: Run Behavior\ShowPageTrace [ RunTime:0.000775s ]
INFO: [ app_end ] --END-- [ RunTime:0.000894s ]

[ 2016-06-15T22:08:48+08:00 ] 127.0.0.1 /tp/
INFO: [ app_begin ] --START--
INFO: Run Behavior\ReadHtmlCache [ RunTime:0.001101s ]
INFO: [ app_begin ] --END-- [ RunTime:0.001771s ]
NOTIC: [8] Use of undefined constant qqq - assumed 'qqq' E:\development tool\PHPstudy\phpStudy\WWW\tp\Frank\Home\Controller\IndexController.class.php 第 11 行.
INFO: [ app_end ] --START--
INFO: Run Behavior\ShowPageTrace [ RunTime:0.000809s ]
INFO: [ app_end ] --END-- [ RunTime:0.000910s ]

[ 2016-06-15T22:08:48+08:00 ] 127.0.0.1 /tp/
INFO: [ app_begin ] --START--
INFO: Run Behavior\ReadHtmlCache [ RunTime:0.000692s ]
INFO: [ app_begin ] --END-- [ RunTime:0.001208s ]
NOTIC: [8] Use of undefined constant qqq - assumed 'qqq' E:\development tool\PHPstudy\phpStudy\WWW\tp\Frank\Home\Controller\IndexController.class.php 第 11 行.
INFO: [ app_end ] --START--
INFO: Run Behavior\ShowPageTrace [ RunTime:0.000748s ]
INFO: [ app_end ] --END-- [ RunTime:0.000844s ]

[ 2016-06-15T22:14:23+08:00 ] 127.0.0.1 /tp/
INFO: [ app_begin ] --START--
INFO: Run Behavior\ReadHtmlCache [ RunTime:0.000980s ]
INFO: [ app_begin ] --END-- [ RunTime:0.001709s ]
NOTIC: [8] Use of undefined constant qqq - assumed 'qqq' E:\development tool\PHPstudy\phpStudy\WWW\tp\Frank\Home\Controller\IndexController.class.php 第 11 行.
INFO: [ app_end ] --START--
INFO: Run Behavior\ShowPageTrace [ RunTime:0.000731s ]
INFO: [ app_end ] --END-- [ RunTime:0.000838s ]

[ 2016-06-15T22:14:24+08:00 ] 127.0.0.1 /tp/
INFO: [ app_begin ] --START--
INFO: Run Behavior\ReadHtmlCache [ RunTime:0.000750s ]
INFO: [ app_begin ] --END-- [ RunTime:0.001165s ]
NOTIC: [8] Use of undefined constant qqq - assumed 'qqq' E:\development tool\PHPstudy\phpStudy\WWW\tp\Frank\Home\Controller\IndexController.class.php 第 11 行.
INFO: [ app_end ] --START--
INFO: Run Behavior\ShowPageTrace [ RunTime:0.000587s ]
INFO: [ app_end ] --END-- [ RunTime:0.000654s ]

[ 2016-06-15T22:14:24+08:00 ] 127.0.0.1 /tp/
INFO: [ app_begin ] --START--
INFO: Run Behavior\ReadHtmlCache [ RunTime:0.001304s ]
INFO: [ app_begin ] --END-- [ RunTime:0.002642s ]
NOTIC: [8] Use of undefined constant qqq - assumed 'qqq' E:\development tool\PHPstudy\phpStudy\WWW\tp\Frank\Home\Controller\IndexController.class.php 第 11 行.
INFO: [ app_end ] --START--
INFO: Run Behavior\ShowPageTrace [ RunTime:0.001327s ]
INFO: [ app_end ] --END-- [ RunTime:0.001485s ]

[ 2016-06-15T22:15:21+08:00 ] 127.0.0.1 /tp/
INFO: [ app_begin ] --START--
INFO: Run Behavior\ReadHtmlCache [ RunTime:0.000544s ]
INFO: [ app_begin ] --END-- [ RunTime:0.000962s ]
NOTIC: [8] Use of undefined constant qqq - assumed 'qqq' E:\development tool\PHPstudy\phpStudy\WWW\tp\Frank\Home\Controller\IndexController.class.php 第 11 行.
INFO: [ app_end ] --START--
INFO: Run Behavior\ShowPageTrace [ RunTime:0.000666s ]
INFO: [ app_end ] --END-- [ RunTime:0.000766s ]

[ 2016-06-15T22:15:21+08:00 ] 127.0.0.1 /tp/
INFO: [ app_begin ] --START--
INFO: Run Behavior\ReadHtmlCache [ RunTime:0.000581s ]
INFO: [ app_begin ] --END-- [ RunTime:0.001002s ]
NOTIC: [8] Use of undefined constant qqq - assumed 'qqq' E:\development tool\PHPstudy\phpStudy\WWW\tp\Frank\Home\Controller\IndexController.class.php 第 11 行.
INFO: [ app_end ] --START--
INFO: Run Behavior\ShowPageTrace [ RunTime:0.000782s ]
INFO: [ app_end ] --END-- [ RunTime:0.000889s ]

[ 2016-06-15T22:15:32+08:00 ] 127.0.0.1 /tp/
INFO: [ app_begin ] --START--
INFO: Run Behavior\ReadHtmlCache [ RunTime:0.001326s ]
INFO: [ app_begin ] --END-- [ RunTime:0.002338s ]
NOTIC: [8] Use of undefined constant qqq - assumed 'qqq' E:\development tool\PHPstudy\phpStudy\WWW\tp\Frank\Home\Controller\IndexController.class.php 第 11 行.
INFO: [ app_end ] --START--
INFO: Run Behavior\ShowPageTrace [ RunTime:0.001196s ]
INFO: [ app_end ] --END-- [ RunTime:0.001348s ]

[ 2016-06-15T22:15:33+08:00 ] 127.0.0.1 /tp/
INFO: [ app_begin ] --START--
INFO: Run Behavior\ReadHtmlCache [ RunTime:0.001660s ]
INFO: [ app_begin ] --END-- [ RunTime:0.002412s ]
NOTIC: [8] Use of undefined constant qqq - assumed 'qqq' E:\development tool\PHPstudy\phpStudy\WWW\tp\Frank\Home\Controller\IndexController.class.php 第 11 行.
INFO: [ app_end ] --START--
INFO: Run Behavior\ShowPageTrace [ RunTime:0.001611s ]
INFO: [ app_end ] --END-- [ RunTime:0.001778s ]

[ 2016-06-15T22:15:33+08:00 ] 127.0.0.1 /tp/
INFO: [ app_begin ] --START--
INFO: Run Behavior\ReadHtmlCache [ RunTime:0.000591s ]
INFO: [ app_begin ] --END-- [ RunTime:0.001003s ]
NOTIC: [8] Use of undefined constant qqq - assumed 'qqq' E:\development tool\PHPstudy\phpStudy\WWW\tp\Frank\Home\Controller\IndexController.class.php 第 11 行.
INFO: [ app_end ] --START--
INFO: Run Behavior\ShowPageTrace [ RunTime:0.000614s ]
INFO: [ app_end ] --END-- [ RunTime:0.000704s ]

[ 2016-06-15T22:15:34+08:00 ] 127.0.0.1 /tp/
INFO: [ app_begin ] --START--
INFO: Run Behavior\ReadHtmlCache [ RunTime:0.000563s ]
INFO: [ app_begin ] --END-- [ RunTime:0.001005s ]
NOTIC: [8] Use of undefined constant qqq - assumed 'qqq' E:\development tool\PHPstudy\phpStudy\WWW\tp\Frank\Home\Controller\IndexController.class.php 第 11 行.
INFO: [ app_end ] --START--
INFO: Run Behavior\ShowPageTrace [ RunTime:0.000636s ]
INFO: [ app_end ] --END-- [ RunTime:0.000716s ]

[ 2016-06-15T22:15:34+08:00 ] 127.0.0.1 /tp/
INFO: [ app_begin ] --START--
INFO: Run Behavior\ReadHtmlCache [ RunTime:0.000543s ]
INFO: [ app_begin ] --END-- [ RunTime:0.000980s ]
NOTIC: [8] Use of undefined constant qqq - assumed 'qqq' E:\development tool\PHPstudy\phpStudy\WWW\tp\Frank\Home\Controller\IndexController.class.php 第 11 行.
INFO: [ app_end ] --START--
INFO: Run Behavior\ShowPageTrace [ RunTime:0.000480s ]
INFO: [ app_end ] --END-- [ RunTime:0.000553s ]

[ 2016-06-15T22:16:32+08:00 ] 127.0.0.1 /tp/
INFO: [ app_begin ] --START--
INFO: Run Behavior\ReadHtmlCache [ RunTime:0.000828s ]
INFO: [ app_begin ] --END-- [ RunTime:0.001439s ]
NOTIC: [8] Use of undefined constant qqq - assumed 'qqq' E:\development tool\PHPstudy\phpStudy\WWW\tp\Frank\Home\Controller\IndexController.class.php 第 11 行.
INFO: [ app_end ] --START--
INFO: Run Behavior\ShowPageTrace [ RunTime:0.001086s ]
INFO: [ app_end ] --END-- [ RunTime:0.001204s ]

[ 2016-06-15T22:16:33+08:00 ] 127.0.0.1 /tp/
INFO: [ app_begin ] --START--
INFO: Run Behavior\ReadHtmlCache [ RunTime:0.000701s ]
INFO: [ app_begin ] --END-- [ RunTime:0.001246s ]
NOTIC: [8] Use of undefined constant qqq - assumed 'qqq' E:\development tool\PHPstudy\phpStudy\WWW\tp\Frank\Home\Controller\IndexController.class.php 第 11 行.
INFO: [ app_end ] --START--
INFO: Run Behavior\ShowPageTrace [ RunTime:0.001600s ]
INFO: [ app_end ] --END-- [ RunTime:0.002127s ]

[ 2016-06-15T22:16:33+08:00 ] 127.0.0.1 /tp/
INFO: [ app_begin ] --START--
INFO: Run Behavior\ReadHtmlCache [ RunTime:0.000752s ]
INFO: [ app_begin ] --END-- [ RunTime:0.001344s ]
NOTIC: [8] Use of undefined constant qqq - assumed 'qqq' E:\development tool\PHPstudy\phpStudy\WWW\tp\Frank\Home\Controller\IndexController.class.php 第 11 行.
INFO: [ app_end ] --START--
INFO: Run Behavior\ShowPageTrace [ RunTime:0.000809s ]
INFO: [ app_end ] --END-- [ RunTime:0.000917s ]

[ 2016-06-15T22:16:46+08:00 ] 127.0.0.1 /tp/
INFO: [ app_begin ] --START--
INFO: Run Behavior\ReadHtmlCache [ RunTime:0.001105s ]
INFO: [ app_begin ] --END-- [ RunTime:0.002804s ]
NOTIC: [8] Use of undefined constant qqq - assumed 'qqq' E:\development tool\PHPstudy\phpStudy\WWW\tp\Frank\Home\Controller\IndexController.class.php 第 11 行.
INFO: [ app_end ] --START--
INFO: Run Behavior\ShowPageTrace [ RunTime:0.001720s ]
INFO: [ app_end ] --END-- [ RunTime:0.001928s ]

[ 2016-06-15T22:16:46+08:00 ] 127.0.0.1 /tp/
INFO: [ app_begin ] --START--
INFO: Run Behavior\ReadHtmlCache [ RunTime:0.001062s ]
INFO: [ app_begin ] --END-- [ RunTime:0.001683s ]
NOTIC: [8] Use of undefined constant qqq - assumed 'qqq' E:\development tool\PHPstudy\phpStudy\WWW\tp\Frank\Home\Controller\IndexController.class.php 第 11 行.
INFO: [ app_end ] --START--
INFO: Run Behavior\ShowPageTrace [ RunTime:0.000624s ]
INFO: [ app_end ] --END-- [ RunTime:0.000692s ]

[ 2016-06-15T22:16:48+08:00 ] 127.0.0.1 /tp/
INFO: [ app_begin ] --START--
INFO: Run Behavior\ReadHtmlCache [ RunTime:0.001356s ]
INFO: [ app_begin ] --END-- [ RunTime:0.002704s ]
NOTIC: [8] Use of undefined constant qqq - assumed 'qqq' E:\development tool\PHPstudy\phpStudy\WWW\tp\Frank\Home\Controller\IndexController.class.php 第 11 行.
INFO: [ app_end ] --START--
INFO: Run Behavior\ShowPageTrace [ RunTime:0.000763s ]
INFO: [ app_end ] --END-- [ RunTime:0.000855s ]

[ 2016-06-15T22:17:19+08:00 ] 127.0.0.1 /tp/
INFO: [ app_begin ] --START--
INFO: Run Behavior\ReadHtmlCache [ RunTime:0.000756s ]
INFO: [ app_begin ] --END-- [ RunTime:0.001346s ]
NOTIC: [8] Use of undefined constant qqq - assumed 'qqq' E:\development tool\PHPstudy\phpStudy\WWW\tp\Frank\Home\Controller\IndexController.class.php 第 11 行.
INFO: [ app_end ] --START--
INFO: Run Behavior\ShowPageTrace [ RunTime:0.000775s ]
INFO: [ app_end ] --END-- [ RunTime:0.000880s ]

[ 2016-06-15T22:17:19+08:00 ] 127.0.0.1 /tp/
INFO: [ app_begin ] --START--
INFO: Run Behavior\ReadHtmlCache [ RunTime:0.000518s ]
INFO: [ app_begin ] --END-- [ RunTime:0.000910s ]
NOTIC: [8] Use of undefined constant qqq - assumed 'qqq' E:\development tool\PHPstudy\phpStudy\WWW\tp\Frank\Home\Controller\IndexController.class.php 第 11 行.
INFO: [ app_end ] --START--
INFO: Run Behavior\ShowPageTrace [ RunTime:0.000497s ]
INFO: [ app_end ] --END-- [ RunTime:0.000566s ]

[ 2016-06-15T22:17:19+08:00 ] 127.0.0.1 /tp/
INFO: [ app_begin ] --START--
INFO: Run Behavior\ReadHtmlCache [ RunTime:0.000649s ]
INFO: [ app_begin ] --END-- [ RunTime:0.001114s ]
NOTIC: [8] Use of undefined constant qqq - assumed 'qqq' E:\development tool\PHPstudy\phpStudy\WWW\tp\Frank\Home\Controller\IndexController.class.php 第 11 行.
INFO: [ app_end ] --START--
INFO: Run Behavior\ShowPageTrace [ RunTime:0.000629s ]
INFO: [ app_end ] --END-- [ RunTime:0.000713s ]

[ 2016-06-15T22:17:27+08:00 ] 127.0.0.1 /tp/
INFO: [ app_begin ] --START--
INFO: Run Behavior\ReadHtmlCache [ RunTime:0.000646s ]
INFO: [ app_begin ] --END-- [ RunTime:0.001125s ]
NOTIC: [8] Use of undefined constant qqq - assumed 'qqq' E:\development tool\PHPstudy\phpStudy\WWW\tp\Frank\Home\Controller\IndexController.class.php 第 11 行.
INFO: [ app_end ] --START--
INFO: Run Behavior\ShowPageTrace [ RunTime:0.000698s ]
INFO: [ app_end ] --END-- [ RunTime:0.000789s ]

[ 2016-06-15T22:17:36+08:00 ] 127.0.0.1 /tp/
INFO: [ app_begin ] --START--
INFO: Run Behavior\ReadHtmlCache [ RunTime:0.000550s ]
INFO: [ app_begin ] --END-- [ RunTime:0.000901s ]
NOTIC: [8] Use of undefined constant qqq - assumed 'qqq' E:\development tool\PHPstudy\phpStudy\WWW\tp\Frank\Home\Controller\IndexController.class.php 第 11 行.
INFO: [ app_end ] --START--
INFO: Run Behavior\ShowPageTrace [ RunTime:0.000632s ]
INFO: [ app_end ] --END-- [ RunTime:0.000721s ]

[ 2016-06-15T22:17:37+08:00 ] 127.0.0.1 /tp/
INFO: [ app_begin ] --START--
INFO: Run Behavior\ReadHtmlCache [ RunTime:0.000632s ]
INFO: [ app_begin ] --END-- [ RunTime:0.001084s ]
NOTIC: [8] Use of undefined constant qqq - assumed 'qqq' E:\development tool\PHPstudy\phpStudy\WWW\tp\Frank\Home\Controller\IndexController.class.php 第 11 行.
INFO: [ app_end ] --START--
INFO: Run Behavior\ShowPageTrace [ RunTime:0.000652s ]
INFO: [ app_end ] --END-- [ RunTime:0.000738s ]

[ 2016-06-15T22:17:37+08:00 ] 127.0.0.1 /tp/
INFO: [ app_begin ] --START--
INFO: Run Behavior\ReadHtmlCache [ RunTime:0.000627s ]
INFO: [ app_begin ] --END-- [ RunTime:0.001087s ]
NOTIC: [8] Use of undefined constant qqq - assumed 'qqq' E:\development tool\PHPstudy\phpStudy\WWW\tp\Frank\Home\Controller\IndexController.class.php 第 11 行.
INFO: [ app_end ] --START--
INFO: Run Behavior\ShowPageTrace [ RunTime:0.000935s ]
INFO: [ app_end ] --END-- [ RunTime:0.001060s ]

[ 2016-06-15T22:17:59+08:00 ] 127.0.0.1 /tp/
INFO: [ app_begin ] --START--
INFO: Run Behavior\ReadHtmlCache [ RunTime:0.000834s ]
INFO: [ app_begin ] --END-- [ RunTime:0.001484s ]
NOTIC: [8] Use of undefined constant qqq - assumed 'qqq' E:\development tool\PHPstudy\phpStudy\WWW\tp\Frank\Home\Controller\IndexController.class.php 第 11 行.
INFO: [ app_end ] --START--
INFO: Run Behavior\ShowPageTrace [ RunTime:0.000901s ]
INFO: [ app_end ] --END-- [ RunTime:0.001014s ]

[ 2016-06-15T22:17:59+08:00 ] 127.0.0.1 /tp/
INFO: [ app_begin ] --START--
INFO: Run Behavior\ReadHtmlCache [ RunTime:0.000457s ]
INFO: [ app_begin ] --END-- [ RunTime:0.000827s ]
NOTIC: [8] Use of undefined constant qqq - assumed 'qqq' E:\development tool\PHPstudy\phpStudy\WWW\tp\Frank\Home\Controller\IndexController.class.php 第 11 行.
INFO: [ app_end ] --START--
INFO: Run Behavior\ShowPageTrace [ RunTime:0.000510s ]
INFO: [ app_end ] --END-- [ RunTime:0.000577s ]

[ 2016-06-15T22:17:59+08:00 ] 127.0.0.1 /tp/
INFO: [ app_begin ] --START--
INFO: Run Behavior\ReadHtmlCache [ RunTime:0.000615s ]
INFO: [ app_begin ] --END-- [ RunTime:0.001058s ]
NOTIC: [8] Use of undefined constant qqq - assumed 'qqq' E:\development tool\PHPstudy\phpStudy\WWW\tp\Frank\Home\Controller\IndexController.class.php 第 11 行.
INFO: [ app_end ] --START--
INFO: Run Behavior\ShowPageTrace [ RunTime:0.000574s ]
INFO: [ app_end ] --END-- [ RunTime:0.000651s ]

[ 2016-06-15T22:18:10+08:00 ] 127.0.0.1 /tp/
INFO: [ app_begin ] --START--
INFO: Run Behavior\ReadHtmlCache [ RunTime:0.001301s ]
INFO: [ app_begin ] --END-- [ RunTime:0.002149s ]
NOTIC: [8] Use of undefined constant qqq - assumed 'qqq' E:\development tool\PHPstudy\phpStudy\WWW\tp\Frank\Home\Controller\IndexController.class.php 第 11 行.
INFO: [ app_end ] --START--
INFO: Run Behavior\ShowPageTrace [ RunTime:0.000825s ]
INFO: [ app_end ] --END-- [ RunTime:0.000943s ]

[ 2016-06-15T22:18:10+08:00 ] 127.0.0.1 /tp/
INFO: [ app_begin ] --START--
INFO: Run Behavior\ReadHtmlCache [ RunTime:0.000514s ]
INFO: [ app_begin ] --END-- [ RunTime:0.001376s ]
NOTIC: [8] Use of undefined constant qqq - assumed 'qqq' E:\development tool\PHPstudy\phpStudy\WWW\tp\Frank\Home\Controller\IndexController.class.php 第 11 行.
INFO: [ app_end ] --START--
INFO: Run Behavior\ShowPageTrace [ RunTime:0.000524s ]
INFO: [ app_end ] --END-- [ RunTime:0.000592s ]

[ 2016-06-15T22:18:11+08:00 ] 127.0.0.1 /tp/
INFO: [ app_begin ] --START--
INFO: Run Behavior\ReadHtmlCache [ RunTime:0.000455s ]
INFO: [ app_begin ] --END-- [ RunTime:0.000846s ]
NOTIC: [8] Use of undefined constant qqq - assumed 'qqq' E:\development tool\PHPstudy\phpStudy\WWW\tp\Frank\Home\Controller\IndexController.class.php 第 11 行.
INFO: [ app_end ] --START--
INFO: Run Behavior\ShowPageTrace [ RunTime:0.000515s ]
INFO: [ app_end ] --END-- [ RunTime:0.000582s ]

[ 2016-06-15T22:19:02+08:00 ] 127.0.0.1 /tp/
INFO: [ app_begin ] --START--
INFO: Run Behavior\ReadHtmlCache [ RunTime:0.000668s ]
INFO: [ app_begin ] --END-- [ RunTime:0.001269s ]
NOTIC: [8] Use of undefined constant qqq - assumed 'qqq' E:\development tool\PHPstudy\phpStudy\WWW\tp\Frank\Home\Controller\IndexController.class.php 第 11 行.
INFO: [ app_end ] --START--
INFO: Run Behavior\ShowPageTrace [ RunTime:0.000672s ]
INFO: [ app_end ] --END-- [ RunTime:0.000741s ]

[ 2016-06-15T22:19:02+08:00 ] 127.0.0.1 /tp/
INFO: [ app_begin ] --START--
INFO: Run Behavior\ReadHtmlCache [ RunTime:0.000617s ]
INFO: [ app_begin ] --END-- [ RunTime:0.001127s ]
NOTIC: [8] Use of undefined constant qqq - assumed 'qqq' E:\development tool\PHPstudy\phpStudy\WWW\tp\Frank\Home\Controller\IndexController.class.php 第 11 行.
INFO: [ app_end ] --START--
INFO: Run Behavior\ShowPageTrace [ RunTime:0.000714s ]
INFO: [ app_end ] --END-- [ RunTime:0.000818s ]

[ 2016-06-15T22:19:02+08:00 ] 127.0.0.1 /tp/
INFO: [ app_begin ] --START--
INFO: Run Behavior\ReadHtmlCache [ RunTime:0.000595s ]
INFO: [ app_begin ] --END-- [ RunTime:0.001102s ]
NOTIC: [8] Use of undefined constant qqq - assumed 'qqq' E:\development tool\PHPstudy\phpStudy\WWW\tp\Frank\Home\Controller\IndexController.class.php 第 11 行.
INFO: [ app_end ] --START--
INFO: Run Behavior\ShowPageTrace [ RunTime:0.000667s ]
INFO: [ app_end ] --END-- [ RunTime:0.000757s ]

[ 2016-06-15T22:19:02+08:00 ] 127.0.0.1 /tp/
INFO: [ app_begin ] --START--
INFO: Run Behavior\ReadHtmlCache [ RunTime:0.000622s ]
INFO: [ app_begin ] --END-- [ RunTime:0.001115s ]
NOTIC: [8] Use of undefined constant qqq - assumed 'qqq' E:\development tool\PHPstudy\phpStudy\WWW\tp\Frank\Home\Controller\IndexController.class.php 第 11 行.
INFO: [ app_end ] --START--
INFO: Run Behavior\ShowPageTrace [ RunTime:0.000717s ]
INFO: [ app_end ] --END-- [ RunTime:0.000810s ]

[ 2016-06-15T22:19:03+08:00 ] 127.0.0.1 /tp/
INFO: [ app_begin ] --START--
INFO: Run Behavior\ReadHtmlCache [ RunTime:0.000511s ]
INFO: [ app_begin ] --END-- [ RunTime:0.001029s ]
NOTIC: [8] Use of undefined constant qqq - assumed 'qqq' E:\development tool\PHPstudy\phpStudy\WWW\tp\Frank\Home\Controller\IndexController.class.php 第 11 行.
INFO: [ app_end ] --START--
INFO: Run Behavior\ShowPageTrace [ RunTime:0.000588s ]
INFO: [ app_end ] --END-- [ RunTime:0.000681s ]

[ 2016-06-15T22:19:38+08:00 ] 127.0.0.1 /tp/
INFO: [ app_begin ] --START--
INFO: Run Behavior\ReadHtmlCache [ RunTime:0.000673s ]
INFO: [ app_begin ] --END-- [ RunTime:0.001198s ]
NOTIC: [8] Use of undefined constant qwe - assumed 'qwe' E:\development tool\PHPstudy\phpStudy\WWW\tp\Frank\Home\Controller\IndexController.class.php 第 11 行.
INFO: [ app_end ] --START--
INFO: Run Behavior\ShowPageTrace [ RunTime:0.000756s ]
INFO: [ app_end ] --END-- [ RunTime:0.000858s ]

[ 2016-06-15T22:19:39+08:00 ] 127.0.0.1 /tp/
INFO: [ app_begin ] --START--
INFO: Run Behavior\ReadHtmlCache [ RunTime:0.000744s ]
INFO: [ app_begin ] --END-- [ RunTime:0.001281s ]
NOTIC: [8] Use of undefined constant qwe - assumed 'qwe' E:\development tool\PHPstudy\phpStudy\WWW\tp\Frank\Home\Controller\IndexController.class.php 第 11 行.
INFO: [ app_end ] --START--
INFO: Run Behavior\ShowPageTrace [ RunTime:0.000829s ]
INFO: [ app_end ] --END-- [ RunTime:0.000951s ]

[ 2016-06-15T22:19:43+08:00 ] 127.0.0.1 /tp/
INFO: [ app_begin ] --START--
INFO: Run Behavior\ReadHtmlCache [ RunTime:0.000949s ]
INFO: [ app_begin ] --END-- [ RunTime:0.001859s ]
NOTIC: [8] Use of undefined constant qwe - assumed 'qwe' E:\development tool\PHPstudy\phpStudy\WWW\tp\Frank\Home\Controller\IndexController.class.php 第 11 行.
INFO: [ app_end ] --START--
INFO: Run Behavior\ShowPageTrace [ RunTime:0.000765s ]
INFO: [ app_end ] --END-- [ RunTime:0.000880s ]

[ 2016-06-15T22:19:44+08:00 ] 127.0.0.1 /tp/
INFO: [ app_begin ] --START--
INFO: Run Behavior\ReadHtmlCache [ RunTime:0.000720s ]
INFO: [ app_begin ] --END-- [ RunTime:0.001202s ]
NOTIC: [8] Use of undefined constant qwe - assumed 'qwe' E:\development tool\PHPstudy\phpStudy\WWW\tp\Frank\Home\Controller\IndexController.class.php 第 11 行.
INFO: [ app_end ] --START--
INFO: Run Behavior\ShowPageTrace [ RunTime:0.000631s ]
INFO: [ app_end ] --END-- [ RunTime:0.000715s ]

[ 2016-06-15T22:21:35+08:00 ] 127.0.0.1 /tp/
INFO: [ app_begin ] --START--
INFO: Run Behavior\ReadHtmlCache [ RunTime:0.000853s ]
INFO: [ app_begin ] --END-- [ RunTime:0.001449s ]
NOTIC: [8] Use of undefined constant qwe - assumed 'qwe' E:\development tool\PHPstudy\phpStudy\WWW\tp\Frank\Home\Controller\IndexController.class.php 第 11 行.
INFO: [ app_end ] --START--
INFO: Run Behavior\ShowPageTrace [ RunTime:0.000892s ]
INFO: [ app_end ] --END-- [ RunTime:0.001001s ]

[ 2016-06-15T22:21:35+08:00 ] 127.0.0.1 /tp/
INFO: [ app_begin ] --START--
INFO: Run Behavior\ReadHtmlCache [ RunTime:0.000778s ]
INFO: [ app_begin ] --END-- [ RunTime:0.001402s ]
NOTIC: [8] Use of undefined constant qwe - assumed 'qwe' E:\development tool\PHPstudy\phpStudy\WWW\tp\Frank\Home\Controller\IndexController.class.php 第 11 行.
INFO: [ app_end ] --START--
INFO: Run Behavior\ShowPageTrace [ RunTime:0.000779s ]
INFO: [ app_end ] --END-- [ RunTime:0.000902s ]

[ 2016-06-15T22:21:35+08:00 ] 127.0.0.1 /tp/
INFO: [ app_begin ] --START--
INFO: Run Behavior\ReadHtmlCache [ RunTime:0.000563s ]
INFO: [ app_begin ] --END-- [ RunTime:0.000982s ]
NOTIC: [8] Use of undefined constant qwe - assumed 'qwe' E:\development tool\PHPstudy\phpStudy\WWW\tp\Frank\Home\Controller\IndexController.class.php 第 11 行.
INFO: [ app_end ] --START--
INFO: Run Behavior\ShowPageTrace [ RunTime:0.000618s ]
INFO: [ app_end ] --END-- [ RunTime:0.000700s ]

[ 2016-06-15T22:21:47+08:00 ] 127.0.0.1 /tp/
INFO: [ app_begin ] --START--
INFO: Run Behavior\ReadHtmlCache [ RunTime:0.001010s ]
INFO: [ app_begin ] --END-- [ RunTime:0.001559s ]
NOTIC: [8] Use of undefined constant qwe - assumed 'qwe' E:\development tool\PHPstudy\phpStudy\WWW\tp\Frank\Home\Controller\IndexController.class.php 第 11 行.
INFO: [ app_end ] --START--
INFO: Run Behavior\ShowPageTrace [ RunTime:0.000877s ]
INFO: [ app_end ] --END-- [ RunTime:0.000984s ]

[ 2016-06-15T22:21:47+08:00 ] 127.0.0.1 /tp/
INFO: [ app_begin ] --START--
INFO: Run Behavior\ReadHtmlCache [ RunTime:0.000686s ]
INFO: [ app_begin ] --END-- [ RunTime:0.001265s ]
NOTIC: [8] Use of undefined constant qwe - assumed 'qwe' E:\development tool\PHPstudy\phpStudy\WWW\tp\Frank\Home\Controller\IndexController.class.php 第 11 行.
INFO: [ app_end ] --START--
INFO: Run Behavior\ShowPageTrace [ RunTime:0.001058s ]
INFO: [ app_end ] --END-- [ RunTime:0.001505s ]

[ 2016-06-15T22:21:47+08:00 ] 127.0.0.1 /tp/
INFO: [ app_begin ] --START--
INFO: Run Behavior\ReadHtmlCache [ RunTime:0.000691s ]
INFO: [ app_begin ] --END-- [ RunTime:0.001208s ]
NOTIC: [8] Use of undefined constant qwe - assumed 'qwe' E:\development tool\PHPstudy\phpStudy\WWW\tp\Frank\Home\Controller\IndexController.class.php 第 11 行.
INFO: [ app_end ] --START--
INFO: Run Behavior\ShowPageTrace [ RunTime:0.000732s ]
INFO: [ app_end ] --END-- [ RunTime:0.000830s ]

[ 2016-06-15T22:21:59+08:00 ] 127.0.0.1 /tp/
INFO: [ app_begin ] --START--
INFO: Run Behavior\ReadHtmlCache [ RunTime:0.001521s ]
INFO: [ app_begin ] --END-- [ RunTime:0.003017s ]
NOTIC: [8] Use of undefined constant qwe - assumed 'qwe' E:\development tool\PHPstudy\phpStudy\WWW\tp\Frank\Home\Controller\IndexController.class.php 第 11 行.
INFO: [ app_end ] --START--
INFO: Run Behavior\ShowPageTrace [ RunTime:0.000935s ]
INFO: [ app_end ] --END-- [ RunTime:0.001054s ]

[ 2016-06-15T22:21:59+08:00 ] 127.0.0.1 /tp/
INFO: [ app_begin ] --START--
INFO: Run Behavior\ReadHtmlCache [ RunTime:0.000537s ]
INFO: [ app_begin ] --END-- [ RunTime:0.000922s ]
NOTIC: [8] Use of undefined constant qwe - assumed 'qwe' E:\development tool\PHPstudy\phpStudy\WWW\tp\Frank\Home\Controller\IndexController.class.php 第 11 行.
INFO: [ app_end ] --START--
INFO: Run Behavior\ShowPageTrace [ RunTime:0.000535s ]
INFO: [ app_end ] --END-- [ RunTime:0.000615s ]

[ 2016-06-15T22:22:00+08:00 ] 127.0.0.1 /tp/
INFO: [ app_begin ] --START--
INFO: Run Behavior\ReadHtmlCache [ RunTime:0.000668s ]
INFO: [ app_begin ] --END-- [ RunTime:0.001186s ]
NOTIC: [8] Use of undefined constant qwe - assumed 'qwe' E:\development tool\PHPstudy\phpStudy\WWW\tp\Frank\Home\Controller\IndexController.class.php 第 11 行.
INFO: [ app_end ] --START--
INFO: Run Behavior\ShowPageTrace [ RunTime:0.001201s ]
INFO: [ app_end ] --END-- [ RunTime:0.001349s ]

[ 2016-06-15T22:22:20+08:00 ] 127.0.0.1 /tp/
INFO: [ app_begin ] --START--
INFO: Run Behavior\ReadHtmlCache [ RunTime:0.000452s ]
INFO: [ app_begin ] --END-- [ RunTime:0.000815s ]
NOTIC: [8] Use of undefined constant qwe - assumed 'qwe' E:\development tool\PHPstudy\phpStudy\WWW\tp\Frank\Home\Controller\IndexController.class.php 第 11 行.
INFO: [ app_end ] --START--
INFO: Run Behavior\ShowPageTrace [ RunTime:0.000596s ]
INFO: [ app_end ] --END-- [ RunTime:0.000679s ]

[ 2016-06-15T22:22:20+08:00 ] 127.0.0.1 /tp/
INFO: [ app_begin ] --START--
INFO: Run Behavior\ReadHtmlCache [ RunTime:0.000549s ]
INFO: [ app_begin ] --END-- [ RunTime:0.001033s ]
NOTIC: [8] Use of undefined constant qwe - assumed 'qwe' E:\development tool\PHPstudy\phpStudy\WWW\tp\Frank\Home\Controller\IndexController.class.php 第 11 行.
INFO: [ app_end ] --START--
INFO: Run Behavior\ShowPageTrace [ RunTime:0.000501s ]
INFO: [ app_end ] --END-- [ RunTime:0.000571s ]

[ 2016-06-15T22:22:21+08:00 ] 127.0.0.1 /tp/
INFO: [ app_begin ] --START--
INFO: Run Behavior\ReadHtmlCache [ RunTime:0.000484s ]
INFO: [ app_begin ] --END-- [ RunTime:0.000829s ]
NOTIC: [8] Use of undefined constant qwe - assumed 'qwe' E:\development tool\PHPstudy\phpStudy\WWW\tp\Frank\Home\Controller\IndexController.class.php 第 11 行.
INFO: [ app_end ] --START--
INFO: Run Behavior\ShowPageTrace [ RunTime:0.002049s ]
INFO: [ app_end ] --END-- [ RunTime:0.002248s ]

[ 2016-06-15T22:28:47+08:00 ] 127.0.0.1 /tp/
INFO: [ app_begin ] --START--
INFO: Run Behavior\ReadHtmlCache [ RunTime:0.000759s ]
INFO: [ app_begin ] --END-- [ RunTime:0.001326s ]
INFO: [ app_end ] --START--
INFO: Run Behavior\ShowPageTrace [ RunTime:0.000776s ]
INFO: [ app_end ] --END-- [ RunTime:0.000877s ]

[ 2016-06-15T22:29:47+08:00 ] 127.0.0.1 /tp/
INFO: [ app_begin ] --START--
INFO: Run Behavior\ReadHtmlCache [ RunTime:0.000954s ]
INFO: [ app_begin ] --END-- [ RunTime:0.001679s ]
INFO: [ app_end ] --START--
INFO: Run Behavior\ShowPageTrace [ RunTime:0.001147s ]
INFO: [ app_end ] --END-- [ RunTime:0.001289s ]

[ 2016-06-15T22:30:03+08:00 ] 127.0.0.1 /tp/
INFO: [ app_begin ] --START--
INFO: Run Behavior\ReadHtmlCache [ RunTime:0.000810s ]
INFO: [ app_begin ] --END-- [ RunTime:0.001567s ]
INFO: [ app_end ] --START--
INFO: Run Behavior\ShowPageTrace [ RunTime:0.000808s ]
INFO: [ app_end ] --END-- [ RunTime:0.000913s ]

[ 2016-06-15T22:30:20+08:00 ] 127.0.0.1 /tp/
INFO: [ app_begin ] --START--
INFO: Run Behavior\ReadHtmlCache [ RunTime:0.000458s ]
INFO: [ app_begin ] --END-- [ RunTime:0.000849s ]
INFO: [ app_end ] --START--
INFO: Run Behavior\ShowPageTrace [ RunTime:0.000699s ]
INFO: [ app_end ] --END-- [ RunTime:0.000807s ]

[ 2016-06-15T22:30:21+08:00 ] 127.0.0.1 /tp/
INFO: [ app_begin ] --START--
INFO: Run Behavior\ReadHtmlCache [ RunTime:0.000633s ]
INFO: [ app_begin ] --END-- [ RunTime:0.001148s ]
INFO: [ app_end ] --START--
INFO: Run Behavior\ShowPageTrace [ RunTime:0.000692s ]
INFO: [ app_end ] --END-- [ RunTime:0.000787s ]

[ 2016-06-15T22:32:35+08:00 ] 127.0.0.1 /tp/
INFO: [ app_begin ] --START--
INFO: Run Behavior\ReadHtmlCache [ RunTime:0.000775s ]
INFO: [ app_begin ] --END-- [ RunTime:0.002121s ]
INFO: [ app_end ] --START--
INFO: Run Behavior\ShowPageTrace [ RunTime:0.000631s ]
INFO: [ app_end ] --END-- [ RunTime:0.000723s ]

[ 2016-06-15T22:32:35+08:00 ] 127.0.0.1 /tp/
INFO: [ app_begin ] --START--
INFO: Run Behavior\ReadHtmlCache [ RunTime:0.000706s ]
INFO: [ app_begin ] --END-- [ RunTime:0.001181s ]
INFO: [ app_end ] --START--
INFO: Run Behavior\ShowPageTrace [ RunTime:0.000707s ]
INFO: [ app_end ] --END-- [ RunTime:0.000813s ]

[ 2016-06-15T22:32:36+08:00 ] 127.0.0.1 /tp/
INFO: [ app_begin ] --START--
INFO: Run Behavior\ReadHtmlCache [ RunTime:0.000855s ]
INFO: [ app_begin ] --END-- [ RunTime:0.001426s ]
INFO: [ app_end ] --START--
INFO: Run Behavior\ShowPageTrace [ RunTime:0.000802s ]
INFO: [ app_end ] --END-- [ RunTime:0.000917s ]

[ 2016-06-15T22:32:55+08:00 ] 127.0.0.1 /tp/
INFO: [ app_begin ] --START--
INFO: Run Behavior\ReadHtmlCache [ RunTime:0.002184s ]
INFO: [ app_begin ] --END-- [ RunTime:0.002669s ]
INFO: [ app_end ] --START--
INFO: Run Behavior\ShowPageTrace [ RunTime:0.000635s ]
INFO: [ app_end ] --END-- [ RunTime:0.000729s ]

[ 2016-06-15T22:32:55+08:00 ] 127.0.0.1 /tp/
INFO: [ app_begin ] --START--
INFO: Run Behavior\ReadHtmlCache [ RunTime:0.000931s ]
INFO: [ app_begin ] --END-- [ RunTime:0.001688s ]
INFO: [ app_end ] --START--
INFO: Run Behavior\ShowPageTrace [ RunTime:0.000614s ]
INFO: [ app_end ] --END-- [ RunTime:0.000758s ]

[ 2016-06-15T22:32:55+08:00 ] 127.0.0.1 /tp/
INFO: [ app_begin ] --START--
INFO: Run Behavior\ReadHtmlCache [ RunTime:0.000597s ]
INFO: [ app_begin ] --END-- [ RunTime:0.000940s ]
INFO: [ app_end ] --START--
INFO: Run Behavior\ShowPageTrace [ RunTime:0.000615s ]
INFO: [ app_end ] --END-- [ RunTime:0.000740s ]

[ 2016-06-15T22:32:56+08:00 ] 127.0.0.1 /tp/
INFO: [ app_begin ] --START--
INFO: Run Behavior\ReadHtmlCache [ RunTime:0.001014s ]
INFO: [ app_begin ] --END-- [ RunTime:0.001702s ]
INFO: [ app_end ] --START--
INFO: Run Behavior\ShowPageTrace [ RunTime:0.000870s ]
INFO: [ app_end ] --END-- [ RunTime:0.001004s ]

[ 2016-06-15T22:32:56+08:00 ] 127.0.0.1 /tp/
INFO: [ app_begin ] --START--
INFO: Run Behavior\ReadHtmlCache [ RunTime:0.002293s ]
INFO: [ app_begin ] --END-- [ RunTime:0.003041s ]
INFO: [ app_end ] --START--
INFO: Run Behavior\ShowPageTrace [ RunTime:0.001091s ]
INFO: [ app_end ] --END-- [ RunTime:0.001271s ]

[ 2016-06-15T22:33:55+08:00 ] 127.0.0.1 /tp/
INFO: [ app_begin ] --START--
INFO: Run Behavior\ReadHtmlCache [ RunTime:0.001123s ]
INFO: [ app_begin ] --END-- [ RunTime:0.002036s ]
INFO: [ app_end ] --START--
INFO: Run Behavior\ShowPageTrace [ RunTime:0.000999s ]
INFO: [ app_end ] --END-- [ RunTime:0.001199s ]

[ 2016-06-15T22:33:56+08:00 ] 127.0.0.1 /tp/
INFO: [ app_begin ] --START--
INFO: Run Behavior\ReadHtmlCache [ RunTime:0.000493s ]
INFO: [ app_begin ] --END-- [ RunTime:0.000911s ]
INFO: [ app_end ] --START--
INFO: Run Behavior\ShowPageTrace [ RunTime:0.000617s ]
INFO: [ app_end ] --END-- [ RunTime:0.000687s ]

[ 2016-06-15T22:33:56+08:00 ] 127.0.0.1 /tp/
INFO: [ app_begin ] --START--
INFO: Run Behavior\ReadHtmlCache [ RunTime:0.000528s ]
INFO: [ app_begin ] --END-- [ RunTime:0.000871s ]
INFO: [ app_end ] --START--
INFO: Run Behavior\ShowPageTrace [ RunTime:0.000546s ]
INFO: [ app_end ] --END-- [ RunTime:0.000634s ]

[ 2016-06-15T22:33:56+08:00 ] 127.0.0.1 /tp/
INFO: [ app_begin ] --START--
INFO: Run Behavior\ReadHtmlCache [ RunTime:0.001002s ]
INFO: [ app_begin ] --END-- [ RunTime:0.001653s ]
INFO: [ app_end ] --START--
INFO: Run Behavior\ShowPageTrace [ RunTime:0.000896s ]
INFO: [ app_end ] --END-- [ RunTime:0.001028s ]

[ 2016-06-15T22:33:57+08:00 ] 127.0.0.1 /tp/
INFO: [ app_begin ] --START--
INFO: Run Behavior\ReadHtmlCache [ RunTime:0.000588s ]
INFO: [ app_begin ] --END-- [ RunTime:0.001019s ]
INFO: [ app_end ] --START--
INFO: Run Behavior\ShowPageTrace [ RunTime:0.000675s ]
INFO: [ app_end ] --END-- [ RunTime:0.000785s ]

[ 2016-06-15T22:34:10+08:00 ] 127.0.0.1 /tp/
INFO: [ app_begin ] --START--
INFO: Run Behavior\ReadHtmlCache [ RunTime:0.000886s ]
INFO: [ app_begin ] --END-- [ RunTime:0.001508s ]
INFO: [ app_end ] --START--
INFO: Run Behavior\ShowPageTrace [ RunTime:0.000640s ]
INFO: [ app_end ] --END-- [ RunTime:0.000715s ]

[ 2016-06-15T22:34:10+08:00 ] 127.0.0.1 /tp/
INFO: [ app_begin ] --START--
INFO: Run Behavior\ReadHtmlCache [ RunTime:0.000796s ]
INFO: [ app_begin ] --END-- [ RunTime:0.001390s ]
INFO: [ app_end ] --START--
INFO: Run Behavior\ShowPageTrace [ RunTime:0.000837s ]
INFO: [ app_end ] --END-- [ RunTime:0.000953s ]

[ 2016-06-15T22:34:10+08:00 ] 127.0.0.1 /tp/
INFO: [ app_begin ] --START--
INFO: Run Behavior\ReadHtmlCache [ RunTime:0.001113s ]
INFO: [ app_begin ] --END-- [ RunTime:0.001963s ]
INFO: [ app_end ] --START--
INFO: Run Behavior\ShowPageTrace [ RunTime:0.001861s ]
INFO: [ app_end ] --END-- [ RunTime:0.001987s ]

[ 2016-06-15T22:34:34+08:00 ] 127.0.0.1 /tp/
INFO: [ app_begin ] --START--
INFO: Run Behavior\ReadHtmlCache [ RunTime:0.000733s ]
INFO: [ app_begin ] --END-- [ RunTime:0.001200s ]
INFO: [ app_end ] --START--
INFO: Run Behavior\ShowPageTrace [ RunTime:0.000718s ]
INFO: [ app_end ] --END-- [ RunTime:0.000828s ]

[ 2016-06-15T22:34:34+08:00 ] 127.0.0.1 /tp/
INFO: [ app_begin ] --START--
INFO: Run Behavior\ReadHtmlCache [ RunTime:0.000609s ]
INFO: [ app_begin ] --END-- [ RunTime:0.001092s ]
INFO: [ app_end ] --START--
INFO: Run Behavior\ShowPageTrace [ RunTime:0.000858s ]
INFO: [ app_end ] --END-- [ RunTime:0.000992s ]

[ 2016-06-15T22:34:35+08:00 ] 127.0.0.1 /tp/
INFO: [ app_begin ] --START--
INFO: Run Behavior\ReadHtmlCache [ RunTime:0.000533s ]
INFO: [ app_begin ] --END-- [ RunTime:0.000913s ]
INFO: [ app_end ] --START--
INFO: Run Behavior\ShowPageTrace [ RunTime:0.000697s ]
INFO: [ app_end ] --END-- [ RunTime:0.000891s ]

[ 2016-06-15T22:34:35+08:00 ] 127.0.0.1 /tp/
INFO: [ app_begin ] --START--
INFO: Run Behavior\ReadHtmlCache [ RunTime:0.000489s ]
INFO: [ app_begin ] --END-- [ RunTime:0.000837s ]
INFO: [ app_end ] --START--
INFO: Run Behavior\ShowPageTrace [ RunTime:0.000489s ]
INFO: [ app_end ] --END-- [ RunTime:0.000561s ]

[ 2016-06-15T22:34:35+08:00 ] 127.0.0.1 /tp/
INFO: [ app_begin ] --START--
INFO: Run Behavior\ReadHtmlCache [ RunTime:0.001221s ]
INFO: [ app_begin ] --END-- [ RunTime:0.001826s ]
INFO: [ app_end ] --START--
INFO: Run Behavior\ShowPageTrace [ RunTime:0.000812s ]
INFO: [ app_end ] --END-- [ RunTime:0.000942s ]

[ 2016-06-15T22:34:35+08:00 ] 127.0.0.1 /tp/
INFO: [ app_begin ] --START--
INFO: Run Behavior\ReadHtmlCache [ RunTime:0.001541s ]
INFO: [ app_begin ] --END-- [ RunTime:0.002591s ]
INFO: [ app_end ] --START--
INFO: Run Behavior\ShowPageTrace [ RunTime:0.000854s ]
INFO: [ app_end ] --END-- [ RunTime:0.000986s ]

[ 2016-06-15T22:34:35+08:00 ] 127.0.0.1 /tp/
INFO: [ app_begin ] --START--
INFO: Run Behavior\ReadHtmlCache [ RunTime:0.000851s ]
INFO: [ app_begin ] --END-- [ RunTime:0.001464s ]
INFO: [ app_end ] --START--
INFO: Run Behavior\ShowPageTrace [ RunTime:0.001092s ]
INFO: [ app_end ] --END-- [ RunTime:0.001257s ]

[ 2016-06-15T22:34:36+08:00 ] 127.0.0.1 /tp/
INFO: [ app_begin ] --START--
INFO: Run Behavior\ReadHtmlCache [ RunTime:0.003019s ]
INFO: [ app_begin ] --END-- [ RunTime:0.003520s ]
INFO: [ app_end ] --START--
INFO: Run Behavior\ShowPageTrace [ RunTime:0.000618s ]
INFO: [ app_end ] --END-- [ RunTime:0.000699s ]

[ 2016-06-15T22:41:10+08:00 ] 127.0.0.1 /tp/
INFO: [ app_begin ] --START--
INFO: Run Behavior\ReadHtmlCache [ RunTime:0.001194s ]
INFO: [ app_begin ] --END-- [ RunTime:0.002010s ]
INFO: [ app_end ] --START--
INFO: Run Behavior\ShowPageTrace [ RunTime:0.000864s ]
INFO: [ app_end ] --END-- [ RunTime:0.001026s ]

[ 2016-06-15T22:41:10+08:00 ] 127.0.0.1 /tp/
INFO: [ app_begin ] --START--
INFO: Run Behavior\ReadHtmlCache [ RunTime:0.000731s ]
INFO: [ app_begin ] --END-- [ RunTime:0.001361s ]
INFO: [ app_end ] --START--
INFO: Run Behavior\ShowPageTrace [ RunTime:0.000803s ]
INFO: [ app_end ] --END-- [ RunTime:0.000933s ]

[ 2016-06-15T22:41:10+08:00 ] 127.0.0.1 /tp/
INFO: [ app_begin ] --START--
INFO: Run Behavior\ReadHtmlCache [ RunTime:0.001380s ]
INFO: [ app_begin ] --END-- [ RunTime:0.002648s ]
INFO: [ app_end ] --START--
INFO: Run Behavior\ShowPageTrace [ RunTime:0.001070s ]
INFO: [ app_end ] --END-- [ RunTime:0.001215s ]

[ 2016-06-15T22:42:23+08:00 ] 127.0.0.1 /tp/
INFO: [ app_begin ] --START--
INFO: Run Behavior\ReadHtmlCache [ RunTime:0.001240s ]
INFO: [ app_begin ] --END-- [ RunTime:0.002015s ]
INFO: [ app_end ] --START--
INFO: Run Behavior\ShowPageTrace [ RunTime:0.000555s ]
INFO: [ app_end ] --END-- [ RunTime:0.000643s ]

[ 2016-06-15T22:42:23+08:00 ] 127.0.0.1 /tp/
INFO: [ app_begin ] --START--
INFO: Run Behavior\ReadHtmlCache [ RunTime:0.000492s ]
INFO: [ app_begin ] --END-- [ RunTime:0.000911s ]
INFO: [ app_end ] --START--
INFO: Run Behavior\ShowPageTrace [ RunTime:0.000596s ]
INFO: [ app_end ] --END-- [ RunTime:0.000674s ]

[ 2016-06-15T22:42:23+08:00 ] 127.0.0.1 /tp/
INFO: [ app_begin ] --START--
INFO: Run Behavior\ReadHtmlCache [ RunTime:0.000482s ]
INFO: [ app_begin ] --END-- [ RunTime:0.000860s ]
INFO: [ app_end ] --START--
INFO: Run Behavior\ShowPageTrace [ RunTime:0.000512s ]
INFO: [ app_end ] --END-- [ RunTime:0.000582s ]

[ 2016-06-15T22:42:24+08:00 ] 127.0.0.1 /tp/
INFO: [ app_begin ] --START--
INFO: Run Behavior\ReadHtmlCache [ RunTime:0.000686s ]
INFO: [ app_begin ] --END-- [ RunTime:0.001250s ]
INFO: [ app_end ] --START--
INFO: Run Behavior\ShowPageTrace [ RunTime:0.000704s ]
INFO: [ app_end ] --END-- [ RunTime:0.000813s ]

[ 2016-06-15T22:42:31+08:00 ] 127.0.0.1 /tp/
INFO: [ app_begin ] --START--
INFO: Run Behavior\ReadHtmlCache [ RunTime:0.000734s ]
INFO: [ app_begin ] --END-- [ RunTime:0.001213s ]
INFO: [ app_end ] --START--
INFO: Run Behavior\ShowPageTrace [ RunTime:0.000780s ]
INFO: [ app_end ] --END-- [ RunTime:0.000911s ]

[ 2016-06-15T22:42:32+08:00 ] 127.0.0.1 /tp/
INFO: [ app_begin ] --START--
INFO: Run Behavior\ReadHtmlCache [ RunTime:0.000815s ]
INFO: [ app_begin ] --END-- [ RunTime:0.002209s ]
INFO: [ app_end ] --START--
INFO: Run Behavior\ShowPageTrace [ RunTime:0.000822s ]
INFO: [ app_end ] --END-- [ RunTime:0.000927s ]

[ 2016-06-15T22:42:32+08:00 ] 127.0.0.1 /tp/
INFO: [ app_begin ] --START--
INFO: Run Behavior\ReadHtmlCache [ RunTime:0.000902s ]
INFO: [ app_begin ] --END-- [ RunTime:0.001790s ]
INFO: [ app_end ] --START--
INFO: Run Behavior\ShowPageTrace [ RunTime:0.000847s ]
INFO: [ app_end ] --END-- [ RunTime:0.000966s ]

[ 2016-06-15T22:42:32+08:00 ] 127.0.0.1 /tp/
INFO: [ app_begin ] --START--
INFO: Run Behavior\ReadHtmlCache [ RunTime:0.000946s ]
INFO: [ app_begin ] --END-- [ RunTime:0.001469s ]
INFO: [ app_end ] --START--
INFO: Run Behavior\ShowPageTrace [ RunTime:0.000686s ]
INFO: [ app_end ] --END-- [ RunTime:0.000789s ]

[ 2016-06-15T22:42:40+08:00 ] 127.0.0.1 /tp/
INFO: [ app_begin ] --START--
INFO: Run Behavior\ReadHtmlCache [ RunTime:0.000677s ]
INFO: [ app_begin ] --END-- [ RunTime:0.001182s ]
INFO: [ app_end ] --START--
INFO: Run Behavior\ShowPageTrace [ RunTime:0.000818s ]
INFO: [ app_end ] --END-- [ RunTime:0.000923s ]

[ 2016-06-15T22:42:40+08:00 ] 127.0.0.1 /tp/
INFO: [ app_begin ] --START--
INFO: Run Behavior\ReadHtmlCache [ RunTime:0.000758s ]
INFO: [ app_begin ] --END-- [ RunTime:0.001302s ]
INFO: [ app_end ] --START--
INFO: Run Behavior\ShowPageTrace [ RunTime:0.000727s ]
INFO: [ app_end ] --END-- [ RunTime:0.000808s ]

[ 2016-06-15T22:42:41+08:00 ] 127.0.0.1 /tp/
INFO: [ app_begin ] --START--
INFO: Run Behavior\ReadHtmlCache [ RunTime:0.000913s ]
INFO: [ app_begin ] --END-- [ RunTime:0.001632s ]
INFO: [ app_end ] --START--
INFO: Run Behavior\ShowPageTrace [ RunTime:0.000970s ]
INFO: [ app_end ] --END-- [ RunTime:0.001095s ]

[ 2016-06-15T22:42:41+08:00 ] 127.0.0.1 /tp/
INFO: [ app_begin ] --START--
INFO: Run Behavior\ReadHtmlCache [ RunTime:0.000822s ]
INFO: [ app_begin ] --END-- [ RunTime:0.001424s ]
INFO: [ app_end ] --START--
INFO: Run Behavior\ShowPageTrace [ RunTime:0.000826s ]
INFO: [ app_end ] --END-- [ RunTime:0.000938s ]

[ 2016-06-15T22:42:41+08:00 ] 127.0.0.1 /tp/
INFO: [ app_begin ] --START--
INFO: Run Behavior\ReadHtmlCache [ RunTime:0.001354s ]
INFO: [ app_begin ] --END-- [ RunTime:0.002352s ]
INFO: [ app_end ] --START--
INFO: Run Behavior\ShowPageTrace [ RunTime:0.000709s ]
INFO: [ app_end ] --END-- [ RunTime:0.000817s ]

[ 2016-06-15T22:42:55+08:00 ] 127.0.0.1 /tp/
INFO: [ app_begin ] --START--
INFO: Run Behavior\ReadHtmlCache [ RunTime:0.000812s ]
INFO: [ app_begin ] --END-- [ RunTime:0.001435s ]
INFO: [ app_end ] --START--
INFO: Run Behavior\ShowPageTrace [ RunTime:0.000958s ]
INFO: [ app_end ] --END-- [ RunTime:0.001119s ]

[ 2016-06-15T22:42:55+08:00 ] 127.0.0.1 /tp/
INFO: [ app_begin ] --START--
INFO: Run Behavior\ReadHtmlCache [ RunTime:0.000499s ]
INFO: [ app_begin ] --END-- [ RunTime:0.000874s ]
INFO: [ app_end ] --START--
INFO: Run Behavior\ShowPageTrace [ RunTime:0.000671s ]
INFO: [ app_end ] --END-- [ RunTime:0.000784s ]

[ 2016-06-15T22:43:33+08:00 ] 127.0.0.1 /tp/
INFO: [ app_begin ] --START--
INFO: Run Behavior\ReadHtmlCache [ RunTime:0.000940s ]
INFO: [ app_begin ] --END-- [ RunTime:0.001621s ]
INFO: [ app_end ] --START--
INFO: Run Behavior\ShowPageTrace [ RunTime:0.001010s ]
INFO: [ app_end ] --END-- [ RunTime:0.001140s ]

[ 2016-06-15T22:43:33+08:00 ] 127.0.0.1 /tp/
INFO: [ app_begin ] --START--
INFO: Run Behavior\ReadHtmlCache [ RunTime:0.000595s ]
INFO: [ app_begin ] --END-- [ RunTime:0.001068s ]
INFO: [ app_end ] --START--
INFO: Run Behavior\ShowPageTrace [ RunTime:0.000780s ]
INFO: [ app_end ] --END-- [ RunTime:0.000976s ]

[ 2016-06-15T22:43:33+08:00 ] 127.0.0.1 /tp/
INFO: [ app_begin ] --START--
INFO: Run Behavior\ReadHtmlCache [ RunTime:0.000601s ]
INFO: [ app_begin ] --END-- [ RunTime:0.001067s ]
INFO: [ app_end ] --START--
INFO: Run Behavior\ShowPageTrace [ RunTime:0.000619s ]
INFO: [ app_end ] --END-- [ RunTime:0.000709s ]

[ 2016-06-15T22:43:44+08:00 ] 127.0.0.1 /tp/
INFO: [ app_begin ] --START--
INFO: Run Behavior\ReadHtmlCache [ RunTime:0.000506s ]
INFO: [ app_begin ] --END-- [ RunTime:0.000890s ]
INFO: [ app_end ] --START--
INFO: Run Behavior\ShowPageTrace [ RunTime:0.000552s ]
INFO: [ app_end ] --END-- [ RunTime:0.000636s ]

[ 2016-06-15T22:43:45+08:00 ] 127.0.0.1 /tp/
INFO: [ app_begin ] --START--
INFO: Run Behavior\ReadHtmlCache [ RunTime:0.000552s ]
INFO: [ app_begin ] --END-- [ RunTime:0.001010s ]
INFO: [ app_end ] --START--
INFO: Run Behavior\ShowPageTrace [ RunTime:0.000589s ]
INFO: [ app_end ] --END-- [ RunTime:0.000677s ]

[ 2016-06-15T22:43:45+08:00 ] 127.0.0.1 /tp/
INFO: [ app_begin ] --START--
INFO: Run Behavior\ReadHtmlCache [ RunTime:0.000577s ]
INFO: [ app_begin ] --END-- [ RunTime:0.000979s ]
INFO: [ app_end ] --START--
INFO: Run Behavior\ShowPageTrace [ RunTime:0.000520s ]
INFO: [ app_end ] --END-- [ RunTime:0.000591s ]

[ 2016-06-15T22:43:53+08:00 ] 127.0.0.1 /tp/
INFO: [ app_begin ] --START--
INFO: Run Behavior\ReadHtmlCache [ RunTime:0.000956s ]
INFO: [ app_begin ] --END-- [ RunTime:0.001674s ]
INFO: [ app_end ] --START--
INFO: Run Behavior\ShowPageTrace [ RunTime:0.001024s ]
INFO: [ app_end ] --END-- [ RunTime:0.001136s ]

[ 2016-06-15T22:43:53+08:00 ] 127.0.0.1 /tp/
INFO: [ app_begin ] --START--
INFO: Run Behavior\ReadHtmlCache [ RunTime:0.000649s ]
INFO: [ app_begin ] --END-- [ RunTime:0.001064s ]
INFO: [ app_end ] --START--
INFO: Run Behavior\ShowPageTrace [ RunTime:0.000600s ]
INFO: [ app_end ] --END-- [ RunTime:0.000671s ]

[ 2016-06-15T22:43:53+08:00 ] 127.0.0.1 /tp/
INFO: [ app_begin ] --START--
INFO: Run Behavior\ReadHtmlCache [ RunTime:0.001008s ]
INFO: [ app_begin ] --END-- [ RunTime:0.001902s ]
INFO: [ app_end ] --START--
INFO: Run Behavior\ShowPageTrace [ RunTime:0.001014s ]
INFO: [ app_end ] --END-- [ RunTime:0.001157s ]

[ 2016-06-15T22:44:06+08:00 ] 127.0.0.1 /tp/
INFO: [ app_begin ] --START--
INFO: Run Behavior\ReadHtmlCache [ RunTime:0.000681s ]
INFO: [ app_begin ] --END-- [ RunTime:0.001279s ]
INFO: [ app_end ] --START--
INFO: Run Behavior\ShowPageTrace [ RunTime:0.000997s ]
INFO: [ app_end ] --END-- [ RunTime:0.001110s ]

[ 2016-06-15T22:44:06+08:00 ] 127.0.0.1 /tp/
INFO: [ app_begin ] --START--
INFO: Run Behavior\ReadHtmlCache [ RunTime:0.000715s ]
INFO: [ app_begin ] --END-- [ RunTime:0.001326s ]
INFO: [ app_end ] --START--
INFO: Run Behavior\ShowPageTrace [ RunTime:0.000968s ]
INFO: [ app_end ] --END-- [ RunTime:0.001109s ]

[ 2016-06-15T22:44:06+08:00 ] 127.0.0.1 /tp/
INFO: [ app_begin ] --START--
INFO: Run Behavior\ReadHtmlCache [ RunTime:0.000627s ]
INFO: [ app_begin ] --END-- [ RunTime:0.001085s ]
INFO: [ app_end ] --START--
INFO: Run Behavior\ShowPageTrace [ RunTime:0.001077s ]
INFO: [ app_end ] --END-- [ RunTime:0.001208s ]

[ 2016-06-15T22:44:06+08:00 ] 127.0.0.1 /tp/
INFO: [ app_begin ] --START--
INFO: Run Behavior\ReadHtmlCache [ RunTime:0.000489s ]
INFO: [ app_begin ] --END-- [ RunTime:0.000842s ]
INFO: [ app_end ] --START--
INFO: Run Behavior\ShowPageTrace [ RunTime:0.000492s ]
INFO: [ app_end ] --END-- [ RunTime:0.000563s ]

[ 2016-06-15T22:44:06+08:00 ] 127.0.0.1 /tp/
INFO: [ app_begin ] --START--
INFO: Run Behavior\ReadHtmlCache [ RunTime:0.000498s ]
INFO: [ app_begin ] --END-- [ RunTime:0.000875s ]
INFO: [ app_end ] --START--
INFO: Run Behavior\ShowPageTrace [ RunTime:0.000727s ]
INFO: [ app_end ] --END-- [ RunTime:0.000867s ]

[ 2016-06-15T22:44:06+08:00 ] 127.0.0.1 /tp/
INFO: [ app_begin ] --START--
INFO: Run Behavior\ReadHtmlCache [ RunTime:0.000506s ]
INFO: [ app_begin ] --END-- [ RunTime:0.000954s ]
INFO: [ app_end ] --START--
INFO: Run Behavior\ShowPageTrace [ RunTime:0.000656s ]
INFO: [ app_end ] --END-- [ RunTime:0.000758s ]

[ 2016-06-15T22:44:06+08:00 ] 127.0.0.1 /tp/
INFO: [ app_begin ] --START--
INFO: Run Behavior\ReadHtmlCache [ RunTime:0.000503s ]
INFO: [ app_begin ] --END-- [ RunTime:0.000879s ]
INFO: [ app_end ] --START--
INFO: Run Behavior\ShowPageTrace [ RunTime:0.000541s ]
INFO: [ app_end ] --END-- [ RunTime:0.000618s ]

[ 2016-06-15T22:44:06+08:00 ] 127.0.0.1 /tp/
INFO: [ app_begin ] --START--
INFO: Run Behavior\ReadHtmlCache [ RunTime:0.000740s ]
INFO: [ app_begin ] --END-- [ RunTime:0.001518s ]
INFO: [ app_end ] --START--
INFO: Run Behavior\ShowPageTrace [ RunTime:0.000526s ]
INFO: [ app_end ] --END-- [ RunTime:0.000638s ]

[ 2016-06-15T22:44:06+08:00 ] 127.0.0.1 /tp/
INFO: [ app_begin ] --START--
INFO: Run Behavior\ReadHtmlCache [ RunTime:0.000505s ]
INFO: [ app_begin ] --END-- [ RunTime:0.000899s ]
INFO: [ app_end ] --START--
INFO: Run Behavior\ShowPageTrace [ RunTime:0.000577s ]
INFO: [ app_end ] --END-- [ RunTime:0.000668s ]

[ 2016-06-15T22:44:06+08:00 ] 127.0.0.1 /tp/
INFO: [ app_begin ] --START--
INFO: Run Behavior\ReadHtmlCache [ RunTime:0.000496s ]
INFO: [ app_begin ] --END-- [ RunTime:0.000873s ]
INFO: [ app_end ] --START--
INFO: Run Behavior\ShowPageTrace [ RunTime:0.000928s ]
INFO: [ app_end ] --END-- [ RunTime:0.001105s ]

[ 2016-06-15T22:44:06+08:00 ] 127.0.0.1 /tp/
INFO: [ app_begin ] --START--
INFO: Run Behavior\ReadHtmlCache [ RunTime:0.001383s ]
INFO: [ app_begin ] --END-- [ RunTime:0.002179s ]
INFO: [ app_end ] --START--
INFO: Run Behavior\ShowPageTrace [ RunTime:0.001534s ]
INFO: [ app_end ] --END-- [ RunTime:0.001823s ]

[ 2016-06-15T22:44:06+08:00 ] 127.0.0.1 /tp/
INFO: [ app_begin ] --START--
INFO: Run Behavior\ReadHtmlCache [ RunTime:0.000737s ]
INFO: [ app_begin ] --END-- [ RunTime:0.001149s ]
INFO: [ app_end ] --START--
INFO: Run Behavior\ShowPageTrace [ RunTime:0.000564s ]
INFO: [ app_end ] --END-- [ RunTime:0.000645s ]

[ 2016-06-15T22:44:06+08:00 ] 127.0.0.1 /tp/
INFO: [ app_begin ] --START--
INFO: Run Behavior\ReadHtmlCache [ RunTime:0.000531s ]
INFO: [ app_begin ] --END-- [ RunTime:0.000917s ]
INFO: [ app_end ] --START--
INFO: Run Behavior\ShowPageTrace [ RunTime:0.000526s ]
INFO: [ app_end ] --END-- [ RunTime:0.000603s ]

[ 2016-06-15T22:44:07+08:00 ] 127.0.0.1 /tp/
INFO: [ app_begin ] --START--
INFO: Run Behavior\ReadHtmlCache [ RunTime:0.000500s ]
INFO: [ app_begin ] --END-- [ RunTime:0.000881s ]
INFO: [ app_end ] --START--
INFO: Run Behavior\ShowPageTrace [ RunTime:0.001122s ]
INFO: [ app_end ] --END-- [ RunTime:0.001391s ]

[ 2016-06-15T22:44:07+08:00 ] 127.0.0.1 /tp/
INFO: [ app_begin ] --START--
INFO: Run Behavior\ReadHtmlCache [ RunTime:0.000953s ]
INFO: [ app_begin ] --END-- [ RunTime:0.001699s ]
INFO: [ app_end ] --START--
INFO: Run Behavior\ShowPageTrace [ RunTime:0.000668s ]
INFO: [ app_end ] --END-- [ RunTime:0.000780s ]

[ 2016-06-15T22:44:07+08:00 ] 127.0.0.1 /tp/
INFO: [ app_begin ] --START--
INFO: Run Behavior\ReadHtmlCache [ RunTime:0.000536s ]
INFO: [ app_begin ] --END-- [ RunTime:0.000961s ]
INFO: [ app_end ] --START--
INFO: Run Behavior\ShowPageTrace [ RunTime:0.000538s ]
INFO: [ app_end ] --END-- [ RunTime:0.000617s ]

[ 2016-06-15T22:44:07+08:00 ] 127.0.0.1 /tp/
INFO: [ app_begin ] --START--
INFO: Run Behavior\ReadHtmlCache [ RunTime:0.001074s ]
INFO: [ app_begin ] --END-- [ RunTime:0.001771s ]
INFO: [ app_end ] --START--
INFO: Run Behavior\ShowPageTrace [ RunTime:0.000881s ]
INFO: [ app_end ] --END-- [ RunTime:0.001012s ]

[ 2016-06-15T22:44:07+08:00 ] 127.0.0.1 /tp/
INFO: [ app_begin ] --START--
INFO: Run Behavior\ReadHtmlCache [ RunTime:0.001438s ]
INFO: [ app_begin ] --END-- [ RunTime:0.002256s ]
INFO: [ app_end ] --START--
INFO: Run Behavior\ShowPageTrace [ RunTime:0.001723s ]
INFO: [ app_end ] --END-- [ RunTime:0.002056s ]

[ 2016-06-15T22:44:07+08:00 ] 127.0.0.1 /tp/
INFO: [ app_begin ] --START--
INFO: Run Behavior\ReadHtmlCache [ RunTime:0.000460s ]
INFO: [ app_begin ] --END-- [ RunTime:0.000827s ]
INFO: [ app_end ] --START--
INFO: Run Behavior\ShowPageTrace [ RunTime:0.000678s ]
INFO: [ app_end ] --END-- [ RunTime:0.000778s ]

[ 2016-06-15T22:44:07+08:00 ] 127.0.0.1 /tp/
INFO: [ app_begin ] --START--
INFO: Run Behavior\ReadHtmlCache [ RunTime:0.000514s ]
INFO: [ app_begin ] --END-- [ RunTime:0.001081s ]
INFO: [ app_end ] --START--
INFO: Run Behavior\ShowPageTrace [ RunTime:0.000577s ]
INFO: [ app_end ] --END-- [ RunTime:0.000657s ]

[ 2016-06-15T22:44:07+08:00 ] 127.0.0.1 /tp/
INFO: [ app_begin ] --START--
INFO: Run Behavior\ReadHtmlCache [ RunTime:0.000543s ]
INFO: [ app_begin ] --END-- [ RunTime:0.000958s ]
INFO: [ app_end ] --START--
INFO: Run Behavior\ShowPageTrace [ RunTime:0.000495s ]
INFO: [ app_end ] --END-- [ RunTime:0.000570s ]

[ 2016-06-15T22:44:08+08:00 ] 127.0.0.1 /tp/
INFO: [ app_begin ] --START--
INFO: Run Behavior\ReadHtmlCache [ RunTime:0.003433s ]
INFO: [ app_begin ] --END-- [ RunTime:0.004547s ]
INFO: [ app_end ] --START--
INFO: Run Behavior\ShowPageTrace [ RunTime:0.001063s ]
INFO: [ app_end ] --END-- [ RunTime:0.001203s ]

[ 2016-06-15T22:44:08+08:00 ] 127.0.0.1 /tp/
INFO: [ app_begin ] --START--
INFO: Run Behavior\ReadHtmlCache [ RunTime:0.000504s ]
INFO: [ app_begin ] --END-- [ RunTime:0.000896s ]
INFO: [ app_end ] --START--
INFO: Run Behavior\ShowPageTrace [ RunTime:0.000694s ]
INFO: [ app_end ] --END-- [ RunTime:0.000793s ]

[ 2016-06-15T22:44:08+08:00 ] 127.0.0.1 /tp/
INFO: [ app_begin ] --START--
INFO: Run Behavior\ReadHtmlCache [ RunTime:0.000635s ]
INFO: [ app_begin ] --END-- [ RunTime:0.001410s ]
INFO: [ app_end ] --START--
INFO: Run Behavior\ShowPageTrace [ RunTime:0.000529s ]
INFO: [ app_end ] --END-- [ RunTime:0.000609s ]

[ 2016-06-15T22:44:08+08:00 ] 127.0.0.1 /tp/
INFO: [ app_begin ] --START--
INFO: Run Behavior\ReadHtmlCache [ RunTime:0.000490s ]
INFO: [ app_begin ] --END-- [ RunTime:0.000865s ]
INFO: [ app_end ] --START--
INFO: Run Behavior\ShowPageTrace [ RunTime:0.000540s ]
INFO: [ app_end ] --END-- [ RunTime:0.000621s ]

[ 2016-06-15T22:44:08+08:00 ] 127.0.0.1 /tp/
INFO: [ app_begin ] --START--
INFO: Run Behavior\ReadHtmlCache [ RunTime:0.000787s ]
INFO: [ app_begin ] --END-- [ RunTime:0.001194s ]
INFO: [ app_end ] --START--
INFO: Run Behavior\ShowPageTrace [ RunTime:0.000538s ]
INFO: [ app_end ] --END-- [ RunTime:0.000620s ]

[ 2016-06-15T22:44:08+08:00 ] 127.0.0.1 /tp/
INFO: [ app_begin ] --START--
INFO: Run Behavior\ReadHtmlCache [ RunTime:0.000512s ]
INFO: [ app_begin ] --END-- [ RunTime:0.001002s ]
INFO: [ app_end ] --START--
INFO: Run Behavior\ShowPageTrace [ RunTime:0.000554s ]
INFO: [ app_end ] --END-- [ RunTime:0.000635s ]

[ 2016-06-15T22:44:08+08:00 ] 127.0.0.1 /tp/
INFO: [ app_begin ] --START--
INFO: Run Behavior\ReadHtmlCache [ RunTime:0.000513s ]
INFO: [ app_begin ] --END-- [ RunTime:0.000964s ]
INFO: [ app_end ] --START--
INFO: Run Behavior\ShowPageTrace [ RunTime:0.000545s ]
INFO: [ app_end ] --END-- [ RunTime:0.000624s ]

[ 2016-06-15T22:44:08+08:00 ] 127.0.0.1 /tp/
INFO: [ app_begin ] --START--
INFO: Run Behavior\ReadHtmlCache [ RunTime:0.000611s ]
INFO: [ app_begin ] --END-- [ RunTime:0.001125s ]
INFO: [ app_end ] --START--
INFO: Run Behavior\ShowPageTrace [ RunTime:0.000542s ]
INFO: [ app_end ] --END-- [ RunTime:0.000624s ]

[ 2016-06-15T22:45:20+08:00 ] 127.0.0.1 /tp/
INFO: [ app_begin ] --START--
INFO: Run Behavior\ReadHtmlCache [ RunTime:0.001085s ]
INFO: [ app_begin ] --END-- [ RunTime:0.002679s ]
INFO: [ app_end ] --START--
INFO: Run Behavior\ShowPageTrace [ RunTime:0.001467s ]
INFO: [ app_end ] --END-- [ RunTime:0.001612s ]

[ 2016-06-15T22:45:21+08:00 ] 127.0.0.1 /tp/
INFO: [ app_begin ] --START--
INFO: Run Behavior\ReadHtmlCache [ RunTime:0.000854s ]
INFO: [ app_begin ] --END-- [ RunTime:0.001492s ]
INFO: [ app_end ] --START--
INFO: Run Behavior\ShowPageTrace [ RunTime:0.000897s ]
INFO: [ app_end ] --END-- [ RunTime:0.001028s ]

[ 2016-06-15T22:45:21+08:00 ] 127.0.0.1 /tp/
INFO: [ app_begin ] --START--
INFO: Run Behavior\ReadHtmlCache [ RunTime:0.001484s ]
INFO: [ app_begin ] --END-- [ RunTime:0.002572s ]
INFO: [ app_end ] --START--
INFO: Run Behavior\ShowPageTrace [ RunTime:0.001042s ]
INFO: [ app_end ] --END-- [ RunTime:0.001177s ]

[ 2016-06-15T22:45:25+08:00 ] 127.0.0.1 /tp/
INFO: [ app_begin ] --START--
INFO: Run Behavior\ReadHtmlCache [ RunTime:0.003095s ]
INFO: [ app_begin ] --END-- [ RunTime:0.004438s ]
INFO: [ app_end ] --START--
INFO: Run Behavior\ShowPageTrace [ RunTime:0.001170s ]
INFO: [ app_end ] --END-- [ RunTime:0.001391s ]

[ 2016-06-15T22:45:26+08:00 ] 127.0.0.1 /tp/
INFO: [ app_begin ] --START--
INFO: Run Behavior\ReadHtmlCache [ RunTime:0.001195s ]
INFO: [ app_begin ] --END-- [ RunTime:0.002088s ]
INFO: [ app_end ] --START--
INFO: Run Behavior\ShowPageTrace [ RunTime:0.000619s ]
INFO: [ app_end ] --END-- [ RunTime:0.000705s ]

[ 2016-06-15T22:45:54+08:00 ] 127.0.0.1 /tp/
INFO: [ app_begin ] --START--
INFO: Run Behavior\ReadHtmlCache [ RunTime:0.000948s ]
INFO: [ app_begin ] --END-- [ RunTime:0.001588s ]
INFO: [ app_end ] --START--
INFO: Run Behavior\ShowPageTrace [ RunTime:0.000692s ]
INFO: [ app_end ] --END-- [ RunTime:0.000778s ]

[ 2016-06-15T22:45:58+08:00 ] 127.0.0.1 /tp/
INFO: [ app_begin ] --START--
INFO: Run Behavior\ReadHtmlCache [ RunTime:0.000598s ]
INFO: [ app_begin ] --END-- [ RunTime:0.001271s ]
INFO: [ app_end ] --START--
INFO: Run Behavior\ShowPageTrace [ RunTime:0.000583s ]
INFO: [ app_end ] --END-- [ RunTime:0.000675s ]

[ 2016-06-15T22:45:58+08:00 ] 127.0.0.1 /tp/
INFO: [ app_begin ] --START--
INFO: Run Behavior\ReadHtmlCache [ RunTime:0.000500s ]
INFO: [ app_begin ] --END-- [ RunTime:0.000903s ]
INFO: [ app_end ] --START--
INFO: Run Behavior\ShowPageTrace [ RunTime:0.000556s ]
INFO: [ app_end ] --END-- [ RunTime:0.000654s ]

[ 2016-06-15T22:46:16+08:00 ] 127.0.0.1 /tp/
INFO: [ app_begin ] --START--
INFO: Run Behavior\ReadHtmlCache [ RunTime:0.000551s ]
INFO: [ app_begin ] --END-- [ RunTime:0.000927s ]
NOTIC: [2] explode() expects at least 2 parameters, 1 given E:\development tool\PHPstudy\phpStudy\WWW\tp\Frank\Home\Controller\IndexController.class.php 第 36 行.
INFO: [ app_end ] --START--
INFO: Run Behavior\ShowPageTrace [ RunTime:0.001170s ]
INFO: [ app_end ] --END-- [ RunTime:0.001345s ]

[ 2016-06-15T22:46:23+08:00 ] 127.0.0.1 /tp/
INFO: [ app_begin ] --START--
INFO: Run Behavior\ReadHtmlCache [ RunTime:0.000819s ]
INFO: [ app_begin ] --END-- [ RunTime:0.001431s ]
INFO: [ app_end ] --START--
INFO: Run Behavior\ShowPageTrace [ RunTime:0.001039s ]
INFO: [ app_end ] --END-- [ RunTime:0.001310s ]

[ 2016-06-15T22:46:23+08:00 ] 127.0.0.1 /tp/
INFO: [ app_begin ] --START--
INFO: Run Behavior\ReadHtmlCache [ RunTime:0.000659s ]
INFO: [ app_begin ] --END-- [ RunTime:0.001160s ]
INFO: [ app_end ] --START--
INFO: Run Behavior\ShowPageTrace [ RunTime:0.000720s ]
INFO: [ app_end ] --END-- [ RunTime:0.000821s ]

[ 2016-06-15T22:46:54+08:00 ] 127.0.0.1 /tp/
INFO: [ app_begin ] --START--
INFO: Run Behavior\ReadHtmlCache [ RunTime:0.000775s ]
INFO: [ app_begin ] --END-- [ RunTime:0.001333s ]
INFO: [ app_end ] --START--
INFO: Run Behavior\ShowPageTrace [ RunTime:0.001489s ]
INFO: [ app_end ] --END-- [ RunTime:0.002094s ]

[ 2016-06-15T22:47:48+08:00 ] 127.0.0.1 /tp/
INFO: [ app_begin ] --START--
INFO: Run Behavior\ReadHtmlCache [ RunTime:0.000503s ]
INFO: [ app_begin ] --END-- [ RunTime:0.000923s ]
INFO: [ app_end ] --START--
INFO: Run Behavior\ShowPageTrace [ RunTime:0.000550s ]
INFO: [ app_end ] --END-- [ RunTime:0.000637s ]

[ 2016-06-15T22:47:49+08:00 ] 127.0.0.1 /tp/
INFO: [ app_begin ] --START--
INFO: Run Behavior\ReadHtmlCache [ RunTime:0.000851s ]
INFO: [ app_begin ] --END-- [ RunTime:0.001500s ]
INFO: [ app_end ] --START--
INFO: Run Behavior\ShowPageTrace [ RunTime:0.001363s ]
INFO: [ app_end ] --END-- [ RunTime:0.001542s ]

[ 2016-06-15T22:47:49+08:00 ] 127.0.0.1 /tp/
INFO: [ app_begin ] --START--
INFO: Run Behavior\ReadHtmlCache [ RunTime:0.000857s ]
INFO: [ app_begin ] --END-- [ RunTime:0.001577s ]
INFO: [ app_end ] --START--
INFO: Run Behavior\ShowPageTrace [ RunTime:0.001027s ]
INFO: [ app_end ] --END-- [ RunTime:0.001208s ]

[ 2016-06-15T22:47:56+08:00 ] 127.0.0.1 /tp/
INFO: [ app_begin ] --START--
INFO: Run Behavior\ReadHtmlCache [ RunTime:0.000997s ]
INFO: [ app_begin ] --END-- [ RunTime:0.001477s ]
INFO: [ app_end ] --START--
INFO: Run Behavior\ShowPageTrace [ RunTime:0.000592s ]
INFO: [ app_end ] --END-- [ RunTime:0.000669s ]

[ 2016-06-15T22:47:56+08:00 ] 127.0.0.1 /tp/
INFO: [ app_begin ] --START--
INFO: Run Behavior\ReadHtmlCache [ RunTime:0.001769s ]
INFO: [ app_begin ] --END-- [ RunTime:0.002486s ]
INFO: [ app_end ] --START--
INFO: Run Behavior\ShowPageTrace [ RunTime:0.000517s ]
INFO: [ app_end ] --END-- [ RunTime:0.000595s ]

[ 2016-06-15T22:47:57+08:00 ] 127.0.0.1 /tp/
INFO: [ app_begin ] --START--
INFO: Run Behavior\ReadHtmlCache [ RunTime:0.000741s ]
INFO: [ app_begin ] --END-- [ RunTime:0.001161s ]
INFO: [ app_end ] --START--
INFO: Run Behavior\ShowPageTrace [ RunTime:0.000509s ]
INFO: [ app_end ] --END-- [ RunTime:0.000587s ]

[ 2016-06-15T22:48:08+08:00 ] 127.0.0.1 /tp/
INFO: [ app_begin ] --START--
INFO: Run Behavior\ReadHtmlCache [ RunTime:0.000451s ]
INFO: [ app_begin ] --END-- [ RunTime:0.000830s ]
INFO: [ app_end ] --START--
INFO: Run Behavior\ShowPageTrace [ RunTime:0.000544s ]
INFO: [ app_end ] --END-- [ RunTime:0.000615s ]

[ 2016-06-15T22:48:09+08:00 ] 127.0.0.1 /tp/
INFO: [ app_begin ] --START--
INFO: Run Behavior\ReadHtmlCache [ RunTime:0.001349s ]
INFO: [ app_begin ] --END-- [ RunTime:0.002392s ]
INFO: [ app_end ] --START--
INFO: Run Behavior\ShowPageTrace [ RunTime:0.001497s ]
INFO: [ app_end ] --END-- [ RunTime:0.001786s ]

[ 2016-06-15T22:48:09+08:00 ] 127.0.0.1 /tp/
INFO: [ app_begin ] --START--
INFO: Run Behavior\ReadHtmlCache [ RunTime:0.000947s ]
INFO: [ app_begin ] --END-- [ RunTime:0.001523s ]
INFO: [ app_end ] --START--
INFO: Run Behavior\ShowPageTrace [ RunTime:0.000876s ]
INFO: [ app_end ] --END-- [ RunTime:0.001004s ]

