[ 2016-08-14T10:22:00+08:00 ] 127.0.0.1 /tp/admin/index
INFO: [ app_begin ] --START--
INFO: Run Behavior\ReadHtmlCache [ RunTime:0.010898s ]
INFO: [ app_begin ] --END-- [ RunTime:0.044396s ]
INFO: [ view_parse ] --START--
INFO: [ template_filter ] --START--
INFO: Run Behavior\ContentReplace [ RunTime:0.000081s ]
INFO: [ template_filter ] --END-- [ RunTime:0.000176s ]
INFO: Run Behavior\ParseTemplate [ RunTime:0.171953s ]
INFO: [ view_parse ] --END-- [ RunTime:0.172075s ]
INFO: [ view_filter ] --START--
INFO: Run Behavior\WriteHtmlCache [ RunTime:0.008780s ]
INFO: [ view_filter ] --END-- [ RunTime:0.008856s ]
INFO: [ app_end ] --START--
INFO: Run Behavior\ShowPageTrace [ RunTime:0.047763s ]
INFO: [ app_end ] --END-- [ RunTime:0.047888s ]

[ 2016-08-14T10:22:02+08:00 ] 127.0.0.1 /tp/admin/index_v148b2.html?v=4.0
INFO: [ app_begin ] --START--
INFO: Run Behavior\ReadHtmlCache [ RunTime:0.000832s ]
INFO: [ app_begin ] --END-- [ RunTime:0.001819s ]
ERR: æ— æ³•åŠ è½½æŽ§åˆ¶å™¨:Index_v148b2

[ 2016-08-14T10:22:18+08:00 ] 127.0.0.1 /tp/index.php/Admin/Index/table.html
INFO: [ app_begin ] --START--
INFO: Run Behavior\ReadHtmlCache [ RunTime:0.000919s ]
INFO: [ app_begin ] --END-- [ RunTime:0.001486s ]
SQL: SHOW COLUMNS FROM `think_frank` [ RunTime:0.159706s ]
SQL: SELECT * FROM `think_frank`  [ RunTime:0.000500s ]
SQL: SHOW COLUMNS FROM `think_frank` [ RunTime:0.004083s ]
SQL: SELECT * FROM `think_frank` LIMIT 1   [ RunTime:0.007285s ]
INFO: [ view_parse ] --START--
INFO: [ template_filter ] --START--
INFO: Run Behavior\ContentReplace [ RunTime:0.000073s ]
INFO: [ template_filter ] --END-- [ RunTime:0.000152s ]
NOTIC: [8] Use of undefined constant table - assumed 'table' E:\development tool\PHPstudy\phpStudy\WWW\tp\Frank\Runtime\Cache\Admin\dfc62204f336d4a0243aef3e3d5b127f.php ç¬¬ 175 è¡Œ.
NOTIC: [8] Use of undefined constant table - assumed 'table' E:\development tool\PHPstudy\phpStudy\WWW\tp\Frank\Runtime\Cache\Admin\dfc62204f336d4a0243aef3e3d5b127f.php ç¬¬ 193 è¡Œ.
NOTIC: [8] Use of undefined constant table - assumed 'table' E:\development tool\PHPstudy\phpStudy\WWW\tp\Frank\Runtime\Cache\Admin\dfc62204f336d4a0243aef3e3d5b127f.php ç¬¬ 210 è¡Œ.
INFO: Run Behavior\ParseTemplate [ RunTime:0.059156s ]
INFO: [ view_parse ] --END-- [ RunTime:0.059242s ]
INFO: [ view_filter ] --START--
INFO: Run Behavior\WriteHtmlCache [ RunTime:0.000349s ]
INFO: [ view_filter ] --END-- [ RunTime:0.000406s ]
INFO: [ app_end ] --START--
INFO: Run Behavior\ShowPageTrace [ RunTime:0.000889s ]
INFO: [ app_end ] --END-- [ RunTime:0.001011s ]

[ 2016-08-14T11:43:28+08:00 ] 127.0.0.1 /tp/index.php/Admin/Index/table.html?action=two
INFO: [ app_begin ] --START--
INFO: Run Behavior\ReadHtmlCache [ RunTime:0.023595s ]
INFO: [ app_begin ] --END-- [ RunTime:0.123321s ]
SQL: SHOW COLUMNS FROM `think_frank` [ RunTime:2.416237s ]
SQL: SELECT * FROM `think_frank`  [ RunTime:0.000478s ]
SQL: SHOW COLUMNS FROM `think_frank` [ RunTime:0.006539s ]
SQL: SELECT * FROM `think_frank` LIMIT 1   [ RunTime:0.017298s ]
SQL: SHOW COLUMNS FROM `think_frank` [ RunTime:0.005573s ]
SQL: DELETE FROM `think_frank` WHERE ( `id` = 16 ) [ RunTime:0.174734s ]

[ 2016-08-14T11:43:30+08:00 ] 127.0.0.1 /tp/index.php/Admin/Index/table.html?action=two
INFO: [ app_begin ] --START--
INFO: Run Behavior\ReadHtmlCache [ RunTime:0.023557s ]
INFO: [ app_begin ] --END-- [ RunTime:0.123321s ]
SQL: SHOW COLUMNS FROM `think_frank` [ RunTime:0.020303s ]
SQL: SELECT * FROM `think_frank`  [ RunTime:0.000600s ]
SQL: SHOW COLUMNS FROM `think_frank` [ RunTime:0.006628s ]
SQL: SELECT * FROM `think_frank` LIMIT 1   [ RunTime:0.000407s ]
SQL: SHOW COLUMNS FROM `think_frank` [ RunTime:0.006148s ]
SQL: DELETE FROM `think_frank` WHERE ( `id` = 15 ) [ RunTime:0.000613s ]

[ 2016-08-14T11:43:33+08:00 ] 127.0.0.1 /tp/index.php/Admin/Index/table.html
INFO: [ app_begin ] --START--
INFO: Run Behavior\ReadHtmlCache [ RunTime:0.000742s ]
INFO: [ app_begin ] --END-- [ RunTime:0.001248s ]
SQL: SHOW COLUMNS FROM `think_frank` [ RunTime:0.008439s ]
SQL: SELECT * FROM `think_frank`  [ RunTime:0.000360s ]
SQL: SHOW COLUMNS FROM `think_frank` [ RunTime:0.005757s ]
SQL: SELECT * FROM `think_frank` LIMIT 1   [ RunTime:0.000397s ]
INFO: [ view_parse ] --START--
INFO: [ template_filter ] --START--
INFO: Run Behavior\ContentReplace [ RunTime:0.000071s ]
INFO: [ template_filter ] --END-- [ RunTime:0.000148s ]
NOTIC: [8] Use of undefined constant table - assumed 'table' E:\development tool\PHPstudy\phpStudy\WWW\tp\Frank\Runtime\Cache\Admin\dfc62204f336d4a0243aef3e3d5b127f.php ç¬¬ 175 è¡Œ.
NOTIC: [8] Use of undefined constant table - assumed 'table' E:\development tool\PHPstudy\phpStudy\WWW\tp\Frank\Runtime\Cache\Admin\dfc62204f336d4a0243aef3e3d5b127f.php ç¬¬ 193 è¡Œ.
NOTIC: [8] Use of undefined constant table - assumed 'table' E:\development tool\PHPstudy\phpStudy\WWW\tp\Frank\Runtime\Cache\Admin\dfc62204f336d4a0243aef3e3d5b127f.php ç¬¬ 210 è¡Œ.
INFO: Run Behavior\ParseTemplate [ RunTime:1.322797s ]
INFO: [ view_parse ] --END-- [ RunTime:1.322907s ]
INFO: [ view_filter ] --START--
INFO: Run Behavior\WriteHtmlCache [ RunTime:0.055283s ]
INFO: [ view_filter ] --END-- [ RunTime:0.055394s ]
INFO: [ app_end ] --START--
INFO: Run Behavior\ShowPageTrace [ RunTime:0.214137s ]
INFO: [ app_end ] --END-- [ RunTime:0.214263s ]

[ 2016-08-14T11:43:57+08:00 ] 127.0.0.1 /tp/index.php/Admin/Index/table.html?action=three
INFO: [ app_begin ] --START--
INFO: Run Behavior\ReadHtmlCache [ RunTime:0.001512s ]
INFO: [ app_begin ] --END-- [ RunTime:0.002556s ]
SQL: SHOW COLUMNS FROM `think_frank` [ RunTime:0.004754s ]
SQL: SELECT * FROM `think_frank`  [ RunTime:0.000311s ]
SQL: SHOW COLUMNS FROM `think_frank` [ RunTime:0.005166s ]
SQL: SELECT * FROM `think_frank` LIMIT 1   [ RunTime:0.000325s ]
SQL: SHOW COLUMNS FROM `think_frank` [ RunTime:0.005280s ]
SQL: UPDATE `think_frank` SET `name`='ç†Šå»ºæ–\°',`sex`='ç”\·',`age`=25 WHERE ( id=4 ) [ RunTime:0.058432s ]
INFO: [ view_parse ] --START--
INFO: [ template_filter ] --START--
INFO: Run Behavior\ContentReplace [ RunTime:0.000085s ]
INFO: [ template_filter ] --END-- [ RunTime:0.000173s ]
NOTIC: [8] Use of undefined constant table - assumed 'table' E:\development tool\PHPstudy\phpStudy\WWW\tp\Frank\Runtime\Cache\Admin\dfc62204f336d4a0243aef3e3d5b127f.php ç¬¬ 175 è¡Œ.
NOTIC: [8] Use of undefined constant table - assumed 'table' E:\development tool\PHPstudy\phpStudy\WWW\tp\Frank\Runtime\Cache\Admin\dfc62204f336d4a0243aef3e3d5b127f.php ç¬¬ 193 è¡Œ.
NOTIC: [8] Use of undefined constant table - assumed 'table' E:\development tool\PHPstudy\phpStudy\WWW\tp\Frank\Runtime\Cache\Admin\dfc62204f336d4a0243aef3e3d5b127f.php ç¬¬ 210 è¡Œ.
INFO: Run Behavior\ParseTemplate [ RunTime:0.012169s ]
INFO: [ view_parse ] --END-- [ RunTime:0.012266s ]
INFO: [ view_filter ] --START--
INFO: Run Behavior\WriteHtmlCache [ RunTime:0.000439s ]
INFO: [ view_filter ] --END-- [ RunTime:0.000496s ]
INFO: [ app_end ] --START--
INFO: Run Behavior\ShowPageTrace [ RunTime:0.001018s ]
INFO: [ app_end ] --END-- [ RunTime:0.001144s ]

[ 2016-08-14T11:43:58+08:00 ] 127.0.0.1 /tp/index.php/Admin/Index/table.html
INFO: [ app_begin ] --START--
INFO: Run Behavior\ReadHtmlCache [ RunTime:0.000490s ]
INFO: [ app_begin ] --END-- [ RunTime:0.000877s ]
SQL: SHOW COLUMNS FROM `think_frank` [ RunTime:0.005821s ]
SQL: SELECT * FROM `think_frank`  [ RunTime:0.000404s ]
SQL: SHOW COLUMNS FROM `think_frank` [ RunTime:0.005322s ]
SQL: SELECT * FROM `think_frank` LIMIT 1   [ RunTime:0.000329s ]
INFO: [ view_parse ] --START--
INFO: [ template_filter ] --START--
INFO: Run Behavior\ContentReplace [ RunTime:0.000070s ]
INFO: [ template_filter ] --END-- [ RunTime:0.000143s ]
NOTIC: [8] Use of undefined constant table - assumed 'table' E:\development tool\PHPstudy\phpStudy\WWW\tp\Frank\Runtime\Cache\Admin\dfc62204f336d4a0243aef3e3d5b127f.php ç¬¬ 175 è¡Œ.
NOTIC: [8] Use of undefined constant table - assumed 'table' E:\development tool\PHPstudy\phpStudy\WWW\tp\Frank\Runtime\Cache\Admin\dfc62204f336d4a0243aef3e3d5b127f.php ç¬¬ 193 è¡Œ.
NOTIC: [8] Use of undefined constant table - assumed 'table' E:\development tool\PHPstudy\phpStudy\WWW\tp\Frank\Runtime\Cache\Admin\dfc62204f336d4a0243aef3e3d5b127f.php ç¬¬ 210 è¡Œ.
INFO: Run Behavior\ParseTemplate [ RunTime:0.010602s ]
INFO: [ view_parse ] --END-- [ RunTime:0.010671s ]
INFO: [ view_filter ] --START--
INFO: Run Behavior\WriteHtmlCache [ RunTime:0.000358s ]
INFO: [ view_filter ] --END-- [ RunTime:0.000428s ]
INFO: [ app_end ] --START--
INFO: Run Behavior\ShowPageTrace [ RunTime:0.001512s ]
INFO: [ app_end ] --END-- [ RunTime:0.001638s ]

