[ 2016-07-28T08:42:56+08:00 ] 127.0.0.1 /tp/home/index
INFO: [ app_begin ] --START--
INFO: Run Behavior\ReadHtmlCache [ RunTime:0.011703s ]
INFO: [ app_begin ] --END-- [ RunTime:0.054066s ]
SQL: SHOW COLUMNS FROM `think_user` [ RunTime:0.090467s ]
SQL: SELECT * FROM `think_user`  [ RunTime:0.000593s ]
INFO: [ view_parse ] --START--
INFO: [ template_filter ] --START--
INFO: Run Behavior\ContentReplace [ RunTime:0.000160s ]
INFO: [ template_filter ] --END-- [ RunTime:0.000664s ]
INFO: Run Behavior\ParseTemplate [ RunTime:0.044958s ]
INFO: [ view_parse ] --END-- [ RunTime:0.045134s ]
INFO: [ view_filter ] --START--
INFO: Run Behavior\WriteHtmlCache [ RunTime:0.001077s ]
INFO: [ view_filter ] --END-- [ RunTime:0.001169s ]
INFO: [ app_end ] --START--
INFO: Run Behavior\ShowPageTrace [ RunTime:0.013976s ]
INFO: [ app_end ] --END-- [ RunTime:0.014098s ]

[ 2016-07-28T08:43:42+08:00 ] 127.0.0.1 /tp/home/login
INFO: [ app_begin ] --START--
INFO: Run Behavior\ReadHtmlCache [ RunTime:0.000853s ]
INFO: [ app_begin ] --END-- [ RunTime:0.001379s ]
ERR: 无法加载控制器:Login

[ 2016-07-28T08:43:56+08:00 ] 127.0.0.1 /tp/home/index/login
INFO: [ app_begin ] --START--
INFO: Run Behavior\ReadHtmlCache [ RunTime:0.001239s ]
INFO: [ app_begin ] --END-- [ RunTime:0.002640s ]
INFO: [ view_parse ] --START--
INFO: [ template_filter ] --START--
INFO: Run Behavior\ContentReplace [ RunTime:0.000045s ]
INFO: [ template_filter ] --END-- [ RunTime:0.000118s ]
INFO: Run Behavior\ParseTemplate [ RunTime:0.108222s ]
INFO: [ view_parse ] --END-- [ RunTime:0.108352s ]
INFO: [ view_filter ] --START--
INFO: Run Behavior\WriteHtmlCache [ RunTime:0.000379s ]
INFO: [ view_filter ] --END-- [ RunTime:0.000443s ]
INFO: [ app_end ] --START--
INFO: Run Behavior\ShowPageTrace [ RunTime:0.000563s ]
INFO: [ app_end ] --END-- [ RunTime:0.000623s ]

[ 2016-07-28T08:44:22+08:00 ] 127.0.0.1 /tp/Home/index/login
INFO: [ app_begin ] --START--
INFO: Run Behavior\ReadHtmlCache [ RunTime:0.000477s ]
INFO: [ app_begin ] --END-- [ RunTime:0.000830s ]
SQL: SHOW COLUMNS FROM `think_admin` [ RunTime:0.081119s ]
SQL: SELECT * FROM `think_admin` WHERE ( `username` = 'root' ) AND ( `password` = 'root' )  [ RunTime:0.037834s ]

[ 2016-07-28T08:44:47+08:00 ] 127.0.0.1 /tp/Home/index/login
INFO: [ app_begin ] --START--
INFO: Run Behavior\ReadHtmlCache [ RunTime:0.000489s ]
INFO: [ app_begin ] --END-- [ RunTime:0.000853s ]
SQL: SHOW COLUMNS FROM `think_admin` [ RunTime:0.003787s ]
SQL: SELECT * FROM `think_admin` WHERE ( `username` = 'root' ) AND ( `password` = 'root' )  [ RunTime:0.000292s ]

[ 2016-07-28T08:44:57+08:00 ] 127.0.0.1 /tp/Home/index/login
INFO: [ app_begin ] --START--
INFO: Run Behavior\ReadHtmlCache [ RunTime:0.002057s ]
INFO: [ app_begin ] --END-- [ RunTime:0.002753s ]
SQL: SHOW COLUMNS FROM `think_admin` [ RunTime:0.003658s ]
SQL: SELECT * FROM `think_admin` WHERE ( `username` = 'admin' ) AND ( `password` = '123456' )  [ RunTime:0.000344s ]

[ 2016-07-28T08:45:04+08:00 ] 127.0.0.1 /tp/Home/index/login
INFO: [ app_begin ] --START--
INFO: Run Behavior\ReadHtmlCache [ RunTime:0.000482s ]
INFO: [ app_begin ] --END-- [ RunTime:0.000936s ]
SQL: SHOW COLUMNS FROM `think_admin` [ RunTime:0.018012s ]
SQL: SELECT * FROM `think_admin` WHERE ( `username` = 'admin' ) AND ( `password` = '123456' )  [ RunTime:0.000480s ]

[ 2016-07-28T08:45:15+08:00 ] 127.0.0.1 /tp/Home/index/login
INFO: [ app_begin ] --START--
INFO: Run Behavior\ReadHtmlCache [ RunTime:0.002417s ]
INFO: [ app_begin ] --END-- [ RunTime:0.003908s ]
SQL: SHOW COLUMNS FROM `think_admin` [ RunTime:0.004420s ]
SQL: SELECT * FROM `think_admin` WHERE ( `username` = 'admin' ) AND ( `password` = '123456' )  [ RunTime:0.000388s ]

[ 2016-07-28T08:48:54+08:00 ] 127.0.0.1 /tp/home/index/login
INFO: [ app_begin ] --START--
INFO: Run Behavior\ReadHtmlCache [ RunTime:0.001451s ]
INFO: [ app_begin ] --END-- [ RunTime:0.002138s ]
INFO: [ view_parse ] --START--
INFO: [ template_filter ] --START--
INFO: Run Behavior\ContentReplace [ RunTime:0.000071s ]
INFO: [ template_filter ] --END-- [ RunTime:0.000194s ]
INFO: Run Behavior\ParseTemplate [ RunTime:0.009659s ]
INFO: [ view_parse ] --END-- [ RunTime:0.010022s ]
INFO: [ view_filter ] --START--
INFO: Run Behavior\WriteHtmlCache [ RunTime:0.000916s ]
INFO: [ view_filter ] --END-- [ RunTime:0.001061s ]
INFO: [ app_end ] --START--
INFO: Run Behavior\ShowPageTrace [ RunTime:0.002117s ]
INFO: [ app_end ] --END-- [ RunTime:0.002426s ]

[ 2016-07-28T08:49:01+08:00 ] 127.0.0.1 /tp/Home/index/login
INFO: [ app_begin ] --START--
INFO: Run Behavior\ReadHtmlCache [ RunTime:0.000502s ]
INFO: [ app_begin ] --END-- [ RunTime:0.000874s ]
SQL: SHOW COLUMNS FROM `think_admin` [ RunTime:0.004123s ]
SQL: SELECT * FROM `think_admin` WHERE ( `username` = 'admin' ) AND ( `password` = '123456' )  [ RunTime:0.000539s ]

[ 2016-07-28T08:53:50+08:00 ] 127.0.0.1 /tp/home/index/login
INFO: [ app_begin ] --START--
INFO: Run Behavior\ReadHtmlCache [ RunTime:0.001750s ]
INFO: [ app_begin ] --END-- [ RunTime:0.002527s ]
INFO: [ view_parse ] --START--
INFO: [ template_filter ] --START--
INFO: Run Behavior\ContentReplace [ RunTime:0.000064s ]
INFO: [ template_filter ] --END-- [ RunTime:0.000188s ]
INFO: Run Behavior\ParseTemplate [ RunTime:0.010127s ]
INFO: [ view_parse ] --END-- [ RunTime:0.010451s ]
INFO: [ view_filter ] --START--
INFO: Run Behavior\WriteHtmlCache [ RunTime:0.001040s ]
INFO: [ view_filter ] --END-- [ RunTime:0.001172s ]
INFO: [ app_end ] --START--
INFO: Run Behavior\ShowPageTrace [ RunTime:0.001781s ]
INFO: [ app_end ] --END-- [ RunTime:0.002135s ]

[ 2016-07-28T08:53:58+08:00 ] 127.0.0.1 /tp/Home/index/login
INFO: [ app_begin ] --START--
INFO: Run Behavior\ReadHtmlCache [ RunTime:0.000550s ]
INFO: [ app_begin ] --END-- [ RunTime:0.000989s ]
SQL: SHOW COLUMNS FROM `think_admin` [ RunTime:0.006133s ]
SQL: SELECT * FROM `think_admin` WHERE ( `username` = 'admin' ) AND ( `password` = '123456' )  [ RunTime:0.000538s ]

[ 2016-07-28T08:57:36+08:00 ] 127.0.0.1 /tp/home/index/login
INFO: [ app_begin ] --START--
INFO: Run Behavior\ReadHtmlCache [ RunTime:0.000738s ]
INFO: [ app_begin ] --END-- [ RunTime:0.001309s ]
INFO: [ view_parse ] --START--
INFO: [ template_filter ] --START--
INFO: Run Behavior\ContentReplace [ RunTime:0.000053s ]
INFO: [ template_filter ] --END-- [ RunTime:0.000154s ]
INFO: Run Behavior\ParseTemplate [ RunTime:0.007566s ]
INFO: [ view_parse ] --END-- [ RunTime:0.007678s ]
INFO: [ view_filter ] --START--
INFO: Run Behavior\WriteHtmlCache [ RunTime:0.000432s ]
INFO: [ view_filter ] --END-- [ RunTime:0.000551s ]
INFO: [ app_end ] --START--
INFO: Run Behavior\ShowPageTrace [ RunTime:0.002585s ]
INFO: [ app_end ] --END-- [ RunTime:0.002778s ]

[ 2016-07-28T08:57:39+08:00 ] 127.0.0.1 /tp/Home/index/login
INFO: [ app_begin ] --START--
INFO: Run Behavior\ReadHtmlCache [ RunTime:0.000474s ]
INFO: [ app_begin ] --END-- [ RunTime:0.000820s ]
SQL: SHOW COLUMNS FROM `think_admin` [ RunTime:0.005051s ]
SQL: SELECT * FROM `think_admin` WHERE ( `username` = 'root' ) AND ( `password` = 'root' )  [ RunTime:0.000340s ]

[ 2016-07-28T08:57:49+08:00 ] 127.0.0.1 /tp/Home/index/login
INFO: [ app_begin ] --START--
INFO: Run Behavior\ReadHtmlCache [ RunTime:0.000473s ]
INFO: [ app_begin ] --END-- [ RunTime:0.000809s ]
SQL: SHOW COLUMNS FROM `think_admin` [ RunTime:0.005252s ]
SQL: SELECT * FROM `think_admin` WHERE ( `username` = 'admin' ) AND ( `password` = '123456' )  [ RunTime:0.000735s ]

[ 2016-07-28T09:00:01+08:00 ] 127.0.0.1 /tp/home/index/login
INFO: [ app_begin ] --START--
INFO: Run Behavior\ReadHtmlCache [ RunTime:0.000920s ]
INFO: [ app_begin ] --END-- [ RunTime:0.001856s ]
INFO: [ view_parse ] --START--
INFO: [ template_filter ] --START--
INFO: Run Behavior\ContentReplace [ RunTime:0.000055s ]
INFO: [ template_filter ] --END-- [ RunTime:0.000149s ]
INFO: Run Behavior\ParseTemplate [ RunTime:0.009242s ]
INFO: [ view_parse ] --END-- [ RunTime:0.009402s ]
INFO: [ view_filter ] --START--
INFO: Run Behavior\WriteHtmlCache [ RunTime:0.000357s ]
INFO: [ view_filter ] --END-- [ RunTime:0.000419s ]
INFO: [ app_end ] --START--
INFO: Run Behavior\ShowPageTrace [ RunTime:0.000572s ]
INFO: [ app_end ] --END-- [ RunTime:0.000632s ]

[ 2016-07-28T09:00:06+08:00 ] 127.0.0.1 /tp/Home/index/login
INFO: [ app_begin ] --START--
INFO: Run Behavior\ReadHtmlCache [ RunTime:0.000472s ]
INFO: [ app_begin ] --END-- [ RunTime:0.000836s ]
SQL: SHOW COLUMNS FROM `think_admin` [ RunTime:0.003945s ]

[ 2016-07-28T09:00:25+08:00 ] 127.0.0.1 /tp/Home/index/login
INFO: [ app_begin ] --START--
INFO: Run Behavior\ReadHtmlCache [ RunTime:0.000722s ]
INFO: [ app_begin ] --END-- [ RunTime:0.001383s ]
SQL: SHOW COLUMNS FROM `think_admin` [ RunTime:0.005134s ]
SQL: SELECT * FROM `think_admin` WHERE ( `username` = 'admin' ) AND ( `password` = '123456' )  [ RunTime:0.000338s ]

[ 2016-07-28T09:00:35+08:00 ] 127.0.0.1 /tp/Home/index/login
INFO: [ app_begin ] --START--
INFO: Run Behavior\ReadHtmlCache [ RunTime:0.000475s ]
INFO: [ app_begin ] --END-- [ RunTime:0.000840s ]
SQL: SHOW COLUMNS FROM `think_admin` [ RunTime:0.003646s ]
SQL: SELECT * FROM `think_admin` WHERE ( `username` = 'admin' ) AND ( `password` = '12345622' )  [ RunTime:0.000346s ]

[ 2016-07-28T09:00:46+08:00 ] 127.0.0.1 /tp/Home/index/login
INFO: [ app_begin ] --START--
INFO: Run Behavior\ReadHtmlCache [ RunTime:0.000471s ]
INFO: [ app_begin ] --END-- [ RunTime:0.000805s ]
SQL: SHOW COLUMNS FROM `think_admin` [ RunTime:0.003613s ]
SQL: SELECT * FROM `think_admin` WHERE ( `username` = 'admin' ) AND ( `password` = '123' )  [ RunTime:0.000355s ]

[ 2016-07-28T09:00:50+08:00 ] 127.0.0.1 /tp/Home/index/login
INFO: [ app_begin ] --START--
INFO: Run Behavior\ReadHtmlCache [ RunTime:0.000497s ]
INFO: [ app_begin ] --END-- [ RunTime:0.000837s ]
SQL: SHOW COLUMNS FROM `think_admin` [ RunTime:0.003761s ]
SQL: SELECT * FROM `think_admin` WHERE ( `username` = 'admin' ) AND ( `password` = '123' )  [ RunTime:0.000318s ]

[ 2016-07-28T09:00:55+08:00 ] 127.0.0.1 /tp/Home/index/login
INFO: [ app_begin ] --START--
INFO: Run Behavior\ReadHtmlCache [ RunTime:0.000460s ]
INFO: [ app_begin ] --END-- [ RunTime:0.000824s ]
SQL: SHOW COLUMNS FROM `think_admin` [ RunTime:0.004314s ]
SQL: SELECT * FROM `think_admin` WHERE ( `username` = 'adm' ) AND ( `password` = '123' )  [ RunTime:0.000320s ]

[ 2016-07-28T09:02:27+08:00 ] 127.0.0.1 /tp/home/index/login
INFO: [ app_begin ] --START--
INFO: Run Behavior\ReadHtmlCache [ RunTime:0.001786s ]
INFO: [ app_begin ] --END-- [ RunTime:0.002289s ]
INFO: [ view_parse ] --START--
INFO: [ template_filter ] --START--
INFO: Run Behavior\ContentReplace [ RunTime:0.000064s ]
INFO: [ template_filter ] --END-- [ RunTime:0.000178s ]
INFO: Run Behavior\ParseTemplate [ RunTime:0.008553s ]
INFO: [ view_parse ] --END-- [ RunTime:0.008707s ]
INFO: [ view_filter ] --START--
INFO: Run Behavior\WriteHtmlCache [ RunTime:0.000579s ]
INFO: [ view_filter ] --END-- [ RunTime:0.000694s ]
INFO: [ app_end ] --START--
INFO: Run Behavior\ShowPageTrace [ RunTime:0.001270s ]
INFO: [ app_end ] --END-- [ RunTime:0.001447s ]

[ 2016-07-28T09:04:22+08:00 ] 127.0.0.1 /tp/home/index/login
INFO: [ app_begin ] --START--
INFO: Run Behavior\ReadHtmlCache [ RunTime:0.000856s ]
INFO: [ app_begin ] --END-- [ RunTime:0.001909s ]
INFO: [ view_parse ] --START--
INFO: [ template_filter ] --START--
INFO: Run Behavior\ContentReplace [ RunTime:0.000128s ]
INFO: [ template_filter ] --END-- [ RunTime:0.000569s ]
INFO: Run Behavior\ParseTemplate [ RunTime:0.011154s ]
INFO: [ view_parse ] --END-- [ RunTime:0.011275s ]
INFO: [ view_filter ] --START--
INFO: Run Behavior\WriteHtmlCache [ RunTime:0.000512s ]
INFO: [ view_filter ] --END-- [ RunTime:0.000622s ]
INFO: [ app_end ] --START--
INFO: Run Behavior\ShowPageTrace [ RunTime:0.000943s ]
INFO: [ app_end ] --END-- [ RunTime:0.001047s ]

[ 2016-07-28T09:04:25+08:00 ] 127.0.0.1 /tp/Home/index/login
INFO: [ app_begin ] --START--
INFO: Run Behavior\ReadHtmlCache [ RunTime:0.001303s ]
INFO: [ app_begin ] --END-- [ RunTime:0.002097s ]
SQL: SHOW COLUMNS FROM `think_admin` [ RunTime:0.003913s ]
SQL: SELECT * FROM `think_admin` WHERE ( `username` = 'root' ) AND ( `password` = 'root' )  [ RunTime:0.000359s ]

[ 2016-07-28T09:06:37+08:00 ] 127.0.0.1 /tp/home/index/login
INFO: [ app_begin ] --START--
INFO: Run Behavior\ReadHtmlCache [ RunTime:0.000617s ]
INFO: [ app_begin ] --END-- [ RunTime:0.001094s ]
INFO: [ view_parse ] --START--
INFO: [ template_filter ] --START--
INFO: Run Behavior\ContentReplace [ RunTime:0.000060s ]
INFO: [ template_filter ] --END-- [ RunTime:0.000153s ]
INFO: Run Behavior\ParseTemplate [ RunTime:0.007980s ]
INFO: [ view_parse ] --END-- [ RunTime:0.008092s ]
INFO: [ view_filter ] --START--
INFO: Run Behavior\WriteHtmlCache [ RunTime:0.001138s ]
INFO: [ view_filter ] --END-- [ RunTime:0.001268s ]
INFO: [ app_end ] --START--
INFO: Run Behavior\ShowPageTrace [ RunTime:0.001873s ]
INFO: [ app_end ] --END-- [ RunTime:0.002121s ]

[ 2016-07-28T09:06:45+08:00 ] 127.0.0.1 /tp/Home/index/login
INFO: [ app_begin ] --START--
INFO: Run Behavior\ReadHtmlCache [ RunTime:0.000459s ]
INFO: [ app_begin ] --END-- [ RunTime:0.000834s ]
SQL: SHOW COLUMNS FROM `think_admin` [ RunTime:0.008514s ]
SQL: SELECT * FROM `think_admin` WHERE ( `username` = 'admin' ) AND ( `password` = '123456' )  [ RunTime:0.000395s ]

[ 2016-07-28T09:07:51+08:00 ] 127.0.0.1 /tp/home/index/login
INFO: [ app_begin ] --START--
INFO: Run Behavior\ReadHtmlCache [ RunTime:0.000462s ]
INFO: [ app_begin ] --END-- [ RunTime:0.000823s ]
INFO: [ view_parse ] --START--
INFO: [ template_filter ] --START--
INFO: Run Behavior\ContentReplace [ RunTime:0.000046s ]
INFO: [ template_filter ] --END-- [ RunTime:0.000121s ]
INFO: Run Behavior\ParseTemplate [ RunTime:0.006483s ]
INFO: [ view_parse ] --END-- [ RunTime:0.006642s ]
INFO: [ view_filter ] --START--
INFO: Run Behavior\WriteHtmlCache [ RunTime:0.000487s ]
INFO: [ view_filter ] --END-- [ RunTime:0.000584s ]
INFO: [ app_end ] --START--
INFO: Run Behavior\ShowPageTrace [ RunTime:0.000923s ]
INFO: [ app_end ] --END-- [ RunTime:0.001004s ]

[ 2016-07-28T09:07:59+08:00 ] 127.0.0.1 /tp/Home/index/login
INFO: [ app_begin ] --START--
INFO: Run Behavior\ReadHtmlCache [ RunTime:0.000550s ]
INFO: [ app_begin ] --END-- [ RunTime:0.000924s ]
SQL: SHOW COLUMNS FROM `think_admin` [ RunTime:0.003782s ]
SQL: SELECT * FROM `think_admin` WHERE ( `username` = 'admin' ) AND ( `password` = '123456' )  [ RunTime:0.000321s ]

[ 2016-07-28T09:08:01+08:00 ] 127.0.0.1 /tp/home/index/www.baidu.com
INFO: [ app_begin ] --START--
INFO: Run Behavior\ReadHtmlCache [ RunTime:0.000452s ]
INFO: [ app_begin ] --END-- [ RunTime:0.000791s ]
ERR: 非法操作:www.baidu.com

[ 2016-07-28T09:08:27+08:00 ] 127.0.0.1 /tp/home/index/login
INFO: [ app_begin ] --START--
INFO: Run Behavior\ReadHtmlCache [ RunTime:0.001658s ]
INFO: [ app_begin ] --END-- [ RunTime:0.002303s ]
INFO: [ view_parse ] --START--
INFO: [ template_filter ] --START--
INFO: Run Behavior\ContentReplace [ RunTime:0.000085s ]
INFO: [ template_filter ] --END-- [ RunTime:0.000255s ]
INFO: Run Behavior\ParseTemplate [ RunTime:0.012153s ]
INFO: [ view_parse ] --END-- [ RunTime:0.012376s ]
INFO: [ view_filter ] --START--
INFO: Run Behavior\WriteHtmlCache [ RunTime:0.000850s ]
INFO: [ view_filter ] --END-- [ RunTime:0.000974s ]
INFO: [ app_end ] --START--
INFO: Run Behavior\ShowPageTrace [ RunTime:0.000927s ]
INFO: [ app_end ] --END-- [ RunTime:0.001028s ]

[ 2016-07-28T09:08:38+08:00 ] 127.0.0.1 /tp/Home/index/login
INFO: [ app_begin ] --START--
INFO: Run Behavior\ReadHtmlCache [ RunTime:0.000478s ]
INFO: [ app_begin ] --END-- [ RunTime:0.000845s ]
SQL: SHOW COLUMNS FROM `think_admin` [ RunTime:0.003775s ]
SQL: SELECT * FROM `think_admin` WHERE ( `username` = 'admin' ) AND ( `password` = '123456' )  [ RunTime:0.000360s ]

[ 2016-07-28T09:08:39+08:00 ] 127.0.0.1 /tp/home/index/%7BU('index')%7D
INFO: [ app_begin ] --START--
INFO: Run Behavior\ReadHtmlCache [ RunTime:0.000566s ]
INFO: [ app_begin ] --END-- [ RunTime:0.001020s ]
ERR: 非法操作:{u('index')}

[ 2016-07-28T09:19:17+08:00 ] 127.0.0.1 /tp/home/index/login
INFO: [ app_begin ] --START--
INFO: Run Behavior\ReadHtmlCache [ RunTime:0.001378s ]
INFO: [ app_begin ] --END-- [ RunTime:0.002593s ]
INFO: [ view_parse ] --START--
INFO: [ template_filter ] --START--
INFO: Run Behavior\ContentReplace [ RunTime:0.000050s ]
INFO: [ template_filter ] --END-- [ RunTime:0.000134s ]
INFO: Run Behavior\ParseTemplate [ RunTime:0.012549s ]
INFO: [ view_parse ] --END-- [ RunTime:0.012712s ]
INFO: [ view_filter ] --START--
INFO: Run Behavior\WriteHtmlCache [ RunTime:0.000346s ]
INFO: [ view_filter ] --END-- [ RunTime:0.000428s ]
INFO: [ app_end ] --START--
INFO: Run Behavior\ShowPageTrace [ RunTime:0.000569s ]
INFO: [ app_end ] --END-- [ RunTime:0.000652s ]

[ 2016-07-28T09:19:25+08:00 ] 127.0.0.1 /tp/Home/index/login
INFO: [ app_begin ] --START--
INFO: Run Behavior\ReadHtmlCache [ RunTime:0.000471s ]
INFO: [ app_begin ] --END-- [ RunTime:0.000804s ]
SQL: SHOW COLUMNS FROM `think_admin` [ RunTime:0.007310s ]
SQL: SELECT * FROM `think_admin` WHERE ( `username` = 'admin' ) AND ( `password` = '123456' )  [ RunTime:0.000732s ]

[ 2016-07-28T09:19:49+08:00 ] 127.0.0.1 /tp/Home/index/login
INFO: [ app_begin ] --START--
INFO: Run Behavior\ReadHtmlCache [ RunTime:0.000573s ]
INFO: [ app_begin ] --END-- [ RunTime:0.000947s ]
SQL: SHOW COLUMNS FROM `think_admin` [ RunTime:0.003840s ]
SQL: SELECT * FROM `think_admin` WHERE ( `username` = 'admin' ) AND ( `password` = '111111' )  [ RunTime:0.000354s ]

[ 2016-07-28T09:19:54+08:00 ] 127.0.0.1 /tp/home/index/login
INFO: [ app_begin ] --START--
INFO: Run Behavior\ReadHtmlCache [ RunTime:0.000478s ]
INFO: [ app_begin ] --END-- [ RunTime:0.000869s ]
INFO: [ view_parse ] --START--
INFO: [ template_filter ] --START--
INFO: Run Behavior\ContentReplace [ RunTime:0.000295s ]
INFO: [ template_filter ] --END-- [ RunTime:0.000805s ]
INFO: Run Behavior\ParseTemplate [ RunTime:0.011006s ]
INFO: [ view_parse ] --END-- [ RunTime:0.011207s ]
INFO: [ view_filter ] --START--
INFO: Run Behavior\WriteHtmlCache [ RunTime:0.001233s ]
INFO: [ view_filter ] --END-- [ RunTime:0.001377s ]
INFO: [ app_end ] --START--
INFO: Run Behavior\ShowPageTrace [ RunTime:0.000969s ]
INFO: [ app_end ] --END-- [ RunTime:0.001082s ]

[ 2016-07-28T09:20:01+08:00 ] 127.0.0.1 /tp/Home/index/login
INFO: [ app_begin ] --START--
INFO: Run Behavior\ReadHtmlCache [ RunTime:0.000551s ]
INFO: [ app_begin ] --END-- [ RunTime:0.000938s ]
SQL: SHOW COLUMNS FROM `think_admin` [ RunTime:0.003783s ]
SQL: SELECT * FROM `think_admin` WHERE ( `username` = 'admin' ) AND ( `password` = '123456' )  [ RunTime:0.000325s ]

[ 2016-07-28T09:20:28+08:00 ] 127.0.0.1 /tp/home/index/login
INFO: [ app_begin ] --START--
INFO: Run Behavior\ReadHtmlCache [ RunTime:0.000978s ]
INFO: [ app_begin ] --END-- [ RunTime:0.001519s ]
INFO: [ view_parse ] --START--
INFO: [ template_filter ] --START--
INFO: Run Behavior\ContentReplace [ RunTime:0.000045s ]
INFO: [ template_filter ] --END-- [ RunTime:0.000119s ]
INFO: Run Behavior\ParseTemplate [ RunTime:0.005605s ]
INFO: [ view_parse ] --END-- [ RunTime:0.005715s ]
INFO: [ view_filter ] --START--
INFO: Run Behavior\WriteHtmlCache [ RunTime:0.000360s ]
INFO: [ view_filter ] --END-- [ RunTime:0.000419s ]
INFO: [ app_end ] --START--
INFO: Run Behavior\ShowPageTrace [ RunTime:0.000668s ]
INFO: [ app_end ] --END-- [ RunTime:0.000761s ]

[ 2016-07-28T09:20:33+08:00 ] 127.0.0.1 /tp/Home/index/login
INFO: [ app_begin ] --START--
INFO: Run Behavior\ReadHtmlCache [ RunTime:0.000888s ]
INFO: [ app_begin ] --END-- [ RunTime:0.001481s ]
SQL: SHOW COLUMNS FROM `think_admin` [ RunTime:0.006554s ]
SQL: SELECT * FROM `think_admin` WHERE ( `username` = 'admin' ) AND ( `password` = '111111' )  [ RunTime:0.000846s ]

[ 2016-07-28T09:20:36+08:00 ] 127.0.0.1 /Tp/Home/index/index
INFO: [ app_begin ] --START--
INFO: Run Behavior\ReadHtmlCache [ RunTime:0.000474s ]
INFO: [ app_begin ] --END-- [ RunTime:0.000827s ]
SQL: SHOW COLUMNS FROM `think_user` [ RunTime:0.004458s ]
SQL: SELECT * FROM `think_user`  [ RunTime:0.000337s ]
INFO: [ view_parse ] --START--
INFO: [ template_filter ] --START--
INFO: Run Behavior\ContentReplace [ RunTime:0.000036s ]
INFO: [ template_filter ] --END-- [ RunTime:0.000123s ]
INFO: Run Behavior\ParseTemplate [ RunTime:0.004619s ]
INFO: [ view_parse ] --END-- [ RunTime:0.004704s ]
INFO: [ view_filter ] --START--
INFO: Run Behavior\WriteHtmlCache [ RunTime:0.000258s ]
INFO: [ view_filter ] --END-- [ RunTime:0.000314s ]
INFO: [ app_end ] --START--
INFO: Run Behavior\ShowPageTrace [ RunTime:0.000652s ]
INFO: [ app_end ] --END-- [ RunTime:0.000718s ]

[ 2016-07-28T09:20:46+08:00 ] 127.0.0.1 /tp/Home/index/login
INFO: [ app_begin ] --START--
INFO: Run Behavior\ReadHtmlCache [ RunTime:0.000551s ]
INFO: [ app_begin ] --END-- [ RunTime:0.000927s ]
SQL: SHOW COLUMNS FROM `think_admin` [ RunTime:0.003715s ]
SQL: SELECT * FROM `think_admin` WHERE ( `username` = 'admin' ) AND ( `password` = '111111' )  [ RunTime:0.000325s ]

[ 2016-07-28T09:20:48+08:00 ] 127.0.0.1 /Tp/Home/index/index
INFO: [ app_begin ] --START--
INFO: Run Behavior\ReadHtmlCache [ RunTime:0.000468s ]
INFO: [ app_begin ] --END-- [ RunTime:0.000900s ]
SQL: SHOW COLUMNS FROM `think_user` [ RunTime:0.022112s ]
SQL: SELECT * FROM `think_user`  [ RunTime:0.000389s ]
INFO: [ view_parse ] --START--
INFO: [ template_filter ] --START--
INFO: Run Behavior\ContentReplace [ RunTime:0.000036s ]
INFO: [ template_filter ] --END-- [ RunTime:0.000117s ]
INFO: Run Behavior\ParseTemplate [ RunTime:0.004862s ]
INFO: [ view_parse ] --END-- [ RunTime:0.004946s ]
INFO: [ view_filter ] --START--
INFO: Run Behavior\WriteHtmlCache [ RunTime:0.000314s ]
INFO: [ view_filter ] --END-- [ RunTime:0.000370s ]
INFO: [ app_end ] --START--
INFO: Run Behavior\ShowPageTrace [ RunTime:0.000554s ]
INFO: [ app_end ] --END-- [ RunTime:0.000637s ]

[ 2016-07-28T09:22:40+08:00 ] 127.0.0.1 /tp/home/index/login
INFO: [ app_begin ] --START--
INFO: Run Behavior\ReadHtmlCache [ RunTime:0.000572s ]
INFO: [ app_begin ] --END-- [ RunTime:0.000947s ]
INFO: [ view_parse ] --START--
INFO: [ template_filter ] --START--
INFO: Run Behavior\ContentReplace [ RunTime:0.000078s ]
INFO: [ template_filter ] --END-- [ RunTime:0.000208s ]
INFO: Run Behavior\ParseTemplate [ RunTime:0.009591s ]
INFO: [ view_parse ] --END-- [ RunTime:0.009778s ]
INFO: [ view_filter ] --START--
INFO: Run Behavior\WriteHtmlCache [ RunTime:0.000656s ]
INFO: [ view_filter ] --END-- [ RunTime:0.000752s ]
INFO: [ app_end ] --START--
INFO: Run Behavior\ShowPageTrace [ RunTime:0.000928s ]
INFO: [ app_end ] --END-- [ RunTime:0.001056s ]

[ 2016-07-28T09:22:46+08:00 ] 127.0.0.1 /tp/Home/index/login
INFO: [ app_begin ] --START--
INFO: Run Behavior\ReadHtmlCache [ RunTime:0.000445s ]
INFO: [ app_begin ] --END-- [ RunTime:0.000776s ]
SQL: SHOW COLUMNS FROM `think_admin` [ RunTime:0.003749s ]
SQL: SELECT * FROM `think_admin` WHERE ( `username` = 'admin' ) AND ( `password` = '111111' )  [ RunTime:0.000404s ]

[ 2016-07-28T09:22:52+08:00 ] 127.0.0.1 /tp/Home/index/login
INFO: [ app_begin ] --START--
INFO: Run Behavior\ReadHtmlCache [ RunTime:0.000495s ]
INFO: [ app_begin ] --END-- [ RunTime:0.000850s ]
SQL: SHOW COLUMNS FROM `think_admin` [ RunTime:0.003611s ]
SQL: SELECT * FROM `think_admin` WHERE ( `username` = 'admin' ) AND ( `password` = '123456' )  [ RunTime:0.000325s ]

[ 2016-07-28T09:23:33+08:00 ] 127.0.0.1 /tp/home/index/login
INFO: [ app_begin ] --START--
INFO: Run Behavior\ReadHtmlCache [ RunTime:0.000477s ]
INFO: [ app_begin ] --END-- [ RunTime:0.000842s ]
INFO: [ view_parse ] --START--
INFO: [ template_filter ] --START--
INFO: Run Behavior\ContentReplace [ RunTime:0.000140s ]
INFO: [ template_filter ] --END-- [ RunTime:0.000503s ]
INFO: Run Behavior\ParseTemplate [ RunTime:0.009034s ]
INFO: [ view_parse ] --END-- [ RunTime:0.009171s ]
INFO: [ view_filter ] --START--
INFO: Run Behavior\WriteHtmlCache [ RunTime:0.000994s ]
INFO: [ view_filter ] --END-- [ RunTime:0.001142s ]
INFO: [ app_end ] --START--
INFO: Run Behavior\ShowPageTrace [ RunTime:0.001628s ]
INFO: [ app_end ] --END-- [ RunTime:0.001766s ]

[ 2016-07-28T09:23:36+08:00 ] 127.0.0.1 /tp/Home/index/login
INFO: [ app_begin ] --START--
INFO: Run Behavior\ReadHtmlCache [ RunTime:0.000490s ]
INFO: [ app_begin ] --END-- [ RunTime:0.000861s ]
SQL: SHOW COLUMNS FROM `think_admin` [ RunTime:0.005628s ]
SQL: SELECT * FROM `think_admin` WHERE ( `username` = 'admin' ) AND ( `password` = '111111' )  [ RunTime:0.000918s ]

[ 2016-07-28T09:23:53+08:00 ] 127.0.0.1 /tp/Home/index/login
INFO: [ app_begin ] --START--
INFO: Run Behavior\ReadHtmlCache [ RunTime:0.000446s ]
INFO: [ app_begin ] --END-- [ RunTime:0.000788s ]
SQL: SHOW COLUMNS FROM `think_admin` [ RunTime:0.003790s ]
SQL: SELECT * FROM `think_admin` WHERE ( `username` = 'admin' ) AND ( `password` = '123456' )  [ RunTime:0.000323s ]

[ 2016-07-28T09:23:54+08:00 ] 127.0.0.1 /tp/index.php/Home/Index/index.html
INFO: [ app_begin ] --START--
INFO: Run Behavior\ReadHtmlCache [ RunTime:0.000519s ]
INFO: [ app_begin ] --END-- [ RunTime:0.000876s ]
SQL: SHOW COLUMNS FROM `think_user` [ RunTime:0.005277s ]
SQL: SELECT * FROM `think_user`  [ RunTime:0.000668s ]
INFO: [ view_parse ] --START--
INFO: [ template_filter ] --START--
INFO: Run Behavior\ContentReplace [ RunTime:0.000036s ]
INFO: [ template_filter ] --END-- [ RunTime:0.000120s ]
INFO: Run Behavior\ParseTemplate [ RunTime:0.005720s ]
INFO: [ view_parse ] --END-- [ RunTime:0.005803s ]
INFO: [ view_filter ] --START--
INFO: Run Behavior\WriteHtmlCache [ RunTime:0.000294s ]
INFO: [ view_filter ] --END-- [ RunTime:0.000354s ]
INFO: [ app_end ] --START--
INFO: Run Behavior\ShowPageTrace [ RunTime:0.000951s ]
INFO: [ app_end ] --END-- [ RunTime:0.001063s ]

[ 2016-07-28T09:24:30+08:00 ] 127.0.0.1 /tp/home/index/login
INFO: [ app_begin ] --START--
INFO: Run Behavior\ReadHtmlCache [ RunTime:0.000481s ]
INFO: [ app_begin ] --END-- [ RunTime:0.000849s ]
INFO: [ view_parse ] --START--
INFO: [ template_filter ] --START--
INFO: Run Behavior\ContentReplace [ RunTime:0.000074s ]
INFO: [ template_filter ] --END-- [ RunTime:0.000221s ]
INFO: Run Behavior\ParseTemplate [ RunTime:0.007961s ]
INFO: [ view_parse ] --END-- [ RunTime:0.008090s ]
INFO: [ view_filter ] --START--
INFO: Run Behavior\WriteHtmlCache [ RunTime:0.000340s ]
INFO: [ view_filter ] --END-- [ RunTime:0.000408s ]
INFO: [ app_end ] --START--
INFO: Run Behavior\ShowPageTrace [ RunTime:0.000867s ]
INFO: [ app_end ] --END-- [ RunTime:0.001061s ]

[ 2016-07-28T09:24:37+08:00 ] 127.0.0.1 /tp/Home/index/login
INFO: [ app_begin ] --START--
INFO: Run Behavior\ReadHtmlCache [ RunTime:0.000478s ]
INFO: [ app_begin ] --END-- [ RunTime:0.000863s ]
SQL: SHOW COLUMNS FROM `think_admin` [ RunTime:0.003721s ]
SQL: SELECT * FROM `think_admin` WHERE ( `username` = 'admin' ) AND ( `password` = '123456' )  [ RunTime:0.000324s ]

[ 2016-07-28T09:24:38+08:00 ] 127.0.0.1 /tp/index.php/Home/Index/index.html
INFO: [ app_begin ] --START--
INFO: Run Behavior\ReadHtmlCache [ RunTime:0.000468s ]
INFO: [ app_begin ] --END-- [ RunTime:0.000835s ]
SQL: SHOW COLUMNS FROM `think_user` [ RunTime:0.003837s ]
SQL: SELECT * FROM `think_user`  [ RunTime:0.000319s ]
INFO: [ view_parse ] --START--
INFO: [ template_filter ] --START--
INFO: Run Behavior\ContentReplace [ RunTime:0.000034s ]
INFO: [ template_filter ] --END-- [ RunTime:0.000113s ]
INFO: Run Behavior\ParseTemplate [ RunTime:0.004625s ]
INFO: [ view_parse ] --END-- [ RunTime:0.004717s ]
INFO: [ view_filter ] --START--
INFO: Run Behavior\WriteHtmlCache [ RunTime:0.000252s ]
INFO: [ view_filter ] --END-- [ RunTime:0.000304s ]
INFO: [ app_end ] --START--
INFO: Run Behavior\ShowPageTrace [ RunTime:0.000593s ]
INFO: [ app_end ] --END-- [ RunTime:0.000651s ]

[ 2016-07-28T09:25:51+08:00 ] 127.0.0.1 /tp/home/index/login
INFO: [ app_begin ] --START--
INFO: Run Behavior\ReadHtmlCache [ RunTime:0.001057s ]
INFO: [ app_begin ] --END-- [ RunTime:0.002433s ]
INFO: [ view_parse ] --START--
INFO: [ template_filter ] --START--
INFO: Run Behavior\ContentReplace [ RunTime:0.000056s ]
INFO: [ template_filter ] --END-- [ RunTime:0.000145s ]
INFO: Run Behavior\ParseTemplate [ RunTime:0.005762s ]
INFO: [ view_parse ] --END-- [ RunTime:0.005885s ]
INFO: [ view_filter ] --START--
INFO: Run Behavior\WriteHtmlCache [ RunTime:0.000319s ]
INFO: [ view_filter ] --END-- [ RunTime:0.000375s ]
INFO: [ app_end ] --START--
INFO: Run Behavior\ShowPageTrace [ RunTime:0.000637s ]
INFO: [ app_end ] --END-- [ RunTime:0.000698s ]

[ 2016-07-28T09:25:57+08:00 ] 127.0.0.1 /tp/Home/index/login
INFO: [ app_begin ] --START--
INFO: Run Behavior\ReadHtmlCache [ RunTime:0.000503s ]
INFO: [ app_begin ] --END-- [ RunTime:0.000903s ]
SQL: SHOW COLUMNS FROM `think_admin` [ RunTime:0.073380s ]
SQL: SELECT * FROM `think_admin` WHERE ( `username` = 'admin' ) AND ( `password` = '123456' )  [ RunTime:0.000396s ]

