[ 2016-08-06T11:48:26+08:00 ] 127.0.0.1 /tp/admin/index
INFO: [ app_begin ] --START--
INFO: Run Behavior\ReadHtmlCache [ RunTime:0.056476s ]
INFO: [ app_begin ] --END-- [ RunTime:0.120558s ]
INFO: [ view_parse ] --START--
INFO: [ template_filter ] --START--
INFO: Run Behavior\ContentReplace [ RunTime:0.000085s ]
INFO: [ template_filter ] --END-- [ RunTime:0.000219s ]
INFO: Run Behavior\ParseTemplate [ RunTime:0.223738s ]
INFO: [ view_parse ] --END-- [ RunTime:0.223865s ]
INFO: [ view_filter ] --START--
INFO: Run Behavior\WriteHtmlCache [ RunTime:0.023854s ]
INFO: [ view_filter ] --END-- [ RunTime:0.023945s ]
INFO: [ app_end ] --START--
INFO: Run Behavior\ShowPageTrace [ RunTime:0.093111s ]
INFO: [ app_end ] --END-- [ RunTime:0.093307s ]

[ 2016-08-06T11:48:26+08:00 ] 127.0.0.1 /tp/admin/index_v148b2.html?v=4.0
INFO: [ app_begin ] --START--
INFO: Run Behavior\ReadHtmlCache [ RunTime:0.001450s ]
INFO: [ app_begin ] --END-- [ RunTime:0.002245s ]
ERR: æ— æ³•åŠ è½½æŽ§åˆ¶å™¨:Index_v148b2

[ 2016-08-06T11:48:43+08:00 ] 127.0.0.1 /tp/index.php/Admin/Index/table.html
INFO: [ app_begin ] --START--
INFO: Run Behavior\ReadHtmlCache [ RunTime:0.000818s ]
INFO: [ app_begin ] --END-- [ RunTime:0.001496s ]
SQL: SHOW COLUMNS FROM `think_list` [ RunTime:0.098925s ]
SQL: SELECT * FROM `think_list`  [ RunTime:0.000507s ]
INFO: [ view_parse ] --START--
INFO: [ template_filter ] --START--
INFO: Run Behavior\ContentReplace [ RunTime:0.000128s ]
INFO: [ template_filter ] --END-- [ RunTime:0.000347s ]
NOTIC: [8] Use of undefined constant table - assumed 'table' E:\development tool\PHPstudy\phpStudy\WWW\tp\Frank\Runtime\Cache\Admin\dfc62204f336d4a0243aef3e3d5b127f.php ç¬¬ 131 è¡Œ.
NOTIC: [8] Use of undefined constant table - assumed 'table' E:\development tool\PHPstudy\phpStudy\WWW\tp\Frank\Runtime\Cache\Admin\dfc62204f336d4a0243aef3e3d5b127f.php ç¬¬ 149 è¡Œ.
INFO: Run Behavior\ParseTemplate [ RunTime:0.224612s ]
INFO: [ view_parse ] --END-- [ RunTime:0.224725s ]
INFO: [ view_filter ] --START--
INFO: Run Behavior\WriteHtmlCache [ RunTime:0.000417s ]
INFO: [ view_filter ] --END-- [ RunTime:0.000484s ]
INFO: [ app_end ] --START--
INFO: Run Behavior\ShowPageTrace [ RunTime:0.000634s ]
INFO: [ app_end ] --END-- [ RunTime:0.000709s ]

[ 2016-08-06T12:49:31+08:00 ] 127.0.0.1 /tp/index.php/Admin/Index/table.html?action=one
INFO: [ app_begin ] --START--
INFO: Run Behavior\ReadHtmlCache [ RunTime:0.000582s ]
INFO: [ app_begin ] --END-- [ RunTime:0.000987s ]
SQL: SHOW COLUMNS FROM `think_list` [ RunTime:0.004396s ]
SQL: SELECT * FROM `think_list`  [ RunTime:0.000339s ]
SQL: SHOW COLUMNS FROM `think_list` [ RunTime:0.003579s ]
SQL: INSERT INTO `think_list` (`name`,`sex`,`age`) VALUES ('æµ‹è¯•','1',1) [ RunTime:0.073669s ]

[ 2016-08-06T12:49:36+08:00 ] 127.0.0.1 /tp/index.php/Admin/Index/table.html
INFO: [ app_begin ] --START--
INFO: Run Behavior\ReadHtmlCache [ RunTime:0.000453s ]
INFO: [ app_begin ] --END-- [ RunTime:0.000821s ]
SQL: SHOW COLUMNS FROM `think_list` [ RunTime:0.003707s ]
SQL: SELECT * FROM `think_list`  [ RunTime:0.000314s ]
INFO: [ view_parse ] --START--
INFO: [ template_filter ] --START--
INFO: Run Behavior\ContentReplace [ RunTime:0.000074s ]
INFO: [ template_filter ] --END-- [ RunTime:0.000173s ]
NOTIC: [8] Use of undefined constant table - assumed 'table' E:\development tool\PHPstudy\phpStudy\WWW\tp\Frank\Runtime\Cache\Admin\dfc62204f336d4a0243aef3e3d5b127f.php ç¬¬ 131 è¡Œ.
NOTIC: [8] Use of undefined constant table - assumed 'table' E:\development tool\PHPstudy\phpStudy\WWW\tp\Frank\Runtime\Cache\Admin\dfc62204f336d4a0243aef3e3d5b127f.php ç¬¬ 149 è¡Œ.
INFO: Run Behavior\ParseTemplate [ RunTime:0.063755s ]
INFO: [ view_parse ] --END-- [ RunTime:0.063822s ]
INFO: [ view_filter ] --START--
INFO: Run Behavior\WriteHtmlCache [ RunTime:0.000348s ]
INFO: [ view_filter ] --END-- [ RunTime:0.000404s ]
INFO: [ app_end ] --START--
INFO: Run Behavior\ShowPageTrace [ RunTime:0.000623s ]
INFO: [ app_end ] --END-- [ RunTime:0.000686s ]

[ 2016-08-06T16:41:11+08:00 ] 127.0.0.1 /tp/admin/index_v1
INFO: [ app_begin ] --START--
INFO: Run Behavior\ReadHtmlCache [ RunTime:0.000944s ]
INFO: [ app_begin ] --END-- [ RunTime:0.001595s ]
ERR: æ— æ³•åŠ è½½æŽ§åˆ¶å™¨:Index_v1

[ 2016-08-06T16:43:37+08:00 ] 127.0.0.1 /tp/admin/index
INFO: [ app_begin ] --START--
INFO: Run Behavior\ReadHtmlCache [ RunTime:0.002135s ]
INFO: [ app_begin ] --END-- [ RunTime:0.003198s ]
INFO: [ view_parse ] --START--
INFO: [ template_filter ] --START--
INFO: Run Behavior\ContentReplace [ RunTime:0.000069s ]
INFO: [ template_filter ] --END-- [ RunTime:0.000157s ]
INFO: Run Behavior\ParseTemplate [ RunTime:0.012413s ]
INFO: [ view_parse ] --END-- [ RunTime:0.012555s ]
INFO: [ view_filter ] --START--
INFO: Run Behavior\WriteHtmlCache [ RunTime:0.001220s ]
INFO: [ view_filter ] --END-- [ RunTime:0.001280s ]
INFO: [ app_end ] --START--
INFO: Run Behavior\ShowPageTrace [ RunTime:0.002434s ]
INFO: [ app_end ] --END-- [ RunTime:0.002554s ]

[ 2016-08-06T16:43:37+08:00 ] 127.0.0.1 /tp/admin/index_v148b2.html?v=4.0
INFO: [ app_begin ] --START--
INFO: Run Behavior\ReadHtmlCache [ RunTime:0.001646s ]
INFO: [ app_begin ] --END-- [ RunTime:0.002368s ]
ERR: æ— æ³•åŠ è½½æŽ§åˆ¶å™¨:Index_v148b2

[ 2016-08-06T16:43:41+08:00 ] 127.0.0.1 /tp/index.php/Admin/Index/table.html
INFO: [ app_begin ] --START--
INFO: Run Behavior\ReadHtmlCache [ RunTime:0.002278s ]
INFO: [ app_begin ] --END-- [ RunTime:0.003865s ]
SQL: SHOW COLUMNS FROM `think_frank` [ RunTime:0.005048s ]
SQL: SELECT * FROM `think_frank`  [ RunTime:0.000252s ]
INFO: [ view_parse ] --START--
INFO: [ template_filter ] --START--
INFO: Run Behavior\ContentReplace [ RunTime:0.000058s ]
INFO: [ template_filter ] --END-- [ RunTime:0.000129s ]
NOTIC: [8] Use of undefined constant table - assumed 'table' E:\development tool\PHPstudy\phpStudy\WWW\tp\Frank\Runtime\Cache\Admin\dfc62204f336d4a0243aef3e3d5b127f.php ç¬¬ 131 è¡Œ.
NOTIC: [8] Use of undefined constant table - assumed 'table' E:\development tool\PHPstudy\phpStudy\WWW\tp\Frank\Runtime\Cache\Admin\dfc62204f336d4a0243aef3e3d5b127f.php ç¬¬ 149 è¡Œ.
INFO: Run Behavior\ParseTemplate [ RunTime:0.071918s ]
INFO: [ view_parse ] --END-- [ RunTime:0.071987s ]
INFO: [ view_filter ] --START--
INFO: Run Behavior\WriteHtmlCache [ RunTime:0.001259s ]
INFO: [ view_filter ] --END-- [ RunTime:0.001331s ]
INFO: [ app_end ] --START--
INFO: Run Behavior\ShowPageTrace [ RunTime:0.001587s ]
INFO: [ app_end ] --END-- [ RunTime:0.001662s ]

[ 2016-08-06T16:43:57+08:00 ] 127.0.0.1 /tp/index.php/Admin/Index/table.html?action=one
INFO: [ app_begin ] --START--
INFO: Run Behavior\ReadHtmlCache [ RunTime:0.001082s ]
INFO: [ app_begin ] --END-- [ RunTime:0.001802s ]
SQL: SHOW COLUMNS FROM `think_frank` [ RunTime:0.004671s ]
SQL: SELECT * FROM `think_frank`  [ RunTime:0.000260s ]
SQL: SHOW COLUMNS FROM `think_frank` [ RunTime:0.008347s ]
SQL: INSERT INTO `think_frank` (`name`,`sex`,`age`) VALUES ('ç†Šæµ©','ç”\·',23) [ RunTime:0.000793s ]

[ 2016-08-06T16:43:59+08:00 ] 127.0.0.1 /tp/index.php/Admin/Index/table.html
INFO: [ app_begin ] --START--
INFO: Run Behavior\ReadHtmlCache [ RunTime:0.000707s ]
INFO: [ app_begin ] --END-- [ RunTime:0.001114s ]
SQL: SHOW COLUMNS FROM `think_frank` [ RunTime:0.005491s ]
SQL: SELECT * FROM `think_frank`  [ RunTime:0.000306s ]
INFO: [ view_parse ] --START--
INFO: [ template_filter ] --START--
INFO: Run Behavior\ContentReplace [ RunTime:0.000080s ]
INFO: [ template_filter ] --END-- [ RunTime:0.000199s ]
NOTIC: [8] Use of undefined constant table - assumed 'table' E:\development tool\PHPstudy\phpStudy\WWW\tp\Frank\Runtime\Cache\Admin\dfc62204f336d4a0243aef3e3d5b127f.php ç¬¬ 131 è¡Œ.
NOTIC: [8] Use of undefined constant table - assumed 'table' E:\development tool\PHPstudy\phpStudy\WWW\tp\Frank\Runtime\Cache\Admin\dfc62204f336d4a0243aef3e3d5b127f.php ç¬¬ 149 è¡Œ.
INFO: Run Behavior\ParseTemplate [ RunTime:0.012125s ]
INFO: [ view_parse ] --END-- [ RunTime:0.012214s ]
INFO: [ view_filter ] --START--
INFO: Run Behavior\WriteHtmlCache [ RunTime:0.000575s ]
INFO: [ view_filter ] --END-- [ RunTime:0.000638s ]
INFO: [ app_end ] --START--
INFO: Run Behavior\ShowPageTrace [ RunTime:0.000747s ]
INFO: [ app_end ] --END-- [ RunTime:0.000824s ]

[ 2016-08-06T16:47:36+08:00 ] 127.0.0.1 /tp/index.php/Admin/Index/table.html?action=one
INFO: [ app_begin ] --START--
INFO: Run Behavior\ReadHtmlCache [ RunTime:0.001930s ]
INFO: [ app_begin ] --END-- [ RunTime:0.002932s ]
SQL: SHOW COLUMNS FROM `think_frank` [ RunTime:0.014405s ]
SQL: SELECT * FROM `think_frank`  [ RunTime:0.000330s ]
SQL: SHOW COLUMNS FROM `think_frank` [ RunTime:0.009871s ]
SQL: INSERT INTO `think_frank` (`name`,`sex`,`age`) VALUES ('ç†Šæµ©','ç†\Š',12121) [ RunTime:0.001211s ]

[ 2016-08-06T16:47:38+08:00 ] 127.0.0.1 /tp/index.php/Admin/Index/table.html
INFO: [ app_begin ] --START--
INFO: Run Behavior\ReadHtmlCache [ RunTime:0.000741s ]
INFO: [ app_begin ] --END-- [ RunTime:0.001155s ]
SQL: SHOW COLUMNS FROM `think_frank` [ RunTime:0.012896s ]
SQL: SELECT * FROM `think_frank`  [ RunTime:0.000381s ]
INFO: [ view_parse ] --START--
INFO: [ template_filter ] --START--
INFO: Run Behavior\ContentReplace [ RunTime:0.000100s ]
INFO: [ template_filter ] --END-- [ RunTime:0.000255s ]
NOTIC: [8] Use of undefined constant table - assumed 'table' E:\development tool\PHPstudy\phpStudy\WWW\tp\Frank\Runtime\Cache\Admin\dfc62204f336d4a0243aef3e3d5b127f.php ç¬¬ 131 è¡Œ.
NOTIC: [8] Use of undefined constant table - assumed 'table' E:\development tool\PHPstudy\phpStudy\WWW\tp\Frank\Runtime\Cache\Admin\dfc62204f336d4a0243aef3e3d5b127f.php ç¬¬ 149 è¡Œ.
INFO: Run Behavior\ParseTemplate [ RunTime:0.015754s ]
INFO: [ view_parse ] --END-- [ RunTime:0.015852s ]
INFO: [ view_filter ] --START--
INFO: Run Behavior\WriteHtmlCache [ RunTime:0.000572s ]
INFO: [ view_filter ] --END-- [ RunTime:0.000637s ]
INFO: [ app_end ] --START--
INFO: Run Behavior\ShowPageTrace [ RunTime:0.000777s ]
INFO: [ app_end ] --END-- [ RunTime:0.000844s ]

[ 2016-08-06T16:49:17+08:00 ] 127.0.0.1 /tp/index.php/Admin/Index/table.html
INFO: [ app_begin ] --START--
INFO: Run Behavior\ReadHtmlCache [ RunTime:0.000700s ]
INFO: [ app_begin ] --END-- [ RunTime:0.001143s ]
SQL: SHOW COLUMNS FROM `think_frank` [ RunTime:0.009686s ]
SQL: SELECT * FROM `think_frank`  [ RunTime:0.000386s ]
INFO: [ view_parse ] --START--
INFO: [ template_filter ] --START--
INFO: Run Behavior\ContentReplace [ RunTime:0.000061s ]
INFO: [ template_filter ] --END-- [ RunTime:0.000134s ]
NOTIC: [8] Use of undefined constant table - assumed 'table' E:\development tool\PHPstudy\phpStudy\WWW\tp\Frank\Runtime\Cache\Admin\dfc62204f336d4a0243aef3e3d5b127f.php ç¬¬ 131 è¡Œ.
NOTIC: [8] Use of undefined constant table - assumed 'table' E:\development tool\PHPstudy\phpStudy\WWW\tp\Frank\Runtime\Cache\Admin\dfc62204f336d4a0243aef3e3d5b127f.php ç¬¬ 149 è¡Œ.
INFO: Run Behavior\ParseTemplate [ RunTime:0.012907s ]
INFO: [ view_parse ] --END-- [ RunTime:0.012994s ]
INFO: [ view_filter ] --START--
INFO: Run Behavior\WriteHtmlCache [ RunTime:0.000580s ]
INFO: [ view_filter ] --END-- [ RunTime:0.000645s ]
INFO: [ app_end ] --START--
INFO: Run Behavior\ShowPageTrace [ RunTime:0.000750s ]
INFO: [ app_end ] --END-- [ RunTime:0.000815s ]

[ 2016-08-06T16:49:30+08:00 ] 127.0.0.1 /tp/index.php/Admin/Index/table.html?action=one
INFO: [ app_begin ] --START--
INFO: Run Behavior\ReadHtmlCache [ RunTime:0.001191s ]
INFO: [ app_begin ] --END-- [ RunTime:0.001957s ]
SQL: SHOW COLUMNS FROM `think_frank` [ RunTime:0.008084s ]
SQL: SELECT * FROM `think_frank`  [ RunTime:0.000673s ]
SQL: SHOW COLUMNS FROM `think_frank` [ RunTime:0.010090s ]
SQL: INSERT INTO `think_frank` (`name`,`sex`,`age`) VALUES ('ç†Šæµ©','ç”\·',233) [ RunTime:0.000323s ]

[ 2016-08-06T16:49:31+08:00 ] 127.0.0.1 /tp/index.php/Admin/Index/table.html
INFO: [ app_begin ] --START--
INFO: Run Behavior\ReadHtmlCache [ RunTime:0.000709s ]
INFO: [ app_begin ] --END-- [ RunTime:0.001201s ]
SQL: SHOW COLUMNS FROM `think_frank` [ RunTime:0.008819s ]
SQL: SELECT * FROM `think_frank`  [ RunTime:0.000421s ]
INFO: [ view_parse ] --START--
INFO: [ template_filter ] --START--
INFO: Run Behavior\ContentReplace [ RunTime:0.000102s ]
INFO: [ template_filter ] --END-- [ RunTime:0.000250s ]
NOTIC: [8] Use of undefined constant table - assumed 'table' E:\development tool\PHPstudy\phpStudy\WWW\tp\Frank\Runtime\Cache\Admin\dfc62204f336d4a0243aef3e3d5b127f.php ç¬¬ 131 è¡Œ.
NOTIC: [8] Use of undefined constant table - assumed 'table' E:\development tool\PHPstudy\phpStudy\WWW\tp\Frank\Runtime\Cache\Admin\dfc62204f336d4a0243aef3e3d5b127f.php ç¬¬ 149 è¡Œ.
INFO: Run Behavior\ParseTemplate [ RunTime:0.012774s ]
INFO: [ view_parse ] --END-- [ RunTime:0.012846s ]
INFO: [ view_filter ] --START--
INFO: Run Behavior\WriteHtmlCache [ RunTime:0.000563s ]
INFO: [ view_filter ] --END-- [ RunTime:0.000625s ]
INFO: [ app_end ] --START--
INFO: Run Behavior\ShowPageTrace [ RunTime:0.000765s ]
INFO: [ app_end ] --END-- [ RunTime:0.000826s ]

[ 2016-08-06T17:32:41+08:00 ] 127.0.0.1 /tp/index.php/Admin/Index/table.html
INFO: [ app_begin ] --START--
INFO: Run Behavior\ReadHtmlCache [ RunTime:0.000851s ]
INFO: [ app_begin ] --END-- [ RunTime:0.001389s ]
SQL: SHOW COLUMNS FROM `think_frank` [ RunTime:0.010152s ]
SQL: SELECT * FROM `think_frank`  [ RunTime:0.000434s ]
INFO: [ view_parse ] --START--
INFO: [ template_filter ] --START--
INFO: Run Behavior\ContentReplace [ RunTime:0.000100s ]
INFO: [ template_filter ] --END-- [ RunTime:0.000201s ]
NOTIC: [8] Use of undefined constant table - assumed 'table' E:\development tool\PHPstudy\phpStudy\WWW\tp\Frank\Runtime\Cache\Admin\dfc62204f336d4a0243aef3e3d5b127f.php ç¬¬ 131 è¡Œ.
NOTIC: [8] Use of undefined constant table - assumed 'table' E:\development tool\PHPstudy\phpStudy\WWW\tp\Frank\Runtime\Cache\Admin\dfc62204f336d4a0243aef3e3d5b127f.php ç¬¬ 149 è¡Œ.
INFO: Run Behavior\ParseTemplate [ RunTime:0.012849s ]
INFO: [ view_parse ] --END-- [ RunTime:0.012921s ]
INFO: [ view_filter ] --START--
INFO: Run Behavior\WriteHtmlCache [ RunTime:0.000563s ]
INFO: [ view_filter ] --END-- [ RunTime:0.000640s ]
INFO: [ app_end ] --START--
INFO: Run Behavior\ShowPageTrace [ RunTime:0.001105s ]
INFO: [ app_end ] --END-- [ RunTime:0.001263s ]

[ 2016-08-06T17:32:47+08:00 ] 127.0.0.1 /tp/index.php/Admin/Index/table.html?action=two
INFO: [ app_begin ] --START--
INFO: Run Behavior\ReadHtmlCache [ RunTime:0.000719s ]
INFO: [ app_begin ] --END-- [ RunTime:0.001156s ]
SQL: SHOW COLUMNS FROM `think_frank` [ RunTime:0.012950s ]
SQL: SELECT * FROM `think_frank`  [ RunTime:0.000287s ]
SQL: SHOW COLUMNS FROM `think_list` [ RunTime:0.008160s ]
SQL: DELETE FROM `think_list` WHERE ( `id` = 1 ) [ RunTime:0.107804s ]

[ 2016-08-06T17:32:49+08:00 ] 127.0.0.1 /tp/index.php/Admin/Index/table.html
INFO: [ app_begin ] --START--
INFO: Run Behavior\ReadHtmlCache [ RunTime:0.000748s ]
INFO: [ app_begin ] --END-- [ RunTime:0.001164s ]
SQL: SHOW COLUMNS FROM `think_frank` [ RunTime:0.008290s ]
SQL: SELECT * FROM `think_frank`  [ RunTime:0.000380s ]
INFO: [ view_parse ] --START--
INFO: [ template_filter ] --START--
INFO: Run Behavior\ContentReplace [ RunTime:0.000060s ]
INFO: [ template_filter ] --END-- [ RunTime:0.000133s ]
NOTIC: [8] Use of undefined constant table - assumed 'table' E:\development tool\PHPstudy\phpStudy\WWW\tp\Frank\Runtime\Cache\Admin\dfc62204f336d4a0243aef3e3d5b127f.php ç¬¬ 131 è¡Œ.
NOTIC: [8] Use of undefined constant table - assumed 'table' E:\development tool\PHPstudy\phpStudy\WWW\tp\Frank\Runtime\Cache\Admin\dfc62204f336d4a0243aef3e3d5b127f.php ç¬¬ 149 è¡Œ.
INFO: Run Behavior\ParseTemplate [ RunTime:0.012366s ]
INFO: [ view_parse ] --END-- [ RunTime:0.012473s ]
INFO: [ view_filter ] --START--
INFO: Run Behavior\WriteHtmlCache [ RunTime:0.000518s ]
INFO: [ view_filter ] --END-- [ RunTime:0.000580s ]
INFO: [ app_end ] --START--
INFO: Run Behavior\ShowPageTrace [ RunTime:0.001110s ]
INFO: [ app_end ] --END-- [ RunTime:0.001225s ]

[ 2016-08-06T17:32:58+08:00 ] 127.0.0.1 /tp/index.php/Admin/Index/table.html?action=two
INFO: [ app_begin ] --START--
INFO: Run Behavior\ReadHtmlCache [ RunTime:0.000706s ]
INFO: [ app_begin ] --END-- [ RunTime:0.001270s ]
SQL: SHOW COLUMNS FROM `think_frank` [ RunTime:0.009959s ]
SQL: SELECT * FROM `think_frank`  [ RunTime:0.000323s ]
SQL: SHOW COLUMNS FROM `think_list` [ RunTime:0.008029s ]
SQL: DELETE FROM `think_list` WHERE ( `id` = 1 ) [ RunTime:0.000267s ]

[ 2016-08-06T17:32:59+08:00 ] 127.0.0.1 /tp/index.php/Admin/Index/table.html?action=two
INFO: [ app_begin ] --START--
INFO: Run Behavior\ReadHtmlCache [ RunTime:0.000700s ]
INFO: [ app_begin ] --END-- [ RunTime:0.001112s ]
SQL: SHOW COLUMNS FROM `think_frank` [ RunTime:0.008932s ]
SQL: SELECT * FROM `think_frank`  [ RunTime:0.000366s ]
SQL: SHOW COLUMNS FROM `think_list` [ RunTime:0.009722s ]
SQL: DELETE FROM `think_list` WHERE ( `id` = 1 ) [ RunTime:0.000445s ]

[ 2016-08-06T17:33:01+08:00 ] 127.0.0.1 /tp/index.php/Admin/Index/table.html?action=two
INFO: [ app_begin ] --START--
INFO: Run Behavior\ReadHtmlCache [ RunTime:0.000744s ]
INFO: [ app_begin ] --END-- [ RunTime:0.001218s ]
SQL: SHOW COLUMNS FROM `think_frank` [ RunTime:0.055599s ]
SQL: SELECT * FROM `think_frank`  [ RunTime:0.000631s ]
SQL: SHOW COLUMNS FROM `think_list` [ RunTime:0.014595s ]
SQL: DELETE FROM `think_list` WHERE ( `id` = 1 ) [ RunTime:0.000443s ]

[ 2016-08-06T17:33:02+08:00 ] 127.0.0.1 /tp/index.php/Admin/Index/table.html?action=two
INFO: [ app_begin ] --START--
INFO: Run Behavior\ReadHtmlCache [ RunTime:0.000697s ]
INFO: [ app_begin ] --END-- [ RunTime:0.001143s ]
SQL: SHOW COLUMNS FROM `think_frank` [ RunTime:0.009458s ]
SQL: SELECT * FROM `think_frank`  [ RunTime:0.000349s ]
SQL: SHOW COLUMNS FROM `think_list` [ RunTime:0.008535s ]
SQL: DELETE FROM `think_list` WHERE ( `id` = 1 ) [ RunTime:0.000285s ]

[ 2016-08-06T17:33:57+08:00 ] 127.0.0.1 /tp/index.php/Admin/Index/table.html
INFO: [ app_begin ] --START--
INFO: Run Behavior\ReadHtmlCache [ RunTime:0.000735s ]
INFO: [ app_begin ] --END-- [ RunTime:0.001160s ]
SQL: SHOW COLUMNS FROM `think_frank` [ RunTime:0.007846s ]
SQL: SELECT * FROM `think_frank`  [ RunTime:0.000345s ]
INFO: [ view_parse ] --START--
INFO: [ template_filter ] --START--
INFO: Run Behavior\ContentReplace [ RunTime:0.000059s ]
INFO: [ template_filter ] --END-- [ RunTime:0.000129s ]
NOTIC: [8] Use of undefined constant table - assumed 'table' E:\development tool\PHPstudy\phpStudy\WWW\tp\Frank\Runtime\Cache\Admin\dfc62204f336d4a0243aef3e3d5b127f.php ç¬¬ 135 è¡Œ.
NOTIC: [8] Use of undefined constant table - assumed 'table' E:\development tool\PHPstudy\phpStudy\WWW\tp\Frank\Runtime\Cache\Admin\dfc62204f336d4a0243aef3e3d5b127f.php ç¬¬ 153 è¡Œ.
INFO: Run Behavior\ParseTemplate [ RunTime:0.013131s ]
INFO: [ view_parse ] --END-- [ RunTime:0.013236s ]
INFO: [ view_filter ] --START--
INFO: Run Behavior\WriteHtmlCache [ RunTime:0.000644s ]
INFO: [ view_filter ] --END-- [ RunTime:0.000729s ]
INFO: [ app_end ] --START--
INFO: Run Behavior\ShowPageTrace [ RunTime:0.001232s ]
INFO: [ app_end ] --END-- [ RunTime:0.001358s ]

[ 2016-08-06T17:34:00+08:00 ] 127.0.0.1 /tp/index.php/Admin/Index/table.html?action=two
INFO: [ app_begin ] --START--
INFO: Run Behavior\ReadHtmlCache [ RunTime:0.000598s ]
INFO: [ app_begin ] --END-- [ RunTime:0.000986s ]
SQL: SHOW COLUMNS FROM `think_frank` [ RunTime:0.008091s ]
SQL: SELECT * FROM `think_frank`  [ RunTime:0.000387s ]
SQL: SHOW COLUMNS FROM `think_list` [ RunTime:0.008214s ]
SQL: DELETE FROM `think_list` WHERE ( `id` = 1 ) [ RunTime:0.000261s ]

[ 2016-08-06T17:34:08+08:00 ] 127.0.0.1 /tp/index.php/Admin/Index/table.html
INFO: [ app_begin ] --START--
INFO: Run Behavior\ReadHtmlCache [ RunTime:0.000626s ]
INFO: [ app_begin ] --END-- [ RunTime:0.001001s ]
SQL: SHOW COLUMNS FROM `think_frank` [ RunTime:0.007536s ]
SQL: SELECT * FROM `think_frank`  [ RunTime:0.000362s ]
INFO: [ view_parse ] --START--
INFO: [ template_filter ] --START--
INFO: Run Behavior\ContentReplace [ RunTime:0.000073s ]
INFO: [ template_filter ] --END-- [ RunTime:0.000175s ]
NOTIC: [8] Use of undefined constant table - assumed 'table' E:\development tool\PHPstudy\phpStudy\WWW\tp\Frank\Runtime\Cache\Admin\dfc62204f336d4a0243aef3e3d5b127f.php ç¬¬ 135 è¡Œ.
NOTIC: [8] Use of undefined constant table - assumed 'table' E:\development tool\PHPstudy\phpStudy\WWW\tp\Frank\Runtime\Cache\Admin\dfc62204f336d4a0243aef3e3d5b127f.php ç¬¬ 153 è¡Œ.
INFO: Run Behavior\ParseTemplate [ RunTime:0.012405s ]
INFO: [ view_parse ] --END-- [ RunTime:0.012473s ]
INFO: [ view_filter ] --START--
INFO: Run Behavior\WriteHtmlCache [ RunTime:0.000434s ]
INFO: [ view_filter ] --END-- [ RunTime:0.000495s ]
INFO: [ app_end ] --START--
INFO: Run Behavior\ShowPageTrace [ RunTime:0.000641s ]
INFO: [ app_end ] --END-- [ RunTime:0.000745s ]

[ 2016-08-06T17:34:27+08:00 ] 127.0.0.1 /tp/index.php/Admin/Index/table.html
INFO: [ app_begin ] --START--
INFO: Run Behavior\ReadHtmlCache [ RunTime:0.000756s ]
INFO: [ app_begin ] --END-- [ RunTime:0.001287s ]
SQL: SHOW COLUMNS FROM `think_frank` [ RunTime:0.032569s ]
SQL: SELECT * FROM `think_frank`  [ RunTime:0.000330s ]
INFO: [ view_parse ] --START--
INFO: [ template_filter ] --START--
INFO: Run Behavior\ContentReplace [ RunTime:0.000064s ]
INFO: [ template_filter ] --END-- [ RunTime:0.000140s ]
NOTIC: [8] Use of undefined constant table - assumed 'table' E:\development tool\PHPstudy\phpStudy\WWW\tp\Frank\Runtime\Cache\Admin\dfc62204f336d4a0243aef3e3d5b127f.php ç¬¬ 135 è¡Œ.
NOTIC: [8] Use of undefined constant table - assumed 'table' E:\development tool\PHPstudy\phpStudy\WWW\tp\Frank\Runtime\Cache\Admin\dfc62204f336d4a0243aef3e3d5b127f.php ç¬¬ 153 è¡Œ.
INFO: Run Behavior\ParseTemplate [ RunTime:0.014006s ]
INFO: [ view_parse ] --END-- [ RunTime:0.014111s ]
INFO: [ view_filter ] --START--
INFO: Run Behavior\WriteHtmlCache [ RunTime:0.000554s ]
INFO: [ view_filter ] --END-- [ RunTime:0.000618s ]
INFO: [ app_end ] --START--
INFO: Run Behavior\ShowPageTrace [ RunTime:0.000823s ]
INFO: [ app_end ] --END-- [ RunTime:0.000907s ]

[ 2016-08-06T17:34:29+08:00 ] 127.0.0.1 /tp/index.php/Admin/Index/table.html?action=two
INFO: [ app_begin ] --START--
INFO: Run Behavior\ReadHtmlCache [ RunTime:0.000464s ]
INFO: [ app_begin ] --END-- [ RunTime:0.000849s ]
SQL: SHOW COLUMNS FROM `think_frank` [ RunTime:0.008311s ]
SQL: SELECT * FROM `think_frank`  [ RunTime:0.000329s ]
SQL: SHOW COLUMNS FROM `think_list` [ RunTime:0.008156s ]
SQL: DELETE FROM `think_list` WHERE ( `id` = 1 ) [ RunTime:0.000308s ]

[ 2016-08-06T17:34:32+08:00 ] 127.0.0.1 /tp/index.php/Admin/Index/table.html
INFO: [ app_begin ] --START--
INFO: Run Behavior\ReadHtmlCache [ RunTime:0.000518s ]
INFO: [ app_begin ] --END-- [ RunTime:0.000900s ]
SQL: SHOW COLUMNS FROM `think_frank` [ RunTime:0.009813s ]
SQL: SELECT * FROM `think_frank`  [ RunTime:0.000630s ]
INFO: [ view_parse ] --START--
INFO: [ template_filter ] --START--
INFO: Run Behavior\ContentReplace [ RunTime:0.000059s ]
INFO: [ template_filter ] --END-- [ RunTime:0.000128s ]
NOTIC: [8] Use of undefined constant table - assumed 'table' E:\development tool\PHPstudy\phpStudy\WWW\tp\Frank\Runtime\Cache\Admin\dfc62204f336d4a0243aef3e3d5b127f.php ç¬¬ 135 è¡Œ.
NOTIC: [8] Use of undefined constant table - assumed 'table' E:\development tool\PHPstudy\phpStudy\WWW\tp\Frank\Runtime\Cache\Admin\dfc62204f336d4a0243aef3e3d5b127f.php ç¬¬ 153 è¡Œ.
INFO: Run Behavior\ParseTemplate [ RunTime:0.010653s ]
INFO: [ view_parse ] --END-- [ RunTime:0.010744s ]
INFO: [ view_filter ] --START--
INFO: Run Behavior\WriteHtmlCache [ RunTime:0.000385s ]
INFO: [ view_filter ] --END-- [ RunTime:0.000450s ]
INFO: [ app_end ] --START--
INFO: Run Behavior\ShowPageTrace [ RunTime:0.000622s ]
INFO: [ app_end ] --END-- [ RunTime:0.000685s ]

[ 2016-08-06T17:34:47+08:00 ] 127.0.0.1 /tp/index.php/Admin/Index/table.html
INFO: [ app_begin ] --START--
INFO: Run Behavior\ReadHtmlCache [ RunTime:0.000756s ]
INFO: [ app_begin ] --END-- [ RunTime:0.001174s ]
SQL: SHOW COLUMNS FROM `think_frank` [ RunTime:0.008067s ]
SQL: SELECT * FROM `think_frank`  [ RunTime:0.000326s ]
INFO: [ view_parse ] --START--
INFO: [ template_filter ] --START--
INFO: Run Behavior\ContentReplace [ RunTime:0.000085s ]
INFO: [ template_filter ] --END-- [ RunTime:0.000155s ]
NOTIC: [8] Use of undefined constant table - assumed 'table' E:\development tool\PHPstudy\phpStudy\WWW\tp\Frank\Runtime\Cache\Admin\dfc62204f336d4a0243aef3e3d5b127f.php ç¬¬ 135 è¡Œ.
NOTIC: [8] Use of undefined constant table - assumed 'table' E:\development tool\PHPstudy\phpStudy\WWW\tp\Frank\Runtime\Cache\Admin\dfc62204f336d4a0243aef3e3d5b127f.php ç¬¬ 153 è¡Œ.
INFO: Run Behavior\ParseTemplate [ RunTime:0.012025s ]
INFO: [ view_parse ] --END-- [ RunTime:0.012103s ]
INFO: [ view_filter ] --START--
INFO: Run Behavior\WriteHtmlCache [ RunTime:0.000602s ]
INFO: [ view_filter ] --END-- [ RunTime:0.000683s ]
INFO: [ app_end ] --START--
INFO: Run Behavior\ShowPageTrace [ RunTime:0.000815s ]
INFO: [ app_end ] --END-- [ RunTime:0.000880s ]

[ 2016-08-06T17:34:50+08:00 ] 127.0.0.1 /tp/index.php/Admin/Index/table.html?action=two
INFO: [ app_begin ] --START--
INFO: Run Behavior\ReadHtmlCache [ RunTime:0.000868s ]
INFO: [ app_begin ] --END-- [ RunTime:0.001260s ]
SQL: SHOW COLUMNS FROM `think_frank` [ RunTime:0.007807s ]
SQL: SELECT * FROM `think_frank`  [ RunTime:0.000312s ]
SQL: SHOW COLUMNS FROM `think_frank` [ RunTime:0.008149s ]
SQL: DELETE FROM `think_frank` WHERE ( `id` = 1 ) [ RunTime:0.000341s ]

[ 2016-08-06T17:34:52+08:00 ] 127.0.0.1 /tp/index.php/Admin/Index/table.html
INFO: [ app_begin ] --START--
INFO: Run Behavior\ReadHtmlCache [ RunTime:0.000736s ]
INFO: [ app_begin ] --END-- [ RunTime:0.001149s ]
SQL: SHOW COLUMNS FROM `think_frank` [ RunTime:0.008827s ]
SQL: SELECT * FROM `think_frank`  [ RunTime:0.000337s ]
INFO: [ view_parse ] --START--
INFO: [ template_filter ] --START--
INFO: Run Behavior\ContentReplace [ RunTime:0.000060s ]
INFO: [ template_filter ] --END-- [ RunTime:0.000131s ]
NOTIC: [8] Use of undefined constant table - assumed 'table' E:\development tool\PHPstudy\phpStudy\WWW\tp\Frank\Runtime\Cache\Admin\dfc62204f336d4a0243aef3e3d5b127f.php ç¬¬ 135 è¡Œ.
NOTIC: [8] Use of undefined constant table - assumed 'table' E:\development tool\PHPstudy\phpStudy\WWW\tp\Frank\Runtime\Cache\Admin\dfc62204f336d4a0243aef3e3d5b127f.php ç¬¬ 153 è¡Œ.
INFO: Run Behavior\ParseTemplate [ RunTime:0.011146s ]
INFO: [ view_parse ] --END-- [ RunTime:0.011226s ]
INFO: [ view_filter ] --START--
INFO: Run Behavior\WriteHtmlCache [ RunTime:0.000586s ]
INFO: [ view_filter ] --END-- [ RunTime:0.000656s ]
INFO: [ app_end ] --START--
INFO: Run Behavior\ShowPageTrace [ RunTime:0.001091s ]
INFO: [ app_end ] --END-- [ RunTime:0.001200s ]

[ 2016-08-06T18:53:31+08:00 ] 127.0.0.1 /tp/admin/index
INFO: [ app_begin ] --START--
INFO: Run Behavior\ReadHtmlCache [ RunTime:0.000894s ]
INFO: [ app_begin ] --END-- [ RunTime:0.001394s ]
INFO: [ view_parse ] --START--
INFO: [ template_filter ] --START--
INFO: Run Behavior\ContentReplace [ RunTime:0.000077s ]
INFO: [ template_filter ] --END-- [ RunTime:0.000183s ]
INFO: Run Behavior\ParseTemplate [ RunTime:0.040579s ]
INFO: [ view_parse ] --END-- [ RunTime:0.040681s ]
INFO: [ view_filter ] --START--
INFO: Run Behavior\WriteHtmlCache [ RunTime:0.000516s ]
INFO: [ view_filter ] --END-- [ RunTime:0.000584s ]
INFO: [ app_end ] --START--
INFO: Run Behavior\ShowPageTrace [ RunTime:0.001095s ]
INFO: [ app_end ] --END-- [ RunTime:0.001200s ]

[ 2016-08-06T18:53:31+08:00 ] 127.0.0.1 /tp/admin/index_v148b2.html?v=4.0
INFO: [ app_begin ] --START--
INFO: Run Behavior\ReadHtmlCache [ RunTime:0.000760s ]
INFO: [ app_begin ] --END-- [ RunTime:0.001181s ]
ERR: æ— æ³•åŠ è½½æŽ§åˆ¶å™¨:Index_v148b2

