[ 2016-08-04T22:12:42+08:00 ] 127.0.0.1 /tp/home/index
INFO: [ app_begin ] --START--
INFO: Run Behavior\ReadHtmlCache [ RunTime:0.101532s ]
INFO: [ app_begin ] --END-- [ RunTime:0.394676s ]
SQL: SHOW COLUMNS FROM `think_user` [ RunTime:2.140026s ]
SQL: SELECT * FROM `think_user`  [ RunTime:0.000501s ]
ERR: 模板不存在:./Frank/Home/View/Index/index.html

[ 2016-08-04T22:28:30+08:00 ] 127.0.0.1 /tp/home/index
INFO: [ app_begin ] --START--
INFO: Run Behavior\ReadHtmlCache [ RunTime:0.001015s ]
INFO: [ app_begin ] --END-- [ RunTime:0.001746s ]
SQL: SHOW COLUMNS FROM `think_user` [ RunTime:0.011215s ]
SQL: SELECT * FROM `think_user`  [ RunTime:0.000294s ]
ERR: 模板不存在:./Frank/Home/View/Index/index.html

[ 2016-08-04T22:28:47+08:00 ] 127.0.0.1 /tp/home/login
INFO: [ app_begin ] --START--
INFO: Run Behavior\ReadHtmlCache [ RunTime:0.000709s ]
INFO: [ app_begin ] --END-- [ RunTime:0.001189s ]
ERR: 无法加载控制器:Login

[ 2016-08-04T22:29:34+08:00 ] 127.0.0.1 /tp/home/index/login
INFO: [ app_begin ] --START--
INFO: Run Behavior\ReadHtmlCache [ RunTime:0.000795s ]
INFO: [ app_begin ] --END-- [ RunTime:0.001374s ]
INFO: [ view_parse ] --START--
INFO: [ template_filter ] --START--
INFO: Run Behavior\ContentReplace [ RunTime:0.000047s ]
INFO: [ template_filter ] --END-- [ RunTime:0.000188s ]
INFO: Run Behavior\ParseTemplate [ RunTime:0.361739s ]
INFO: [ view_parse ] --END-- [ RunTime:0.361881s ]
INFO: [ view_filter ] --START--
INFO: Run Behavior\WriteHtmlCache [ RunTime:0.000867s ]
INFO: [ view_filter ] --END-- [ RunTime:0.000997s ]
INFO: [ app_end ] --START--
INFO: Run Behavior\ShowPageTrace [ RunTime:0.018736s ]
INFO: [ app_end ] --END-- [ RunTime:0.018839s ]

[ 2016-08-04T22:29:40+08:00 ] 127.0.0.1 /tp/home/index/indecx
INFO: [ app_begin ] --START--
INFO: Run Behavior\ReadHtmlCache [ RunTime:0.001094s ]
INFO: [ app_begin ] --END-- [ RunTime:0.001789s ]
ERR: 非法操作:indecx

[ 2016-08-04T22:29:45+08:00 ] 127.0.0.1 /tp/home/index/index
INFO: [ app_begin ] --START--
INFO: Run Behavior\ReadHtmlCache [ RunTime:0.000714s ]
INFO: [ app_begin ] --END-- [ RunTime:0.001214s ]
SQL: SHOW COLUMNS FROM `think_user` [ RunTime:0.150066s ]
SQL: SELECT * FROM `think_user`  [ RunTime:0.000345s ]
ERR: 模板不存在:./Frank/Home/View/Index/index.html

[ 2016-08-04T22:29:51+08:00 ] 127.0.0.1 /tp/home/index/index/login'
INFO: [ app_begin ] --START--
INFO: Run Behavior\ReadHtmlCache [ RunTime:0.000779s ]
INFO: [ app_begin ] --END-- [ RunTime:0.001417s ]
SQL: SHOW COLUMNS FROM `think_user` [ RunTime:0.011495s ]
SQL: SELECT * FROM `think_user`  [ RunTime:0.000413s ]
ERR: 模板不存在:./Frank/Home/View/Index/index.html

[ 2016-08-04T22:29:54+08:00 ] 127.0.0.1 /tp/home/index/index/login
INFO: [ app_begin ] --START--
INFO: Run Behavior\ReadHtmlCache [ RunTime:0.000684s ]
INFO: [ app_begin ] --END-- [ RunTime:0.001144s ]
SQL: SHOW COLUMNS FROM `think_user` [ RunTime:0.216405s ]
SQL: SELECT * FROM `think_user`  [ RunTime:0.000398s ]
ERR: 模板不存在:./Frank/Home/View/Index/index.html

[ 2016-08-04T22:29:57+08:00 ] 127.0.0.1 /tp/home/index/
INFO: [ app_begin ] --START--
INFO: Run Behavior\ReadHtmlCache [ RunTime:0.001235s ]
INFO: [ app_begin ] --END-- [ RunTime:0.002064s ]
SQL: SHOW COLUMNS FROM `think_user` [ RunTime:0.016003s ]
SQL: SELECT * FROM `think_user`  [ RunTime:0.000505s ]
ERR: 模板不存在:./Frank/Home/View/Index/index.html

[ 2016-08-04T22:30:00+08:00 ] 127.0.0.1 /tp/home/index/login
INFO: [ app_begin ] --START--
INFO: Run Behavior\ReadHtmlCache [ RunTime:0.000988s ]
INFO: [ app_begin ] --END-- [ RunTime:0.001572s ]
INFO: [ view_parse ] --START--
INFO: [ template_filter ] --START--
INFO: Run Behavior\ContentReplace [ RunTime:0.000051s ]
INFO: [ template_filter ] --END-- [ RunTime:0.000134s ]
INFO: Run Behavior\ParseTemplate [ RunTime:0.009274s ]
INFO: [ view_parse ] --END-- [ RunTime:0.009395s ]
INFO: [ view_filter ] --START--
INFO: Run Behavior\WriteHtmlCache [ RunTime:0.000421s ]
INFO: [ view_filter ] --END-- [ RunTime:0.000482s ]
INFO: [ app_end ] --START--
INFO: Run Behavior\ShowPageTrace [ RunTime:0.000647s ]
INFO: [ app_end ] --END-- [ RunTime:0.000708s ]

[ 2016-08-04T22:31:18+08:00 ] 127.0.0.1 /tp/admin/index/
INFO: [ app_begin ] --START--
INFO: Run Behavior\ReadHtmlCache [ RunTime:0.001010s ]
INFO: [ app_begin ] --END-- [ RunTime:0.001732s ]
INFO: [ view_parse ] --START--
INFO: [ template_filter ] --START--
INFO: Run Behavior\ContentReplace [ RunTime:0.000305s ]
INFO: [ template_filter ] --END-- [ RunTime:0.000471s ]
INFO: Run Behavior\ParseTemplate [ RunTime:0.068710s ]
INFO: [ view_parse ] --END-- [ RunTime:0.068816s ]
INFO: [ view_filter ] --START--
INFO: Run Behavior\WriteHtmlCache [ RunTime:0.000433s ]
INFO: [ view_filter ] --END-- [ RunTime:0.000492s ]
INFO: [ app_end ] --START--
INFO: Run Behavior\ShowPageTrace [ RunTime:0.001101s ]
INFO: [ app_end ] --END-- [ RunTime:0.001227s ]

[ 2016-08-04T22:31:19+08:00 ] 127.0.0.1 /tp/admin/index/_Public_css/bootstrap.min14ed.css?v=3.3.6%22
INFO: [ app_begin ] --START--
INFO: Run Behavior\ReadHtmlCache [ RunTime:0.000726s ]
INFO: [ app_begin ] --END-- [ RunTime:0.001250s ]
ERR: 非法操作:_public_css

[ 2016-08-04T22:31:19+08:00 ] 127.0.0.1 /tp/admin/index/index_v148b2.html?v=4.0
INFO: [ app_begin ] --START--
INFO: Run Behavior\ReadHtmlCache [ RunTime:0.001113s ]
INFO: [ app_begin ] --END-- [ RunTime:0.002103s ]
ERR: 非法操作:index_v148b2

[ 2016-08-04T22:31:34+08:00 ] 127.0.0.1 /tp/admin/index/_Public_css/bootstrap.min14ed.css?v=3.3.6%22
INFO: [ app_begin ] --START--
INFO: Run Behavior\ReadHtmlCache [ RunTime:0.000770s ]
INFO: [ app_begin ] --END-- [ RunTime:0.001257s ]
ERR: 非法操作:_public_css

[ 2016-08-04T22:32:59+08:00 ] 127.0.0.1 /tp/admin/index/
INFO: [ app_begin ] --START--
INFO: Run Behavior\ReadHtmlCache [ RunTime:0.001188s ]
INFO: [ app_begin ] --END-- [ RunTime:0.002058s ]
INFO: [ view_parse ] --START--
INFO: [ template_filter ] --START--
INFO: Run Behavior\ContentReplace [ RunTime:0.000203s ]
INFO: [ template_filter ] --END-- [ RunTime:0.000299s ]
INFO: Run Behavior\ParseTemplate [ RunTime:0.031618s ]
INFO: [ view_parse ] --END-- [ RunTime:0.031747s ]
INFO: [ view_filter ] --START--
INFO: Run Behavior\WriteHtmlCache [ RunTime:0.000665s ]
INFO: [ view_filter ] --END-- [ RunTime:0.000773s ]
INFO: [ app_end ] --START--
INFO: Run Behavior\ShowPageTrace [ RunTime:0.000943s ]
INFO: [ app_end ] --END-- [ RunTime:0.001088s ]

[ 2016-08-04T22:32:59+08:00 ] 127.0.0.1 /tp/admin/index/_Public_css/bootstrap.min14ed.css?v=3.3.6%22
INFO: [ app_begin ] --START--
INFO: Run Behavior\ReadHtmlCache [ RunTime:0.001230s ]
INFO: [ app_begin ] --END-- [ RunTime:0.002035s ]
ERR: 非法操作:_public_css

[ 2016-08-04T22:32:59+08:00 ] 127.0.0.1 /tp/admin/index/index_v148b2.html?v=4.0
INFO: [ app_begin ] --START--
INFO: Run Behavior\ReadHtmlCache [ RunTime:0.000942s ]
INFO: [ app_begin ] --END-- [ RunTime:0.001652s ]
ERR: 非法操作:index_v148b2

[ 2016-08-04T22:41:53+08:00 ] 127.0.0.1 /tp/admin/index/
INFO: [ app_begin ] --START--
INFO: Run Behavior\ReadHtmlCache [ RunTime:0.004112s ]
INFO: [ app_begin ] --END-- [ RunTime:0.005197s ]
INFO: [ view_parse ] --START--
INFO: [ template_filter ] --START--
INFO: Run Behavior\ContentReplace [ RunTime:0.000625s ]
INFO: [ template_filter ] --END-- [ RunTime:0.001061s ]
INFO: Run Behavior\ParseTemplate [ RunTime:0.032178s ]
INFO: [ view_parse ] --END-- [ RunTime:0.032308s ]
INFO: [ view_filter ] --START--
INFO: Run Behavior\WriteHtmlCache [ RunTime:0.000773s ]
INFO: [ view_filter ] --END-- [ RunTime:0.000902s ]
INFO: [ app_end ] --START--
INFO: Run Behavior\ShowPageTrace [ RunTime:0.016832s ]
INFO: [ app_end ] --END-- [ RunTime:0.017154s ]

[ 2016-08-04T22:41:53+08:00 ] 127.0.0.1 /tp/admin/index/index_v148b2.html?v=4.0
INFO: [ app_begin ] --START--
INFO: Run Behavior\ReadHtmlCache [ RunTime:0.000876s ]
INFO: [ app_begin ] --END-- [ RunTime:0.001600s ]
ERR: 非法操作:index_v148b2

[ 2016-08-04T22:51:53+08:00 ] 127.0.0.1 /tp/admin/index/
INFO: [ app_begin ] --START--
INFO: Run Behavior\ReadHtmlCache [ RunTime:0.001495s ]
INFO: [ app_begin ] --END-- [ RunTime:0.003598s ]
INFO: [ view_parse ] --START--
INFO: [ template_filter ] --START--
INFO: Run Behavior\ContentReplace [ RunTime:0.000284s ]
INFO: [ template_filter ] --END-- [ RunTime:0.000414s ]
INFO: Run Behavior\ParseTemplate [ RunTime:0.034529s ]
INFO: [ view_parse ] --END-- [ RunTime:0.034662s ]
INFO: [ view_filter ] --START--
INFO: Run Behavior\WriteHtmlCache [ RunTime:0.007443s ]
INFO: [ view_filter ] --END-- [ RunTime:0.007525s ]
INFO: [ app_end ] --START--
INFO: Run Behavior\ShowPageTrace [ RunTime:0.001656s ]
INFO: [ app_end ] --END-- [ RunTime:0.001748s ]

[ 2016-08-04T22:51:53+08:00 ] 127.0.0.1 /tp/admin/index/_Public_/css/bootstrap.min14ed.css?v=3.3.6%22
INFO: [ app_begin ] --START--
INFO: Run Behavior\ReadHtmlCache [ RunTime:0.000810s ]
INFO: [ app_begin ] --END-- [ RunTime:0.001463s ]
ERR: 非法操作:_public_

[ 2016-08-04T22:51:53+08:00 ] 127.0.0.1 /tp/admin/index/index_v148b2.html?v=4.0
INFO: [ app_begin ] --START--
INFO: Run Behavior\ReadHtmlCache [ RunTime:0.004819s ]
INFO: [ app_begin ] --END-- [ RunTime:0.005864s ]
ERR: 非法操作:index_v148b2

[ 2016-08-04T23:03:15+08:00 ] 127.0.0.1 /tp/admin/index/
INFO: [ app_begin ] --START--
INFO: Run Behavior\ReadHtmlCache [ RunTime:0.001006s ]
INFO: [ app_begin ] --END-- [ RunTime:0.002115s ]
INFO: [ view_parse ] --START--
INFO: [ template_filter ] --START--
INFO: Run Behavior\ContentReplace [ RunTime:0.000181s ]
INFO: [ template_filter ] --END-- [ RunTime:0.000344s ]
INFO: Run Behavior\ParseTemplate [ RunTime:0.022078s ]
INFO: [ view_parse ] --END-- [ RunTime:0.022227s ]
INFO: [ view_filter ] --START--
INFO: Run Behavior\WriteHtmlCache [ RunTime:0.000525s ]
INFO: [ view_filter ] --END-- [ RunTime:0.000613s ]
INFO: [ app_end ] --START--
INFO: Run Behavior\ShowPageTrace [ RunTime:0.000790s ]
INFO: [ app_end ] --END-- [ RunTime:0.000888s ]

[ 2016-08-04T23:03:16+08:00 ] 127.0.0.1 /tp/admin/index/index_v148b2.html?v=4.0
INFO: [ app_begin ] --START--
INFO: Run Behavior\ReadHtmlCache [ RunTime:0.001170s ]
INFO: [ app_begin ] --END-- [ RunTime:0.002004s ]
ERR: 非法操作:index_v148b2

[ 2016-08-04T23:05:39+08:00 ] 127.0.0.1 /tp/admin/index/
INFO: [ app_begin ] --START--
INFO: Run Behavior\ReadHtmlCache [ RunTime:0.001076s ]
INFO: [ app_begin ] --END-- [ RunTime:0.001741s ]
INFO: [ view_parse ] --START--
INFO: [ template_filter ] --START--
INFO: Run Behavior\ContentReplace [ RunTime:0.000226s ]
INFO: [ template_filter ] --END-- [ RunTime:0.000335s ]
INFO: Run Behavior\ParseTemplate [ RunTime:0.028497s ]
INFO: [ view_parse ] --END-- [ RunTime:0.029004s ]
INFO: [ view_filter ] --START--
INFO: Run Behavior\WriteHtmlCache [ RunTime:0.000648s ]
INFO: [ view_filter ] --END-- [ RunTime:0.000801s ]
INFO: [ app_end ] --START--
INFO: Run Behavior\ShowPageTrace [ RunTime:0.001221s ]
INFO: [ app_end ] --END-- [ RunTime:0.002098s ]

[ 2016-08-04T23:05:39+08:00 ] 127.0.0.1 /tp/admin/index/_public_/css/font-awesome.min93e3.css?v=4.4.0
INFO: [ app_begin ] --START--
INFO: Run Behavior\ReadHtmlCache [ RunTime:0.001235s ]
INFO: [ app_begin ] --END-- [ RunTime:0.002296s ]
ERR: 非法操作:_public_

[ 2016-08-04T23:05:39+08:00 ] 127.0.0.1 /tp/admin/index/_/public_/css/animate.min.css
INFO: [ app_begin ] --START--
INFO: Run Behavior\ReadHtmlCache [ RunTime:0.000950s ]
INFO: [ app_begin ] --END-- [ RunTime:0.001630s ]
ERR: 非法操作:_

[ 2016-08-04T23:05:39+08:00 ] 127.0.0.1 /tp/admin/index/_/public_/css/style.min862f.css?v=4.1.0
INFO: [ app_begin ] --START--
INFO: Run Behavior\ReadHtmlCache [ RunTime:0.000828s ]
INFO: [ app_begin ] --END-- [ RunTime:0.001550s ]
ERR: 非法操作:_

[ 2016-08-04T23:05:39+08:00 ] 127.0.0.1 /tp/admin/index/index_v148b2.html?v=4.0
INFO: [ app_begin ] --START--
INFO: Run Behavior\ReadHtmlCache [ RunTime:0.001879s ]
INFO: [ app_begin ] --END-- [ RunTime:0.002725s ]
ERR: 非法操作:index_v148b2

[ 2016-08-04T23:07:47+08:00 ] 127.0.0.1 /tp/admin/index/
INFO: [ app_begin ] --START--
INFO: Run Behavior\ReadHtmlCache [ RunTime:0.000804s ]
INFO: [ app_begin ] --END-- [ RunTime:0.001704s ]
INFO: [ view_parse ] --START--
INFO: [ template_filter ] --START--
INFO: Run Behavior\ContentReplace [ RunTime:0.000245s ]
INFO: [ template_filter ] --END-- [ RunTime:0.000376s ]
INFO: Run Behavior\ParseTemplate [ RunTime:0.023954s ]
INFO: [ view_parse ] --END-- [ RunTime:0.024099s ]
INFO: [ view_filter ] --START--
INFO: Run Behavior\WriteHtmlCache [ RunTime:0.000825s ]
INFO: [ view_filter ] --END-- [ RunTime:0.000947s ]
INFO: [ app_end ] --START--
INFO: Run Behavior\ShowPageTrace [ RunTime:0.000953s ]
INFO: [ app_end ] --END-- [ RunTime:0.001191s ]

[ 2016-08-04T23:07:47+08:00 ] 127.0.0.1 /tp/admin/index/index_v148b2.html?v=4.0
INFO: [ app_begin ] --START--
INFO: Run Behavior\ReadHtmlCache [ RunTime:0.001155s ]
INFO: [ app_begin ] --END-- [ RunTime:0.001897s ]
ERR: 非法操作:index_v148b2

[ 2016-08-04T23:09:00+08:00 ] 127.0.0.1 /tp/admin/index/
INFO: [ app_begin ] --START--
INFO: Run Behavior\ReadHtmlCache [ RunTime:0.002198s ]
INFO: [ app_begin ] --END-- [ RunTime:0.003028s ]
INFO: [ view_parse ] --START--
INFO: [ template_filter ] --START--
INFO: Run Behavior\ContentReplace [ RunTime:0.000211s ]
INFO: [ template_filter ] --END-- [ RunTime:0.000360s ]
INFO: Run Behavior\ParseTemplate [ RunTime:0.023282s ]
INFO: [ view_parse ] --END-- [ RunTime:0.023463s ]
INFO: [ view_filter ] --START--
INFO: Run Behavior\WriteHtmlCache [ RunTime:0.000633s ]
INFO: [ view_filter ] --END-- [ RunTime:0.000836s ]
INFO: [ app_end ] --START--
INFO: Run Behavior\ShowPageTrace [ RunTime:0.001615s ]
INFO: [ app_end ] --END-- [ RunTime:0.001927s ]

[ 2016-08-04T23:09:00+08:00 ] 127.0.0.1 /tp/admin/index/index_v148b2.html?v=4.0
INFO: [ app_begin ] --START--
INFO: Run Behavior\ReadHtmlCache [ RunTime:0.002024s ]
INFO: [ app_begin ] --END-- [ RunTime:0.003192s ]
ERR: 非法操作:index_v148b2

[ 2016-08-04T23:12:09+08:00 ] 127.0.0.1 /tp/admin/index/
INFO: [ app_begin ] --START--
INFO: Run Behavior\ReadHtmlCache [ RunTime:0.000879s ]
INFO: [ app_begin ] --END-- [ RunTime:0.001626s ]
INFO: [ view_parse ] --START--
INFO: [ template_filter ] --START--
INFO: Run Behavior\ContentReplace [ RunTime:0.000142s ]
INFO: [ template_filter ] --END-- [ RunTime:0.000238s ]
INFO: Run Behavior\ParseTemplate [ RunTime:0.028885s ]
INFO: [ view_parse ] --END-- [ RunTime:0.029025s ]
INFO: [ view_filter ] --START--
INFO: Run Behavior\WriteHtmlCache [ RunTime:0.001021s ]
INFO: [ view_filter ] --END-- [ RunTime:0.001171s ]
INFO: [ app_end ] --START--
INFO: Run Behavior\ShowPageTrace [ RunTime:0.005178s ]
INFO: [ app_end ] --END-- [ RunTime:0.005748s ]

[ 2016-08-04T23:12:09+08:00 ] 127.0.0.1 /tp/admin/index/index_v148b2.html?v=4.0
INFO: [ app_begin ] --START--
INFO: Run Behavior\ReadHtmlCache [ RunTime:0.000974s ]
INFO: [ app_begin ] --END-- [ RunTime:0.001754s ]
ERR: 非法操作:index_v148b2

[ 2016-08-04T23:13:21+08:00 ] 127.0.0.1 /tp/admin/index/
INFO: [ app_begin ] --START--
INFO: Run Behavior\ReadHtmlCache [ RunTime:0.005162s ]
INFO: [ app_begin ] --END-- [ RunTime:0.008707s ]
INFO: [ view_parse ] --START--
INFO: [ template_filter ] --START--
INFO: Run Behavior\ContentReplace [ RunTime:0.000141s ]
INFO: [ template_filter ] --END-- [ RunTime:0.000234s ]
INFO: Run Behavior\ParseTemplate [ RunTime:0.025110s ]
INFO: [ view_parse ] --END-- [ RunTime:0.025687s ]
INFO: [ view_filter ] --START--
INFO: Run Behavior\WriteHtmlCache [ RunTime:0.002256s ]
INFO: [ view_filter ] --END-- [ RunTime:0.002449s ]
INFO: [ app_end ] --START--
INFO: Run Behavior\ShowPageTrace [ RunTime:0.003855s ]
INFO: [ app_end ] --END-- [ RunTime:0.004094s ]

[ 2016-08-04T23:13:22+08:00 ] 127.0.0.1 /tp/admin/index/index_v148b2.html?v=4.0
INFO: [ app_begin ] --START--
INFO: Run Behavior\ReadHtmlCache [ RunTime:0.001935s ]
INFO: [ app_begin ] --END-- [ RunTime:0.006217s ]
ERR: 非法操作:index_v148b2

[ 2016-08-04T23:14:31+08:00 ] 127.0.0.1 /tp/admin/index/
INFO: [ app_begin ] --START--
INFO: Run Behavior\ReadHtmlCache [ RunTime:0.001693s ]
INFO: [ app_begin ] --END-- [ RunTime:0.002511s ]
INFO: [ view_parse ] --START--
INFO: [ template_filter ] --START--
INFO: Run Behavior\ContentReplace [ RunTime:0.000171s ]
INFO: [ template_filter ] --END-- [ RunTime:0.000270s ]
INFO: Run Behavior\ParseTemplate [ RunTime:0.019504s ]
INFO: [ view_parse ] --END-- [ RunTime:0.019677s ]
INFO: [ view_filter ] --START--
INFO: Run Behavior\WriteHtmlCache [ RunTime:0.000790s ]
INFO: [ view_filter ] --END-- [ RunTime:0.000919s ]
INFO: [ app_end ] --START--
INFO: Run Behavior\ShowPageTrace [ RunTime:0.003419s ]
INFO: [ app_end ] --END-- [ RunTime:0.003546s ]

[ 2016-08-04T23:14:31+08:00 ] 127.0.0.1 /tp/admin/index/index_v148b2.html?v=4.0
INFO: [ app_begin ] --START--
INFO: Run Behavior\ReadHtmlCache [ RunTime:0.001095s ]
INFO: [ app_begin ] --END-- [ RunTime:0.001849s ]
ERR: 非法操作:index_v148b2

[ 2016-08-04T23:15:14+08:00 ] 127.0.0.1 /tp/admin/index/login.html
INFO: [ app_begin ] --START--
INFO: Run Behavior\ReadHtmlCache [ RunTime:0.000717s ]
INFO: [ app_begin ] --END-- [ RunTime:0.001295s ]
ERR: 非法操作:login

[ 2016-08-04T23:15:17+08:00 ] 127.0.0.1 /tp/admin/index/login.html
INFO: [ app_begin ] --START--
INFO: Run Behavior\ReadHtmlCache [ RunTime:0.001313s ]
INFO: [ app_begin ] --END-- [ RunTime:0.002242s ]
ERR: 非法操作:login

[ 2016-08-04T23:15:18+08:00 ] 127.0.0.1 /tp/admin/index/login.html
INFO: [ app_begin ] --START--
INFO: Run Behavior\ReadHtmlCache [ RunTime:0.000727s ]
INFO: [ app_begin ] --END-- [ RunTime:0.001280s ]
ERR: 非法操作:login

[ 2016-08-04T23:15:18+08:00 ] 127.0.0.1 /tp/admin/index/login.html
INFO: [ app_begin ] --START--
INFO: Run Behavior\ReadHtmlCache [ RunTime:0.000617s ]
INFO: [ app_begin ] --END-- [ RunTime:0.001072s ]
ERR: 非法操作:login

[ 2016-08-04T23:15:19+08:00 ] 127.0.0.1 /tp/admin/index/login.html
INFO: [ app_begin ] --START--
INFO: Run Behavior\ReadHtmlCache [ RunTime:0.000802s ]
INFO: [ app_begin ] --END-- [ RunTime:0.001412s ]
ERR: 非法操作:login

[ 2016-08-04T23:15:22+08:00 ] 127.0.0.1 /tp/admin/index/
INFO: [ app_begin ] --START--
INFO: Run Behavior\ReadHtmlCache [ RunTime:0.001118s ]
INFO: [ app_begin ] --END-- [ RunTime:0.001839s ]
INFO: [ view_parse ] --START--
INFO: [ template_filter ] --START--
INFO: Run Behavior\ContentReplace [ RunTime:0.000131s ]
INFO: [ template_filter ] --END-- [ RunTime:0.000216s ]
INFO: Run Behavior\ParseTemplate [ RunTime:0.085009s ]
INFO: [ view_parse ] --END-- [ RunTime:0.085168s ]
INFO: [ view_filter ] --START--
INFO: Run Behavior\WriteHtmlCache [ RunTime:0.000643s ]
INFO: [ view_filter ] --END-- [ RunTime:0.000736s ]
INFO: [ app_end ] --START--
INFO: Run Behavior\ShowPageTrace [ RunTime:0.000806s ]
INFO: [ app_end ] --END-- [ RunTime:0.000935s ]

[ 2016-08-04T23:15:22+08:00 ] 127.0.0.1 /tp/admin/index/index_v148b2.html?v=4.0
INFO: [ app_begin ] --START--
INFO: Run Behavior\ReadHtmlCache [ RunTime:0.000800s ]
INFO: [ app_begin ] --END-- [ RunTime:0.001396s ]
ERR: 非法操作:index_v148b2

[ 2016-08-04T23:15:46+08:00 ] 127.0.0.1 /tp/admin/index/
INFO: [ app_begin ] --START--
INFO: Run Behavior\ReadHtmlCache [ RunTime:0.000831s ]
INFO: [ app_begin ] --END-- [ RunTime:0.001422s ]
INFO: [ view_parse ] --START--
INFO: [ template_filter ] --START--
INFO: Run Behavior\ContentReplace [ RunTime:0.000155s ]
INFO: [ template_filter ] --END-- [ RunTime:0.000383s ]
INFO: Run Behavior\ParseTemplate [ RunTime:0.022439s ]
INFO: [ view_parse ] --END-- [ RunTime:0.022589s ]
INFO: [ view_filter ] --START--
INFO: Run Behavior\WriteHtmlCache [ RunTime:0.000394s ]
INFO: [ view_filter ] --END-- [ RunTime:0.000458s ]
INFO: [ app_end ] --START--
INFO: Run Behavior\ShowPageTrace [ RunTime:0.000777s ]
INFO: [ app_end ] --END-- [ RunTime:0.000867s ]

[ 2016-08-04T23:15:46+08:00 ] 127.0.0.1 /tp/admin/index/index_v148b2.html?v=4.0
INFO: [ app_begin ] --START--
INFO: Run Behavior\ReadHtmlCache [ RunTime:0.000994s ]
INFO: [ app_begin ] --END-- [ RunTime:0.001504s ]
ERR: 非法操作:index_v148b2

[ 2016-08-04T23:15:47+08:00 ] 127.0.0.1 /tp/admin/index/
INFO: [ app_begin ] --START--
INFO: Run Behavior\ReadHtmlCache [ RunTime:0.000974s ]
INFO: [ app_begin ] --END-- [ RunTime:0.002897s ]
INFO: [ view_parse ] --START--
INFO: [ template_filter ] --START--
INFO: Run Behavior\ContentReplace [ RunTime:0.000195s ]
INFO: [ template_filter ] --END-- [ RunTime:0.000338s ]
INFO: Run Behavior\ParseTemplate [ RunTime:0.019358s ]
INFO: [ view_parse ] --END-- [ RunTime:0.019505s ]
INFO: [ view_filter ] --START--
INFO: Run Behavior\WriteHtmlCache [ RunTime:0.000628s ]
INFO: [ view_filter ] --END-- [ RunTime:0.000711s ]
INFO: [ app_end ] --START--
INFO: Run Behavior\ShowPageTrace [ RunTime:0.001601s ]
INFO: [ app_end ] --END-- [ RunTime:0.001775s ]

[ 2016-08-04T23:15:47+08:00 ] 127.0.0.1 /tp/admin/index/index_v148b2.html?v=4.0
INFO: [ app_begin ] --START--
INFO: Run Behavior\ReadHtmlCache [ RunTime:0.001022s ]
INFO: [ app_begin ] --END-- [ RunTime:0.001849s ]
ERR: 非法操作:index_v148b2

[ 2016-08-04T23:15:47+08:00 ] 127.0.0.1 /tp/admin/index/
INFO: [ app_begin ] --START--
INFO: Run Behavior\ReadHtmlCache [ RunTime:0.000892s ]
INFO: [ app_begin ] --END-- [ RunTime:0.001656s ]
INFO: [ view_parse ] --START--
INFO: [ template_filter ] --START--
INFO: Run Behavior\ContentReplace [ RunTime:0.000163s ]
INFO: [ template_filter ] --END-- [ RunTime:0.000331s ]
INFO: Run Behavior\ParseTemplate [ RunTime:0.024565s ]
INFO: [ view_parse ] --END-- [ RunTime:0.024704s ]
INFO: [ view_filter ] --START--
INFO: Run Behavior\WriteHtmlCache [ RunTime:0.000429s ]
INFO: [ view_filter ] --END-- [ RunTime:0.000518s ]
INFO: [ app_end ] --START--
INFO: Run Behavior\ShowPageTrace [ RunTime:0.001096s ]
INFO: [ app_end ] --END-- [ RunTime:0.002463s ]

[ 2016-08-04T23:15:47+08:00 ] 127.0.0.1 /tp/admin/index/index_v148b2.html?v=4.0
INFO: [ app_begin ] --START--
INFO: Run Behavior\ReadHtmlCache [ RunTime:0.000826s ]
INFO: [ app_begin ] --END-- [ RunTime:0.001485s ]
ERR: 非法操作:index_v148b2

[ 2016-08-04T23:15:47+08:00 ] 127.0.0.1 /tp/admin/index/
INFO: [ app_begin ] --START--
INFO: Run Behavior\ReadHtmlCache [ RunTime:0.000842s ]
INFO: [ app_begin ] --END-- [ RunTime:0.001404s ]
INFO: [ view_parse ] --START--
INFO: [ template_filter ] --START--
INFO: Run Behavior\ContentReplace [ RunTime:0.000209s ]
INFO: [ template_filter ] --END-- [ RunTime:0.000388s ]
INFO: Run Behavior\ParseTemplate [ RunTime:0.022330s ]
INFO: [ view_parse ] --END-- [ RunTime:0.022489s ]
INFO: [ view_filter ] --START--
INFO: Run Behavior\WriteHtmlCache [ RunTime:0.000833s ]
INFO: [ view_filter ] --END-- [ RunTime:0.000969s ]
INFO: [ app_end ] --START--
INFO: Run Behavior\ShowPageTrace [ RunTime:0.000803s ]
INFO: [ app_end ] --END-- [ RunTime:0.000907s ]

[ 2016-08-04T23:15:48+08:00 ] 127.0.0.1 /tp/admin/index/index_v148b2.html?v=4.0
INFO: [ app_begin ] --START--
INFO: Run Behavior\ReadHtmlCache [ RunTime:0.000956s ]
INFO: [ app_begin ] --END-- [ RunTime:0.001630s ]
ERR: 非法操作:index_v148b2

[ 2016-08-04T23:15:48+08:00 ] 127.0.0.1 /tp/admin/index/
INFO: [ app_begin ] --START--
INFO: Run Behavior\ReadHtmlCache [ RunTime:0.000760s ]
INFO: [ app_begin ] --END-- [ RunTime:0.001351s ]
INFO: [ view_parse ] --START--
INFO: [ template_filter ] --START--
INFO: Run Behavior\ContentReplace [ RunTime:0.000185s ]
INFO: [ template_filter ] --END-- [ RunTime:0.000515s ]
INFO: Run Behavior\ParseTemplate [ RunTime:0.031452s ]
INFO: [ view_parse ] --END-- [ RunTime:0.031631s ]
INFO: [ view_filter ] --START--
INFO: Run Behavior\WriteHtmlCache [ RunTime:0.000881s ]
INFO: [ view_filter ] --END-- [ RunTime:0.001411s ]
INFO: [ app_end ] --START--
INFO: Run Behavior\ShowPageTrace [ RunTime:0.001728s ]
INFO: [ app_end ] --END-- [ RunTime:0.001965s ]

[ 2016-08-04T23:15:48+08:00 ] 127.0.0.1 /tp/admin/index/index_v148b2.html?v=4.0
INFO: [ app_begin ] --START--
INFO: Run Behavior\ReadHtmlCache [ RunTime:0.001005s ]
INFO: [ app_begin ] --END-- [ RunTime:0.001831s ]
ERR: 非法操作:index_v148b2

[ 2016-08-04T23:15:53+08:00 ] 127.0.0.1 /tp/admin/index/
INFO: [ app_begin ] --START--
INFO: Run Behavior\ReadHtmlCache [ RunTime:0.000758s ]
INFO: [ app_begin ] --END-- [ RunTime:0.001359s ]
INFO: [ view_parse ] --START--
INFO: [ template_filter ] --START--
INFO: Run Behavior\ContentReplace [ RunTime:0.000251s ]
INFO: [ template_filter ] --END-- [ RunTime:0.000387s ]
INFO: Run Behavior\ParseTemplate [ RunTime:0.028072s ]
INFO: [ view_parse ] --END-- [ RunTime:0.028297s ]
INFO: [ view_filter ] --START--
INFO: Run Behavior\WriteHtmlCache [ RunTime:0.001107s ]
INFO: [ view_filter ] --END-- [ RunTime:0.001261s ]
INFO: [ app_end ] --START--
INFO: Run Behavior\ShowPageTrace [ RunTime:0.001083s ]
INFO: [ app_end ] --END-- [ RunTime:0.001244s ]

[ 2016-08-04T23:15:53+08:00 ] 127.0.0.1 /tp/admin/index/index_v148b2.html?v=4.0
INFO: [ app_begin ] --START--
INFO: Run Behavior\ReadHtmlCache [ RunTime:0.001224s ]
INFO: [ app_begin ] --END-- [ RunTime:0.002079s ]
ERR: 非法操作:index_v148b2

[ 2016-08-04T23:15:57+08:00 ] 127.0.0.1 /tp/admin/index/
INFO: [ app_begin ] --START--
INFO: Run Behavior\ReadHtmlCache [ RunTime:0.000825s ]
INFO: [ app_begin ] --END-- [ RunTime:0.001471s ]
INFO: [ view_parse ] --START--
INFO: [ template_filter ] --START--
INFO: Run Behavior\ContentReplace [ RunTime:0.000175s ]
INFO: [ template_filter ] --END-- [ RunTime:0.000305s ]
INFO: Run Behavior\ParseTemplate [ RunTime:0.022905s ]
INFO: [ view_parse ] --END-- [ RunTime:0.023047s ]
INFO: [ view_filter ] --START--
INFO: Run Behavior\WriteHtmlCache [ RunTime:0.000522s ]
INFO: [ view_filter ] --END-- [ RunTime:0.000621s ]
INFO: [ app_end ] --START--
INFO: Run Behavior\ShowPageTrace [ RunTime:0.001081s ]
INFO: [ app_end ] --END-- [ RunTime:0.001273s ]

[ 2016-08-04T23:15:57+08:00 ] 127.0.0.1 /tp/admin/index/index_v148b2.html?v=4.0
INFO: [ app_begin ] --START--
INFO: Run Behavior\ReadHtmlCache [ RunTime:0.000837s ]
INFO: [ app_begin ] --END-- [ RunTime:0.001469s ]
ERR: 非法操作:index_v148b2

[ 2016-08-04T23:16:22+08:00 ] 127.0.0.1 /tp/admin/index/
INFO: [ app_begin ] --START--
INFO: Run Behavior\ReadHtmlCache [ RunTime:0.000511s ]
INFO: [ app_begin ] --END-- [ RunTime:0.000891s ]
INFO: [ view_parse ] --START--
INFO: [ template_filter ] --START--
INFO: Run Behavior\ContentReplace [ RunTime:0.000157s ]
INFO: [ template_filter ] --END-- [ RunTime:0.000284s ]
INFO: Run Behavior\ParseTemplate [ RunTime:0.026117s ]
INFO: [ view_parse ] --END-- [ RunTime:0.026261s ]
INFO: [ view_filter ] --START--
INFO: Run Behavior\WriteHtmlCache [ RunTime:0.000500s ]
INFO: [ view_filter ] --END-- [ RunTime:0.000606s ]
INFO: [ app_end ] --START--
INFO: Run Behavior\ShowPageTrace [ RunTime:0.000971s ]
INFO: [ app_end ] --END-- [ RunTime:0.001117s ]

[ 2016-08-04T23:16:22+08:00 ] 127.0.0.1 /tp/admin/index/index_v148b2.html?v=4.0
INFO: [ app_begin ] --START--
INFO: Run Behavior\ReadHtmlCache [ RunTime:0.000933s ]
INFO: [ app_begin ] --END-- [ RunTime:0.001707s ]
ERR: 非法操作:index_v148b2

[ 2016-08-04T23:16:23+08:00 ] 127.0.0.1 /tp/admin/index/
INFO: [ app_begin ] --START--
INFO: Run Behavior\ReadHtmlCache [ RunTime:0.000879s ]
INFO: [ app_begin ] --END-- [ RunTime:0.001533s ]
INFO: [ view_parse ] --START--
INFO: [ template_filter ] --START--
INFO: Run Behavior\ContentReplace [ RunTime:0.000196s ]
INFO: [ template_filter ] --END-- [ RunTime:0.000366s ]
INFO: Run Behavior\ParseTemplate [ RunTime:0.020464s ]
INFO: [ view_parse ] --END-- [ RunTime:0.020705s ]
INFO: [ view_filter ] --START--
INFO: Run Behavior\WriteHtmlCache [ RunTime:0.000753s ]
INFO: [ view_filter ] --END-- [ RunTime:0.000891s ]
INFO: [ app_end ] --START--
INFO: Run Behavior\ShowPageTrace [ RunTime:0.003321s ]
INFO: [ app_end ] --END-- [ RunTime:0.003548s ]

[ 2016-08-04T23:16:23+08:00 ] 127.0.0.1 /tp/admin/index/index_v148b2.html?v=4.0
INFO: [ app_begin ] --START--
INFO: Run Behavior\ReadHtmlCache [ RunTime:0.000823s ]
INFO: [ app_begin ] --END-- [ RunTime:0.001436s ]
ERR: 非法操作:index_v148b2

[ 2016-08-04T23:16:23+08:00 ] 127.0.0.1 /tp/admin/index/
INFO: [ app_begin ] --START--
INFO: Run Behavior\ReadHtmlCache [ RunTime:0.000912s ]
INFO: [ app_begin ] --END-- [ RunTime:0.001618s ]
INFO: [ view_parse ] --START--
INFO: [ template_filter ] --START--
INFO: Run Behavior\ContentReplace [ RunTime:0.000190s ]
INFO: [ template_filter ] --END-- [ RunTime:0.000516s ]
INFO: Run Behavior\ParseTemplate [ RunTime:0.034294s ]
INFO: [ view_parse ] --END-- [ RunTime:0.034555s ]
INFO: [ view_filter ] --START--
INFO: Run Behavior\WriteHtmlCache [ RunTime:0.000630s ]
INFO: [ view_filter ] --END-- [ RunTime:0.000726s ]
INFO: [ app_end ] --START--
INFO: Run Behavior\ShowPageTrace [ RunTime:0.001174s ]
INFO: [ app_end ] --END-- [ RunTime:0.001295s ]

[ 2016-08-04T23:16:23+08:00 ] 127.0.0.1 /tp/admin/index/index_v148b2.html?v=4.0
INFO: [ app_begin ] --START--
INFO: Run Behavior\ReadHtmlCache [ RunTime:0.000929s ]
INFO: [ app_begin ] --END-- [ RunTime:0.001804s ]
ERR: 非法操作:index_v148b2

[ 2016-08-04T23:16:38+08:00 ] 127.0.0.1 /tp/admin/index/
INFO: [ app_begin ] --START--
INFO: Run Behavior\ReadHtmlCache [ RunTime:0.000939s ]
INFO: [ app_begin ] --END-- [ RunTime:0.001597s ]
INFO: [ view_parse ] --START--
INFO: [ template_filter ] --START--
INFO: Run Behavior\ContentReplace [ RunTime:0.000301s ]
INFO: [ template_filter ] --END-- [ RunTime:0.000562s ]
INFO: Run Behavior\ParseTemplate [ RunTime:0.017502s ]
INFO: [ view_parse ] --END-- [ RunTime:0.017768s ]
INFO: [ view_filter ] --START--
INFO: Run Behavior\WriteHtmlCache [ RunTime:0.000388s ]
INFO: [ view_filter ] --END-- [ RunTime:0.000452s ]
INFO: [ app_end ] --START--
INFO: Run Behavior\ShowPageTrace [ RunTime:0.000722s ]
INFO: [ app_end ] --END-- [ RunTime:0.000820s ]

[ 2016-08-04T23:16:38+08:00 ] 127.0.0.1 /tp/admin/index/index_v148b2.html?v=4.0
INFO: [ app_begin ] --START--
INFO: Run Behavior\ReadHtmlCache [ RunTime:0.000779s ]
INFO: [ app_begin ] --END-- [ RunTime:0.001398s ]
ERR: 非法操作:index_v148b2

[ 2016-08-04T23:19:51+08:00 ] 127.0.0.1 /tp/admin/index/
INFO: [ app_begin ] --START--
INFO: Run Behavior\ReadHtmlCache [ RunTime:0.000575s ]
INFO: [ app_begin ] --END-- [ RunTime:0.000998s ]
INFO: [ view_parse ] --START--
INFO: [ template_filter ] --START--
INFO: Run Behavior\ContentReplace [ RunTime:0.000400s ]
INFO: [ template_filter ] --END-- [ RunTime:0.000554s ]
INFO: Run Behavior\ParseTemplate [ RunTime:0.027198s ]
INFO: [ view_parse ] --END-- [ RunTime:0.027580s ]
INFO: [ view_filter ] --START--
INFO: Run Behavior\WriteHtmlCache [ RunTime:0.000684s ]
INFO: [ view_filter ] --END-- [ RunTime:0.000813s ]
INFO: [ app_end ] --START--
INFO: Run Behavior\ShowPageTrace [ RunTime:0.001388s ]
INFO: [ app_end ] --END-- [ RunTime:0.001570s ]

[ 2016-08-04T23:19:51+08:00 ] 127.0.0.1 /tp/admin/index/index_v148b2.html?v=4.0
INFO: [ app_begin ] --START--
INFO: Run Behavior\ReadHtmlCache [ RunTime:0.000906s ]
INFO: [ app_begin ] --END-- [ RunTime:0.001608s ]
ERR: 非法操作:index_v148b2

[ 2016-08-04T23:20:38+08:00 ] 127.0.0.1 /tp/admin/index/
INFO: [ app_begin ] --START--
INFO: Run Behavior\ReadHtmlCache [ RunTime:0.001092s ]
INFO: [ app_begin ] --END-- [ RunTime:0.002175s ]
INFO: [ view_parse ] --START--
INFO: [ template_filter ] --START--
INFO: Run Behavior\ContentReplace [ RunTime:0.000244s ]
INFO: [ template_filter ] --END-- [ RunTime:0.000336s ]
INFO: Run Behavior\ParseTemplate [ RunTime:0.025350s ]
INFO: [ view_parse ] --END-- [ RunTime:0.025581s ]
INFO: [ view_filter ] --START--
INFO: Run Behavior\WriteHtmlCache [ RunTime:0.000530s ]
INFO: [ view_filter ] --END-- [ RunTime:0.000604s ]
INFO: [ app_end ] --START--
INFO: Run Behavior\ShowPageTrace [ RunTime:0.008242s ]
INFO: [ app_end ] --END-- [ RunTime:0.008435s ]

[ 2016-08-04T23:20:38+08:00 ] 127.0.0.1 /tp/admin/index/index_v148b2.html?v=4.0
INFO: [ app_begin ] --START--
INFO: Run Behavior\ReadHtmlCache [ RunTime:0.001176s ]
INFO: [ app_begin ] --END-- [ RunTime:0.001935s ]
ERR: 非法操作:index_v148b2

[ 2016-08-04T23:20:47+08:00 ] 127.0.0.1 /tp/admin/index/layouts.html
INFO: [ app_begin ] --START--
INFO: Run Behavior\ReadHtmlCache [ RunTime:0.001879s ]
INFO: [ app_begin ] --END-- [ RunTime:0.002756s ]
ERR: 非法操作:layouts

[ 2016-08-04T23:21:35+08:00 ] 127.0.0.1 /tp/admin/index/
INFO: [ app_begin ] --START--
INFO: Run Behavior\ReadHtmlCache [ RunTime:0.001111s ]
INFO: [ app_begin ] --END-- [ RunTime:0.002228s ]
INFO: [ view_parse ] --START--
INFO: [ template_filter ] --START--
INFO: Run Behavior\ContentReplace [ RunTime:0.000845s ]
INFO: [ template_filter ] --END-- [ RunTime:0.002492s ]
INFO: Run Behavior\ParseTemplate [ RunTime:0.049704s ]
INFO: [ view_parse ] --END-- [ RunTime:0.049922s ]
INFO: [ view_filter ] --START--
INFO: Run Behavior\WriteHtmlCache [ RunTime:0.001072s ]
INFO: [ view_filter ] --END-- [ RunTime:0.001273s ]
INFO: [ app_end ] --START--
INFO: Run Behavior\ShowPageTrace [ RunTime:0.001350s ]
INFO: [ app_end ] --END-- [ RunTime:0.001525s ]

[ 2016-08-04T23:21:40+08:00 ] 127.0.0.1 /tp/admin/index/
INFO: [ app_begin ] --START--
INFO: Run Behavior\ReadHtmlCache [ RunTime:0.000670s ]
INFO: [ app_begin ] --END-- [ RunTime:0.001242s ]
INFO: [ view_parse ] --START--
INFO: [ template_filter ] --START--
INFO: Run Behavior\ContentReplace [ RunTime:0.000449s ]
INFO: [ template_filter ] --END-- [ RunTime:0.000592s ]
INFO: Run Behavior\ParseTemplate [ RunTime:0.055925s ]
INFO: [ view_parse ] --END-- [ RunTime:0.056156s ]
INFO: [ view_filter ] --START--
INFO: Run Behavior\WriteHtmlCache [ RunTime:0.000578s ]
INFO: [ view_filter ] --END-- [ RunTime:0.000696s ]
INFO: [ app_end ] --START--
INFO: Run Behavior\ShowPageTrace [ RunTime:0.005937s ]
INFO: [ app_end ] --END-- [ RunTime:0.006108s ]

[ 2016-08-04T23:21:40+08:00 ] 127.0.0.1 /tp/admin/index/index_v148b2.html?v=4.0
INFO: [ app_begin ] --START--
INFO: Run Behavior\ReadHtmlCache [ RunTime:0.001069s ]
INFO: [ app_begin ] --END-- [ RunTime:0.001837s ]
ERR: 非法操作:index_v148b2

[ 2016-08-04T23:22:02+08:00 ] 127.0.0.1 /tp/admin/index/
INFO: [ app_begin ] --START--
INFO: Run Behavior\ReadHtmlCache [ RunTime:0.000523s ]
INFO: [ app_begin ] --END-- [ RunTime:0.001145s ]
INFO: [ view_parse ] --START--
INFO: [ template_filter ] --START--
INFO: Run Behavior\ContentReplace [ RunTime:0.003156s ]
INFO: [ template_filter ] --END-- [ RunTime:0.003382s ]
INFO: Run Behavior\ParseTemplate [ RunTime:0.075783s ]
INFO: [ view_parse ] --END-- [ RunTime:0.075959s ]
INFO: [ view_filter ] --START--
INFO: Run Behavior\WriteHtmlCache [ RunTime:0.001227s ]
INFO: [ view_filter ] --END-- [ RunTime:0.001433s ]
INFO: [ app_end ] --START--
INFO: Run Behavior\ShowPageTrace [ RunTime:0.029381s ]
INFO: [ app_end ] --END-- [ RunTime:0.029653s ]

[ 2016-08-04T23:22:02+08:00 ] 127.0.0.1 /tp/admin/index/index_v148b2.html?v=4.0
INFO: [ app_begin ] --START--
INFO: Run Behavior\ReadHtmlCache [ RunTime:0.001060s ]
INFO: [ app_begin ] --END-- [ RunTime:0.001801s ]
ERR: 非法操作:index_v148b2

[ 2016-08-04T23:22:04+08:00 ] 127.0.0.1 /tp/admin/index/
INFO: [ app_begin ] --START--
INFO: Run Behavior\ReadHtmlCache [ RunTime:0.000866s ]
INFO: [ app_begin ] --END-- [ RunTime:0.001567s ]
INFO: [ view_parse ] --START--
INFO: [ template_filter ] --START--
INFO: Run Behavior\ContentReplace [ RunTime:0.000257s ]
INFO: [ template_filter ] --END-- [ RunTime:0.000347s ]
INFO: Run Behavior\ParseTemplate [ RunTime:0.032524s ]
INFO: [ view_parse ] --END-- [ RunTime:0.032681s ]
INFO: [ view_filter ] --START--
INFO: Run Behavior\WriteHtmlCache [ RunTime:0.000485s ]
INFO: [ view_filter ] --END-- [ RunTime:0.000576s ]
INFO: [ app_end ] --START--
INFO: Run Behavior\ShowPageTrace [ RunTime:0.001059s ]
INFO: [ app_end ] --END-- [ RunTime:0.001186s ]

[ 2016-08-04T23:22:04+08:00 ] 127.0.0.1 /tp/admin/index/index_v148b2.html?v=4.0
INFO: [ app_begin ] --START--
INFO: Run Behavior\ReadHtmlCache [ RunTime:0.000975s ]
INFO: [ app_begin ] --END-- [ RunTime:0.001674s ]
ERR: 非法操作:index_v148b2

[ 2016-08-04T23:22:04+08:00 ] 127.0.0.1 /tp/admin/index/
INFO: [ app_begin ] --START--
INFO: Run Behavior\ReadHtmlCache [ RunTime:0.000846s ]
INFO: [ app_begin ] --END-- [ RunTime:0.001611s ]
INFO: [ view_parse ] --START--
INFO: [ template_filter ] --START--
INFO: Run Behavior\ContentReplace [ RunTime:0.000601s ]
INFO: [ template_filter ] --END-- [ RunTime:0.004525s ]
INFO: Run Behavior\ParseTemplate [ RunTime:0.049664s ]
INFO: [ view_parse ] --END-- [ RunTime:0.049834s ]
INFO: [ view_filter ] --START--
INFO: Run Behavior\WriteHtmlCache [ RunTime:0.001427s ]
INFO: [ view_filter ] --END-- [ RunTime:0.002011s ]
INFO: [ app_end ] --START--
INFO: Run Behavior\ShowPageTrace [ RunTime:0.001244s ]
INFO: [ app_end ] --END-- [ RunTime:0.003803s ]

[ 2016-08-04T23:22:04+08:00 ] 127.0.0.1 /tp/admin/index/index_v148b2.html?v=4.0
INFO: [ app_begin ] --START--
INFO: Run Behavior\ReadHtmlCache [ RunTime:0.000752s ]
INFO: [ app_begin ] --END-- [ RunTime:0.001344s ]
ERR: 非法操作:index_v148b2

[ 2016-08-04T23:24:07+08:00 ] 127.0.0.1 /tp/admin/index/
INFO: [ app_begin ] --START--
INFO: Run Behavior\ReadHtmlCache [ RunTime:0.001326s ]
INFO: [ app_begin ] --END-- [ RunTime:0.002284s ]
INFO: [ view_parse ] --START--
INFO: [ template_filter ] --START--
INFO: Run Behavior\ContentReplace [ RunTime:0.000354s ]
INFO: [ template_filter ] --END-- [ RunTime:0.000491s ]
INFO: Run Behavior\ParseTemplate [ RunTime:0.059374s ]
INFO: [ view_parse ] --END-- [ RunTime:0.059565s ]
INFO: [ view_filter ] --START--
INFO: Run Behavior\WriteHtmlCache [ RunTime:0.000799s ]
INFO: [ view_filter ] --END-- [ RunTime:0.000913s ]
INFO: [ app_end ] --START--
INFO: Run Behavior\ShowPageTrace [ RunTime:0.007636s ]
INFO: [ app_end ] --END-- [ RunTime:0.007966s ]

[ 2016-08-04T23:24:07+08:00 ] 127.0.0.1 /tp/admin/index/index_v148b2.html?v=4.0
INFO: [ app_begin ] --START--
INFO: Run Behavior\ReadHtmlCache [ RunTime:0.001161s ]
INFO: [ app_begin ] --END-- [ RunTime:0.001978s ]
ERR: 非法操作:index_v148b2

[ 2016-08-04T23:24:58+08:00 ] 127.0.0.1 /tp/admin/index/
INFO: [ app_begin ] --START--
INFO: Run Behavior\ReadHtmlCache [ RunTime:0.000826s ]
INFO: [ app_begin ] --END-- [ RunTime:0.001441s ]
INFO: [ view_parse ] --START--
INFO: [ template_filter ] --START--
INFO: Run Behavior\ContentReplace [ RunTime:0.000252s ]
INFO: [ template_filter ] --END-- [ RunTime:0.000407s ]
INFO: Run Behavior\ParseTemplate [ RunTime:0.034944s ]
INFO: [ view_parse ] --END-- [ RunTime:0.035154s ]
INFO: [ view_filter ] --START--
INFO: Run Behavior\WriteHtmlCache [ RunTime:0.000761s ]
INFO: [ view_filter ] --END-- [ RunTime:0.000881s ]
INFO: [ app_end ] --START--
INFO: Run Behavior\ShowPageTrace [ RunTime:0.001582s ]
INFO: [ app_end ] --END-- [ RunTime:0.001777s ]

[ 2016-08-04T23:24:58+08:00 ] 127.0.0.1 /tp/admin/index/index_v148b2.html?v=4.0
INFO: [ app_begin ] --START--
INFO: Run Behavior\ReadHtmlCache [ RunTime:0.001146s ]
INFO: [ app_begin ] --END-- [ RunTime:0.001917s ]
ERR: 非法操作:index_v148b2

[ 2016-08-04T23:26:05+08:00 ] 127.0.0.1 /tp/admin/index/
INFO: [ app_begin ] --START--
INFO: Run Behavior\ReadHtmlCache [ RunTime:0.000685s ]
INFO: [ app_begin ] --END-- [ RunTime:0.001159s ]
INFO: [ view_parse ] --START--
INFO: [ template_filter ] --START--
INFO: Run Behavior\ContentReplace [ RunTime:0.000274s ]
INFO: [ template_filter ] --END-- [ RunTime:0.000422s ]
INFO: Run Behavior\ParseTemplate [ RunTime:0.084724s ]
INFO: [ view_parse ] --END-- [ RunTime:0.084891s ]
INFO: [ view_filter ] --START--
INFO: Run Behavior\WriteHtmlCache [ RunTime:0.002277s ]
INFO: [ view_filter ] --END-- [ RunTime:0.002620s ]
INFO: [ app_end ] --START--
INFO: Run Behavior\ShowPageTrace [ RunTime:0.013498s ]
INFO: [ app_end ] --END-- [ RunTime:0.013847s ]

[ 2016-08-04T23:26:06+08:00 ] 127.0.0.1 /tp/admin/index/index_v148b2.html?v=4.0
INFO: [ app_begin ] --START--
INFO: Run Behavior\ReadHtmlCache [ RunTime:0.000892s ]
INFO: [ app_begin ] --END-- [ RunTime:0.001585s ]
ERR: 非法操作:index_v148b2

[ 2016-08-04T23:26:13+08:00 ] 127.0.0.1 /tp/admin/index/layouts.html
INFO: [ app_begin ] --START--
INFO: Run Behavior\ReadHtmlCache [ RunTime:0.000932s ]
INFO: [ app_begin ] --END-- [ RunTime:0.001708s ]
ERR: 非法操作:layouts

[ 2016-08-04T23:26:18+08:00 ] 127.0.0.1 /tp/admin/index/index_v2.html
INFO: [ app_begin ] --START--
INFO: Run Behavior\ReadHtmlCache [ RunTime:0.000807s ]
INFO: [ app_begin ] --END-- [ RunTime:0.001394s ]
ERR: 非法操作:index_v2

[ 2016-08-04T23:30:17+08:00 ] 127.0.0.1 /tp/admin/index/
INFO: [ app_begin ] --START--
INFO: Run Behavior\ReadHtmlCache [ RunTime:0.000994s ]
INFO: [ app_begin ] --END-- [ RunTime:0.001749s ]
INFO: [ view_parse ] --START--
INFO: [ template_filter ] --START--
INFO: Run Behavior\ContentReplace [ RunTime:0.000209s ]
INFO: [ template_filter ] --END-- [ RunTime:0.000323s ]
INFO: Run Behavior\ParseTemplate [ RunTime:0.027041s ]
INFO: [ view_parse ] --END-- [ RunTime:0.027204s ]
INFO: [ view_filter ] --START--
INFO: Run Behavior\WriteHtmlCache [ RunTime:0.000629s ]
INFO: [ view_filter ] --END-- [ RunTime:0.000736s ]
INFO: [ app_end ] --START--
INFO: Run Behavior\ShowPageTrace [ RunTime:0.002129s ]
INFO: [ app_end ] --END-- [ RunTime:0.002357s ]

[ 2016-08-04T23:30:17+08:00 ] 127.0.0.1 /tp/admin/index/index_v148b2.html?v=4.0
INFO: [ app_begin ] --START--
INFO: Run Behavior\ReadHtmlCache [ RunTime:0.001509s ]
INFO: [ app_begin ] --END-- [ RunTime:0.002313s ]
ERR: 非法操作:index_v148b2

[ 2016-08-04T23:30:56+08:00 ] 127.0.0.1 /tp/admin/index/
INFO: [ app_begin ] --START--
INFO: Run Behavior\ReadHtmlCache [ RunTime:0.001105s ]
INFO: [ app_begin ] --END-- [ RunTime:0.001872s ]
INFO: [ view_parse ] --START--
INFO: [ template_filter ] --START--
INFO: Run Behavior\ContentReplace [ RunTime:0.000178s ]
INFO: [ template_filter ] --END-- [ RunTime:0.000282s ]
INFO: Run Behavior\ParseTemplate [ RunTime:0.025635s ]
INFO: [ view_parse ] --END-- [ RunTime:0.025975s ]
INFO: [ view_filter ] --START--
INFO: Run Behavior\WriteHtmlCache [ RunTime:0.000632s ]
INFO: [ view_filter ] --END-- [ RunTime:0.000714s ]
INFO: [ app_end ] --START--
INFO: Run Behavior\ShowPageTrace [ RunTime:0.001709s ]
INFO: [ app_end ] --END-- [ RunTime:0.001878s ]

[ 2016-08-04T23:30:56+08:00 ] 127.0.0.1 /tp/admin/index/index_v148b2.html?v=4.0
INFO: [ app_begin ] --START--
INFO: Run Behavior\ReadHtmlCache [ RunTime:0.000906s ]
INFO: [ app_begin ] --END-- [ RunTime:0.001761s ]
ERR: 非法操作:index_v148b2

[ 2016-08-04T23:31:05+08:00 ] 127.0.0.1 /tp/admin/index/
INFO: [ app_begin ] --START--
INFO: Run Behavior\ReadHtmlCache [ RunTime:0.000994s ]
INFO: [ app_begin ] --END-- [ RunTime:0.001802s ]
INFO: [ view_parse ] --START--
INFO: [ template_filter ] --START--
INFO: Run Behavior\ContentReplace [ RunTime:0.000299s ]
INFO: [ template_filter ] --END-- [ RunTime:0.000477s ]
INFO: Run Behavior\ParseTemplate [ RunTime:0.038745s ]
INFO: [ view_parse ] --END-- [ RunTime:0.039018s ]
INFO: [ view_filter ] --START--
INFO: Run Behavior\WriteHtmlCache [ RunTime:0.000853s ]
INFO: [ view_filter ] --END-- [ RunTime:0.001083s ]
INFO: [ app_end ] --START--
INFO: Run Behavior\ShowPageTrace [ RunTime:0.002603s ]
INFO: [ app_end ] --END-- [ RunTime:0.002904s ]

[ 2016-08-04T23:31:05+08:00 ] 127.0.0.1 /tp/admin/index/index_v148b2.html?v=4.0
INFO: [ app_begin ] --START--
INFO: Run Behavior\ReadHtmlCache [ RunTime:0.001307s ]
INFO: [ app_begin ] --END-- [ RunTime:0.002540s ]
ERR: 非法操作:index_v148b2

[ 2016-08-04T23:31:09+08:00 ] 127.0.0.1 /tp/admin/index/index_v3.html
INFO: [ app_begin ] --START--
INFO: Run Behavior\ReadHtmlCache [ RunTime:0.001386s ]
INFO: [ app_begin ] --END-- [ RunTime:0.002694s ]
ERR: 非法操作:index_v3

[ 2016-08-04T23:31:19+08:00 ] 127.0.0.1 /tp/admin/index/
INFO: [ app_begin ] --START--
INFO: Run Behavior\ReadHtmlCache [ RunTime:0.002506s ]
INFO: [ app_begin ] --END-- [ RunTime:0.006924s ]
INFO: [ view_parse ] --START--
INFO: [ template_filter ] --START--
INFO: Run Behavior\ContentReplace [ RunTime:0.000322s ]
INFO: [ template_filter ] --END-- [ RunTime:0.000595s ]
INFO: Run Behavior\ParseTemplate [ RunTime:0.037188s ]
INFO: [ view_parse ] --END-- [ RunTime:0.037412s ]
INFO: [ view_filter ] --START--
INFO: Run Behavior\WriteHtmlCache [ RunTime:0.001265s ]
INFO: [ view_filter ] --END-- [ RunTime:0.001444s ]
INFO: [ app_end ] --START--
INFO: Run Behavior\ShowPageTrace [ RunTime:0.006173s ]
INFO: [ app_end ] --END-- [ RunTime:0.006342s ]

[ 2016-08-04T23:31:19+08:00 ] 127.0.0.1 /tp/admin/index/index_v148b2.html?v=4.0
INFO: [ app_begin ] --START--
INFO: Run Behavior\ReadHtmlCache [ RunTime:0.000954s ]
INFO: [ app_begin ] --END-- [ RunTime:0.001693s ]
ERR: 非法操作:index_v148b2

[ 2016-08-04T23:31:28+08:00 ] 127.0.0.1 /tp/admin/index/
INFO: [ app_begin ] --START--
INFO: Run Behavior\ReadHtmlCache [ RunTime:0.001071s ]
INFO: [ app_begin ] --END-- [ RunTime:0.002041s ]
INFO: [ view_parse ] --START--
INFO: [ template_filter ] --START--
INFO: Run Behavior\ContentReplace [ RunTime:0.000236s ]
INFO: [ template_filter ] --END-- [ RunTime:0.000386s ]
INFO: Run Behavior\ParseTemplate [ RunTime:0.031643s ]
INFO: [ view_parse ] --END-- [ RunTime:0.031983s ]
INFO: [ view_filter ] --START--
INFO: Run Behavior\WriteHtmlCache [ RunTime:0.000559s ]
INFO: [ view_filter ] --END-- [ RunTime:0.000669s ]
INFO: [ app_end ] --START--
INFO: Run Behavior\ShowPageTrace [ RunTime:0.001076s ]
INFO: [ app_end ] --END-- [ RunTime:0.001238s ]

[ 2016-08-04T23:31:28+08:00 ] 127.0.0.1 /tp/admin/index/index_v148b2.html?v=4.0
INFO: [ app_begin ] --START--
INFO: Run Behavior\ReadHtmlCache [ RunTime:0.001248s ]
INFO: [ app_begin ] --END-- [ RunTime:0.001963s ]
ERR: 非法操作:index_v148b2

[ 2016-08-04T23:32:03+08:00 ] 127.0.0.1 /tp/admin/index/
INFO: [ app_begin ] --START--
INFO: Run Behavior\ReadHtmlCache [ RunTime:0.002504s ]
INFO: [ app_begin ] --END-- [ RunTime:0.003724s ]
INFO: [ view_parse ] --START--
INFO: [ template_filter ] --START--
INFO: Run Behavior\ContentReplace [ RunTime:0.000141s ]
INFO: [ template_filter ] --END-- [ RunTime:0.000247s ]
INFO: Run Behavior\ParseTemplate [ RunTime:0.025619s ]
INFO: [ view_parse ] --END-- [ RunTime:0.025777s ]
INFO: [ view_filter ] --START--
INFO: Run Behavior\WriteHtmlCache [ RunTime:0.001886s ]
INFO: [ view_filter ] --END-- [ RunTime:0.002006s ]
INFO: [ app_end ] --START--
INFO: Run Behavior\ShowPageTrace [ RunTime:0.006023s ]
INFO: [ app_end ] --END-- [ RunTime:0.006679s ]

[ 2016-08-04T23:32:03+08:00 ] 127.0.0.1 /tp/admin/index/index_v148b2.html?v=4.0
INFO: [ app_begin ] --START--
INFO: Run Behavior\ReadHtmlCache [ RunTime:0.000959s ]
INFO: [ app_begin ] --END-- [ RunTime:0.001680s ]
ERR: 非法操作:index_v148b2

[ 2016-08-04T23:32:13+08:00 ] 127.0.0.1 /tp/admin/index/
INFO: [ app_begin ] --START--
INFO: Run Behavior\ReadHtmlCache [ RunTime:0.001213s ]
INFO: [ app_begin ] --END-- [ RunTime:0.001991s ]
INFO: [ view_parse ] --START--
INFO: [ template_filter ] --START--
INFO: Run Behavior\ContentReplace [ RunTime:0.000253s ]
INFO: [ template_filter ] --END-- [ RunTime:0.000884s ]
INFO: Run Behavior\ParseTemplate [ RunTime:0.028748s ]
INFO: [ view_parse ] --END-- [ RunTime:0.028942s ]
INFO: [ view_filter ] --START--
INFO: Run Behavior\WriteHtmlCache [ RunTime:0.000576s ]
INFO: [ view_filter ] --END-- [ RunTime:0.000694s ]
INFO: [ app_end ] --START--
INFO: Run Behavior\ShowPageTrace [ RunTime:0.001241s ]
INFO: [ app_end ] --END-- [ RunTime:0.001431s ]

[ 2016-08-04T23:32:13+08:00 ] 127.0.0.1 /tp/admin/index/index_v148b2.html?v=4.0
INFO: [ app_begin ] --START--
INFO: Run Behavior\ReadHtmlCache [ RunTime:0.000827s ]
INFO: [ app_begin ] --END-- [ RunTime:0.001529s ]
ERR: 非法操作:index_v148b2

[ 2016-08-04T23:33:24+08:00 ] 127.0.0.1 /tp/admin/index/
INFO: [ app_begin ] --START--
INFO: Run Behavior\ReadHtmlCache [ RunTime:0.000818s ]
INFO: [ app_begin ] --END-- [ RunTime:0.001343s ]
INFO: [ view_parse ] --START--
INFO: [ template_filter ] --START--
INFO: Run Behavior\ContentReplace [ RunTime:0.000466s ]
INFO: [ template_filter ] --END-- [ RunTime:0.000738s ]
INFO: Run Behavior\ParseTemplate [ RunTime:0.030655s ]
INFO: [ view_parse ] --END-- [ RunTime:0.030825s ]
INFO: [ view_filter ] --START--
INFO: Run Behavior\WriteHtmlCache [ RunTime:0.001180s ]
INFO: [ view_filter ] --END-- [ RunTime:0.001348s ]
INFO: [ app_end ] --START--
INFO: Run Behavior\ShowPageTrace [ RunTime:0.006027s ]
INFO: [ app_end ] --END-- [ RunTime:0.006469s ]

[ 2016-08-04T23:33:24+08:00 ] 127.0.0.1 /tp/admin/index/index_v148b2.html?v=4.0
INFO: [ app_begin ] --START--
INFO: Run Behavior\ReadHtmlCache [ RunTime:0.001096s ]
INFO: [ app_begin ] --END-- [ RunTime:0.002196s ]
ERR: 非法操作:index_v148b2

[ 2016-08-04T23:33:35+08:00 ] 127.0.0.1 /tp/admin/index/
INFO: [ app_begin ] --START--
INFO: Run Behavior\ReadHtmlCache [ RunTime:0.001187s ]
INFO: [ app_begin ] --END-- [ RunTime:0.003582s ]
INFO: [ view_parse ] --START--
INFO: [ template_filter ] --START--
INFO: Run Behavior\ContentReplace [ RunTime:0.000257s ]
INFO: [ template_filter ] --END-- [ RunTime:0.000419s ]
INFO: Run Behavior\ParseTemplate [ RunTime:0.059998s ]
INFO: [ view_parse ] --END-- [ RunTime:0.060190s ]
INFO: [ view_filter ] --START--
INFO: Run Behavior\WriteHtmlCache [ RunTime:0.000840s ]
INFO: [ view_filter ] --END-- [ RunTime:0.000961s ]
INFO: [ app_end ] --START--
INFO: Run Behavior\ShowPageTrace [ RunTime:0.001214s ]
INFO: [ app_end ] --END-- [ RunTime:0.001365s ]

[ 2016-08-04T23:33:35+08:00 ] 127.0.0.1 /tp/admin/index/index_v148b2.html?v=4.0
INFO: [ app_begin ] --START--
INFO: Run Behavior\ReadHtmlCache [ RunTime:0.001343s ]
INFO: [ app_begin ] --END-- [ RunTime:0.002688s ]
ERR: 非法操作:index_v148b2

[ 2016-08-04T23:33:39+08:00 ] 127.0.0.1 /tp/admin/index/
INFO: [ app_begin ] --START--
INFO: Run Behavior\ReadHtmlCache [ RunTime:0.000894s ]
INFO: [ app_begin ] --END-- [ RunTime:0.001652s ]
INFO: [ view_parse ] --START--
INFO: [ template_filter ] --START--
INFO: Run Behavior\ContentReplace [ RunTime:0.000197s ]
INFO: [ template_filter ] --END-- [ RunTime:0.000330s ]
INFO: Run Behavior\ParseTemplate [ RunTime:0.030376s ]
INFO: [ view_parse ] --END-- [ RunTime:0.030543s ]
INFO: [ view_filter ] --START--
INFO: Run Behavior\WriteHtmlCache [ RunTime:0.000715s ]
INFO: [ view_filter ] --END-- [ RunTime:0.000835s ]
INFO: [ app_end ] --START--
INFO: Run Behavior\ShowPageTrace [ RunTime:0.001222s ]
INFO: [ app_end ] --END-- [ RunTime:0.001696s ]

[ 2016-08-04T23:33:39+08:00 ] 127.0.0.1 /tp/admin/index/index_v148b2.html?v=4.0
INFO: [ app_begin ] --START--
INFO: Run Behavior\ReadHtmlCache [ RunTime:0.001021s ]
INFO: [ app_begin ] --END-- [ RunTime:0.001792s ]
ERR: 非法操作:index_v148b2

[ 2016-08-04T23:33:42+08:00 ] 127.0.0.1 /tp/admin/index/
INFO: [ app_begin ] --START--
INFO: Run Behavior\ReadHtmlCache [ RunTime:0.001051s ]
INFO: [ app_begin ] --END-- [ RunTime:0.002024s ]
INFO: [ view_parse ] --START--
INFO: [ template_filter ] --START--
INFO: Run Behavior\ContentReplace [ RunTime:0.000227s ]
INFO: [ template_filter ] --END-- [ RunTime:0.000365s ]
INFO: Run Behavior\ParseTemplate [ RunTime:0.027164s ]
INFO: [ view_parse ] --END-- [ RunTime:0.027347s ]
INFO: [ view_filter ] --START--
INFO: Run Behavior\WriteHtmlCache [ RunTime:0.000781s ]
INFO: [ view_filter ] --END-- [ RunTime:0.000936s ]
INFO: [ app_end ] --START--
INFO: Run Behavior\ShowPageTrace [ RunTime:0.002461s ]
INFO: [ app_end ] --END-- [ RunTime:0.002996s ]

[ 2016-08-04T23:33:43+08:00 ] 127.0.0.1 /tp/admin/index/index_v148b2.html?v=4.0
INFO: [ app_begin ] --START--
INFO: Run Behavior\ReadHtmlCache [ RunTime:0.001116s ]
INFO: [ app_begin ] --END-- [ RunTime:0.002125s ]
ERR: 非法操作:index_v148b2

[ 2016-08-04T23:33:48+08:00 ] 127.0.0.1 /tp/admin/index/
INFO: [ app_begin ] --START--
INFO: Run Behavior\ReadHtmlCache [ RunTime:0.000807s ]
INFO: [ app_begin ] --END-- [ RunTime:0.001407s ]
INFO: [ view_parse ] --START--
INFO: [ template_filter ] --START--
INFO: Run Behavior\ContentReplace [ RunTime:0.000146s ]
INFO: [ template_filter ] --END-- [ RunTime:0.000248s ]
INFO: Run Behavior\ParseTemplate [ RunTime:0.017417s ]
INFO: [ view_parse ] --END-- [ RunTime:0.017661s ]
INFO: [ view_filter ] --START--
INFO: Run Behavior\WriteHtmlCache [ RunTime:0.000507s ]
INFO: [ view_filter ] --END-- [ RunTime:0.000608s ]
INFO: [ app_end ] --START--
INFO: Run Behavior\ShowPageTrace [ RunTime:0.001028s ]
INFO: [ app_end ] --END-- [ RunTime:0.001159s ]

[ 2016-08-04T23:33:48+08:00 ] 127.0.0.1 /tp/admin/index/index_v148b2.html?v=4.0
INFO: [ app_begin ] --START--
INFO: Run Behavior\ReadHtmlCache [ RunTime:0.001001s ]
INFO: [ app_begin ] --END-- [ RunTime:0.001694s ]
ERR: 非法操作:index_v148b2

[ 2016-08-04T23:33:48+08:00 ] 127.0.0.1 /tp/admin/index/
INFO: [ app_begin ] --START--
INFO: Run Behavior\ReadHtmlCache [ RunTime:0.001091s ]
INFO: [ app_begin ] --END-- [ RunTime:0.001795s ]
INFO: [ view_parse ] --START--
INFO: [ template_filter ] --START--
INFO: Run Behavior\ContentReplace [ RunTime:0.000259s ]
INFO: [ template_filter ] --END-- [ RunTime:0.000445s ]
INFO: Run Behavior\ParseTemplate [ RunTime:0.022987s ]
INFO: [ view_parse ] --END-- [ RunTime:0.023163s ]
INFO: [ view_filter ] --START--
INFO: Run Behavior\WriteHtmlCache [ RunTime:0.000630s ]
INFO: [ view_filter ] --END-- [ RunTime:0.000781s ]
INFO: [ app_end ] --START--
INFO: Run Behavior\ShowPageTrace [ RunTime:0.001139s ]
INFO: [ app_end ] --END-- [ RunTime:0.001302s ]

[ 2016-08-04T23:33:49+08:00 ] 127.0.0.1 /tp/admin/index/
INFO: [ app_begin ] --START--
INFO: Run Behavior\ReadHtmlCache [ RunTime:0.001056s ]
INFO: [ app_begin ] --END-- [ RunTime:0.006443s ]
INFO: [ view_parse ] --START--
INFO: [ template_filter ] --START--
INFO: Run Behavior\ContentReplace [ RunTime:0.000438s ]
INFO: [ template_filter ] --END-- [ RunTime:0.005131s ]
INFO: Run Behavior\ParseTemplate [ RunTime:0.061286s ]
INFO: [ view_parse ] --END-- [ RunTime:0.061476s ]
INFO: [ view_filter ] --START--
INFO: Run Behavior\WriteHtmlCache [ RunTime:0.000614s ]
INFO: [ view_filter ] --END-- [ RunTime:0.000726s ]
INFO: [ app_end ] --START--
INFO: Run Behavior\ShowPageTrace [ RunTime:0.002789s ]
INFO: [ app_end ] --END-- [ RunTime:0.002961s ]

[ 2016-08-04T23:33:49+08:00 ] 127.0.0.1 /tp/admin/index/index_v148b2.html?v=4.0
INFO: [ app_begin ] --START--
INFO: Run Behavior\ReadHtmlCache [ RunTime:0.000865s ]
INFO: [ app_begin ] --END-- [ RunTime:0.001456s ]
ERR: 非法操作:index_v148b2

[ 2016-08-04T23:34:00+08:00 ] 127.0.0.1 /tp/admin/index/
INFO: [ app_begin ] --START--
INFO: Run Behavior\ReadHtmlCache [ RunTime:0.000836s ]
INFO: [ app_begin ] --END-- [ RunTime:0.001522s ]
INFO: [ view_parse ] --START--
INFO: [ template_filter ] --START--
INFO: Run Behavior\ContentReplace [ RunTime:0.000185s ]
INFO: [ template_filter ] --END-- [ RunTime:0.000298s ]
INFO: Run Behavior\ParseTemplate [ RunTime:0.026722s ]
INFO: [ view_parse ] --END-- [ RunTime:0.026904s ]
INFO: [ view_filter ] --START--
INFO: Run Behavior\WriteHtmlCache [ RunTime:0.001136s ]
INFO: [ view_filter ] --END-- [ RunTime:0.001275s ]
INFO: [ app_end ] --START--
INFO: Run Behavior\ShowPageTrace [ RunTime:0.001562s ]
INFO: [ app_end ] --END-- [ RunTime:0.001835s ]

[ 2016-08-04T23:34:00+08:00 ] 127.0.0.1 /tp/admin/index/index_v148b2.html?v=4.0
INFO: [ app_begin ] --START--
INFO: Run Behavior\ReadHtmlCache [ RunTime:0.000996s ]
INFO: [ app_begin ] --END-- [ RunTime:0.001787s ]
ERR: 非法操作:index_v148b2

[ 2016-08-04T23:34:07+08:00 ] 127.0.0.1 /tp/admin/index/
INFO: [ app_begin ] --START--
INFO: Run Behavior\ReadHtmlCache [ RunTime:0.001595s ]
INFO: [ app_begin ] --END-- [ RunTime:0.002291s ]
INFO: [ view_parse ] --START--
INFO: [ template_filter ] --START--
INFO: Run Behavior\ContentReplace [ RunTime:0.000165s ]
INFO: [ template_filter ] --END-- [ RunTime:0.000277s ]
INFO: Run Behavior\ParseTemplate [ RunTime:0.019689s ]
INFO: [ view_parse ] --END-- [ RunTime:0.019823s ]
INFO: [ view_filter ] --START--
INFO: Run Behavior\WriteHtmlCache [ RunTime:0.000521s ]
INFO: [ view_filter ] --END-- [ RunTime:0.000614s ]
INFO: [ app_end ] --START--
INFO: Run Behavior\ShowPageTrace [ RunTime:0.001282s ]
INFO: [ app_end ] --END-- [ RunTime:0.001441s ]

[ 2016-08-04T23:34:07+08:00 ] 127.0.0.1 /tp/admin/index/index_v148b2.html?v=4.0
INFO: [ app_begin ] --START--
INFO: Run Behavior\ReadHtmlCache [ RunTime:0.000815s ]
INFO: [ app_begin ] --END-- [ RunTime:0.001557s ]
ERR: 非法操作:index_v148b2

[ 2016-08-04T23:34:27+08:00 ] 127.0.0.1 /tp/admin/index/
INFO: [ app_begin ] --START--
INFO: Run Behavior\ReadHtmlCache [ RunTime:0.001103s ]
INFO: [ app_begin ] --END-- [ RunTime:0.001902s ]
INFO: [ view_parse ] --START--
INFO: [ template_filter ] --START--
INFO: Run Behavior\ContentReplace [ RunTime:0.000145s ]
INFO: [ template_filter ] --END-- [ RunTime:0.000252s ]
INFO: Run Behavior\ParseTemplate [ RunTime:0.022455s ]
INFO: [ view_parse ] --END-- [ RunTime:0.022624s ]
INFO: [ view_filter ] --START--
INFO: Run Behavior\WriteHtmlCache [ RunTime:0.000295s ]
INFO: [ view_filter ] --END-- [ RunTime:0.000357s ]
INFO: [ app_end ] --START--
INFO: Run Behavior\ShowPageTrace [ RunTime:0.000605s ]
INFO: [ app_end ] --END-- [ RunTime:0.000792s ]

[ 2016-08-04T23:34:27+08:00 ] 127.0.0.1 /tp/admin/index/index_v148b2.html?v=4.0
INFO: [ app_begin ] --START--
INFO: Run Behavior\ReadHtmlCache [ RunTime:0.000962s ]
INFO: [ app_begin ] --END-- [ RunTime:0.001598s ]
ERR: 非法操作:index_v148b2

[ 2016-08-04T23:34:49+08:00 ] 127.0.0.1 /tp/admin/index/
INFO: [ app_begin ] --START--
INFO: Run Behavior\ReadHtmlCache [ RunTime:0.000984s ]
INFO: [ app_begin ] --END-- [ RunTime:0.001778s ]
INFO: [ view_parse ] --START--
INFO: [ template_filter ] --START--
INFO: Run Behavior\ContentReplace [ RunTime:0.001092s ]
INFO: [ template_filter ] --END-- [ RunTime:0.001324s ]
INFO: Run Behavior\ParseTemplate [ RunTime:0.026102s ]
INFO: [ view_parse ] --END-- [ RunTime:0.026291s ]
INFO: [ view_filter ] --START--
INFO: Run Behavior\WriteHtmlCache [ RunTime:0.000515s ]
INFO: [ view_filter ] --END-- [ RunTime:0.000618s ]
INFO: [ app_end ] --START--
INFO: Run Behavior\ShowPageTrace [ RunTime:0.005641s ]
INFO: [ app_end ] --END-- [ RunTime:0.007553s ]

[ 2016-08-04T23:34:49+08:00 ] 127.0.0.1 /tp/admin/index/index_v148b2.html?v=4.0
INFO: [ app_begin ] --START--
INFO: Run Behavior\ReadHtmlCache [ RunTime:0.000839s ]
INFO: [ app_begin ] --END-- [ RunTime:0.001506s ]
ERR: 非法操作:index_v148b2

[ 2016-08-04T23:35:50+08:00 ] 127.0.0.1 /tp/admin/index/
INFO: [ app_begin ] --START--
INFO: Run Behavior\ReadHtmlCache [ RunTime:0.001052s ]
INFO: [ app_begin ] --END-- [ RunTime:0.001785s ]
INFO: [ view_parse ] --START--
INFO: [ template_filter ] --START--
INFO: Run Behavior\ContentReplace [ RunTime:0.000141s ]
INFO: [ template_filter ] --END-- [ RunTime:0.000455s ]
INFO: Run Behavior\ParseTemplate [ RunTime:0.020972s ]
INFO: [ view_parse ] --END-- [ RunTime:0.021117s ]
INFO: [ view_filter ] --START--
INFO: Run Behavior\WriteHtmlCache [ RunTime:0.000425s ]
INFO: [ view_filter ] --END-- [ RunTime:0.000497s ]
INFO: [ app_end ] --START--
INFO: Run Behavior\ShowPageTrace [ RunTime:0.002486s ]
INFO: [ app_end ] --END-- [ RunTime:0.002682s ]

[ 2016-08-04T23:35:50+08:00 ] 127.0.0.1 /tp/admin/index/index_v148b2.html?v=4.0
INFO: [ app_begin ] --START--
INFO: Run Behavior\ReadHtmlCache [ RunTime:0.001428s ]
INFO: [ app_begin ] --END-- [ RunTime:0.002265s ]
ERR: 非法操作:index_v148b2

[ 2016-08-04T23:35:56+08:00 ] 127.0.0.1 /tp/admin/index/index_v3.html
INFO: [ app_begin ] --START--
INFO: Run Behavior\ReadHtmlCache [ RunTime:0.001217s ]
INFO: [ app_begin ] --END-- [ RunTime:0.002023s ]
ERR: 非法操作:index_v3

[ 2016-08-04T23:35:57+08:00 ] 127.0.0.1 /tp/admin/index/index_v4.html
INFO: [ app_begin ] --START--
INFO: Run Behavior\ReadHtmlCache [ RunTime:0.000784s ]
INFO: [ app_begin ] --END-- [ RunTime:0.001393s ]
ERR: 非法操作:index_v4

[ 2016-08-04T23:36:15+08:00 ] 127.0.0.1 /tp/admin/index/
INFO: [ app_begin ] --START--
INFO: Run Behavior\ReadHtmlCache [ RunTime:0.010441s ]
INFO: [ app_begin ] --END-- [ RunTime:0.011071s ]
INFO: [ view_parse ] --START--
INFO: [ template_filter ] --START--
INFO: Run Behavior\ContentReplace [ RunTime:0.000315s ]
INFO: [ template_filter ] --END-- [ RunTime:0.000530s ]
INFO: Run Behavior\ParseTemplate [ RunTime:0.040765s ]
INFO: [ view_parse ] --END-- [ RunTime:0.041147s ]
INFO: [ view_filter ] --START--
INFO: Run Behavior\WriteHtmlCache [ RunTime:0.000695s ]
INFO: [ view_filter ] --END-- [ RunTime:0.000962s ]
INFO: [ app_end ] --START--
INFO: Run Behavior\ShowPageTrace [ RunTime:0.001611s ]
INFO: [ app_end ] --END-- [ RunTime:0.001858s ]

[ 2016-08-04T23:36:15+08:00 ] 127.0.0.1 /tp/admin/index/index_v148b2.html?v=4.0
INFO: [ app_begin ] --START--
INFO: Run Behavior\ReadHtmlCache [ RunTime:0.000898s ]
INFO: [ app_begin ] --END-- [ RunTime:0.001643s ]
ERR: 非法操作:index_v148b2

[ 2016-08-04T23:36:17+08:00 ] 127.0.0.1 /tp/admin/index/index_v2.html
INFO: [ app_begin ] --START--
INFO: Run Behavior\ReadHtmlCache [ RunTime:0.001434s ]
INFO: [ app_begin ] --END-- [ RunTime:0.002420s ]
ERR: 非法操作:index_v2

[ 2016-08-04T23:36:42+08:00 ] 127.0.0.1 /tp/admin/index/
INFO: [ app_begin ] --START--
INFO: Run Behavior\ReadHtmlCache [ RunTime:0.001066s ]
INFO: [ app_begin ] --END-- [ RunTime:0.001948s ]
INFO: [ view_parse ] --START--
INFO: [ template_filter ] --START--
INFO: Run Behavior\ContentReplace [ RunTime:0.000132s ]
INFO: [ template_filter ] --END-- [ RunTime:0.000319s ]
INFO: Run Behavior\ParseTemplate [ RunTime:0.034694s ]
INFO: [ view_parse ] --END-- [ RunTime:0.034873s ]
INFO: [ view_filter ] --START--
INFO: Run Behavior\WriteHtmlCache [ RunTime:0.000901s ]
INFO: [ view_filter ] --END-- [ RunTime:0.001112s ]
INFO: [ app_end ] --START--
INFO: Run Behavior\ShowPageTrace [ RunTime:0.001302s ]
INFO: [ app_end ] --END-- [ RunTime:0.001519s ]

[ 2016-08-04T23:36:42+08:00 ] 127.0.0.1 /tp/admin/index/index_v148b2.html?v=4.0
INFO: [ app_begin ] --START--
INFO: Run Behavior\ReadHtmlCache [ RunTime:0.000929s ]
INFO: [ app_begin ] --END-- [ RunTime:0.001614s ]
ERR: 非法操作:index_v148b2

[ 2016-08-04T23:36:43+08:00 ] 127.0.0.1 /tp/admin/index/index_v2.html
INFO: [ app_begin ] --START--
INFO: Run Behavior\ReadHtmlCache [ RunTime:0.001572s ]
INFO: [ app_begin ] --END-- [ RunTime:0.003078s ]
ERR: 非法操作:index_v2

[ 2016-08-04T23:36:44+08:00 ] 127.0.0.1 /tp/admin/index/index_v4.html
INFO: [ app_begin ] --START--
INFO: Run Behavior\ReadHtmlCache [ RunTime:0.000839s ]
INFO: [ app_begin ] --END-- [ RunTime:0.001496s ]
ERR: 非法操作:index_v4

[ 2016-08-04T23:36:44+08:00 ] 127.0.0.1 /tp/admin/index/index_v3.html
INFO: [ app_begin ] --START--
INFO: Run Behavior\ReadHtmlCache [ RunTime:0.001762s ]
INFO: [ app_begin ] --END-- [ RunTime:0.002513s ]
ERR: 非法操作:index_v3

[ 2016-08-04T23:36:46+08:00 ] 127.0.0.1 /tp/admin/index/index_v5.html
INFO: [ app_begin ] --START--
INFO: Run Behavior\ReadHtmlCache [ RunTime:0.000954s ]
INFO: [ app_begin ] --END-- [ RunTime:0.001674s ]
ERR: 非法操作:index_v5

[ 2016-08-04T23:36:50+08:00 ] 127.0.0.1 /tp/admin/index/index_v5.html
INFO: [ app_begin ] --START--
INFO: Run Behavior\ReadHtmlCache [ RunTime:0.001097s ]
INFO: [ app_begin ] --END-- [ RunTime:0.001775s ]
ERR: 非法操作:index_v5

[ 2016-08-04T23:36:53+08:00 ] 127.0.0.1 /tp/admin/index/index_v5.html
INFO: [ app_begin ] --START--
INFO: Run Behavior\ReadHtmlCache [ RunTime:0.001389s ]
INFO: [ app_begin ] --END-- [ RunTime:0.002057s ]
ERR: 非法操作:index_v5

[ 2016-08-04T23:36:57+08:00 ] 127.0.0.1 /tp/admin/index/layouts.html
INFO: [ app_begin ] --START--
INFO: Run Behavior\ReadHtmlCache [ RunTime:0.001041s ]
INFO: [ app_begin ] --END-- [ RunTime:0.001794s ]
ERR: 非法操作:layouts

[ 2016-08-04T23:37:09+08:00 ] 127.0.0.1 /tp/admin/index/
INFO: [ app_begin ] --START--
INFO: Run Behavior\ReadHtmlCache [ RunTime:0.001160s ]
INFO: [ app_begin ] --END-- [ RunTime:0.001798s ]
INFO: [ view_parse ] --START--
INFO: [ template_filter ] --START--
INFO: Run Behavior\ContentReplace [ RunTime:0.000131s ]
INFO: [ template_filter ] --END-- [ RunTime:0.000331s ]
INFO: Run Behavior\ParseTemplate [ RunTime:0.018358s ]
INFO: [ view_parse ] --END-- [ RunTime:0.018560s ]
INFO: [ view_filter ] --START--
INFO: Run Behavior\WriteHtmlCache [ RunTime:0.001220s ]
INFO: [ view_filter ] --END-- [ RunTime:0.001521s ]
INFO: [ app_end ] --START--
INFO: Run Behavior\ShowPageTrace [ RunTime:0.001524s ]
INFO: [ app_end ] --END-- [ RunTime:0.001720s ]

[ 2016-08-04T23:37:09+08:00 ] 127.0.0.1 /tp/admin/index/index_v148b2.html?v=4.0
INFO: [ app_begin ] --START--
INFO: Run Behavior\ReadHtmlCache [ RunTime:0.000880s ]
INFO: [ app_begin ] --END-- [ RunTime:0.001556s ]
ERR: 非法操作:index_v148b2

[ 2016-08-04T23:37:11+08:00 ] 127.0.0.1 /tp/admin/index/index_v2.html
INFO: [ app_begin ] --START--
INFO: Run Behavior\ReadHtmlCache [ RunTime:0.001085s ]
INFO: [ app_begin ] --END-- [ RunTime:0.001822s ]
ERR: 非法操作:index_v2

[ 2016-08-04T23:37:12+08:00 ] 127.0.0.1 /tp/admin/index/index_v4.html
INFO: [ app_begin ] --START--
INFO: Run Behavior\ReadHtmlCache [ RunTime:0.000534s ]
INFO: [ app_begin ] --END-- [ RunTime:0.001010s ]
ERR: 非法操作:index_v4

[ 2016-08-04T23:38:01+08:00 ] 127.0.0.1 /tp/admin/index/
INFO: [ app_begin ] --START--
INFO: Run Behavior\ReadHtmlCache [ RunTime:0.000849s ]
INFO: [ app_begin ] --END-- [ RunTime:0.003546s ]
INFO: [ view_parse ] --START--
INFO: [ template_filter ] --START--
INFO: Run Behavior\ContentReplace [ RunTime:0.000155s ]
INFO: [ template_filter ] --END-- [ RunTime:0.000450s ]
INFO: Run Behavior\ParseTemplate [ RunTime:0.040163s ]
INFO: [ view_parse ] --END-- [ RunTime:0.040387s ]
INFO: [ view_filter ] --START--
INFO: Run Behavior\WriteHtmlCache [ RunTime:0.000960s ]
INFO: [ view_filter ] --END-- [ RunTime:0.001177s ]
INFO: [ app_end ] --START--
INFO: Run Behavior\ShowPageTrace [ RunTime:0.006057s ]
INFO: [ app_end ] --END-- [ RunTime:0.006514s ]

[ 2016-08-04T23:38:01+08:00 ] 127.0.0.1 /tp/admin/index/index_v148b2.html?v=4.0
INFO: [ app_begin ] --START--
INFO: Run Behavior\ReadHtmlCache [ RunTime:0.001511s ]
INFO: [ app_begin ] --END-- [ RunTime:0.002313s ]
ERR: 非法操作:index_v148b2

[ 2016-08-04T23:38:03+08:00 ] 127.0.0.1 /tp/admin/index/index_v4.html
INFO: [ app_begin ] --START--
INFO: Run Behavior\ReadHtmlCache [ RunTime:0.000850s ]
INFO: [ app_begin ] --END-- [ RunTime:0.002639s ]
ERR: 非法操作:index_v4

[ 2016-08-04T23:38:03+08:00 ] 127.0.0.1 /tp/admin/index/index_v3.html
INFO: [ app_begin ] --START--
INFO: Run Behavior\ReadHtmlCache [ RunTime:0.000854s ]
INFO: [ app_begin ] --END-- [ RunTime:0.001556s ]
ERR: 非法操作:index_v3

[ 2016-08-04T23:38:04+08:00 ] 127.0.0.1 /tp/admin/index/index_v2.html
INFO: [ app_begin ] --START--
INFO: Run Behavior\ReadHtmlCache [ RunTime:0.000901s ]
INFO: [ app_begin ] --END-- [ RunTime:0.001602s ]
ERR: 非法操作:index_v2

[ 2016-08-04T23:41:08+08:00 ] 127.0.0.1 /tp/admin/art
INFO: [ app_begin ] --START--
INFO: Run Behavior\ReadHtmlCache [ RunTime:0.001097s ]
INFO: [ app_begin ] --END-- [ RunTime:0.001938s ]
ERR: 模板不存在:./Frank/Admin/View/Art/index.html

