[ 2016-07-23T01:44:14+08:00 ] 127.0.0.1 /tp/
INFO: [ app_begin ] --START--
INFO: Run Behavior\ReadHtmlCache [ RunTime:0.001235s ]
INFO: [ app_begin ] --END-- [ RunTime:0.007343s ]
INFO: [ view_parse ] --START--
INFO: [ template_filter ] --START--
INFO: Run Behavior\ContentReplace [ RunTime:0.000063s ]
INFO: [ template_filter ] --END-- [ RunTime:0.000180s ]
INFO: Run Behavior\ParseTemplate [ RunTime:0.007885s ]
INFO: [ view_parse ] --END-- [ RunTime:0.008009s ]
INFO: [ view_filter ] --START--
INFO: Run Behavior\WriteHtmlCache [ RunTime:0.000513s ]
INFO: [ view_filter ] --END-- [ RunTime:0.000573s ]
INFO: [ app_end ] --START--
INFO: Run Behavior\ShowPageTrace [ RunTime:0.000799s ]
INFO: [ app_end ] --END-- [ RunTime:0.000862s ]

[ 2016-07-23T12:49:44+08:00 ] 127.0.0.1 /tp/
INFO: [ app_begin ] --START--
INFO: Run Behavior\ReadHtmlCache [ RunTime:0.014350s ]
INFO: [ app_begin ] --END-- [ RunTime:0.015631s ]
INFO: [ view_parse ] --START--
INFO: [ template_filter ] --START--
INFO: Run Behavior\ContentReplace [ RunTime:0.000037s ]
INFO: [ template_filter ] --END-- [ RunTime:0.000116s ]
INFO: Run Behavior\ParseTemplate [ RunTime:0.007044s ]
INFO: [ view_parse ] --END-- [ RunTime:0.007173s ]
INFO: [ view_filter ] --START--
INFO: Run Behavior\WriteHtmlCache [ RunTime:0.000676s ]
INFO: [ view_filter ] --END-- [ RunTime:0.000740s ]
INFO: [ app_end ] --START--
INFO: Run Behavior\ShowPageTrace [ RunTime:0.001019s ]
INFO: [ app_end ] --END-- [ RunTime:0.001092s ]

[ 2016-07-23T12:52:02+08:00 ] 127.0.0.1 /tp/home
INFO: [ app_begin ] --START--
INFO: Run Behavior\ReadHtmlCache [ RunTime:0.000872s ]
INFO: [ app_begin ] --END-- [ RunTime:0.001399s ]
INFO: [ view_parse ] --START--
INFO: [ template_filter ] --START--
INFO: Run Behavior\ContentReplace [ RunTime:0.000066s ]
INFO: [ template_filter ] --END-- [ RunTime:0.000142s ]
INFO: Run Behavior\ParseTemplate [ RunTime:0.006204s ]
INFO: [ view_parse ] --END-- [ RunTime:0.006312s ]
INFO: [ view_filter ] --START--
INFO: Run Behavior\WriteHtmlCache [ RunTime:0.000466s ]
INFO: [ view_filter ] --END-- [ RunTime:0.000546s ]
INFO: [ app_end ] --START--
INFO: Run Behavior\ShowPageTrace [ RunTime:0.000970s ]
INFO: [ app_end ] --END-- [ RunTime:0.001134s ]

[ 2016-07-23T12:52:08+08:00 ] 127.0.0.1 /tp/home/index
INFO: [ app_begin ] --START--
INFO: Run Behavior\ReadHtmlCache [ RunTime:0.000943s ]
INFO: [ app_begin ] --END-- [ RunTime:0.001491s ]
INFO: [ view_parse ] --START--
INFO: [ template_filter ] --START--
INFO: Run Behavior\ContentReplace [ RunTime:0.000039s ]
INFO: [ template_filter ] --END-- [ RunTime:0.000133s ]
INFO: Run Behavior\ParseTemplate [ RunTime:0.007715s ]
INFO: [ view_parse ] --END-- [ RunTime:0.007915s ]
INFO: [ view_filter ] --START--
INFO: Run Behavior\WriteHtmlCache [ RunTime:0.000578s ]
INFO: [ view_filter ] --END-- [ RunTime:0.000672s ]
INFO: [ app_end ] --START--
INFO: Run Behavior\ShowPageTrace [ RunTime:0.000837s ]
INFO: [ app_end ] --END-- [ RunTime:0.000910s ]

[ 2016-07-23T12:52:11+08:00 ] 127.0.0.1 /tp/home/dete'
INFO: [ app_begin ] --START--
INFO: Run Behavior\ReadHtmlCache [ RunTime:0.001052s ]
INFO: [ app_begin ] --END-- [ RunTime:0.002328s ]
ERR: 无法加载控制器:Dete'

[ 2016-07-23T12:52:13+08:00 ] 127.0.0.1 /tp/home/dete
INFO: [ app_begin ] --START--
INFO: Run Behavior\ReadHtmlCache [ RunTime:0.001212s ]
INFO: [ app_begin ] --END-- [ RunTime:0.001637s ]
ERR: 无法加载控制器:Dete

[ 2016-07-23T12:52:28+08:00 ] 127.0.0.1 /tp/home/index
INFO: [ app_begin ] --START--
INFO: Run Behavior\ReadHtmlCache [ RunTime:0.000803s ]
INFO: [ app_begin ] --END-- [ RunTime:0.001253s ]
INFO: [ view_parse ] --START--
INFO: [ template_filter ] --START--
INFO: Run Behavior\ContentReplace [ RunTime:0.000065s ]
INFO: [ template_filter ] --END-- [ RunTime:0.000236s ]
INFO: Run Behavior\ParseTemplate [ RunTime:0.009134s ]
INFO: [ view_parse ] --END-- [ RunTime:0.009272s ]
INFO: [ view_filter ] --START--
INFO: Run Behavior\WriteHtmlCache [ RunTime:0.000558s ]
INFO: [ view_filter ] --END-- [ RunTime:0.000635s ]
INFO: [ app_end ] --START--
INFO: Run Behavior\ShowPageTrace [ RunTime:0.000948s ]
INFO: [ app_end ] --END-- [ RunTime:0.001070s ]

[ 2016-07-23T12:52:39+08:00 ] 127.0.0.1 /tp/home/indexconteroller
INFO: [ app_begin ] --START--
INFO: Run Behavior\ReadHtmlCache [ RunTime:0.000702s ]
INFO: [ app_begin ] --END-- [ RunTime:0.001198s ]
ERR: 无法加载控制器:Indexconteroller

[ 2016-07-23T12:52:50+08:00 ] 127.0.0.1 /tp/home/indexcontroller
INFO: [ app_begin ] --START--
INFO: Run Behavior\ReadHtmlCache [ RunTime:0.000752s ]
INFO: [ app_begin ] --END-- [ RunTime:0.001233s ]
ERR: 无法加载控制器:Indexcontroller

[ 2016-07-23T12:52:55+08:00 ] 127.0.0.1 /tp/home/indexconteroller
INFO: [ app_begin ] --START--
INFO: Run Behavior\ReadHtmlCache [ RunTime:0.000710s ]
INFO: [ app_begin ] --END-- [ RunTime:0.001119s ]
ERR: 无法加载控制器:Indexconteroller

[ 2016-07-23T22:55:04+08:00 ] 127.0.0.1 /tp/home/index
INFO: [ app_begin ] --START--
INFO: Run Behavior\ReadHtmlCache [ RunTime:0.000958s ]
INFO: [ app_begin ] --END-- [ RunTime:0.015675s ]
INFO: [ view_parse ] --START--
INFO: [ template_filter ] --START--
INFO: Run Behavior\ContentReplace [ RunTime:0.000066s ]
INFO: [ template_filter ] --END-- [ RunTime:0.000211s ]
INFO: Run Behavior\ParseTemplate [ RunTime:0.055906s ]
INFO: [ view_parse ] --END-- [ RunTime:0.056372s ]
INFO: [ view_filter ] --START--
INFO: Run Behavior\WriteHtmlCache [ RunTime:0.006604s ]
INFO: [ view_filter ] --END-- [ RunTime:0.006702s ]
INFO: [ app_end ] --START--
INFO: Run Behavior\ShowPageTrace [ RunTime:0.006943s ]
INFO: [ app_end ] --END-- [ RunTime:0.007021s ]

[ 2016-07-23T22:57:31+08:00 ] 127.0.0.1 /tp/home/index
INFO: [ app_begin ] --START--
INFO: Run Behavior\ReadHtmlCache [ RunTime:0.001373s ]
INFO: [ app_begin ] --END-- [ RunTime:0.002207s ]
INFO: [ view_parse ] --START--
INFO: [ template_filter ] --START--
INFO: Run Behavior\ContentReplace [ RunTime:0.000057s ]
INFO: [ template_filter ] --END-- [ RunTime:0.000196s ]
INFO: Run Behavior\ParseTemplate [ RunTime:0.012135s ]
INFO: [ view_parse ] --END-- [ RunTime:0.012315s ]
INFO: [ view_filter ] --START--
INFO: Run Behavior\WriteHtmlCache [ RunTime:0.000652s ]
INFO: [ view_filter ] --END-- [ RunTime:0.000754s ]
INFO: [ app_end ] --START--
INFO: Run Behavior\ShowPageTrace [ RunTime:0.001603s ]
INFO: [ app_end ] --END-- [ RunTime:0.001721s ]

[ 2016-07-23T22:57:42+08:00 ] 127.0.0.1 /tp/home/index
INFO: [ app_begin ] --START--
INFO: Run Behavior\ReadHtmlCache [ RunTime:0.001026s ]
INFO: [ app_begin ] --END-- [ RunTime:0.001639s ]
INFO: [ view_parse ] --START--
INFO: [ template_filter ] --START--
INFO: Run Behavior\ContentReplace [ RunTime:0.000036s ]
INFO: [ template_filter ] --END-- [ RunTime:0.000109s ]
INFO: Run Behavior\ParseTemplate [ RunTime:0.004835s ]
INFO: [ view_parse ] --END-- [ RunTime:0.004928s ]
INFO: [ view_filter ] --START--
INFO: Run Behavior\WriteHtmlCache [ RunTime:0.000357s ]
INFO: [ view_filter ] --END-- [ RunTime:0.000414s ]
INFO: [ app_end ] --START--
INFO: Run Behavior\ShowPageTrace [ RunTime:0.000636s ]
INFO: [ app_end ] --END-- [ RunTime:0.000734s ]

[ 2016-07-23T22:57:42+08:00 ] 127.0.0.1 /tp/home/index
INFO: [ app_begin ] --START--
INFO: Run Behavior\ReadHtmlCache [ RunTime:0.000546s ]
INFO: [ app_begin ] --END-- [ RunTime:0.000986s ]
INFO: [ view_parse ] --START--
INFO: [ template_filter ] --START--
INFO: Run Behavior\ContentReplace [ RunTime:0.000036s ]
INFO: [ template_filter ] --END-- [ RunTime:0.000113s ]
INFO: Run Behavior\ParseTemplate [ RunTime:0.007834s ]
INFO: [ view_parse ] --END-- [ RunTime:0.007932s ]
INFO: [ view_filter ] --START--
INFO: Run Behavior\WriteHtmlCache [ RunTime:0.000318s ]
INFO: [ view_filter ] --END-- [ RunTime:0.000375s ]
INFO: [ app_end ] --START--
INFO: Run Behavior\ShowPageTrace [ RunTime:0.000589s ]
INFO: [ app_end ] --END-- [ RunTime:0.000648s ]

[ 2016-07-23T22:57:42+08:00 ] 127.0.0.1 /tp/home/index
INFO: [ app_begin ] --START--
INFO: Run Behavior\ReadHtmlCache [ RunTime:0.000536s ]
INFO: [ app_begin ] --END-- [ RunTime:0.000984s ]
INFO: [ view_parse ] --START--
INFO: [ template_filter ] --START--
INFO: Run Behavior\ContentReplace [ RunTime:0.000062s ]
INFO: [ template_filter ] --END-- [ RunTime:0.000168s ]
INFO: Run Behavior\ParseTemplate [ RunTime:0.005849s ]
INFO: [ view_parse ] --END-- [ RunTime:0.005928s ]
INFO: [ view_filter ] --START--
INFO: Run Behavior\WriteHtmlCache [ RunTime:0.000322s ]
INFO: [ view_filter ] --END-- [ RunTime:0.000376s ]
INFO: [ app_end ] --START--
INFO: Run Behavior\ShowPageTrace [ RunTime:0.000551s ]
INFO: [ app_end ] --END-- [ RunTime:0.000609s ]

[ 2016-07-23T22:57:42+08:00 ] 127.0.0.1 /tp/home/index
INFO: [ app_begin ] --START--
INFO: Run Behavior\ReadHtmlCache [ RunTime:0.000537s ]
INFO: [ app_begin ] --END-- [ RunTime:0.000991s ]
INFO: [ view_parse ] --START--
INFO: [ template_filter ] --START--
INFO: Run Behavior\ContentReplace [ RunTime:0.000060s ]
INFO: [ template_filter ] --END-- [ RunTime:0.000245s ]
INFO: Run Behavior\ParseTemplate [ RunTime:0.006831s ]
INFO: [ view_parse ] --END-- [ RunTime:0.006963s ]
INFO: [ view_filter ] --START--
INFO: Run Behavior\WriteHtmlCache [ RunTime:0.000556s ]
INFO: [ view_filter ] --END-- [ RunTime:0.000669s ]
INFO: [ app_end ] --START--
INFO: Run Behavior\ShowPageTrace [ RunTime:0.000940s ]
INFO: [ app_end ] --END-- [ RunTime:0.001067s ]

[ 2016-07-23T22:57:42+08:00 ] 127.0.0.1 /tp/home/index
INFO: [ app_begin ] --START--
INFO: Run Behavior\ReadHtmlCache [ RunTime:0.000618s ]
INFO: [ app_begin ] --END-- [ RunTime:0.001288s ]
INFO: [ view_parse ] --START--
INFO: [ template_filter ] --START--
INFO: Run Behavior\ContentReplace [ RunTime:0.000035s ]
INFO: [ template_filter ] --END-- [ RunTime:0.000107s ]
INFO: Run Behavior\ParseTemplate [ RunTime:0.005204s ]
INFO: [ view_parse ] --END-- [ RunTime:0.005319s ]
INFO: [ view_filter ] --START--
INFO: Run Behavior\WriteHtmlCache [ RunTime:0.000315s ]
INFO: [ view_filter ] --END-- [ RunTime:0.000383s ]
INFO: [ app_end ] --START--
INFO: Run Behavior\ShowPageTrace [ RunTime:0.000704s ]
INFO: [ app_end ] --END-- [ RunTime:0.000769s ]

[ 2016-07-23T22:57:45+08:00 ] 127.0.0.1 /tp/home/index
INFO: [ app_begin ] --START--
INFO: Run Behavior\ReadHtmlCache [ RunTime:0.000554s ]
INFO: [ app_begin ] --END-- [ RunTime:0.000990s ]
INFO: [ view_parse ] --START--
INFO: [ template_filter ] --START--
INFO: Run Behavior\ContentReplace [ RunTime:0.000054s ]
INFO: [ template_filter ] --END-- [ RunTime:0.000170s ]
INFO: Run Behavior\ParseTemplate [ RunTime:0.005638s ]
INFO: [ view_parse ] --END-- [ RunTime:0.005767s ]
INFO: [ view_filter ] --START--
INFO: Run Behavior\WriteHtmlCache [ RunTime:0.000924s ]
INFO: [ view_filter ] --END-- [ RunTime:0.001021s ]
INFO: [ app_end ] --START--
INFO: Run Behavior\ShowPageTrace [ RunTime:0.000679s ]
INFO: [ app_end ] --END-- [ RunTime:0.000750s ]

[ 2016-07-23T22:57:46+08:00 ] 127.0.0.1 /tp/home/index
INFO: [ app_begin ] --START--
INFO: Run Behavior\ReadHtmlCache [ RunTime:0.000560s ]
INFO: [ app_begin ] --END-- [ RunTime:0.001032s ]
INFO: [ view_parse ] --START--
INFO: [ template_filter ] --START--
INFO: Run Behavior\ContentReplace [ RunTime:0.000057s ]
INFO: [ template_filter ] --END-- [ RunTime:0.000178s ]
INFO: Run Behavior\ParseTemplate [ RunTime:0.006459s ]
INFO: [ view_parse ] --END-- [ RunTime:0.006649s ]
INFO: [ view_filter ] --START--
INFO: Run Behavior\WriteHtmlCache [ RunTime:0.000850s ]
INFO: [ view_filter ] --END-- [ RunTime:0.000944s ]
INFO: [ app_end ] --START--
INFO: Run Behavior\ShowPageTrace [ RunTime:0.000642s ]
INFO: [ app_end ] --END-- [ RunTime:0.000704s ]

[ 2016-07-23T22:57:46+08:00 ] 127.0.0.1 /tp/home/index
INFO: [ app_begin ] --START--
INFO: Run Behavior\ReadHtmlCache [ RunTime:0.000640s ]
INFO: [ app_begin ] --END-- [ RunTime:0.001100s ]
INFO: [ view_parse ] --START--
INFO: [ template_filter ] --START--
INFO: Run Behavior\ContentReplace [ RunTime:0.000038s ]
INFO: [ template_filter ] --END-- [ RunTime:0.000118s ]
INFO: Run Behavior\ParseTemplate [ RunTime:0.005470s ]
INFO: [ view_parse ] --END-- [ RunTime:0.005585s ]
INFO: [ view_filter ] --START--
INFO: Run Behavior\WriteHtmlCache [ RunTime:0.000311s ]
INFO: [ view_filter ] --END-- [ RunTime:0.000384s ]
INFO: [ app_end ] --START--
INFO: Run Behavior\ShowPageTrace [ RunTime:0.000581s ]
INFO: [ app_end ] --END-- [ RunTime:0.000644s ]

[ 2016-07-23T22:57:46+08:00 ] 127.0.0.1 /tp/home/index
INFO: [ app_begin ] --START--
INFO: Run Behavior\ReadHtmlCache [ RunTime:0.000915s ]
INFO: [ app_begin ] --END-- [ RunTime:0.001643s ]
INFO: [ view_parse ] --START--
INFO: [ template_filter ] --START--
INFO: Run Behavior\ContentReplace [ RunTime:0.000243s ]
INFO: [ template_filter ] --END-- [ RunTime:0.000470s ]
INFO: Run Behavior\ParseTemplate [ RunTime:0.006859s ]
INFO: [ view_parse ] --END-- [ RunTime:0.006990s ]
INFO: [ view_filter ] --START--
INFO: Run Behavior\WriteHtmlCache [ RunTime:0.000306s ]
INFO: [ view_filter ] --END-- [ RunTime:0.000389s ]
INFO: [ app_end ] --START--
INFO: Run Behavior\ShowPageTrace [ RunTime:0.000620s ]
INFO: [ app_end ] --END-- [ RunTime:0.000684s ]

[ 2016-07-23T22:57:46+08:00 ] 127.0.0.1 /tp/home/index
INFO: [ app_begin ] --START--
INFO: Run Behavior\ReadHtmlCache [ RunTime:0.001006s ]
INFO: [ app_begin ] --END-- [ RunTime:0.001959s ]
INFO: [ view_parse ] --START--
INFO: [ template_filter ] --START--
INFO: Run Behavior\ContentReplace [ RunTime:0.000035s ]
INFO: [ template_filter ] --END-- [ RunTime:0.000109s ]
INFO: Run Behavior\ParseTemplate [ RunTime:0.004921s ]
INFO: [ view_parse ] --END-- [ RunTime:0.005018s ]
INFO: [ view_filter ] --START--
INFO: Run Behavior\WriteHtmlCache [ RunTime:0.000312s ]
INFO: [ view_filter ] --END-- [ RunTime:0.000366s ]
INFO: [ app_end ] --START--
INFO: Run Behavior\ShowPageTrace [ RunTime:0.000564s ]
INFO: [ app_end ] --END-- [ RunTime:0.000623s ]

[ 2016-07-23T22:59:01+08:00 ] 127.0.0.1 /tp/home/index
INFO: [ app_begin ] --START--
INFO: Run Behavior\ReadHtmlCache [ RunTime:0.000773s ]
INFO: [ app_begin ] --END-- [ RunTime:0.001242s ]
NOTIC: [2] mysql_connect() [<a href='function.mysql-connect'>function.mysql-connect</a>]: Access denied for user 'root'@'localhost' (using password: YES) E:\development tool\PHPstudy\phpStudy\WWW\tp\ThinkPHP\Library\Think\Db\Driver\Mysql.class.php 第 52 行.
ERR: Access denied for user 'root'@'localhost' (using password: YES)

[ 2016-07-23T22:59:02+08:00 ] 127.0.0.1 /tp/home/index
INFO: [ app_begin ] --START--
INFO: Run Behavior\ReadHtmlCache [ RunTime:0.001189s ]
INFO: [ app_begin ] --END-- [ RunTime:0.001934s ]
NOTIC: [2] mysql_connect() [<a href='function.mysql-connect'>function.mysql-connect</a>]: Access denied for user 'root'@'localhost' (using password: YES) E:\development tool\PHPstudy\phpStudy\WWW\tp\ThinkPHP\Library\Think\Db\Driver\Mysql.class.php 第 52 行.
ERR: Access denied for user 'root'@'localhost' (using password: YES)

[ 2016-07-23T22:59:03+08:00 ] 127.0.0.1 /tp/home/index
INFO: [ app_begin ] --START--
INFO: Run Behavior\ReadHtmlCache [ RunTime:0.000779s ]
INFO: [ app_begin ] --END-- [ RunTime:0.001782s ]
NOTIC: [2] mysql_connect() [<a href='function.mysql-connect'>function.mysql-connect</a>]: Access denied for user 'root'@'localhost' (using password: YES) E:\development tool\PHPstudy\phpStudy\WWW\tp\ThinkPHP\Library\Think\Db\Driver\Mysql.class.php 第 52 行.
ERR: Access denied for user 'root'@'localhost' (using password: YES)

