[ 2016-08-07T08:50:00+08:00 ] 127.0.0.1 /tp/admin/index_v3.html
INFO: [ app_begin ] --START--
INFO: Run Behavior\ReadHtmlCache [ RunTime:0.000820s ]
INFO: [ app_begin ] --END-- [ RunTime:0.001300s ]
ERR: Êó†Ê≥ïÂä†ËΩΩÊéßÂà∂Âô®:Index_v3

[ 2016-08-07T08:50:02+08:00 ] 127.0.0.1 /tp/index.php/Admin/Index/table.html
INFO: [ app_begin ] --START--
INFO: Run Behavior\ReadHtmlCache [ RunTime:0.001890s ]
INFO: [ app_begin ] --END-- [ RunTime:0.003026s ]
SQL: SHOW COLUMNS FROM `think_frank` [ RunTime:0.045907s ]
SQL: SELECT * FROM `think_frank`  [ RunTime:0.000356s ]
INFO: [ view_parse ] --START--
INFO: [ template_filter ] --START--
INFO: Run Behavior\ContentReplace [ RunTime:0.000060s ]
INFO: [ template_filter ] --END-- [ RunTime:0.000135s ]
NOTIC: [8] Use of undefined constant table - assumed 'table' E:\development tool\PHPstudy\phpStudy\WWW\tp\Frank\Runtime\Cache\Admin\dfc62204f336d4a0243aef3e3d5b127f.php Á¨¨ 135 Ë°å.
NOTIC: [8] Use of undefined constant table - assumed 'table' E:\development tool\PHPstudy\phpStudy\WWW\tp\Frank\Runtime\Cache\Admin\dfc62204f336d4a0243aef3e3d5b127f.php Á¨¨ 153 Ë°å.
INFO: Run Behavior\ParseTemplate [ RunTime:0.013020s ]
INFO: [ view_parse ] --END-- [ RunTime:0.013088s ]
INFO: [ view_filter ] --START--
INFO: Run Behavior\WriteHtmlCache [ RunTime:0.000516s ]
INFO: [ view_filter ] --END-- [ RunTime:0.000579s ]
INFO: [ app_end ] --START--
INFO: Run Behavior\ShowPageTrace [ RunTime:0.000818s ]
INFO: [ app_end ] --END-- [ RunTime:0.000908s ]

[ 2016-08-07T09:02:24+08:00 ] 127.0.0.1 /tp/index.php/Admin/Index/table.html?action=two
INFO: [ app_begin ] --START--
INFO: Run Behavior\ReadHtmlCache [ RunTime:0.001073s ]
INFO: [ app_begin ] --END-- [ RunTime:0.001567s ]
SQL: SHOW COLUMNS FROM `think_frank` [ RunTime:0.009775s ]
SQL: SELECT * FROM `think_frank`  [ RunTime:0.000734s ]
SQL: SHOW COLUMNS FROM `think_frank` [ RunTime:0.012327s ]
SQL: DELETE FROM `think_frank` WHERE ( `id` = 2 ) [ RunTime:0.000632s ]

[ 2016-08-07T09:02:26+08:00 ] 127.0.0.1 /tp/index.php/Admin/Index/table.html
INFO: [ app_begin ] --START--
INFO: Run Behavior\ReadHtmlCache [ RunTime:0.000739s ]
INFO: [ app_begin ] --END-- [ RunTime:0.001181s ]
SQL: SHOW COLUMNS FROM `think_frank` [ RunTime:0.008496s ]
SQL: SELECT * FROM `think_frank`  [ RunTime:0.000333s ]
INFO: [ view_parse ] --START--
INFO: [ template_filter ] --START--
INFO: Run Behavior\ContentReplace [ RunTime:0.000077s ]
INFO: [ template_filter ] --END-- [ RunTime:0.000211s ]
NOTIC: [8] Use of undefined constant table - assumed 'table' E:\development tool\PHPstudy\phpStudy\WWW\tp\Frank\Runtime\Cache\Admin\dfc62204f336d4a0243aef3e3d5b127f.php Á¨¨ 135 Ë°å.
NOTIC: [8] Use of undefined constant table - assumed 'table' E:\development tool\PHPstudy\phpStudy\WWW\tp\Frank\Runtime\Cache\Admin\dfc62204f336d4a0243aef3e3d5b127f.php Á¨¨ 153 Ë°å.
INFO: Run Behavior\ParseTemplate [ RunTime:0.013154s ]
INFO: [ view_parse ] --END-- [ RunTime:0.013232s ]
INFO: [ view_filter ] --START--
INFO: Run Behavior\WriteHtmlCache [ RunTime:0.000528s ]
INFO: [ view_filter ] --END-- [ RunTime:0.000588s ]
INFO: [ app_end ] --START--
INFO: Run Behavior\ShowPageTrace [ RunTime:0.000754s ]
INFO: [ app_end ] --END-- [ RunTime:0.000817s ]

[ 2016-08-07T09:05:13+08:00 ] 127.0.0.1 /tp/index.php/Admin/Index/table.html
INFO: [ app_begin ] --START--
INFO: Run Behavior\ReadHtmlCache [ RunTime:0.010461s ]
INFO: [ app_begin ] --END-- [ RunTime:0.010995s ]
SQL: SHOW COLUMNS FROM `think_frank` [ RunTime:0.009013s ]
SQL: SELECT * FROM `think_frank`  [ RunTime:0.000294s ]
INFO: [ view_parse ] --START--
INFO: [ template_filter ] --START--
INFO: Run Behavior\ContentReplace [ RunTime:0.000109s ]
INFO: [ template_filter ] --END-- [ RunTime:0.000235s ]
NOTIC: [8] Use of undefined constant table - assumed 'table' E:\development tool\PHPstudy\phpStudy\WWW\tp\Frank\Runtime\Cache\Admin\dfc62204f336d4a0243aef3e3d5b127f.php Á¨¨ 136 Ë°å.
NOTIC: [8] Use of undefined constant table - assumed 'table' E:\development tool\PHPstudy\phpStudy\WWW\tp\Frank\Runtime\Cache\Admin\dfc62204f336d4a0243aef3e3d5b127f.php Á¨¨ 154 Ë°å.
INFO: Run Behavior\ParseTemplate [ RunTime:0.126963s ]
INFO: [ view_parse ] --END-- [ RunTime:0.127037s ]
INFO: [ view_filter ] --START--
INFO: Run Behavior\WriteHtmlCache [ RunTime:0.020906s ]
INFO: [ view_filter ] --END-- [ RunTime:0.021053s ]
INFO: [ app_end ] --START--
INFO: Run Behavior\ShowPageTrace [ RunTime:0.025667s ]
INFO: [ app_end ] --END-- [ RunTime:0.025867s ]

[ 2016-08-07T09:07:03+08:00 ] 127.0.0.1 /tp/index.php/Admin/Index/table.html
INFO: [ app_begin ] --START--
INFO: Run Behavior\ReadHtmlCache [ RunTime:0.001735s ]
INFO: [ app_begin ] --END-- [ RunTime:0.002597s ]
SQL: SHOW COLUMNS FROM `think_frank` [ RunTime:0.009029s ]
SQL: SELECT * FROM `think_frank`  [ RunTime:0.000303s ]
INFO: [ view_parse ] --START--
INFO: [ template_filter ] --START--
INFO: Run Behavior\ContentReplace [ RunTime:0.000065s ]
INFO: [ template_filter ] --END-- [ RunTime:0.000138s ]
NOTIC: [8] Use of undefined constant table - assumed 'table' E:\development tool\PHPstudy\phpStudy\WWW\tp\Frank\Runtime\Cache\Admin\dfc62204f336d4a0243aef3e3d5b127f.php Á¨¨ 173 Ë°å.
NOTIC: [8] Use of undefined constant table - assumed 'table' E:\development tool\PHPstudy\phpStudy\WWW\tp\Frank\Runtime\Cache\Admin\dfc62204f336d4a0243aef3e3d5b127f.php Á¨¨ 191 Ë°å.
INFO: Run Behavior\ParseTemplate [ RunTime:0.012302s ]
INFO: [ view_parse ] --END-- [ RunTime:0.012388s ]
INFO: [ view_filter ] --START--
INFO: Run Behavior\WriteHtmlCache [ RunTime:0.000848s ]
INFO: [ view_filter ] --END-- [ RunTime:0.000941s ]
INFO: [ app_end ] --START--
INFO: Run Behavior\ShowPageTrace [ RunTime:0.001230s ]
INFO: [ app_end ] --END-- [ RunTime:0.001369s ]

[ 2016-08-07T09:07:07+08:00 ] 127.0.0.1 /tp/index.php/Admin/Index/table.html?action=two
INFO: [ app_begin ] --START--
INFO: Run Behavior\ReadHtmlCache [ RunTime:0.000997s ]
INFO: [ app_begin ] --END-- [ RunTime:0.001609s ]
SQL: SHOW COLUMNS FROM `think_frank` [ RunTime:0.008374s ]
SQL: SELECT * FROM `think_frank`  [ RunTime:0.000329s ]
SQL: SHOW COLUMNS FROM `think_frank` [ RunTime:0.011826s ]
SQL: DELETE FROM `think_frank` WHERE ( `id` = 3 ) [ RunTime:0.001033s ]

[ 2016-08-07T09:07:07+08:00 ] 127.0.0.1 /tp/index.php/Admin/Index/form_basic.html
INFO: [ app_begin ] --START--
INFO: Run Behavior\ReadHtmlCache [ RunTime:0.000666s ]
INFO: [ app_begin ] --END-- [ RunTime:0.001206s ]
ERR: ÈùûÊ≥ïÊìç‰Ωú:form_basic

[ 2016-08-07T09:07:15+08:00 ] 127.0.0.1 /tp/index.php/Admin/Index/form_basic.html
INFO: [ app_begin ] --START--
INFO: Run Behavior\ReadHtmlCache [ RunTime:0.000454s ]
INFO: [ app_begin ] --END-- [ RunTime:0.000876s ]
ERR: ÈùûÊ≥ïÊìç‰Ωú:form_basic

[ 2016-08-07T09:07:17+08:00 ] 127.0.0.1 /tp/admin/index
INFO: [ app_begin ] --START--
INFO: Run Behavior\ReadHtmlCache [ RunTime:0.000493s ]
INFO: [ app_begin ] --END-- [ RunTime:0.000853s ]
INFO: [ view_parse ] --START--
INFO: [ template_filter ] --START--
INFO: Run Behavior\ContentReplace [ RunTime:0.000090s ]
INFO: [ template_filter ] --END-- [ RunTime:0.000219s ]
INFO: Run Behavior\ParseTemplate [ RunTime:0.026090s ]
INFO: [ view_parse ] --END-- [ RunTime:0.026223s ]
INFO: [ view_filter ] --START--
INFO: Run Behavior\WriteHtmlCache [ RunTime:0.000557s ]
INFO: [ view_filter ] --END-- [ RunTime:0.000676s ]
INFO: [ app_end ] --START--
INFO: Run Behavior\ShowPageTrace [ RunTime:0.001475s ]
INFO: [ app_end ] --END-- [ RunTime:0.001633s ]

[ 2016-08-07T09:07:17+08:00 ] 127.0.0.1 /tp/admin/index_v148b2.html?v=4.0
INFO: [ app_begin ] --START--
INFO: Run Behavior\ReadHtmlCache [ RunTime:0.001467s ]
INFO: [ app_begin ] --END-- [ RunTime:0.002365s ]
ERR: Êó†Ê≥ïÂä†ËΩΩÊéßÂà∂Âô®:Index_v148b2

[ 2016-08-07T09:07:19+08:00 ] 127.0.0.1 /tp/admin/index_v3.html
INFO: [ app_begin ] --START--
INFO: Run Behavior\ReadHtmlCache [ RunTime:0.000550s ]
INFO: [ app_begin ] --END-- [ RunTime:0.001003s ]
ERR: Êó†Ê≥ïÂä†ËΩΩÊéßÂà∂Âô®:Index_v3

[ 2016-08-07T09:07:20+08:00 ] 127.0.0.1 /tp/index.php/Admin/Index/table.html
INFO: [ app_begin ] --START--
INFO: Run Behavior\ReadHtmlCache [ RunTime:0.000539s ]
INFO: [ app_begin ] --END-- [ RunTime:0.001865s ]
SQL: SHOW COLUMNS FROM `think_frank` [ RunTime:0.016216s ]
SQL: SELECT * FROM `think_frank`  [ RunTime:0.000297s ]
INFO: [ view_parse ] --START--
INFO: [ template_filter ] --START--
INFO: Run Behavior\ContentReplace [ RunTime:0.000069s ]
INFO: [ template_filter ] --END-- [ RunTime:0.000153s ]
NOTIC: [8] Use of undefined constant table - assumed 'table' E:\development tool\PHPstudy\phpStudy\WWW\tp\Frank\Runtime\Cache\Admin\dfc62204f336d4a0243aef3e3d5b127f.php Á¨¨ 173 Ë°å.
NOTIC: [8] Use of undefined constant table - assumed 'table' E:\development tool\PHPstudy\phpStudy\WWW\tp\Frank\Runtime\Cache\Admin\dfc62204f336d4a0243aef3e3d5b127f.php Á¨¨ 191 Ë°å.
INFO: Run Behavior\ParseTemplate [ RunTime:0.030775s ]
INFO: [ view_parse ] --END-- [ RunTime:0.030863s ]
INFO: [ view_filter ] --START--
INFO: Run Behavior\WriteHtmlCache [ RunTime:0.000413s ]
INFO: [ view_filter ] --END-- [ RunTime:0.000471s ]
INFO: [ app_end ] --START--
INFO: Run Behavior\ShowPageTrace [ RunTime:0.000856s ]
INFO: [ app_end ] --END-- [ RunTime:0.000974s ]

[ 2016-08-07T09:08:27+08:00 ] 127.0.0.1 /tp/index.php/Admin/Index/table.html?action=one
INFO: [ app_begin ] --START--
INFO: Run Behavior\ReadHtmlCache [ RunTime:0.000556s ]
INFO: [ app_begin ] --END-- [ RunTime:0.000973s ]
SQL: SHOW COLUMNS FROM `think_frank` [ RunTime:0.008126s ]
SQL: SELECT * FROM `think_frank`  [ RunTime:0.000310s ]
SQL: SHOW COLUMNS FROM `think_frank` [ RunTime:0.008615s ]
SQL: INSERT INTO `think_frank` (`name`,`sex`,`age`) VALUES ('ÁÜäÊµ©','Áî\∑',23) [ RunTime:0.088682s ]

[ 2016-08-07T09:08:29+08:00 ] 127.0.0.1 /tp/index.php/Admin/Index/table.html
INFO: [ app_begin ] --START--
INFO: Run Behavior\ReadHtmlCache [ RunTime:0.000574s ]
INFO: [ app_begin ] --END-- [ RunTime:0.001098s ]
SQL: SHOW COLUMNS FROM `think_frank` [ RunTime:0.009099s ]
SQL: SELECT * FROM `think_frank`  [ RunTime:0.000320s ]
INFO: [ view_parse ] --START--
INFO: [ template_filter ] --START--
INFO: Run Behavior\ContentReplace [ RunTime:0.000063s ]
INFO: [ template_filter ] --END-- [ RunTime:0.000133s ]
NOTIC: [8] Use of undefined constant table - assumed 'table' E:\development tool\PHPstudy\phpStudy\WWW\tp\Frank\Runtime\Cache\Admin\dfc62204f336d4a0243aef3e3d5b127f.php Á¨¨ 173 Ë°å.
NOTIC: [8] Use of undefined constant table - assumed 'table' E:\development tool\PHPstudy\phpStudy\WWW\tp\Frank\Runtime\Cache\Admin\dfc62204f336d4a0243aef3e3d5b127f.php Á¨¨ 191 Ë°å.
INFO: Run Behavior\ParseTemplate [ RunTime:0.010800s ]
INFO: [ view_parse ] --END-- [ RunTime:0.010881s ]
INFO: [ view_filter ] --START--
INFO: Run Behavior\WriteHtmlCache [ RunTime:0.000431s ]
INFO: [ view_filter ] --END-- [ RunTime:0.000488s ]
INFO: [ app_end ] --START--
INFO: Run Behavior\ShowPageTrace [ RunTime:0.000860s ]
INFO: [ app_end ] --END-- [ RunTime:0.000973s ]

[ 2016-08-07T09:08:32+08:00 ] 127.0.0.1 /tp/index.php/Admin/Index/form_basic.html
INFO: [ app_begin ] --START--
INFO: Run Behavior\ReadHtmlCache [ RunTime:0.000721s ]
INFO: [ app_begin ] --END-- [ RunTime:0.001138s ]
ERR: ÈùûÊ≥ïÊìç‰Ωú:form_basic

[ 2016-08-07T09:08:35+08:00 ] 127.0.0.1 /tp/admin/index
INFO: [ app_begin ] --START--
INFO: Run Behavior\ReadHtmlCache [ RunTime:0.001073s ]
INFO: [ app_begin ] --END-- [ RunTime:0.001547s ]
INFO: [ view_parse ] --START--
INFO: [ template_filter ] --START--
INFO: Run Behavior\ContentReplace [ RunTime:0.000073s ]
INFO: [ template_filter ] --END-- [ RunTime:0.000165s ]
INFO: Run Behavior\ParseTemplate [ RunTime:0.014864s ]
INFO: [ view_parse ] --END-- [ RunTime:0.014973s ]
INFO: [ view_filter ] --START--
INFO: Run Behavior\WriteHtmlCache [ RunTime:0.000657s ]
INFO: [ view_filter ] --END-- [ RunTime:0.000777s ]
INFO: [ app_end ] --START--
INFO: Run Behavior\ShowPageTrace [ RunTime:0.001622s ]
INFO: [ app_end ] --END-- [ RunTime:0.001856s ]

[ 2016-08-07T09:08:35+08:00 ] 127.0.0.1 /tp/admin/index_v148b2.html?v=4.0
INFO: [ app_begin ] --START--
INFO: Run Behavior\ReadHtmlCache [ RunTime:0.002583s ]
INFO: [ app_begin ] --END-- [ RunTime:0.003874s ]
ERR: Êó†Ê≥ïÂä†ËΩΩÊéßÂà∂Âô®:Index_v148b2

[ 2016-08-07T09:08:36+08:00 ] 127.0.0.1 /tp/admin/index_v1
INFO: [ app_begin ] --START--
INFO: Run Behavior\ReadHtmlCache [ RunTime:0.001304s ]
INFO: [ app_begin ] --END-- [ RunTime:0.001932s ]
ERR: Êó†Ê≥ïÂä†ËΩΩÊéßÂà∂Âô®:Index_v1

[ 2016-08-07T09:08:38+08:00 ] 127.0.0.1 /tp/index.php/Admin/Index/table.html
INFO: [ app_begin ] --START--
INFO: Run Behavior\ReadHtmlCache [ RunTime:0.001216s ]
INFO: [ app_begin ] --END-- [ RunTime:0.002377s ]
SQL: SHOW COLUMNS FROM `think_frank` [ RunTime:0.008084s ]
SQL: SELECT * FROM `think_frank`  [ RunTime:0.000316s ]
INFO: [ view_parse ] --START--
INFO: [ template_filter ] --START--
INFO: Run Behavior\ContentReplace [ RunTime:0.000074s ]
INFO: [ template_filter ] --END-- [ RunTime:0.000204s ]
NOTIC: [8] Use of undefined constant table - assumed 'table' E:\development tool\PHPstudy\phpStudy\WWW\tp\Frank\Runtime\Cache\Admin\dfc62204f336d4a0243aef3e3d5b127f.php Á¨¨ 173 Ë°å.
NOTIC: [8] Use of undefined constant table - assumed 'table' E:\development tool\PHPstudy\phpStudy\WWW\tp\Frank\Runtime\Cache\Admin\dfc62204f336d4a0243aef3e3d5b127f.php Á¨¨ 191 Ë°å.
INFO: Run Behavior\ParseTemplate [ RunTime:0.051209s ]
INFO: [ view_parse ] --END-- [ RunTime:0.051317s ]
INFO: [ view_filter ] --START--
INFO: Run Behavior\WriteHtmlCache [ RunTime:0.000544s ]
INFO: [ view_filter ] --END-- [ RunTime:0.000609s ]
INFO: [ app_end ] --START--
INFO: Run Behavior\ShowPageTrace [ RunTime:0.000976s ]
INFO: [ app_end ] --END-- [ RunTime:0.001092s ]

[ 2016-08-07T09:10:00+08:00 ] 127.0.0.1 /tp/index.php/Admin/Index/table.html
INFO: [ app_begin ] --START--
INFO: Run Behavior\ReadHtmlCache [ RunTime:0.000875s ]
INFO: [ app_begin ] --END-- [ RunTime:0.001378s ]
SQL: SHOW COLUMNS FROM `think_frank` [ RunTime:0.015605s ]
SQL: SELECT * FROM `think_frank`  [ RunTime:0.000408s ]
INFO: [ view_parse ] --START--
INFO: [ template_filter ] --START--
INFO: Run Behavior\ContentReplace [ RunTime:0.000065s ]
INFO: [ template_filter ] --END-- [ RunTime:0.000141s ]
NOTIC: [8] Use of undefined constant table - assumed 'table' E:\development tool\PHPstudy\phpStudy\WWW\tp\Frank\Runtime\Cache\Admin\dfc62204f336d4a0243aef3e3d5b127f.php Á¨¨ 173 Ë°å.
NOTIC: [8] Use of undefined constant table - assumed 'table' E:\development tool\PHPstudy\phpStudy\WWW\tp\Frank\Runtime\Cache\Admin\dfc62204f336d4a0243aef3e3d5b127f.php Á¨¨ 191 Ë°å.
INFO: Run Behavior\ParseTemplate [ RunTime:0.012630s ]
INFO: [ view_parse ] --END-- [ RunTime:0.012727s ]
INFO: [ view_filter ] --START--
INFO: Run Behavior\WriteHtmlCache [ RunTime:0.000616s ]
INFO: [ view_filter ] --END-- [ RunTime:0.000686s ]
INFO: [ app_end ] --START--
INFO: Run Behavior\ShowPageTrace [ RunTime:0.001375s ]
INFO: [ app_end ] --END-- [ RunTime:0.001501s ]

[ 2016-08-07T09:11:46+08:00 ] 127.0.0.1 /tp/index.php/Admin/Index/table.html
INFO: [ app_begin ] --START--
INFO: Run Behavior\ReadHtmlCache [ RunTime:0.000739s ]
INFO: [ app_begin ] --END-- [ RunTime:0.001296s ]
SQL: SHOW COLUMNS FROM `think_frank` [ RunTime:0.010347s ]
SQL: SELECT * FROM `think_frank`  [ RunTime:0.000327s ]
INFO: [ view_parse ] --START--
INFO: [ template_filter ] --START--
INFO: Run Behavior\ContentReplace [ RunTime:0.000066s ]
INFO: [ template_filter ] --END-- [ RunTime:0.000138s ]
NOTIC: [8] Use of undefined constant table - assumed 'table' E:\development tool\PHPstudy\phpStudy\WWW\tp\Frank\Runtime\Cache\Admin\dfc62204f336d4a0243aef3e3d5b127f.php Á¨¨ 172 Ë°å.
NOTIC: [8] Use of undefined constant table - assumed 'table' E:\development tool\PHPstudy\phpStudy\WWW\tp\Frank\Runtime\Cache\Admin\dfc62204f336d4a0243aef3e3d5b127f.php Á¨¨ 190 Ë°å.
INFO: Run Behavior\ParseTemplate [ RunTime:0.013493s ]
INFO: [ view_parse ] --END-- [ RunTime:0.013581s ]
INFO: [ view_filter ] --START--
INFO: Run Behavior\WriteHtmlCache [ RunTime:0.000604s ]
INFO: [ view_filter ] --END-- [ RunTime:0.000668s ]
INFO: [ app_end ] --START--
INFO: Run Behavior\ShowPageTrace [ RunTime:0.001056s ]
INFO: [ app_end ] --END-- [ RunTime:0.001170s ]

[ 2016-08-07T09:12:06+08:00 ] 127.0.0.1 /tp/admin/index
INFO: [ app_begin ] --START--
INFO: Run Behavior\ReadHtmlCache [ RunTime:0.001622s ]
INFO: [ app_begin ] --END-- [ RunTime:0.004615s ]
INFO: [ view_parse ] --START--
INFO: [ template_filter ] --START--
INFO: Run Behavior\ContentReplace [ RunTime:0.000074s ]
INFO: [ template_filter ] --END-- [ RunTime:0.000179s ]
INFO: Run Behavior\ParseTemplate [ RunTime:0.016868s ]
INFO: [ view_parse ] --END-- [ RunTime:0.017006s ]
INFO: [ view_filter ] --START--
INFO: Run Behavior\WriteHtmlCache [ RunTime:0.000846s ]
INFO: [ view_filter ] --END-- [ RunTime:0.000964s ]
INFO: [ app_end ] --START--
INFO: Run Behavior\ShowPageTrace [ RunTime:0.003105s ]
INFO: [ app_end ] --END-- [ RunTime:0.003900s ]

[ 2016-08-07T09:12:06+08:00 ] 127.0.0.1 /tp/admin/index_v148b2.html?v=4.0
INFO: [ app_begin ] --START--
INFO: Run Behavior\ReadHtmlCache [ RunTime:0.001121s ]
INFO: [ app_begin ] --END-- [ RunTime:0.001890s ]
ERR: Êó†Ê≥ïÂä†ËΩΩÊéßÂà∂Âô®:Index_v148b2

[ 2016-08-07T09:12:09+08:00 ] 127.0.0.1 /tp/index.php/Admin/Index/table.html
INFO: [ app_begin ] --START--
INFO: Run Behavior\ReadHtmlCache [ RunTime:0.002083s ]
INFO: [ app_begin ] --END-- [ RunTime:0.003091s ]
SQL: SHOW COLUMNS FROM `think_frank` [ RunTime:0.008396s ]
SQL: SELECT * FROM `think_frank`  [ RunTime:0.000345s ]
INFO: [ view_parse ] --START--
INFO: [ template_filter ] --START--
INFO: Run Behavior\ContentReplace [ RunTime:0.000064s ]
INFO: [ template_filter ] --END-- [ RunTime:0.000137s ]
NOTIC: [8] Use of undefined constant table - assumed 'table' E:\development tool\PHPstudy\phpStudy\WWW\tp\Frank\Runtime\Cache\Admin\dfc62204f336d4a0243aef3e3d5b127f.php Á¨¨ 172 Ë°å.
NOTIC: [8] Use of undefined constant table - assumed 'table' E:\development tool\PHPstudy\phpStudy\WWW\tp\Frank\Runtime\Cache\Admin\dfc62204f336d4a0243aef3e3d5b127f.php Á¨¨ 190 Ë°å.
INFO: Run Behavior\ParseTemplate [ RunTime:0.014949s ]
INFO: [ view_parse ] --END-- [ RunTime:0.015047s ]
INFO: [ view_filter ] --START--
INFO: Run Behavior\WriteHtmlCache [ RunTime:0.000498s ]
INFO: [ view_filter ] --END-- [ RunTime:0.000559s ]
INFO: [ app_end ] --START--
INFO: Run Behavior\ShowPageTrace [ RunTime:0.001333s ]
INFO: [ app_end ] --END-- [ RunTime:0.001510s ]

[ 2016-08-07T09:12:25+08:00 ] 127.0.0.1 /tp/index.php/Admin/Index/table.html
INFO: [ app_begin ] --START--
INFO: Run Behavior\ReadHtmlCache [ RunTime:0.001183s ]
INFO: [ app_begin ] --END-- [ RunTime:0.002177s ]
SQL: SHOW COLUMNS FROM `think_frank` [ RunTime:0.009861s ]
SQL: SELECT * FROM `think_frank`  [ RunTime:0.000302s ]
INFO: [ view_parse ] --START--
INFO: [ template_filter ] --START--
INFO: Run Behavior\ContentReplace [ RunTime:0.000063s ]
INFO: [ template_filter ] --END-- [ RunTime:0.000135s ]
NOTIC: [8] Use of undefined constant table - assumed 'table' E:\development tool\PHPstudy\phpStudy\WWW\tp\Frank\Runtime\Cache\Admin\dfc62204f336d4a0243aef3e3d5b127f.php Á¨¨ 172 Ë°å.
NOTIC: [8] Use of undefined constant table - assumed 'table' E:\development tool\PHPstudy\phpStudy\WWW\tp\Frank\Runtime\Cache\Admin\dfc62204f336d4a0243aef3e3d5b127f.php Á¨¨ 190 Ë°å.
INFO: Run Behavior\ParseTemplate [ RunTime:0.014599s ]
INFO: [ view_parse ] --END-- [ RunTime:0.014675s ]
INFO: [ view_filter ] --START--
INFO: Run Behavior\WriteHtmlCache [ RunTime:0.000520s ]
INFO: [ view_filter ] --END-- [ RunTime:0.000580s ]
INFO: [ app_end ] --START--
INFO: Run Behavior\ShowPageTrace [ RunTime:0.001285s ]
INFO: [ app_end ] --END-- [ RunTime:0.001406s ]

[ 2016-08-07T09:12:30+08:00 ] 127.0.0.1 /tp/admin/index
INFO: [ app_begin ] --START--
INFO: Run Behavior\ReadHtmlCache [ RunTime:0.000746s ]
INFO: [ app_begin ] --END-- [ RunTime:0.001155s ]
INFO: [ view_parse ] --START--
INFO: [ template_filter ] --START--
INFO: Run Behavior\ContentReplace [ RunTime:0.000151s ]
INFO: [ template_filter ] --END-- [ RunTime:0.000457s ]
INFO: Run Behavior\ParseTemplate [ RunTime:0.012619s ]
INFO: [ view_parse ] --END-- [ RunTime:0.012785s ]
INFO: [ view_filter ] --START--
INFO: Run Behavior\WriteHtmlCache [ RunTime:0.001123s ]
INFO: [ view_filter ] --END-- [ RunTime:0.001290s ]
INFO: [ app_end ] --START--
INFO: Run Behavior\ShowPageTrace [ RunTime:0.001585s ]
INFO: [ app_end ] --END-- [ RunTime:0.001709s ]

[ 2016-08-07T09:12:30+08:00 ] 127.0.0.1 /tp/admin/index_v148b2.html?v=4.0
INFO: [ app_begin ] --START--
INFO: Run Behavior\ReadHtmlCache [ RunTime:0.001178s ]
INFO: [ app_begin ] --END-- [ RunTime:0.002552s ]
ERR: Êó†Ê≥ïÂä†ËΩΩÊéßÂà∂Âô®:Index_v148b2

[ 2016-08-07T09:12:33+08:00 ] 127.0.0.1 /tp/index.php/Admin/Index/table.html
INFO: [ app_begin ] --START--
INFO: Run Behavior\ReadHtmlCache [ RunTime:0.002726s ]
INFO: [ app_begin ] --END-- [ RunTime:0.003404s ]
SQL: SHOW COLUMNS FROM `think_frank` [ RunTime:0.008994s ]
SQL: SELECT * FROM `think_frank`  [ RunTime:0.000326s ]
INFO: [ view_parse ] --START--
INFO: [ template_filter ] --START--
INFO: Run Behavior\ContentReplace [ RunTime:0.000065s ]
INFO: [ template_filter ] --END-- [ RunTime:0.000138s ]
NOTIC: [8] Use of undefined constant table - assumed 'table' E:\development tool\PHPstudy\phpStudy\WWW\tp\Frank\Runtime\Cache\Admin\dfc62204f336d4a0243aef3e3d5b127f.php Á¨¨ 172 Ë°å.
NOTIC: [8] Use of undefined constant table - assumed 'table' E:\development tool\PHPstudy\phpStudy\WWW\tp\Frank\Runtime\Cache\Admin\dfc62204f336d4a0243aef3e3d5b127f.php Á¨¨ 190 Ë°å.
INFO: Run Behavior\ParseTemplate [ RunTime:0.014180s ]
INFO: [ view_parse ] --END-- [ RunTime:0.014263s ]
INFO: [ view_filter ] --START--
INFO: Run Behavior\WriteHtmlCache [ RunTime:0.000533s ]
INFO: [ view_filter ] --END-- [ RunTime:0.000601s ]
INFO: [ app_end ] --START--
INFO: Run Behavior\ShowPageTrace [ RunTime:0.001118s ]
INFO: [ app_end ] --END-- [ RunTime:0.001239s ]

[ 2016-08-07T09:12:59+08:00 ] 127.0.0.1 /tp/admin/index
INFO: [ app_begin ] --START--
INFO: Run Behavior\ReadHtmlCache [ RunTime:0.002809s ]
INFO: [ app_begin ] --END-- [ RunTime:0.003470s ]
INFO: [ view_parse ] --START--
INFO: [ template_filter ] --START--
INFO: Run Behavior\ContentReplace [ RunTime:0.000104s ]
INFO: [ template_filter ] --END-- [ RunTime:0.000279s ]
INFO: Run Behavior\ParseTemplate [ RunTime:0.021232s ]
INFO: [ view_parse ] --END-- [ RunTime:0.021347s ]
INFO: [ view_filter ] --START--
INFO: Run Behavior\WriteHtmlCache [ RunTime:0.000568s ]
INFO: [ view_filter ] --END-- [ RunTime:0.000632s ]
INFO: [ app_end ] --START--
INFO: Run Behavior\ShowPageTrace [ RunTime:0.001542s ]
INFO: [ app_end ] --END-- [ RunTime:0.001649s ]

[ 2016-08-07T09:12:59+08:00 ] 127.0.0.1 /tp/admin/index_v148b2.html?v=4.0
INFO: [ app_begin ] --START--
INFO: Run Behavior\ReadHtmlCache [ RunTime:0.001205s ]
INFO: [ app_begin ] --END-- [ RunTime:0.002139s ]
ERR: Êó†Ê≥ïÂä†ËΩΩÊéßÂà∂Âô®:Index_v148b2

[ 2016-08-07T09:13:01+08:00 ] 127.0.0.1 /tp/index.php/Admin/Index/table.html
INFO: [ app_begin ] --START--
INFO: Run Behavior\ReadHtmlCache [ RunTime:0.000588s ]
INFO: [ app_begin ] --END-- [ RunTime:0.000991s ]
SQL: SHOW COLUMNS FROM `think_frank` [ RunTime:0.028773s ]
SQL: SELECT * FROM `think_frank`  [ RunTime:0.000286s ]
INFO: [ view_parse ] --START--
INFO: [ template_filter ] --START--
INFO: Run Behavior\ContentReplace [ RunTime:0.000064s ]
INFO: [ template_filter ] --END-- [ RunTime:0.000138s ]
NOTIC: [8] Use of undefined constant table - assumed 'table' E:\development tool\PHPstudy\phpStudy\WWW\tp\Frank\Runtime\Cache\Admin\dfc62204f336d4a0243aef3e3d5b127f.php Á¨¨ 172 Ë°å.
NOTIC: [8] Use of undefined constant table - assumed 'table' E:\development tool\PHPstudy\phpStudy\WWW\tp\Frank\Runtime\Cache\Admin\dfc62204f336d4a0243aef3e3d5b127f.php Á¨¨ 190 Ë°å.
INFO: Run Behavior\ParseTemplate [ RunTime:0.014444s ]
INFO: [ view_parse ] --END-- [ RunTime:0.014515s ]
INFO: [ view_filter ] --START--
INFO: Run Behavior\WriteHtmlCache [ RunTime:0.000432s ]
INFO: [ view_filter ] --END-- [ RunTime:0.000492s ]
INFO: [ app_end ] --START--
INFO: Run Behavior\ShowPageTrace [ RunTime:0.000867s ]
INFO: [ app_end ] --END-- [ RunTime:0.000970s ]

