[ 2016-08-19T00:43:07+08:00 ] 127.0.0.1 /tp/admin/index
INFO: [ app_begin ] --START--
INFO: Run Behavior\ReadHtmlCache [ RunTime:0.012212s ]
INFO: [ app_begin ] --END-- [ RunTime:0.125021s ]
INFO: [ view_parse ] --START--
INFO: [ template_filter ] --START--
INFO: Run Behavior\ContentReplace [ RunTime:0.000138s ]
INFO: [ template_filter ] --END-- [ RunTime:0.000297s ]
INFO: Run Behavior\ParseTemplate [ RunTime:0.072071s ]
INFO: [ view_parse ] --END-- [ RunTime:0.072200s ]
INFO: [ view_filter ] --START--
INFO: Run Behavior\WriteHtmlCache [ RunTime:0.053294s ]
INFO: [ view_filter ] --END-- [ RunTime:0.053476s ]
INFO: [ app_end ] --START--
INFO: Run Behavior\ShowPageTrace [ RunTime:0.082221s ]
INFO: [ app_end ] --END-- [ RunTime:0.083346s ]

[ 2016-08-19T00:43:07+08:00 ] 127.0.0.1 /tp/admin/index_v148b2.html?v=4.0
INFO: [ app_begin ] --START--
INFO: Run Behavior\ReadHtmlCache [ RunTime:0.001691s ]
INFO: [ app_begin ] --END-- [ RunTime:0.003437s ]
ERR: 无法加载控制器:Index_v148b2

[ 2016-08-19T00:43:15+08:00 ] 127.0.0.1 /tp/admin/index/weixin
INFO: [ app_begin ] --START--
INFO: Run Behavior\ReadHtmlCache [ RunTime:0.000861s ]
INFO: [ app_begin ] --END-- [ RunTime:0.001590s ]
ERR: 非法操作:weixin

[ 2016-08-19T00:43:41+08:00 ] 127.0.0.1 /tp/admin/index/weixin
INFO: [ app_begin ] --START--
INFO: Run Behavior\ReadHtmlCache [ RunTime:0.001043s ]
INFO: [ app_begin ] --END-- [ RunTime:0.001776s ]
ERR: 非法操作:weixin

[ 2016-08-19T00:43:43+08:00 ] 127.0.0.1 /tp/admin/index/weixin
INFO: [ app_begin ] --START--
INFO: Run Behavior\ReadHtmlCache [ RunTime:0.000705s ]
INFO: [ app_begin ] --END-- [ RunTime:0.001302s ]
ERR: 非法操作:weixin

[ 2016-08-19T00:43:44+08:00 ] 127.0.0.1 /tp/admin/index/weixin
INFO: [ app_begin ] --START--
INFO: Run Behavior\ReadHtmlCache [ RunTime:0.001398s ]
INFO: [ app_begin ] --END-- [ RunTime:0.002374s ]
ERR: 非法操作:weixin

[ 2016-08-19T00:43:44+08:00 ] 127.0.0.1 /tp/admin/index/weixin
INFO: [ app_begin ] --START--
INFO: Run Behavior\ReadHtmlCache [ RunTime:0.000821s ]
INFO: [ app_begin ] --END-- [ RunTime:0.001579s ]
ERR: 非法操作:weixin

[ 2016-08-19T00:49:04+08:00 ] 127.0.0.1 /tp/admin/index
INFO: [ app_begin ] --START--
INFO: Run Behavior\ReadHtmlCache [ RunTime:0.000585s ]
INFO: [ app_begin ] --END-- [ RunTime:0.001021s ]
INFO: [ view_parse ] --START--
INFO: [ template_filter ] --START--
INFO: Run Behavior\ContentReplace [ RunTime:0.000088s ]
INFO: [ template_filter ] --END-- [ RunTime:0.000194s ]
INFO: Run Behavior\ParseTemplate [ RunTime:0.008880s ]
INFO: [ view_parse ] --END-- [ RunTime:0.009060s ]
INFO: [ view_filter ] --START--
INFO: Run Behavior\WriteHtmlCache [ RunTime:0.000638s ]
INFO: [ view_filter ] --END-- [ RunTime:0.000744s ]
INFO: [ app_end ] --START--
INFO: Run Behavior\ShowPageTrace [ RunTime:0.001064s ]
INFO: [ app_end ] --END-- [ RunTime:0.001221s ]

[ 2016-08-19T00:49:05+08:00 ] 127.0.0.1 /tp/admin/index_v148b2.html?v=4.0
INFO: [ app_begin ] --START--
INFO: Run Behavior\ReadHtmlCache [ RunTime:0.000676s ]
INFO: [ app_begin ] --END-- [ RunTime:0.001215s ]
ERR: 无法加载控制器:Index_v148b2

[ 2016-08-19T00:49:26+08:00 ] 127.0.0.1 /tp/index.php/Admin/Index/table.html
INFO: [ app_begin ] --START--
INFO: Run Behavior\ReadHtmlCache [ RunTime:0.000807s ]
INFO: [ app_begin ] --END-- [ RunTime:0.001446s ]
SQL: SHOW COLUMNS FROM `think_frank` [ RunTime:0.159676s ]
SQL: SELECT * FROM `think_frank`  [ RunTime:0.000450s ]
SQL: SHOW COLUMNS FROM `think_frank` [ RunTime:0.005601s ]
SQL: SELECT * FROM `think_frank` LIMIT 1   [ RunTime:0.005561s ]
INFO: [ view_parse ] --START--
INFO: [ template_filter ] --START--
INFO: Run Behavior\ContentReplace [ RunTime:0.000118s ]
INFO: [ template_filter ] --END-- [ RunTime:0.000235s ]
NOTIC: [8] Use of undefined constant table - assumed 'table' E:\development tool\PHPstudy\phpStudy\WWW\tp\Frank\Runtime\Cache\Admin\dfc62204f336d4a0243aef3e3d5b127f.php 第 175 行.
NOTIC: [8] Use of undefined constant table - assumed 'table' E:\development tool\PHPstudy\phpStudy\WWW\tp\Frank\Runtime\Cache\Admin\dfc62204f336d4a0243aef3e3d5b127f.php 第 193 行.
NOTIC: [8] Use of undefined constant table - assumed 'table' E:\development tool\PHPstudy\phpStudy\WWW\tp\Frank\Runtime\Cache\Admin\dfc62204f336d4a0243aef3e3d5b127f.php 第 210 行.
INFO: Run Behavior\ParseTemplate [ RunTime:0.035953s ]
INFO: [ view_parse ] --END-- [ RunTime:0.036043s ]
INFO: [ view_filter ] --START--
INFO: Run Behavior\WriteHtmlCache [ RunTime:0.000448s ]
INFO: [ view_filter ] --END-- [ RunTime:0.000530s ]
INFO: [ app_end ] --START--
INFO: Run Behavior\ShowPageTrace [ RunTime:0.000970s ]
INFO: [ app_end ] --END-- [ RunTime:0.001093s ]

[ 2016-08-19T00:49:55+08:00 ] 127.0.0.1 /tp/admin/index/indexv1
INFO: [ app_begin ] --START--
INFO: Run Behavior\ReadHtmlCache [ RunTime:0.000462s ]
INFO: [ app_begin ] --END-- [ RunTime:0.000846s ]
ERR: 模板不存在:./Frank/Admin/View/Index/indexv1.html

[ 2016-08-19T00:50:15+08:00 ] 127.0.0.1 /tp/admin/index
INFO: [ app_begin ] --START--
INFO: Run Behavior\ReadHtmlCache [ RunTime:0.000493s ]
INFO: [ app_begin ] --END-- [ RunTime:0.000848s ]
INFO: [ view_parse ] --START--
INFO: [ template_filter ] --START--
INFO: Run Behavior\ContentReplace [ RunTime:0.000095s ]
INFO: [ template_filter ] --END-- [ RunTime:0.000174s ]
INFO: Run Behavior\ParseTemplate [ RunTime:0.008454s ]
INFO: [ view_parse ] --END-- [ RunTime:0.008594s ]
INFO: [ view_filter ] --START--
INFO: Run Behavior\WriteHtmlCache [ RunTime:0.000398s ]
INFO: [ view_filter ] --END-- [ RunTime:0.000482s ]
INFO: [ app_end ] --START--
INFO: Run Behavior\ShowPageTrace [ RunTime:0.000733s ]
INFO: [ app_end ] --END-- [ RunTime:0.000846s ]

[ 2016-08-19T00:50:15+08:00 ] 127.0.0.1 /tp/admin/index_v148b2.html?v=4.0
INFO: [ app_begin ] --START--
INFO: Run Behavior\ReadHtmlCache [ RunTime:0.000510s ]
INFO: [ app_begin ] --END-- [ RunTime:0.000928s ]
ERR: 无法加载控制器:Index_v148b2

[ 2016-08-19T00:50:22+08:00 ] 127.0.0.1 /tp/admin/index
INFO: [ app_begin ] --START--
INFO: Run Behavior\ReadHtmlCache [ RunTime:0.000464s ]
INFO: [ app_begin ] --END-- [ RunTime:0.000854s ]
INFO: [ view_parse ] --START--
INFO: [ template_filter ] --START--
INFO: Run Behavior\ContentReplace [ RunTime:0.000042s ]
INFO: [ template_filter ] --END-- [ RunTime:0.000117s ]
INFO: Run Behavior\ParseTemplate [ RunTime:0.007672s ]
INFO: [ view_parse ] --END-- [ RunTime:0.007769s ]
INFO: [ view_filter ] --START--
INFO: Run Behavior\WriteHtmlCache [ RunTime:0.000366s ]
INFO: [ view_filter ] --END-- [ RunTime:0.000423s ]
INFO: [ app_end ] --START--
INFO: Run Behavior\ShowPageTrace [ RunTime:0.000587s ]
INFO: [ app_end ] --END-- [ RunTime:0.000659s ]

[ 2016-08-19T00:50:24+08:00 ] 127.0.0.1 /tp/admin/index
INFO: [ app_begin ] --START--
INFO: Run Behavior\ReadHtmlCache [ RunTime:0.000562s ]
INFO: [ app_begin ] --END-- [ RunTime:0.000928s ]
INFO: [ view_parse ] --START--
INFO: [ template_filter ] --START--
INFO: Run Behavior\ContentReplace [ RunTime:0.000074s ]
INFO: [ template_filter ] --END-- [ RunTime:0.000156s ]
INFO: Run Behavior\ParseTemplate [ RunTime:0.008019s ]
INFO: [ view_parse ] --END-- [ RunTime:0.008108s ]
INFO: [ view_filter ] --START--
INFO: Run Behavior\WriteHtmlCache [ RunTime:0.000311s ]
INFO: [ view_filter ] --END-- [ RunTime:0.000369s ]
INFO: [ app_end ] --START--
INFO: Run Behavior\ShowPageTrace [ RunTime:0.000830s ]
INFO: [ app_end ] --END-- [ RunTime:0.000932s ]

[ 2016-08-19T00:50:24+08:00 ] 127.0.0.1 /tp/admin/index_v148b2.html?v=4.0
INFO: [ app_begin ] --START--
INFO: Run Behavior\ReadHtmlCache [ RunTime:0.000745s ]
INFO: [ app_begin ] --END-- [ RunTime:0.001247s ]
ERR: 无法加载控制器:Index_v148b2

[ 2016-08-19T00:50:59+08:00 ] 127.0.0.1 /tp/admin/index
INFO: [ app_begin ] --START--
INFO: Run Behavior\ReadHtmlCache [ RunTime:0.000482s ]
INFO: [ app_begin ] --END-- [ RunTime:0.000893s ]
INFO: [ view_parse ] --START--
INFO: [ template_filter ] --START--
INFO: Run Behavior\ContentReplace [ RunTime:0.000076s ]
INFO: [ template_filter ] --END-- [ RunTime:0.000166s ]
INFO: Run Behavior\ParseTemplate [ RunTime:0.008947s ]
INFO: [ view_parse ] --END-- [ RunTime:0.009040s ]
INFO: [ view_filter ] --START--
INFO: Run Behavior\WriteHtmlCache [ RunTime:0.000383s ]
INFO: [ view_filter ] --END-- [ RunTime:0.000445s ]
INFO: [ app_end ] --START--
INFO: Run Behavior\ShowPageTrace [ RunTime:0.001020s ]
INFO: [ app_end ] --END-- [ RunTime:0.001140s ]

[ 2016-08-19T00:50:59+08:00 ] 127.0.0.1 /tp/admin/index_v148b2.html?v=4.0
INFO: [ app_begin ] --START--
INFO: Run Behavior\ReadHtmlCache [ RunTime:0.000539s ]
INFO: [ app_begin ] --END-- [ RunTime:0.000981s ]
ERR: 无法加载控制器:Index_v148b2

[ 2016-08-19T00:51:01+08:00 ] 127.0.0.1 /tp/admin/index
INFO: [ app_begin ] --START--
INFO: Run Behavior\ReadHtmlCache [ RunTime:0.000567s ]
INFO: [ app_begin ] --END-- [ RunTime:0.001024s ]
INFO: [ view_parse ] --START--
INFO: [ template_filter ] --START--
INFO: Run Behavior\ContentReplace [ RunTime:0.000072s ]
INFO: [ template_filter ] --END-- [ RunTime:0.000145s ]
INFO: Run Behavior\ParseTemplate [ RunTime:0.007355s ]
INFO: [ view_parse ] --END-- [ RunTime:0.007470s ]
INFO: [ view_filter ] --START--
INFO: Run Behavior\WriteHtmlCache [ RunTime:0.000388s ]
INFO: [ view_filter ] --END-- [ RunTime:0.000446s ]
INFO: [ app_end ] --START--
INFO: Run Behavior\ShowPageTrace [ RunTime:0.000893s ]
INFO: [ app_end ] --END-- [ RunTime:0.001017s ]

[ 2016-08-19T00:51:01+08:00 ] 127.0.0.1 /tp/admin/index_v148b2.html?v=4.0
INFO: [ app_begin ] --START--
INFO: Run Behavior\ReadHtmlCache [ RunTime:0.000703s ]
INFO: [ app_begin ] --END-- [ RunTime:0.001231s ]
ERR: 无法加载控制器:Index_v148b2

[ 2016-08-19T00:51:01+08:00 ] 127.0.0.1 /tp/admin/index
INFO: [ app_begin ] --START--
INFO: Run Behavior\ReadHtmlCache [ RunTime:0.001320s ]
INFO: [ app_begin ] --END-- [ RunTime:0.002343s ]
INFO: [ view_parse ] --START--
INFO: [ template_filter ] --START--
INFO: Run Behavior\ContentReplace [ RunTime:0.000116s ]
INFO: [ template_filter ] --END-- [ RunTime:0.000225s ]
INFO: Run Behavior\ParseTemplate [ RunTime:0.010454s ]
INFO: [ view_parse ] --END-- [ RunTime:0.010559s ]
INFO: [ view_filter ] --START--
INFO: Run Behavior\WriteHtmlCache [ RunTime:0.000325s ]
INFO: [ view_filter ] --END-- [ RunTime:0.000384s ]
INFO: [ app_end ] --START--
INFO: Run Behavior\ShowPageTrace [ RunTime:0.000824s ]
INFO: [ app_end ] --END-- [ RunTime:0.000935s ]

[ 2016-08-19T00:51:01+08:00 ] 127.0.0.1 /tp/admin/index_v148b2.html?v=4.0
INFO: [ app_begin ] --START--
INFO: Run Behavior\ReadHtmlCache [ RunTime:0.000830s ]
INFO: [ app_begin ] --END-- [ RunTime:0.001303s ]
ERR: 无法加载控制器:Index_v148b2

[ 2016-08-19T00:51:01+08:00 ] 127.0.0.1 /tp/admin/index
INFO: [ app_begin ] --START--
INFO: Run Behavior\ReadHtmlCache [ RunTime:0.000501s ]
INFO: [ app_begin ] --END-- [ RunTime:0.000926s ]
INFO: [ view_parse ] --START--
INFO: [ template_filter ] --START--
INFO: Run Behavior\ContentReplace [ RunTime:0.000122s ]
INFO: [ template_filter ] --END-- [ RunTime:0.000293s ]
INFO: Run Behavior\ParseTemplate [ RunTime:0.010733s ]
INFO: [ view_parse ] --END-- [ RunTime:0.010892s ]
INFO: [ view_filter ] --START--
INFO: Run Behavior\WriteHtmlCache [ RunTime:0.000734s ]
INFO: [ view_filter ] --END-- [ RunTime:0.000851s ]
INFO: [ app_end ] --START--
INFO: Run Behavior\ShowPageTrace [ RunTime:0.001131s ]
INFO: [ app_end ] --END-- [ RunTime:0.001328s ]

[ 2016-08-19T00:51:01+08:00 ] 127.0.0.1 /tp/admin/index_v148b2.html?v=4.0
INFO: [ app_begin ] --START--
INFO: Run Behavior\ReadHtmlCache [ RunTime:0.000656s ]
INFO: [ app_begin ] --END-- [ RunTime:0.001128s ]
ERR: 无法加载控制器:Index_v148b2

[ 2016-08-19T00:51:01+08:00 ] 127.0.0.1 /tp/admin/index
INFO: [ app_begin ] --START--
INFO: Run Behavior\ReadHtmlCache [ RunTime:0.000987s ]
INFO: [ app_begin ] --END-- [ RunTime:0.003005s ]
INFO: [ view_parse ] --START--
INFO: [ template_filter ] --START--
INFO: Run Behavior\ContentReplace [ RunTime:0.000102s ]
INFO: [ template_filter ] --END-- [ RunTime:0.000246s ]
INFO: Run Behavior\ParseTemplate [ RunTime:0.012227s ]
INFO: [ view_parse ] --END-- [ RunTime:0.012398s ]
INFO: [ view_filter ] --START--
INFO: Run Behavior\WriteHtmlCache [ RunTime:0.000301s ]
INFO: [ view_filter ] --END-- [ RunTime:0.000360s ]
INFO: [ app_end ] --START--
INFO: Run Behavior\ShowPageTrace [ RunTime:0.000960s ]
INFO: [ app_end ] --END-- [ RunTime:0.001163s ]

[ 2016-08-19T00:51:01+08:00 ] 127.0.0.1 /tp/admin/index_v148b2.html?v=4.0
INFO: [ app_begin ] --START--
INFO: Run Behavior\ReadHtmlCache [ RunTime:0.000559s ]
INFO: [ app_begin ] --END-- [ RunTime:0.000971s ]
ERR: 无法加载控制器:Index_v148b2

[ 2016-08-19T00:51:02+08:00 ] 127.0.0.1 /tp/admin/index
INFO: [ app_begin ] --START--
INFO: Run Behavior\ReadHtmlCache [ RunTime:0.001813s ]
INFO: [ app_begin ] --END-- [ RunTime:0.002806s ]
INFO: [ view_parse ] --START--
INFO: [ template_filter ] --START--
INFO: Run Behavior\ContentReplace [ RunTime:0.000074s ]
INFO: [ template_filter ] --END-- [ RunTime:0.000152s ]
INFO: Run Behavior\ParseTemplate [ RunTime:0.007426s ]
INFO: [ view_parse ] --END-- [ RunTime:0.007509s ]
INFO: [ view_filter ] --START--
INFO: Run Behavior\WriteHtmlCache [ RunTime:0.000320s ]
INFO: [ view_filter ] --END-- [ RunTime:0.000376s ]
INFO: [ app_end ] --START--
INFO: Run Behavior\ShowPageTrace [ RunTime:0.000734s ]
INFO: [ app_end ] --END-- [ RunTime:0.000847s ]

[ 2016-08-19T00:51:02+08:00 ] 127.0.0.1 /tp/admin/index_v148b2.html?v=4.0
INFO: [ app_begin ] --START--
INFO: Run Behavior\ReadHtmlCache [ RunTime:0.000521s ]
INFO: [ app_begin ] --END-- [ RunTime:0.000942s ]
ERR: 无法加载控制器:Index_v148b2

[ 2016-08-19T00:51:02+08:00 ] 127.0.0.1 /tp/admin/index
INFO: [ app_begin ] --START--
INFO: Run Behavior\ReadHtmlCache [ RunTime:0.000551s ]
INFO: [ app_begin ] --END-- [ RunTime:0.000992s ]
INFO: [ view_parse ] --START--
INFO: [ template_filter ] --START--
INFO: Run Behavior\ContentReplace [ RunTime:0.000419s ]
INFO: [ template_filter ] --END-- [ RunTime:0.000715s ]
INFO: Run Behavior\ParseTemplate [ RunTime:0.010108s ]
INFO: [ view_parse ] --END-- [ RunTime:0.010217s ]
INFO: [ view_filter ] --START--
INFO: Run Behavior\WriteHtmlCache [ RunTime:0.000416s ]
INFO: [ view_filter ] --END-- [ RunTime:0.000499s ]
INFO: [ app_end ] --START--
INFO: Run Behavior\ShowPageTrace [ RunTime:0.000870s ]
INFO: [ app_end ] --END-- [ RunTime:0.000993s ]

[ 2016-08-19T00:51:03+08:00 ] 127.0.0.1 /tp/admin/index_v148b2.html?v=4.0
INFO: [ app_begin ] --START--
INFO: Run Behavior\ReadHtmlCache [ RunTime:0.000557s ]
INFO: [ app_begin ] --END-- [ RunTime:0.001034s ]
ERR: 无法加载控制器:Index_v148b2

[ 2016-08-19T00:51:03+08:00 ] 127.0.0.1 /tp/admin/index
INFO: [ app_begin ] --START--
INFO: Run Behavior\ReadHtmlCache [ RunTime:0.000504s ]
INFO: [ app_begin ] --END-- [ RunTime:0.000913s ]
INFO: [ view_parse ] --START--
INFO: [ template_filter ] --START--
INFO: Run Behavior\ContentReplace [ RunTime:0.000380s ]
INFO: [ template_filter ] --END-- [ RunTime:0.001139s ]
INFO: Run Behavior\ParseTemplate [ RunTime:0.009550s ]
INFO: [ view_parse ] --END-- [ RunTime:0.009642s ]
INFO: [ view_filter ] --START--
INFO: Run Behavior\WriteHtmlCache [ RunTime:0.000289s ]
INFO: [ view_filter ] --END-- [ RunTime:0.000348s ]
INFO: [ app_end ] --START--
INFO: Run Behavior\ShowPageTrace [ RunTime:0.000764s ]
INFO: [ app_end ] --END-- [ RunTime:0.000877s ]

[ 2016-08-19T00:51:03+08:00 ] 127.0.0.1 /tp/admin/index_v148b2.html?v=4.0
INFO: [ app_begin ] --START--
INFO: Run Behavior\ReadHtmlCache [ RunTime:0.000570s ]
INFO: [ app_begin ] --END-- [ RunTime:0.001077s ]
ERR: 无法加载控制器:Index_v148b2

[ 2016-08-19T00:51:03+08:00 ] 127.0.0.1 /tp/admin/index
INFO: [ app_begin ] --START--
INFO: Run Behavior\ReadHtmlCache [ RunTime:0.000892s ]
INFO: [ app_begin ] --END-- [ RunTime:0.001605s ]
INFO: [ view_parse ] --START--
INFO: [ template_filter ] --START--
INFO: Run Behavior\ContentReplace [ RunTime:0.000079s ]
INFO: [ template_filter ] --END-- [ RunTime:0.000164s ]
INFO: Run Behavior\ParseTemplate [ RunTime:0.007627s ]
INFO: [ view_parse ] --END-- [ RunTime:0.007726s ]
INFO: [ view_filter ] --START--
INFO: Run Behavior\WriteHtmlCache [ RunTime:0.000378s ]
INFO: [ view_filter ] --END-- [ RunTime:0.000469s ]
INFO: [ app_end ] --START--
INFO: Run Behavior\ShowPageTrace [ RunTime:0.002204s ]
INFO: [ app_end ] --END-- [ RunTime:0.002350s ]

[ 2016-08-19T00:51:03+08:00 ] 127.0.0.1 /tp/admin/index_v148b2.html?v=4.0
INFO: [ app_begin ] --START--
INFO: Run Behavior\ReadHtmlCache [ RunTime:0.000560s ]
INFO: [ app_begin ] --END-- [ RunTime:0.001035s ]
ERR: 无法加载控制器:Index_v148b2

[ 2016-08-19T00:51:03+08:00 ] 127.0.0.1 /tp/admin/index
INFO: [ app_begin ] --START--
INFO: Run Behavior\ReadHtmlCache [ RunTime:0.000653s ]
INFO: [ app_begin ] --END-- [ RunTime:0.001048s ]
INFO: [ view_parse ] --START--
INFO: [ template_filter ] --START--
INFO: Run Behavior\ContentReplace [ RunTime:0.000113s ]
INFO: [ template_filter ] --END-- [ RunTime:0.000240s ]
INFO: Run Behavior\ParseTemplate [ RunTime:0.011697s ]
INFO: [ view_parse ] --END-- [ RunTime:0.011800s ]
INFO: [ view_filter ] --START--
INFO: Run Behavior\WriteHtmlCache [ RunTime:0.000368s ]
INFO: [ view_filter ] --END-- [ RunTime:0.000434s ]
INFO: [ app_end ] --START--
INFO: Run Behavior\ShowPageTrace [ RunTime:0.000849s ]
INFO: [ app_end ] --END-- [ RunTime:0.000957s ]

[ 2016-08-19T00:51:03+08:00 ] 127.0.0.1 /tp/admin/index_v148b2.html?v=4.0
INFO: [ app_begin ] --START--
INFO: Run Behavior\ReadHtmlCache [ RunTime:0.000581s ]
INFO: [ app_begin ] --END-- [ RunTime:0.001052s ]
ERR: 无法加载控制器:Index_v148b2

[ 2016-08-19T00:51:03+08:00 ] 127.0.0.1 /tp/admin/index
INFO: [ app_begin ] --START--
INFO: Run Behavior\ReadHtmlCache [ RunTime:0.000517s ]
INFO: [ app_begin ] --END-- [ RunTime:0.000925s ]
INFO: [ view_parse ] --START--
INFO: [ template_filter ] --START--
INFO: Run Behavior\ContentReplace [ RunTime:0.000079s ]
INFO: [ template_filter ] --END-- [ RunTime:0.000168s ]
INFO: Run Behavior\ParseTemplate [ RunTime:0.010036s ]
INFO: [ view_parse ] --END-- [ RunTime:0.010129s ]
INFO: [ view_filter ] --START--
INFO: Run Behavior\WriteHtmlCache [ RunTime:0.000279s ]
INFO: [ view_filter ] --END-- [ RunTime:0.000338s ]
INFO: [ app_end ] --START--
INFO: Run Behavior\ShowPageTrace [ RunTime:0.000838s ]
INFO: [ app_end ] --END-- [ RunTime:0.000948s ]

[ 2016-08-19T00:51:03+08:00 ] 127.0.0.1 /tp/admin/index_v148b2.html?v=4.0
INFO: [ app_begin ] --START--
INFO: Run Behavior\ReadHtmlCache [ RunTime:0.000811s ]
INFO: [ app_begin ] --END-- [ RunTime:0.001424s ]
ERR: 无法加载控制器:Index_v148b2

[ 2016-08-19T00:51:06+08:00 ] 127.0.0.1 /tp/admin/index/index
INFO: [ app_begin ] --START--
INFO: Run Behavior\ReadHtmlCache [ RunTime:0.000612s ]
INFO: [ app_begin ] --END-- [ RunTime:0.001035s ]
INFO: [ view_parse ] --START--
INFO: [ template_filter ] --START--
INFO: Run Behavior\ContentReplace [ RunTime:0.000074s ]
INFO: [ template_filter ] --END-- [ RunTime:0.000167s ]
INFO: Run Behavior\ParseTemplate [ RunTime:0.007612s ]
INFO: [ view_parse ] --END-- [ RunTime:0.007700s ]
INFO: [ view_filter ] --START--
INFO: Run Behavior\WriteHtmlCache [ RunTime:0.000273s ]
INFO: [ view_filter ] --END-- [ RunTime:0.000328s ]
INFO: [ app_end ] --START--
INFO: Run Behavior\ShowPageTrace [ RunTime:0.000776s ]
INFO: [ app_end ] --END-- [ RunTime:0.000888s ]

[ 2016-08-19T00:51:06+08:00 ] 127.0.0.1 /tp/admin/index/index_v148b2.html?v=4.0
INFO: [ app_begin ] --START--
INFO: Run Behavior\ReadHtmlCache [ RunTime:0.000829s ]
INFO: [ app_begin ] --END-- [ RunTime:0.001336s ]
ERR: 非法操作:index_v148b2

[ 2016-08-19T00:51:13+08:00 ] 127.0.0.1 /tp/admin/index/index
INFO: [ app_begin ] --START--
INFO: Run Behavior\ReadHtmlCache [ RunTime:0.001008s ]
INFO: [ app_begin ] --END-- [ RunTime:0.001894s ]
INFO: [ view_parse ] --START--
INFO: [ template_filter ] --START--
INFO: Run Behavior\ContentReplace [ RunTime:0.000075s ]
INFO: [ template_filter ] --END-- [ RunTime:0.000151s ]
INFO: Run Behavior\ParseTemplate [ RunTime:0.007428s ]
INFO: [ view_parse ] --END-- [ RunTime:0.007554s ]
INFO: [ view_filter ] --START--
INFO: Run Behavior\WriteHtmlCache [ RunTime:0.000336s ]
INFO: [ view_filter ] --END-- [ RunTime:0.000397s ]
INFO: [ app_end ] --START--
INFO: Run Behavior\ShowPageTrace [ RunTime:0.000746s ]
INFO: [ app_end ] --END-- [ RunTime:0.000840s ]

[ 2016-08-19T00:51:13+08:00 ] 127.0.0.1 /tp/admin/index/index_v148b2.html?v=4.0
INFO: [ app_begin ] --START--
INFO: Run Behavior\ReadHtmlCache [ RunTime:0.000761s ]
INFO: [ app_begin ] --END-- [ RunTime:0.001332s ]
ERR: 非法操作:index_v148b2

[ 2016-08-19T00:52:06+08:00 ] 127.0.0.1 /tp/Admin/index
INFO: [ app_begin ] --START--
INFO: Run Behavior\ReadHtmlCache [ RunTime:0.000489s ]
INFO: [ app_begin ] --END-- [ RunTime:0.000856s ]
INFO: [ view_parse ] --START--
INFO: [ template_filter ] --START--
INFO: Run Behavior\ContentReplace [ RunTime:0.000125s ]
INFO: [ template_filter ] --END-- [ RunTime:0.000258s ]
INFO: Run Behavior\ParseTemplate [ RunTime:0.007282s ]
INFO: [ view_parse ] --END-- [ RunTime:0.007379s ]
INFO: [ view_filter ] --START--
INFO: Run Behavior\WriteHtmlCache [ RunTime:0.000312s ]
INFO: [ view_filter ] --END-- [ RunTime:0.000368s ]
INFO: [ app_end ] --START--
INFO: Run Behavior\ShowPageTrace [ RunTime:0.000769s ]
INFO: [ app_end ] --END-- [ RunTime:0.000874s ]

[ 2016-08-19T00:52:06+08:00 ] 127.0.0.1 /tp/Admin/index_v148b2.html?v=4.0
INFO: [ app_begin ] --START--
INFO: Run Behavior\ReadHtmlCache [ RunTime:0.000583s ]
INFO: [ app_begin ] --END-- [ RunTime:0.001133s ]
ERR: 无法加载控制器:Index_v148b2

[ 2016-08-19T00:52:22+08:00 ] 127.0.0.1 /tp/Admin/index/action
INFO: [ app_begin ] --START--
INFO: Run Behavior\ReadHtmlCache [ RunTime:0.000666s ]
INFO: [ app_begin ] --END-- [ RunTime:0.001255s ]
INFO: [ view_parse ] --START--
INFO: [ template_filter ] --START--
INFO: Run Behavior\ContentReplace [ RunTime:0.000045s ]
INFO: [ template_filter ] --END-- [ RunTime:0.000117s ]
INFO: Run Behavior\ParseTemplate [ RunTime:0.068600s ]
INFO: [ view_parse ] --END-- [ RunTime:0.068717s ]
INFO: [ view_filter ] --START--
INFO: Run Behavior\WriteHtmlCache [ RunTime:0.000416s ]
INFO: [ view_filter ] --END-- [ RunTime:0.000505s ]
INFO: [ app_end ] --START--
INFO: Run Behavior\ShowPageTrace [ RunTime:0.000644s ]
INFO: [ app_end ] --END-- [ RunTime:0.000717s ]

[ 2016-08-19T00:52:33+08:00 ] 127.0.0.1 /tp/Admin/index/action
INFO: [ app_begin ] --START--
INFO: Run Behavior\ReadHtmlCache [ RunTime:0.000465s ]
INFO: [ app_begin ] --END-- [ RunTime:0.000817s ]

[ 2016-08-19T00:53:32+08:00 ] 127.0.0.1 /tp/Admin/index/action
INFO: [ app_begin ] --START--
INFO: Run Behavior\ReadHtmlCache [ RunTime:0.001082s ]
INFO: [ app_begin ] --END-- [ RunTime:0.002279s ]
INFO: [ view_parse ] --START--
INFO: [ template_filter ] --START--
INFO: Run Behavior\ContentReplace [ RunTime:0.000044s ]
INFO: [ template_filter ] --END-- [ RunTime:0.000113s ]
INFO: Run Behavior\ParseTemplate [ RunTime:0.002820s ]
INFO: [ view_parse ] --END-- [ RunTime:0.002914s ]
INFO: [ view_filter ] --START--
INFO: Run Behavior\WriteHtmlCache [ RunTime:0.000346s ]
INFO: [ view_filter ] --END-- [ RunTime:0.000416s ]
INFO: [ app_end ] --START--
INFO: Run Behavior\ShowPageTrace [ RunTime:0.001961s ]
INFO: [ app_end ] --END-- [ RunTime:0.002079s ]

[ 2016-08-19T00:53:33+08:00 ] 127.0.0.1 /tp/Admin/index/action
INFO: [ app_begin ] --START--
INFO: Run Behavior\ReadHtmlCache [ RunTime:0.000499s ]
INFO: [ app_begin ] --END-- [ RunTime:0.000935s ]
INFO: [ view_parse ] --START--
INFO: [ template_filter ] --START--
INFO: Run Behavior\ContentReplace [ RunTime:0.000064s ]
INFO: [ template_filter ] --END-- [ RunTime:0.000130s ]
INFO: Run Behavior\ParseTemplate [ RunTime:0.002601s ]
INFO: [ view_parse ] --END-- [ RunTime:0.002689s ]
INFO: [ view_filter ] --START--
INFO: Run Behavior\WriteHtmlCache [ RunTime:0.000260s ]
INFO: [ view_filter ] --END-- [ RunTime:0.000316s ]
INFO: [ app_end ] --START--
INFO: Run Behavior\ShowPageTrace [ RunTime:0.000518s ]
INFO: [ app_end ] --END-- [ RunTime:0.000576s ]

[ 2016-08-19T00:53:33+08:00 ] 127.0.0.1 /tp/Admin/index/action
INFO: [ app_begin ] --START--
INFO: Run Behavior\ReadHtmlCache [ RunTime:0.001028s ]
INFO: [ app_begin ] --END-- [ RunTime:0.001475s ]
INFO: [ view_parse ] --START--
INFO: [ template_filter ] --START--
INFO: Run Behavior\ContentReplace [ RunTime:0.000042s ]
INFO: [ template_filter ] --END-- [ RunTime:0.000116s ]
INFO: Run Behavior\ParseTemplate [ RunTime:0.002769s ]
INFO: [ view_parse ] --END-- [ RunTime:0.002883s ]
INFO: [ view_filter ] --START--
INFO: Run Behavior\WriteHtmlCache [ RunTime:0.000445s ]
INFO: [ view_filter ] --END-- [ RunTime:0.000528s ]
INFO: [ app_end ] --START--
INFO: Run Behavior\ShowPageTrace [ RunTime:0.000553s ]
INFO: [ app_end ] --END-- [ RunTime:0.000615s ]

[ 2016-08-19T00:53:33+08:00 ] 127.0.0.1 /tp/Admin/index/action
INFO: [ app_begin ] --START--
INFO: Run Behavior\ReadHtmlCache [ RunTime:0.000537s ]
INFO: [ app_begin ] --END-- [ RunTime:0.000894s ]
INFO: [ view_parse ] --START--
INFO: [ template_filter ] --START--
INFO: Run Behavior\ContentReplace [ RunTime:0.000044s ]
INFO: [ template_filter ] --END-- [ RunTime:0.000121s ]
INFO: Run Behavior\ParseTemplate [ RunTime:0.002864s ]
INFO: [ view_parse ] --END-- [ RunTime:0.002986s ]
INFO: [ view_filter ] --START--
INFO: Run Behavior\WriteHtmlCache [ RunTime:0.000367s ]
INFO: [ view_filter ] --END-- [ RunTime:0.000451s ]
INFO: [ app_end ] --START--
INFO: Run Behavior\ShowPageTrace [ RunTime:0.000588s ]
INFO: [ app_end ] --END-- [ RunTime:0.000653s ]

[ 2016-08-19T00:53:35+08:00 ] 127.0.0.1 /tp/Admin/index/action
INFO: [ app_begin ] --START--
INFO: Run Behavior\ReadHtmlCache [ RunTime:0.000527s ]
INFO: [ app_begin ] --END-- [ RunTime:0.000901s ]
INFO: [ view_parse ] --START--
INFO: [ template_filter ] --START--
INFO: Run Behavior\ContentReplace [ RunTime:0.000040s ]
INFO: [ template_filter ] --END-- [ RunTime:0.000106s ]
INFO: Run Behavior\ParseTemplate [ RunTime:0.002531s ]
INFO: [ view_parse ] --END-- [ RunTime:0.002616s ]
INFO: [ view_filter ] --START--
INFO: Run Behavior\WriteHtmlCache [ RunTime:0.000277s ]
INFO: [ view_filter ] --END-- [ RunTime:0.000336s ]
INFO: [ app_end ] --START--
INFO: Run Behavior\ShowPageTrace [ RunTime:0.000492s ]
INFO: [ app_end ] --END-- [ RunTime:0.000551s ]

[ 2016-08-19T00:53:46+08:00 ] 127.0.0.1 /tp/Admin/index/action
INFO: [ app_begin ] --START--
INFO: Run Behavior\ReadHtmlCache [ RunTime:0.000500s ]
INFO: [ app_begin ] --END-- [ RunTime:0.000870s ]
INFO: [ view_parse ] --START--
INFO: [ template_filter ] --START--
INFO: Run Behavior\ContentReplace [ RunTime:0.000040s ]
INFO: [ template_filter ] --END-- [ RunTime:0.000106s ]
INFO: Run Behavior\ParseTemplate [ RunTime:0.003589s ]
INFO: [ view_parse ] --END-- [ RunTime:0.003792s ]
INFO: [ view_filter ] --START--
INFO: Run Behavior\WriteHtmlCache [ RunTime:0.000389s ]
INFO: [ view_filter ] --END-- [ RunTime:0.000464s ]
INFO: [ app_end ] --START--
INFO: Run Behavior\ShowPageTrace [ RunTime:0.000535s ]
INFO: [ app_end ] --END-- [ RunTime:0.000593s ]

[ 2016-08-19T00:54:42+08:00 ] 127.0.0.1 /tp/Admin/index/action
INFO: [ app_begin ] --START--
INFO: Run Behavior\ReadHtmlCache [ RunTime:0.000631s ]
INFO: [ app_begin ] --END-- [ RunTime:0.001109s ]

[ 2016-08-19T00:54:42+08:00 ] 127.0.0.1 /tp/Admin/index/action
INFO: [ app_begin ] --START--
INFO: Run Behavior\ReadHtmlCache [ RunTime:0.000506s ]
INFO: [ app_begin ] --END-- [ RunTime:0.000885s ]

[ 2016-08-19T00:54:43+08:00 ] 127.0.0.1 /tp/Admin/index/action
INFO: [ app_begin ] --START--
INFO: Run Behavior\ReadHtmlCache [ RunTime:0.000464s ]
INFO: [ app_begin ] --END-- [ RunTime:0.000845s ]

[ 2016-08-19T00:54:43+08:00 ] 127.0.0.1 /tp/Admin/index/action
INFO: [ app_begin ] --START--
INFO: Run Behavior\ReadHtmlCache [ RunTime:0.000502s ]
INFO: [ app_begin ] --END-- [ RunTime:0.000883s ]

[ 2016-08-19T00:54:43+08:00 ] 127.0.0.1 /tp/Admin/index/action
INFO: [ app_begin ] --START--
INFO: Run Behavior\ReadHtmlCache [ RunTime:0.000835s ]
INFO: [ app_begin ] --END-- [ RunTime:0.001467s ]

[ 2016-08-19T00:54:57+08:00 ] 127.0.0.1 /tp/Admin/index/action
INFO: [ app_begin ] --START--
INFO: Run Behavior\ReadHtmlCache [ RunTime:0.000459s ]
INFO: [ app_begin ] --END-- [ RunTime:0.000839s ]
INFO: [ view_parse ] --START--
INFO: [ template_filter ] --START--
INFO: Run Behavior\ContentReplace [ RunTime:0.000042s ]
INFO: [ template_filter ] --END-- [ RunTime:0.000119s ]
INFO: Run Behavior\ParseTemplate [ RunTime:0.003587s ]
INFO: [ view_parse ] --END-- [ RunTime:0.003705s ]
INFO: [ view_filter ] --START--
INFO: Run Behavior\WriteHtmlCache [ RunTime:0.000255s ]
INFO: [ view_filter ] --END-- [ RunTime:0.000310s ]
INFO: [ app_end ] --START--
INFO: Run Behavior\ShowPageTrace [ RunTime:0.000521s ]
INFO: [ app_end ] --END-- [ RunTime:0.000580s ]

[ 2016-08-19T00:55:09+08:00 ] 127.0.0.1 /tp/Admin/index/action
INFO: [ app_begin ] --START--
INFO: Run Behavior\ReadHtmlCache [ RunTime:0.000501s ]
INFO: [ app_begin ] --END-- [ RunTime:0.000908s ]
INFO: [ view_parse ] --START--
INFO: [ template_filter ] --START--
INFO: Run Behavior\ContentReplace [ RunTime:0.000042s ]
INFO: [ template_filter ] --END-- [ RunTime:0.000114s ]
INFO: Run Behavior\ParseTemplate [ RunTime:0.002665s ]
INFO: [ view_parse ] --END-- [ RunTime:0.002764s ]
INFO: [ view_filter ] --START--
INFO: Run Behavior\WriteHtmlCache [ RunTime:0.000256s ]
INFO: [ view_filter ] --END-- [ RunTime:0.000321s ]
INFO: [ app_end ] --START--
INFO: Run Behavior\ShowPageTrace [ RunTime:0.000512s ]
INFO: [ app_end ] --END-- [ RunTime:0.000573s ]

[ 2016-08-19T00:55:10+08:00 ] 127.0.0.1 /tp/Admin/index/action
INFO: [ app_begin ] --START--
INFO: Run Behavior\ReadHtmlCache [ RunTime:0.000459s ]
INFO: [ app_begin ] --END-- [ RunTime:0.000832s ]
INFO: [ view_parse ] --START--
INFO: [ template_filter ] --START--
INFO: Run Behavior\ContentReplace [ RunTime:0.000041s ]
INFO: [ template_filter ] --END-- [ RunTime:0.000107s ]
INFO: Run Behavior\ParseTemplate [ RunTime:0.002528s ]
INFO: [ view_parse ] --END-- [ RunTime:0.002613s ]
INFO: [ view_filter ] --START--
INFO: Run Behavior\WriteHtmlCache [ RunTime:0.000261s ]
INFO: [ view_filter ] --END-- [ RunTime:0.000326s ]
INFO: [ app_end ] --START--
INFO: Run Behavior\ShowPageTrace [ RunTime:0.000542s ]
INFO: [ app_end ] --END-- [ RunTime:0.000604s ]

[ 2016-08-19T00:55:10+08:00 ] 127.0.0.1 /tp/Admin/index/action
INFO: [ app_begin ] --START--
INFO: Run Behavior\ReadHtmlCache [ RunTime:0.000496s ]
INFO: [ app_begin ] --END-- [ RunTime:0.000876s ]
INFO: [ view_parse ] --START--
INFO: [ template_filter ] --START--
INFO: Run Behavior\ContentReplace [ RunTime:0.000040s ]
INFO: [ template_filter ] --END-- [ RunTime:0.000107s ]
INFO: Run Behavior\ParseTemplate [ RunTime:0.002683s ]
INFO: [ view_parse ] --END-- [ RunTime:0.002788s ]
INFO: [ view_filter ] --START--
INFO: Run Behavior\WriteHtmlCache [ RunTime:0.000333s ]
INFO: [ view_filter ] --END-- [ RunTime:0.000410s ]
INFO: [ app_end ] --START--
INFO: Run Behavior\ShowPageTrace [ RunTime:0.001388s ]
INFO: [ app_end ] --END-- [ RunTime:0.001561s ]

[ 2016-08-19T00:55:10+08:00 ] 127.0.0.1 /tp/Admin/index/action
INFO: [ app_begin ] --START--
INFO: Run Behavior\ReadHtmlCache [ RunTime:0.000525s ]
INFO: [ app_begin ] --END-- [ RunTime:0.000882s ]
INFO: [ view_parse ] --START--
INFO: [ template_filter ] --START--
INFO: Run Behavior\ContentReplace [ RunTime:0.000040s ]
INFO: [ template_filter ] --END-- [ RunTime:0.000106s ]
INFO: Run Behavior\ParseTemplate [ RunTime:0.002540s ]
INFO: [ view_parse ] --END-- [ RunTime:0.002645s ]
INFO: [ view_filter ] --START--
INFO: Run Behavior\WriteHtmlCache [ RunTime:0.000260s ]
INFO: [ view_filter ] --END-- [ RunTime:0.000325s ]
INFO: [ app_end ] --START--
INFO: Run Behavior\ShowPageTrace [ RunTime:0.000477s ]
INFO: [ app_end ] --END-- [ RunTime:0.000537s ]

[ 2016-08-19T00:55:28+08:00 ] 127.0.0.1 /tp/Admin/index/action
INFO: [ app_begin ] --START--
INFO: Run Behavior\ReadHtmlCache [ RunTime:0.000486s ]
INFO: [ app_begin ] --END-- [ RunTime:0.000856s ]
INFO: [ view_parse ] --START--
INFO: [ template_filter ] --START--
INFO: Run Behavior\ContentReplace [ RunTime:0.000041s ]
INFO: [ template_filter ] --END-- [ RunTime:0.000105s ]
INFO: Run Behavior\ParseTemplate [ RunTime:0.002694s ]
INFO: [ view_parse ] --END-- [ RunTime:0.002797s ]
INFO: [ view_filter ] --START--
INFO: Run Behavior\WriteHtmlCache [ RunTime:0.000268s ]
INFO: [ view_filter ] --END-- [ RunTime:0.000334s ]
INFO: [ app_end ] --START--
INFO: Run Behavior\ShowPageTrace [ RunTime:0.000489s ]
INFO: [ app_end ] --END-- [ RunTime:0.000569s ]

[ 2016-08-19T00:55:29+08:00 ] 127.0.0.1 /tp/Admin/index/action
INFO: [ app_begin ] --START--
INFO: Run Behavior\ReadHtmlCache [ RunTime:0.000583s ]
INFO: [ app_begin ] --END-- [ RunTime:0.000981s ]
INFO: [ view_parse ] --START--
INFO: [ template_filter ] --START--
INFO: Run Behavior\ContentReplace [ RunTime:0.000040s ]
INFO: [ template_filter ] --END-- [ RunTime:0.000106s ]
INFO: Run Behavior\ParseTemplate [ RunTime:0.002547s ]
INFO: [ view_parse ] --END-- [ RunTime:0.002633s ]
INFO: [ view_filter ] --START--
INFO: Run Behavior\WriteHtmlCache [ RunTime:0.000259s ]
INFO: [ view_filter ] --END-- [ RunTime:0.000324s ]
INFO: [ app_end ] --START--
INFO: Run Behavior\ShowPageTrace [ RunTime:0.000529s ]
INFO: [ app_end ] --END-- [ RunTime:0.000592s ]

[ 2016-08-19T00:55:29+08:00 ] 127.0.0.1 /tp/Admin/index/action
INFO: [ app_begin ] --START--
INFO: Run Behavior\ReadHtmlCache [ RunTime:0.000490s ]
INFO: [ app_begin ] --END-- [ RunTime:0.000854s ]
INFO: [ view_parse ] --START--
INFO: [ template_filter ] --START--
INFO: Run Behavior\ContentReplace [ RunTime:0.000053s ]
INFO: [ template_filter ] --END-- [ RunTime:0.000139s ]
INFO: Run Behavior\ParseTemplate [ RunTime:0.002719s ]
INFO: [ view_parse ] --END-- [ RunTime:0.002806s ]
INFO: [ view_filter ] --START--
INFO: Run Behavior\WriteHtmlCache [ RunTime:0.000279s ]
INFO: [ view_filter ] --END-- [ RunTime:0.000358s ]
INFO: [ app_end ] --START--
INFO: Run Behavior\ShowPageTrace [ RunTime:0.000516s ]
INFO: [ app_end ] --END-- [ RunTime:0.000577s ]

