[ 2016-03-03T10:34:10+08:00 ] 127.0.0.1 /tp/index.php/Home/index
INFO: [ app_begin ] --START--
INFO: Run Behavior\ReadHtmlCache [ RunTime:0.001014s ]
INFO: [ app_begin ] --END-- [ RunTime:0.001971s ]
NOTIC: [8192] mysql_connect(): The mysql extension is deprecated and will be removed in the future: use mysqli or PDO instead D:\PHPst\phpStudy\WWW\tp\ThinkPHP\Library\Think\Db\Driver\Mysql.class.php 第 52 行.
SQL: SHOW COLUMNS FROM `thinkphp` [ RunTime:0.015449s ]
SQL: SELECT * FROM `thinkphp`  [ RunTime:0.000460s ]
INFO: [ app_end ] --START--
INFO: Run Behavior\ShowPageTrace [ RunTime:0.011466s ]
INFO: [ app_end ] --END-- [ RunTime:0.011614s ]

[ 2016-03-03T10:34:16+08:00 ] 127.0.0.1 /tp/
INFO: [ app_begin ] --START--
INFO: Run Behavior\ReadHtmlCache [ RunTime:0.000961s ]
INFO: [ app_begin ] --END-- [ RunTime:0.001569s ]
NOTIC: [8192] mysql_connect(): The mysql extension is deprecated and will be removed in the future: use mysqli or PDO instead D:\PHPst\phpStudy\WWW\tp\ThinkPHP\Library\Think\Db\Driver\Mysql.class.php 第 52 行.
SQL: SHOW COLUMNS FROM `thinkphp` [ RunTime:0.011102s ]
SQL: SELECT * FROM `thinkphp`  [ RunTime:0.000228s ]
INFO: [ app_end ] --START--
INFO: Run Behavior\ShowPageTrace [ RunTime:0.000810s ]
INFO: [ app_end ] --END-- [ RunTime:0.000861s ]

[ 2016-03-03T10:48:17+08:00 ] 127.0.0.1 /tp/
INFO: [ app_begin ] --START--
INFO: Run Behavior\ReadHtmlCache [ RunTime:0.001280s ]
INFO: [ app_begin ] --END-- [ RunTime:0.001967s ]
NOTIC: [8192] mysql_connect(): The mysql extension is deprecated and will be removed in the future: use mysqli or PDO instead D:\PHPst\phpStudy\WWW\tp\ThinkPHP\Library\Think\Db\Driver\Mysql.class.php 第 52 行.
SQL: SHOW COLUMNS FROM `thinkphp` [ RunTime:0.004841s ]
SQL: SELECT * FROM `thinkphp`  [ RunTime:0.000300s ]
INFO: [ app_end ] --START--
INFO: Run Behavior\ShowPageTrace [ RunTime:0.001241s ]
INFO: [ app_end ] --END-- [ RunTime:0.001296s ]

[ 2016-03-03T10:51:21+08:00 ] 127.0.0.1 /tp/
INFO: [ app_begin ] --START--
INFO: Run Behavior\ReadHtmlCache [ RunTime:0.001096s ]
INFO: [ app_begin ] --END-- [ RunTime:0.001855s ]
NOTIC: [8192] mysql_connect(): The mysql extension is deprecated and will be removed in the future: use mysqli or PDO instead D:\PHPst\phpStudy\WWW\tp\ThinkPHP\Library\Think\Db\Driver\Mysql.class.php 第 52 行.
SQL: SHOW COLUMNS FROM `thinkphp` [ RunTime:0.005065s ]
SQL: SELECT * FROM `thinkphp`  [ RunTime:0.000264s ]
INFO: [ app_end ] --START--
INFO: Run Behavior\ShowPageTrace [ RunTime:0.001063s ]
INFO: [ app_end ] --END-- [ RunTime:0.001165s ]

[ 2016-03-03T10:51:30+08:00 ] 127.0.0.1 /tp/
INFO: [ app_begin ] --START--
INFO: Run Behavior\ReadHtmlCache [ RunTime:0.000998s ]
INFO: [ app_begin ] --END-- [ RunTime:0.001594s ]
NOTIC: [8192] mysql_connect(): The mysql extension is deprecated and will be removed in the future: use mysqli or PDO instead D:\PHPst\phpStudy\WWW\tp\ThinkPHP\Library\Think\Db\Driver\Mysql.class.php 第 52 行.
SQL: SHOW COLUMNS FROM `thinkphp` [ RunTime:0.005727s ]
SQL: SELECT * FROM `thinkphp`  [ RunTime:0.000255s ]
NOTIC: [8] Array to string conversion D:\PHPst\phpStudy\WWW\tp\Frank\Home\Controller\IndexController.class.php 第 9 行.
INFO: [ app_end ] --START--
INFO: Run Behavior\ShowPageTrace [ RunTime:0.000976s ]
INFO: [ app_end ] --END-- [ RunTime:0.001028s ]

